28/04/2025 15:22:23 Training is starting...
28/04/2025 15:22:28 Epoch 0 Validation Loss: 1.27308774
1.27308774
28/04/2025 15:22:28 Epoch 0 Train Loss: 7.17061520
0,7.17061520,28/04/2025 15:22:37 Epoch 1 Validation Loss: 1.60259295
1.60259295
28/04/2025 15:22:37 Epoch 1 Train Loss: 1.87365925
1,1.87365925,28/04/2025 15:22:47 Epoch 2 Validation Loss: 1.51211441
1.51211441
28/04/2025 15:22:47 Epoch 2 Train Loss: 1.82112098
2,1.82112098,28/04/2025 15:22:57 Epoch 3 Validation Loss: 1.14847863
1.14847863
28/04/2025 15:22:57 Epoch 3 Train Loss: 1.47292471
3,1.47292471,28/04/2025 15:23:07 Epoch 4 Validation Loss: 1.08542359
1.08542359
28/04/2025 15:23:07 Epoch 4 Train Loss: 1.30618930
4,1.30618930,28/04/2025 15:23:17 Epoch 5 Validation Loss: 1.10797298
1.10797298
28/04/2025 15:23:17 Epoch 5 Train Loss: 1.27232552
5,1.27232552,28/04/2025 15:23:27 Epoch 6 Validation Loss: 1.07603514
1.07603514
28/04/2025 15:23:27 Epoch 6 Train Loss: 1.25974977
6,1.25974977,28/04/2025 15:23:37 Epoch 7 Validation Loss: 1.09828532
1.09828532
28/04/2025 15:23:37 Epoch 7 Train Loss: 1.24822593
7,1.24822593,28/04/2025 15:23:47 Epoch 8 Validation Loss: 1.11950541
1.11950541
28/04/2025 15:23:47 Epoch 8 Train Loss: 1.24136126
8,1.24136126,28/04/2025 15:23:57 Epoch 9 Validation Loss: 1.11325359
1.11325359
28/04/2025 15:23:57 Epoch 9 Train Loss: 1.25609159
9,1.25609159,28/04/2025 15:24:07 Epoch 10 Validation Loss: 1.09503555
1.09503555
28/04/2025 15:24:07 Epoch 10 Train Loss: 1.24007750
10,1.24007750,28/04/2025 15:24:17 Epoch 11 Validation Loss: 1.07466698
1.07466698
28/04/2025 15:24:17 Epoch 11 Train Loss: 1.25915694
11,1.25915694,28/04/2025 15:24:27 Epoch 12 Validation Loss: 1.06681645
1.06681645
28/04/2025 15:24:27 Epoch 12 Train Loss: 1.23847616
12,1.23847616,28/04/2025 15:24:37 Epoch 13 Validation Loss: 1.10092795
1.10092795
28/04/2025 15:24:37 Epoch 13 Train Loss: 1.22818089
13,1.22818089,28/04/2025 15:24:47 Epoch 14 Validation Loss: 1.06549239
1.06549239
28/04/2025 15:24:47 Epoch 14 Train Loss: 1.21464801
14,1.21464801,28/04/2025 15:24:57 Epoch 15 Validation Loss: 1.06055999
1.06055999
28/04/2025 15:24:57 Epoch 15 Train Loss: 1.20532763
15,1.20532763,28/04/2025 15:25:07 Epoch 16 Validation Loss: 1.05382562
1.05382562
28/04/2025 15:25:07 Epoch 16 Train Loss: 1.20665669
16,1.20665669,28/04/2025 15:25:18 Epoch 17 Validation Loss: 1.04734778
1.04734778
28/04/2025 15:25:18 Epoch 17 Train Loss: 1.19628358
17,1.19628358,28/04/2025 15:25:28 Epoch 18 Validation Loss: 1.04080212
1.04080212
28/04/2025 15:25:28 Epoch 18 Train Loss: 1.20398879
18,1.20398879,28/04/2025 15:25:38 Epoch 19 Validation Loss: 1.02438223
1.02438223
28/04/2025 15:25:38 Epoch 19 Train Loss: 1.18960202
19,1.18960202,28/04/2025 15:25:48 Epoch 20 Validation Loss: 1.04341316
1.04341316
28/04/2025 15:25:48 Epoch 20 Train Loss: 1.16450059
20,1.16450059,28/04/2025 15:25:58 Epoch 21 Validation Loss: 0.99021149
0.99021149
28/04/2025 15:25:58 Epoch 21 Train Loss: 1.17306983
21,1.17306983,28/04/2025 15:26:08 Epoch 22 Validation Loss: 0.99583578
0.99583578
28/04/2025 15:26:08 Epoch 22 Train Loss: 1.13852835
22,1.13852835,28/04/2025 15:26:18 Epoch 23 Validation Loss: 0.93301445
0.93301445
28/04/2025 15:26:18 Epoch 23 Train Loss: 1.11663640
23,1.11663640,28/04/2025 15:26:28 Epoch 24 Validation Loss: 0.94438577
0.94438577
28/04/2025 15:26:28 Epoch 24 Train Loss: 1.08682621
24,1.08682621,28/04/2025 15:26:39 Epoch 25 Validation Loss: 0.87193602
0.87193602
28/04/2025 15:26:39 Epoch 25 Train Loss: 1.06620038
25,1.06620038,28/04/2025 15:26:49 Epoch 26 Validation Loss: 0.80266768
0.80266768
28/04/2025 15:26:49 Epoch 26 Train Loss: 1.01398146
26,1.01398146,28/04/2025 15:26:59 Epoch 27 Validation Loss: 0.81901711
0.81901711
28/04/2025 15:26:59 Epoch 27 Train Loss: 0.94572115
27,0.94572115,28/04/2025 15:27:09 Epoch 28 Validation Loss: 0.74198031
0.74198031
28/04/2025 15:27:09 Epoch 28 Train Loss: 0.90248215
28,0.90248215,28/04/2025 15:27:19 Epoch 29 Validation Loss: 0.47864750
0.47864750
28/04/2025 15:27:19 Epoch 29 Train Loss: 0.82304192
29,0.82304192,28/04/2025 15:27:29 Epoch 30 Validation Loss: 0.40805599
0.40805599
28/04/2025 15:27:29 Epoch 30 Train Loss: 0.73999715
30,0.73999715,28/04/2025 15:27:39 Epoch 31 Validation Loss: 0.34397444
0.34397444
28/04/2025 15:27:39 Epoch 31 Train Loss: 0.64929551
31,0.64929551,28/04/2025 15:27:49 Epoch 32 Validation Loss: 0.33247000
0.33247000
28/04/2025 15:27:49 Epoch 32 Train Loss: 0.55750149
32,0.55750149,28/04/2025 15:27:59 Epoch 33 Validation Loss: 0.24774255
0.24774255
28/04/2025 15:27:59 Epoch 33 Train Loss: 0.51232708
33,0.51232708,28/04/2025 15:28:13 Epoch 34 Validation Loss: 0.18000287
0.18000287
28/04/2025 15:28:13 Epoch 34 Train Loss: 0.46393287
34,0.46393287,28/04/2025 15:28:24 Epoch 35 Validation Loss: 0.36022285
0.36022285
28/04/2025 15:28:24 Epoch 35 Train Loss: 0.42520335
35,0.42520335,28/04/2025 15:28:34 Epoch 36 Validation Loss: 0.21301705
0.21301705
28/04/2025 15:28:34 Epoch 36 Train Loss: 0.50731641
36,0.50731641,28/04/2025 15:28:44 Epoch 37 Validation Loss: 0.16507249
0.16507249
28/04/2025 15:28:44 Epoch 37 Train Loss: 0.39993900
37,0.39993900,28/04/2025 15:28:53 Epoch 38 Validation Loss: 0.17419456
0.17419456
28/04/2025 15:28:53 Epoch 38 Train Loss: 0.38494313
38,0.38494313,28/04/2025 15:29:03 Epoch 39 Validation Loss: 0.16221635
0.16221635
28/04/2025 15:29:03 Epoch 39 Train Loss: 0.38760221
39,0.38760221,28/04/2025 15:29:13 Epoch 40 Validation Loss: 0.13944678
0.13944678
28/04/2025 15:29:13 Epoch 40 Train Loss: 0.37557888
40,0.37557888,28/04/2025 15:29:23 Epoch 41 Validation Loss: 0.14301905
0.14301905
28/04/2025 15:29:23 Epoch 41 Train Loss: 0.36671236
41,0.36671236,28/04/2025 15:29:32 Epoch 42 Validation Loss: 0.25460157
0.25460157
28/04/2025 15:29:32 Epoch 42 Train Loss: 0.35883227
42,0.35883227,28/04/2025 15:29:42 Epoch 43 Validation Loss: 0.14328940
0.14328940
28/04/2025 15:29:42 Epoch 43 Train Loss: 0.43405375
43,0.43405375,28/04/2025 15:29:52 Epoch 44 Validation Loss: 0.23228864
0.23228864
28/04/2025 15:29:52 Epoch 44 Train Loss: 0.38541368
44,0.38541368,28/04/2025 15:30:02 Epoch 45 Validation Loss: 0.16526924
0.16526924
28/04/2025 15:30:02 Epoch 45 Train Loss: 0.39223740
45,0.39223740,28/04/2025 15:30:12 Epoch 46 Validation Loss: 0.13207091
0.13207091
28/04/2025 15:30:12 Epoch 46 Train Loss: 0.37390491
46,0.37390491,28/04/2025 15:30:22 Epoch 47 Validation Loss: 0.18626162
0.18626162
28/04/2025 15:30:22 Epoch 47 Train Loss: 0.34709886
47,0.34709886,28/04/2025 15:30:33 Epoch 48 Validation Loss: 0.13598230
0.13598230
28/04/2025 15:30:33 Epoch 48 Train Loss: 0.35615516
48,0.35615516,28/04/2025 15:30:43 Epoch 49 Validation Loss: 0.15390939
0.15390939
28/04/2025 15:30:43 Epoch 49 Train Loss: 0.35918188
49,0.35918188,28/04/2025 15:30:53 Epoch 50 Validation Loss: 0.15000097
0.15000097
28/04/2025 15:30:53 Epoch 50 Train Loss: 0.35716593
50,0.35716593,28/04/2025 15:31:03 Epoch 51 Validation Loss: 0.13281894
0.13281894
28/04/2025 15:31:03 Epoch 51 Train Loss: 0.35683146
51,0.35683146,28/04/2025 15:31:13 Epoch 52 Validation Loss: 0.19018233
0.19018233
28/04/2025 15:31:13 Epoch 52 Train Loss: 0.35517654
52,0.35517654,28/04/2025 15:31:31 Epoch 53 Validation Loss: 0.14846620
0.14846620
28/04/2025 15:31:31 Epoch 53 Train Loss: 0.38274321
53,0.38274321,28/04/2025 15:31:41 Epoch 54 Validation Loss: 0.34051797
0.34051797
28/04/2025 15:31:41 Epoch 54 Train Loss: 0.34606627
54,0.34606627,28/04/2025 15:31:51 Epoch 55 Validation Loss: 0.21462360
0.21462360
28/04/2025 15:31:51 Epoch 55 Train Loss: 0.41539779
55,0.41539779,28/04/2025 15:32:01 Epoch 56 Validation Loss: 0.24818303
0.24818303
28/04/2025 15:32:01 Epoch 56 Train Loss: 0.38524473
56,0.38524473,28/04/2025 15:32:11 Epoch 57 Validation Loss: 0.14332651
0.14332651
28/04/2025 15:32:11 Epoch 57 Train Loss: 0.38417459
57,0.38417459,28/04/2025 15:32:20 Epoch 58 Validation Loss: 0.17677054
0.17677054
28/04/2025 15:32:20 Epoch 58 Train Loss: 0.35623789
58,0.35623789,28/04/2025 15:32:30 Epoch 59 Validation Loss: 0.15974702
0.15974702
28/04/2025 15:32:30 Epoch 59 Train Loss: 0.34619862
59,0.34619862,28/04/2025 15:32:40 Epoch 60 Validation Loss: 0.12764628
0.12764628
28/04/2025 15:32:40 Epoch 60 Train Loss: 0.33672214
60,0.33672214,28/04/2025 15:32:50 Epoch 61 Validation Loss: 0.16873787
0.16873787
28/04/2025 15:32:50 Epoch 61 Train Loss: 0.32876194
61,0.32876194,28/04/2025 15:33:00 Epoch 62 Validation Loss: 0.12962690
0.12962690
28/04/2025 15:33:00 Epoch 62 Train Loss: 0.33718261
62,0.33718261,28/04/2025 15:33:10 Epoch 63 Validation Loss: 0.13040401
0.13040401
28/04/2025 15:33:10 Epoch 63 Train Loss: 0.33210194
63,0.33210194,28/04/2025 15:33:20 Epoch 64 Validation Loss: 0.16039149
0.16039149
28/04/2025 15:33:20 Epoch 64 Train Loss: 0.33297610
64,0.33297610,28/04/2025 15:33:30 Epoch 65 Validation Loss: 0.12706579
0.12706579
28/04/2025 15:33:30 Epoch 65 Train Loss: 0.34016597
65,0.34016597,28/04/2025 15:33:40 Epoch 66 Validation Loss: 0.15474787
0.15474787
28/04/2025 15:33:40 Epoch 66 Train Loss: 0.31721225
66,0.31721225,28/04/2025 15:33:49 Epoch 67 Validation Loss: 0.15083469
0.15083469
28/04/2025 15:33:49 Epoch 67 Train Loss: 0.33972940
67,0.33972940,28/04/2025 15:33:59 Epoch 68 Validation Loss: 0.20644611
0.20644611
28/04/2025 15:33:59 Epoch 68 Train Loss: 0.31992424
68,0.31992424,28/04/2025 15:34:09 Epoch 69 Validation Loss: 0.14837062
0.14837062
28/04/2025 15:34:09 Epoch 69 Train Loss: 0.34630796
69,0.34630796,28/04/2025 15:34:19 Epoch 70 Validation Loss: 0.13400644
0.13400644
28/04/2025 15:34:19 Epoch 70 Train Loss: 0.32326409
70,0.32326409,28/04/2025 15:34:29 Epoch 71 Validation Loss: 0.13031997
0.13031997
28/04/2025 15:34:29 Epoch 71 Train Loss: 0.31689477
71,0.31689477,28/04/2025 15:34:39 Epoch 72 Validation Loss: 0.12960857
0.12960857
28/04/2025 15:34:40 Epoch 72 Train Loss: 0.31718740
72,0.31718740,28/04/2025 15:34:49 Epoch 73 Validation Loss: 0.14851862
0.14851862
28/04/2025 15:34:49 Epoch 73 Train Loss: 0.31264219
73,0.31264219,28/04/2025 15:34:59 Epoch 74 Validation Loss: 0.28141809
0.28141809
28/04/2025 15:34:59 Epoch 74 Train Loss: 0.32152805
74,0.32152805,28/04/2025 15:35:10 Epoch 75 Validation Loss: 0.22067909
0.22067909
28/04/2025 15:35:10 Epoch 75 Train Loss: 0.37824914
75,0.37824914,28/04/2025 15:35:20 Epoch 76 Validation Loss: 0.16356179
0.16356179
28/04/2025 15:35:20 Epoch 76 Train Loss: 0.37823179
76,0.37823179,28/04/2025 15:35:30 Epoch 77 Validation Loss: 0.16203079
0.16203079
28/04/2025 15:35:30 Epoch 77 Train Loss: 0.34730282
77,0.34730282,28/04/2025 15:35:40 Epoch 78 Validation Loss: 0.12941547
0.12941547
28/04/2025 15:35:40 Epoch 78 Train Loss: 0.32831270
78,0.32831270,28/04/2025 15:35:50 Epoch 79 Validation Loss: 0.13169940
0.13169940
28/04/2025 15:35:50 Epoch 79 Train Loss: 0.31325364
79,0.31325364,28/04/2025 15:36:00 Epoch 80 Validation Loss: 0.13741356
0.13741356
28/04/2025 15:36:00 Epoch 80 Train Loss: 0.31198660
80,0.31198660,28/04/2025 15:36:11 Epoch 81 Validation Loss: 0.14220062
0.14220062
28/04/2025 15:36:11 Epoch 81 Train Loss: 0.32244220
81,0.32244220,28/04/2025 15:36:19 Epoch 82 Validation Loss: 0.13849270
0.13849270
28/04/2025 15:36:19 Epoch 82 Train Loss: 0.32050443
82,0.32050443,28/04/2025 15:36:29 Epoch 83 Validation Loss: 0.24786085
0.24786085
28/04/2025 15:36:29 Epoch 83 Train Loss: 0.31166101
83,0.31166101,28/04/2025 15:36:39 Epoch 84 Validation Loss: 0.16810791
0.16810791
28/04/2025 15:36:39 Epoch 84 Train Loss: 0.37176001
84,0.37176001,28/04/2025 15:36:50 Epoch 85 Validation Loss: 0.13772163
0.13772163
28/04/2025 15:36:50 Epoch 85 Train Loss: 0.33203346
85,0.33203346,28/04/2025 15:36:59 Epoch 86 Validation Loss: 0.20827864
0.20827864
28/04/2025 15:36:59 Epoch 86 Train Loss: 0.31646049
86,0.31646049,28/04/2025 15:37:09 Epoch 87 Validation Loss: 0.13746868
0.13746868
28/04/2025 15:37:09 Epoch 87 Train Loss: 0.35132533
87,0.35132533,28/04/2025 15:37:20 Epoch 88 Validation Loss: 0.38143405
0.38143405
28/04/2025 15:37:20 Epoch 88 Train Loss: 0.31024832
88,0.31024832,28/04/2025 15:37:30 Epoch 89 Validation Loss: 0.14266802
0.14266802
28/04/2025 15:37:30 Epoch 89 Train Loss: 0.47134444
89,0.47134444,28/04/2025 15:37:41 Epoch 90 Validation Loss: 0.24141367
0.24141367
28/04/2025 15:37:41 Epoch 90 Train Loss: 0.38363731
90,0.38363731,28/04/2025 15:37:51 Epoch 91 Validation Loss: 0.18595023
0.18595023
28/04/2025 15:37:51 Epoch 91 Train Loss: 0.37407959
91,0.37407959,28/04/2025 15:38:01 Epoch 92 Validation Loss: 0.16590187
0.16590187
28/04/2025 15:38:01 Epoch 92 Train Loss: 0.33067110
92,0.33067110,28/04/2025 15:38:11 Epoch 93 Validation Loss: 0.14341460
0.14341460
28/04/2025 15:38:11 Epoch 93 Train Loss: 0.34401011
93,0.34401011,28/04/2025 15:38:21 Epoch 94 Validation Loss: 0.16857457
0.16857457
28/04/2025 15:38:21 Epoch 94 Train Loss: 0.31582692
94,0.31582692,28/04/2025 15:38:31 Epoch 95 Validation Loss: 0.16062070
0.16062070
28/04/2025 15:38:31 Epoch 95 Train Loss: 0.32199699
95,0.32199699,28/04/2025 15:38:41 Epoch 96 Validation Loss: 0.15008855
0.15008855
28/04/2025 15:38:41 Epoch 96 Train Loss: 0.30895555
96,0.30895555,28/04/2025 15:38:52 Epoch 97 Validation Loss: 0.15753025
0.15753025
28/04/2025 15:38:52 Epoch 97 Train Loss: 0.31824103
97,0.31824103,28/04/2025 15:39:03 Epoch 98 Validation Loss: 0.13015833
0.13015833
28/04/2025 15:39:03 Epoch 98 Train Loss: 0.31562749
98,0.31562749,28/04/2025 15:39:13 Epoch 99 Validation Loss: 0.14251795
0.14251795
28/04/2025 15:39:13 Epoch 99 Train Loss: 0.31164485
99,0.31164485,28/04/2025 15:39:23 Epoch 100 Validation Loss: 0.16102301
0.16102301
28/04/2025 15:39:23 Epoch 100 Train Loss: 0.30715489
100,0.30715489,28/04/2025 15:39:33 Epoch 101 Validation Loss: 0.12770113
0.12770113
28/04/2025 15:39:33 Epoch 101 Train Loss: 0.31084937
101,0.31084937,28/04/2025 15:39:43 Epoch 102 Validation Loss: 0.12846681
0.12846681
28/04/2025 15:39:43 Epoch 102 Train Loss: 0.29654753
102,0.29654753,28/04/2025 15:39:54 Epoch 103 Validation Loss: 0.12594777
0.12594777
28/04/2025 15:39:54 Epoch 103 Train Loss: 0.29350668
103,0.29350668,28/04/2025 15:40:05 Epoch 104 Validation Loss: 0.14194274
0.14194274
28/04/2025 15:40:05 Epoch 104 Train Loss: 0.29841012
104,0.29841012,28/04/2025 15:40:16 Epoch 105 Validation Loss: 0.16061369
0.16061369
28/04/2025 15:40:16 Epoch 105 Train Loss: 0.31059152
105,0.31059152,28/04/2025 15:40:28 Epoch 106 Validation Loss: 0.12846102
0.12846102
28/04/2025 15:40:28 Epoch 106 Train Loss: 0.30794644
106,0.30794644,28/04/2025 15:40:40 Epoch 107 Validation Loss: 0.12849854
0.12849854
28/04/2025 15:40:40 Epoch 107 Train Loss: 0.29653108
107,0.29653108,28/04/2025 15:40:52 Epoch 108 Validation Loss: 0.16701780
0.16701780
28/04/2025 15:40:52 Epoch 108 Train Loss: 0.29601282
108,0.29601282,28/04/2025 15:41:13 Epoch 109 Validation Loss: 0.20080635
0.20080635
28/04/2025 15:41:13 Epoch 109 Train Loss: 0.31892622
109,0.31892622,28/04/2025 15:41:24 Epoch 110 Validation Loss: 0.19906463
0.19906463
28/04/2025 15:41:24 Epoch 110 Train Loss: 0.34371290
110,0.34371290,28/04/2025 15:41:34 Epoch 111 Validation Loss: 0.13784522
0.13784522
28/04/2025 15:41:34 Epoch 111 Train Loss: 0.31970686
111,0.31970686,28/04/2025 15:41:44 Epoch 112 Validation Loss: 0.13559414
0.13559414
28/04/2025 15:41:44 Epoch 112 Train Loss: 0.30173856
112,0.30173856,28/04/2025 15:41:54 Epoch 113 Validation Loss: 0.17062961
0.17062961
28/04/2025 15:41:54 Epoch 113 Train Loss: 0.30494574
113,0.30494574,28/04/2025 15:42:04 Epoch 114 Validation Loss: 0.13511764
0.13511764
28/04/2025 15:42:04 Epoch 114 Train Loss: 0.30618253
114,0.30618253,28/04/2025 15:42:15 Epoch 115 Validation Loss: 0.15419631
0.15419631
28/04/2025 15:42:15 Epoch 115 Train Loss: 0.30177522
115,0.30177522,28/04/2025 15:42:25 Epoch 116 Validation Loss: 0.13469435
0.13469435
28/04/2025 15:42:25 Epoch 116 Train Loss: 0.31326807
116,0.31326807,28/04/2025 15:42:35 Epoch 117 Validation Loss: 0.14993501
0.14993501
28/04/2025 15:42:35 Epoch 117 Train Loss: 0.30762827
117,0.30762827,28/04/2025 15:42:45 Epoch 118 Validation Loss: 0.14962053
0.14962053
28/04/2025 15:42:45 Epoch 118 Train Loss: 0.30550647
118,0.30550647,28/04/2025 15:42:55 Epoch 119 Validation Loss: 0.13777584
0.13777584
28/04/2025 15:42:55 Epoch 119 Train Loss: 0.30648261
119,0.30648261,28/04/2025 15:43:06 Epoch 120 Validation Loss: 0.13915597
0.13915597
28/04/2025 15:43:06 Epoch 120 Train Loss: 0.28968331
120,0.28968331,28/04/2025 15:43:16 Epoch 121 Validation Loss: 0.14116804
0.14116804
28/04/2025 15:43:16 Epoch 121 Train Loss: 0.29447559
121,0.29447559,28/04/2025 15:43:26 Epoch 122 Validation Loss: 0.12955078
0.12955078
28/04/2025 15:43:26 Epoch 122 Train Loss: 0.29020929
122,0.29020929,28/04/2025 15:43:36 Epoch 123 Validation Loss: 0.14161031
0.14161031
28/04/2025 15:43:36 Epoch 123 Train Loss: 0.29081780
123,0.29081780,28/04/2025 15:43:46 Epoch 124 Validation Loss: 0.13556612
0.13556612
28/04/2025 15:43:46 Epoch 124 Train Loss: 0.28998667
124,0.28998667,28/04/2025 15:43:56 Epoch 125 Validation Loss: 0.19133188
0.19133188
28/04/2025 15:43:56 Epoch 125 Train Loss: 0.28665361
125,0.28665361,28/04/2025 15:44:07 Epoch 126 Validation Loss: 0.17701627
0.17701627
28/04/2025 15:44:07 Epoch 126 Train Loss: 0.34039083
126,0.34039083,28/04/2025 15:44:17 Epoch 127 Validation Loss: 0.13218006
0.13218006
28/04/2025 15:44:17 Epoch 127 Train Loss: 0.31698194
127,0.31698194,28/04/2025 15:44:32 Epoch 128 Validation Loss: 0.14472988
0.14472988
28/04/2025 15:44:32 Epoch 128 Train Loss: 0.29456955
128,0.29456955,28/04/2025 15:44:42 Epoch 129 Validation Loss: 0.13236217
0.13236217
28/04/2025 15:44:42 Epoch 129 Train Loss: 0.29772204
129,0.29772204,28/04/2025 15:44:52 Epoch 130 Validation Loss: 0.13193280
0.13193280
28/04/2025 15:44:52 Epoch 130 Train Loss: 0.29274550
130,0.29274550,28/04/2025 15:45:02 Epoch 131 Validation Loss: 0.13439572
0.13439572
28/04/2025 15:45:02 Epoch 131 Train Loss: 0.29541293
131,0.29541293,28/04/2025 15:45:12 Epoch 132 Validation Loss: 0.15236683
0.15236683
28/04/2025 15:45:12 Epoch 132 Train Loss: 0.29063213
132,0.29063213,28/04/2025 15:45:22 Epoch 133 Validation Loss: 0.13098341
0.13098341
28/04/2025 15:45:22 Epoch 133 Train Loss: 0.30289403
133,0.30289403,28/04/2025 15:45:32 Epoch 134 Validation Loss: 0.19916740
0.19916740
28/04/2025 15:45:32 Epoch 134 Train Loss: 0.30754048
134,0.30754048,28/04/2025 15:45:42 Epoch 135 Validation Loss: 0.13063972
0.13063972
28/04/2025 15:45:42 Epoch 135 Train Loss: 0.31646198
135,0.31646198,28/04/2025 15:45:52 Epoch 136 Validation Loss: 0.12464040
0.12464040
28/04/2025 15:45:52 Epoch 136 Train Loss: 0.29565543
136,0.29565543,28/04/2025 15:46:02 Epoch 137 Validation Loss: 0.14559925
0.14559925
28/04/2025 15:46:02 Epoch 137 Train Loss: 0.28754887
137,0.28754887,28/04/2025 15:46:12 Epoch 138 Validation Loss: 0.13674784
0.13674784
28/04/2025 15:46:12 Epoch 138 Train Loss: 0.30125618
138,0.30125618,28/04/2025 15:46:22 Epoch 139 Validation Loss: 0.13526358
0.13526358
28/04/2025 15:46:22 Epoch 139 Train Loss: 0.29727077
139,0.29727077,28/04/2025 15:46:32 Epoch 140 Validation Loss: 0.15170413
0.15170413
28/04/2025 15:46:32 Epoch 140 Train Loss: 0.29163828
140,0.29163828,28/04/2025 15:46:42 Epoch 141 Validation Loss: 0.16427881
0.16427881
28/04/2025 15:46:42 Epoch 141 Train Loss: 0.29548860
141,0.29548860,28/04/2025 15:46:52 Epoch 142 Validation Loss: 0.19289158
0.19289158
28/04/2025 15:46:52 Epoch 142 Train Loss: 0.30445620
142,0.30445620,28/04/2025 15:47:02 Epoch 143 Validation Loss: 0.15870079
0.15870079
28/04/2025 15:47:02 Epoch 143 Train Loss: 0.34884021
143,0.34884021,28/04/2025 15:47:12 Epoch 144 Validation Loss: 0.18308158
0.18308158
28/04/2025 15:47:12 Epoch 144 Train Loss: 0.32434243
144,0.32434243,28/04/2025 15:47:23 Epoch 145 Validation Loss: 0.13035589
0.13035589
28/04/2025 15:47:23 Epoch 145 Train Loss: 0.32026035
145,0.32026035,28/04/2025 15:47:33 Epoch 146 Validation Loss: 0.15533474
0.15533474
28/04/2025 15:47:33 Epoch 146 Train Loss: 0.30063069
146,0.30063069,28/04/2025 15:47:45 Epoch 147 Validation Loss: 0.15330675
0.15330675
28/04/2025 15:47:45 Epoch 147 Train Loss: 0.29380858
147,0.29380858,28/04/2025 15:47:56 Epoch 148 Validation Loss: 0.13100025
0.13100025
28/04/2025 15:47:56 Epoch 148 Train Loss: 0.29284763
148,0.29284763,28/04/2025 15:48:06 Epoch 149 Validation Loss: 0.13091174
0.13091174
28/04/2025 15:48:06 Epoch 149 Train Loss: 0.28093275
149,0.28093275,28/04/2025 15:48:16 Epoch 150 Validation Loss: 0.17317583
0.17317583
28/04/2025 15:48:16 Epoch 150 Train Loss: 0.28194436
150,0.28194436,28/04/2025 15:48:26 Epoch 151 Validation Loss: 0.13506359
0.13506359
28/04/2025 15:48:26 Epoch 151 Train Loss: 0.30928361
151,0.30928361,28/04/2025 15:48:36 Epoch 152 Validation Loss: 0.15241107
0.15241107
28/04/2025 15:48:36 Epoch 152 Train Loss: 0.29222029
152,0.29222029,28/04/2025 15:48:46 Epoch 153 Validation Loss: 0.16937016
0.16937016
28/04/2025 15:48:46 Epoch 153 Train Loss: 0.29809219
153,0.29809219,28/04/2025 15:48:56 Epoch 154 Validation Loss: 0.19778791
0.19778791
28/04/2025 15:48:56 Epoch 154 Train Loss: 0.31183913
154,0.31183913,28/04/2025 15:49:07 Epoch 155 Validation Loss: 0.17272876
0.17272876
28/04/2025 15:49:07 Epoch 155 Train Loss: 0.31346223
155,0.31346223,28/04/2025 15:49:17 Epoch 156 Validation Loss: 0.13679338
0.13679338
28/04/2025 15:49:17 Epoch 156 Train Loss: 0.30089328
156,0.30089328,28/04/2025 15:49:27 Epoch 157 Validation Loss: 0.19145690
0.19145690
28/04/2025 15:49:27 Epoch 157 Train Loss: 0.29278758
157,0.29278758,28/04/2025 15:49:37 Epoch 158 Validation Loss: 0.19732653
0.19732653
28/04/2025 15:49:37 Epoch 158 Train Loss: 0.33412719
158,0.33412719,28/04/2025 15:49:47 Epoch 159 Validation Loss: 0.14724320
0.14724320
28/04/2025 15:49:47 Epoch 159 Train Loss: 0.30830044
159,0.30830044,28/04/2025 15:49:57 Epoch 160 Validation Loss: 0.16211654
0.16211654
28/04/2025 15:49:57 Epoch 160 Train Loss: 0.30481541
160,0.30481541,28/04/2025 15:50:07 Epoch 161 Validation Loss: 0.14831106
0.14831106
28/04/2025 15:50:07 Epoch 161 Train Loss: 0.29920584
161,0.29920584,28/04/2025 15:50:18 Epoch 162 Validation Loss: 0.19012110
0.19012110
28/04/2025 15:50:18 Epoch 162 Train Loss: 0.28900945
162,0.28900945,28/04/2025 15:50:28 Epoch 163 Validation Loss: 0.14157768
0.14157768
28/04/2025 15:50:28 Epoch 163 Train Loss: 0.31647086
163,0.31647086,28/04/2025 15:50:38 Epoch 164 Validation Loss: 0.14639749
0.14639749
28/04/2025 15:50:38 Epoch 164 Train Loss: 0.30639285
164,0.30639285,28/04/2025 15:50:48 Epoch 165 Validation Loss: 0.13609484
0.13609484
28/04/2025 15:50:48 Epoch 165 Train Loss: 0.29436472
165,0.29436472,28/04/2025 15:51:05 Epoch 166 Validation Loss: 0.14516300
0.14516300
28/04/2025 15:51:05 Epoch 166 Train Loss: 0.29525962
166,0.29525962,28/04/2025 15:51:15 Epoch 167 Validation Loss: 0.13914523
0.13914523
28/04/2025 15:51:15 Epoch 167 Train Loss: 0.28735834
167,0.28735834,28/04/2025 15:51:25 Epoch 168 Validation Loss: 0.14264199
0.14264199
28/04/2025 15:51:25 Epoch 168 Train Loss: 0.28277865
168,0.28277865,28/04/2025 15:51:35 Epoch 169 Validation Loss: 0.13688856
0.13688856
28/04/2025 15:51:35 Epoch 169 Train Loss: 0.28681144
169,0.28681144,28/04/2025 15:51:45 Epoch 170 Validation Loss: 0.13578284
0.13578284
28/04/2025 15:51:45 Epoch 170 Train Loss: 0.28820264
170,0.28820264,28/04/2025 15:51:55 Epoch 171 Validation Loss: 0.13448654
0.13448654
28/04/2025 15:51:55 Epoch 171 Train Loss: 0.27998513
171,0.27998513,28/04/2025 15:52:05 Epoch 172 Validation Loss: 0.13896951
0.13896951
28/04/2025 15:52:05 Epoch 172 Train Loss: 0.28283122
172,0.28283122,28/04/2025 15:52:15 Epoch 173 Validation Loss: 0.19410132
0.19410132
28/04/2025 15:52:15 Epoch 173 Train Loss: 0.28755310
173,0.28755310,28/04/2025 15:52:25 Epoch 174 Validation Loss: 0.14203663
0.14203663
28/04/2025 15:52:25 Epoch 174 Train Loss: 0.29869628
174,0.29869628,28/04/2025 15:52:35 Epoch 175 Validation Loss: 0.13495229
0.13495229
28/04/2025 15:52:35 Epoch 175 Train Loss: 0.29364443
175,0.29364443,28/04/2025 15:52:46 Epoch 176 Validation Loss: 0.13907675
0.13907675
28/04/2025 15:52:46 Epoch 176 Train Loss: 0.28044549
176,0.28044549,28/04/2025 15:52:56 Epoch 177 Validation Loss: 0.21833007
0.21833007
28/04/2025 15:52:56 Epoch 177 Train Loss: 0.29243776
177,0.29243776,28/04/2025 15:53:06 Epoch 178 Validation Loss: 0.16410588
0.16410588
28/04/2025 15:53:06 Epoch 178 Train Loss: 0.34773976
178,0.34773976,28/04/2025 15:53:16 Epoch 179 Validation Loss: 0.15096939
0.15096939
28/04/2025 15:53:16 Epoch 179 Train Loss: 0.30987766
179,0.30987766,28/04/2025 15:53:26 Epoch 180 Validation Loss: 0.13961954
0.13961954
28/04/2025 15:53:26 Epoch 180 Train Loss: 0.29121920
180,0.29121920,28/04/2025 15:53:36 Epoch 181 Validation Loss: 0.13726285
0.13726285
28/04/2025 15:53:36 Epoch 181 Train Loss: 0.29225352
181,0.29225352,28/04/2025 15:53:46 Epoch 182 Validation Loss: 0.14221138
0.14221138
28/04/2025 15:53:46 Epoch 182 Train Loss: 0.28920716
182,0.28920716,28/04/2025 15:53:56 Epoch 183 Validation Loss: 0.15960766
0.15960766
28/04/2025 15:53:56 Epoch 183 Train Loss: 0.28960714
183,0.28960714,28/04/2025 15:54:06 Epoch 184 Validation Loss: 0.14970550
0.14970550
28/04/2025 15:54:06 Epoch 184 Train Loss: 0.29591739
184,0.29591739,28/04/2025 15:54:24 Epoch 185 Validation Loss: 0.16183421
0.16183421
28/04/2025 15:54:24 Epoch 185 Train Loss: 0.28333497
185,0.28333497,28/04/2025 15:54:35 Epoch 186 Validation Loss: 0.14669774
0.14669774
28/04/2025 15:54:35 Epoch 186 Train Loss: 0.28669482
186,0.28669482,28/04/2025 15:54:45 Epoch 187 Validation Loss: 0.19286722
0.19286722
28/04/2025 15:54:45 Epoch 187 Train Loss: 0.30671689
187,0.30671689,28/04/2025 15:54:55 Epoch 188 Validation Loss: 0.15265527
0.15265527
28/04/2025 15:54:55 Epoch 188 Train Loss: 0.30823070
188,0.30823070,28/04/2025 15:55:05 Epoch 189 Validation Loss: 0.14274420
0.14274420
28/04/2025 15:55:05 Epoch 189 Train Loss: 0.29365000
189,0.29365000,28/04/2025 15:55:15 Epoch 190 Validation Loss: 0.14163269
0.14163269
28/04/2025 15:55:15 Epoch 190 Train Loss: 0.28498018
190,0.28498018,28/04/2025 15:55:25 Epoch 191 Validation Loss: 0.14815594
0.14815594
28/04/2025 15:55:25 Epoch 191 Train Loss: 0.29818824
191,0.29818824,28/04/2025 15:55:35 Epoch 192 Validation Loss: 0.17999870
0.17999870
28/04/2025 15:55:35 Epoch 192 Train Loss: 0.28804252
192,0.28804252,28/04/2025 15:55:46 Epoch 193 Validation Loss: 0.14046125
0.14046125
28/04/2025 15:55:46 Epoch 193 Train Loss: 0.29467216
193,0.29467216,28/04/2025 15:55:56 Epoch 194 Validation Loss: 0.14821008
0.14821008
28/04/2025 15:55:56 Epoch 194 Train Loss: 0.28748742
194,0.28748742,28/04/2025 15:56:06 Epoch 195 Validation Loss: 0.14214541
0.14214541
28/04/2025 15:56:06 Epoch 195 Train Loss: 0.28582630
195,0.28582630,28/04/2025 15:56:16 Epoch 196 Validation Loss: 0.14202371
0.14202371
28/04/2025 15:56:16 Epoch 196 Train Loss: 0.28767699
196,0.28767699,28/04/2025 15:56:26 Epoch 197 Validation Loss: 0.13760950
0.13760950
28/04/2025 15:56:26 Epoch 197 Train Loss: 0.28229320
197,0.28229320,28/04/2025 15:56:36 Epoch 198 Validation Loss: 0.14299175
0.14299175
28/04/2025 15:56:36 Epoch 198 Train Loss: 0.28512582
198,0.28512582,28/04/2025 15:56:46 Epoch 199 Validation Loss: 0.26369908
0.26369908
28/04/2025 15:56:46 Epoch 199 Train Loss: 0.28683487
199,0.28683487,28/04/2025 15:56:57 Epoch 200 Validation Loss: 0.15363213
0.15363213
28/04/2025 15:56:57 Epoch 200 Train Loss: 0.32898572
200,0.32898572,28/04/2025 15:57:07 Epoch 201 Validation Loss: 0.22295260
0.22295260
28/04/2025 15:57:07 Epoch 201 Train Loss: 0.31720263
201,0.31720263,28/04/2025 15:57:17 Epoch 202 Validation Loss: 0.15451348
0.15451348
28/04/2025 15:57:17 Epoch 202 Train Loss: 0.33145890
202,0.33145890,28/04/2025 15:57:27 Epoch 203 Validation Loss: 0.16323523
0.16323523
28/04/2025 15:57:27 Epoch 203 Train Loss: 0.29578960
203,0.29578960,28/04/2025 15:57:38 Epoch 204 Validation Loss: 0.14696014
0.14696014
28/04/2025 15:57:38 Epoch 204 Train Loss: 0.29132235
204,0.29132235,28/04/2025 15:57:48 Epoch 205 Validation Loss: 0.14884016
0.14884016
28/04/2025 15:57:48 Epoch 205 Train Loss: 0.29397678
205,0.29397678,28/04/2025 15:57:58 Epoch 206 Validation Loss: 0.20742576
0.20742576
28/04/2025 15:57:58 Epoch 206 Train Loss: 0.29198784
206,0.29198784,28/04/2025 15:58:09 Epoch 207 Validation Loss: 0.17656213
0.17656213
28/04/2025 15:58:09 Epoch 207 Train Loss: 0.31769565
207,0.31769565,28/04/2025 15:58:19 Epoch 208 Validation Loss: 0.16921775
0.16921775
28/04/2025 15:58:19 Epoch 208 Train Loss: 0.30225682
208,0.30225682,28/04/2025 15:58:30 Epoch 209 Validation Loss: 0.13624477
0.13624477
28/04/2025 15:58:30 Epoch 209 Train Loss: 0.28362978
209,0.28362978,28/04/2025 15:58:40 Epoch 210 Validation Loss: 0.14049156
0.14049156
28/04/2025 15:58:40 Epoch 210 Train Loss: 0.28425092
210,0.28425092,28/04/2025 15:58:50 Epoch 211 Validation Loss: 0.26893198
0.26893198
28/04/2025 15:58:50 Epoch 211 Train Loss: 0.29492286
211,0.29492286,28/04/2025 15:59:00 Epoch 212 Validation Loss: 0.21173562
0.21173562
28/04/2025 15:59:00 Epoch 212 Train Loss: 0.38517094
212,0.38517094,28/04/2025 15:59:11 Epoch 213 Validation Loss: 0.15799491
0.15799491
28/04/2025 15:59:11 Epoch 213 Train Loss: 0.31367135
213,0.31367135,28/04/2025 15:59:21 Epoch 214 Validation Loss: 0.16602150
0.16602150
28/04/2025 15:59:21 Epoch 214 Train Loss: 0.29382458
214,0.29382458,28/04/2025 15:59:31 Epoch 215 Validation Loss: 0.19196923
0.19196923
28/04/2025 15:59:31 Epoch 215 Train Loss: 0.29818448
215,0.29818448,28/04/2025 15:59:41 Epoch 216 Validation Loss: 0.16529392
0.16529392
28/04/2025 15:59:41 Epoch 216 Train Loss: 0.29371488
216,0.29371488,28/04/2025 15:59:52 Epoch 217 Validation Loss: 0.16041297
0.16041297
28/04/2025 15:59:52 Epoch 217 Train Loss: 0.30142936
217,0.30142936,28/04/2025 16:00:02 Epoch 218 Validation Loss: 0.20803744
0.20803744
28/04/2025 16:00:02 Epoch 218 Train Loss: 0.29485109
218,0.29485109,28/04/2025 16:00:12 Epoch 219 Validation Loss: 0.17764328
0.17764328
28/04/2025 16:00:12 Epoch 219 Train Loss: 0.32856381
219,0.32856381,28/04/2025 16:00:23 Epoch 220 Validation Loss: 0.20558970
0.20558970
28/04/2025 16:00:23 Epoch 220 Train Loss: 0.28948066
220,0.28948066,28/04/2025 16:00:33 Epoch 221 Validation Loss: 0.27157813
0.27157813
28/04/2025 16:00:33 Epoch 221 Train Loss: 0.31033555
221,0.31033555,28/04/2025 16:00:43 Epoch 222 Validation Loss: 0.28264755
0.28264755
28/04/2025 16:00:43 Epoch 222 Train Loss: 0.40118900
222,0.40118900,28/04/2025 16:00:54 Epoch 223 Validation Loss: 0.23526695
0.23526695
28/04/2025 16:00:54 Epoch 223 Train Loss: 0.38887960
223,0.38887960,28/04/2025 16:01:04 Epoch 224 Validation Loss: 0.22212702
0.22212702
28/04/2025 16:01:04 Epoch 224 Train Loss: 0.32838893
224,0.32838893,28/04/2025 16:01:15 Epoch 225 Validation Loss: 0.19923396
0.19923396
28/04/2025 16:01:15 Epoch 225 Train Loss: 0.33051512
225,0.33051512,28/04/2025 16:01:25 Epoch 226 Validation Loss: 0.16908023
0.16908023
28/04/2025 16:01:25 Epoch 226 Train Loss: 0.32891956
226,0.32891956,28/04/2025 16:01:35 Epoch 227 Validation Loss: 0.14684334
0.14684334
28/04/2025 16:01:36 Epoch 227 Train Loss: 0.32091761
227,0.32091761,28/04/2025 16:01:46 Epoch 228 Validation Loss: 0.14116019
0.14116019
28/04/2025 16:01:46 Epoch 228 Train Loss: 0.29471609
228,0.29471609,28/04/2025 16:01:56 Epoch 229 Validation Loss: 0.14331365
0.14331365
28/04/2025 16:01:56 Epoch 229 Train Loss: 0.29214358
229,0.29214358,28/04/2025 16:02:06 Epoch 230 Validation Loss: 0.17351547
0.17351547
28/04/2025 16:02:07 Epoch 230 Train Loss: 0.27846065
230,0.27846065,28/04/2025 16:02:17 Epoch 231 Validation Loss: 0.23986481
0.23986481
28/04/2025 16:02:17 Epoch 231 Train Loss: 0.31469002
231,0.31469002,28/04/2025 16:02:27 Epoch 232 Validation Loss: 0.16395852
0.16395852
28/04/2025 16:02:27 Epoch 232 Train Loss: 0.35053480
232,0.35053480,28/04/2025 16:02:38 Epoch 233 Validation Loss: 0.14504758
0.14504758
28/04/2025 16:02:38 Epoch 233 Train Loss: 0.31787223
233,0.31787223,28/04/2025 16:02:48 Epoch 234 Validation Loss: 0.13826011
0.13826011
28/04/2025 16:02:48 Epoch 234 Train Loss: 0.29960054
234,0.29960054,28/04/2025 16:02:58 Epoch 235 Validation Loss: 0.14277774
0.14277774
28/04/2025 16:02:58 Epoch 235 Train Loss: 0.28866920
235,0.28866920,28/04/2025 16:03:09 Epoch 236 Validation Loss: 0.17706321
0.17706321
28/04/2025 16:03:09 Epoch 236 Train Loss: 0.29133487
236,0.29133487,28/04/2025 16:03:19 Epoch 237 Validation Loss: 0.16046610
0.16046610
28/04/2025 16:03:19 Epoch 237 Train Loss: 0.29996699
237,0.29996699,28/04/2025 16:03:29 Epoch 238 Validation Loss: 0.14761904
0.14761904
28/04/2025 16:03:29 Epoch 238 Train Loss: 0.28721514
238,0.28721514,28/04/2025 16:03:40 Epoch 239 Validation Loss: 0.13855720
0.13855720
28/04/2025 16:03:40 Epoch 239 Train Loss: 0.28223303
239,0.28223303,28/04/2025 16:03:50 Epoch 240 Validation Loss: 0.13639851
0.13639851
28/04/2025 16:03:50 Epoch 240 Train Loss: 0.28811878
240,0.28811878,28/04/2025 16:04:02 Epoch 241 Validation Loss: 0.14447673
0.14447673
28/04/2025 16:04:02 Epoch 241 Train Loss: 0.28375289
241,0.28375289,28/04/2025 16:04:13 Epoch 242 Validation Loss: 0.13920100
0.13920100
28/04/2025 16:04:13 Epoch 242 Train Loss: 0.28420171
242,0.28420171,28/04/2025 16:04:27 Epoch 243 Validation Loss: 0.13830830
0.13830830
28/04/2025 16:04:27 Epoch 243 Train Loss: 0.28132543
243,0.28132543,28/04/2025 16:04:44 Epoch 244 Validation Loss: 0.18276837
0.18276837
28/04/2025 16:04:44 Epoch 244 Train Loss: 0.28340688
244,0.28340688,28/04/2025 16:04:56 Epoch 245 Validation Loss: 0.25078458
0.25078458
28/04/2025 16:04:56 Epoch 245 Train Loss: 0.31638777
245,0.31638777,28/04/2025 16:05:06 Epoch 246 Validation Loss: 0.20826069
0.20826069
28/04/2025 16:05:06 Epoch 246 Train Loss: 0.36037415
246,0.36037415,28/04/2025 16:05:17 Epoch 247 Validation Loss: 0.15797149
0.15797149
28/04/2025 16:05:17 Epoch 247 Train Loss: 0.31689614
247,0.31689614,28/04/2025 16:05:27 Epoch 248 Validation Loss: 0.14346233
0.14346233
28/04/2025 16:05:27 Epoch 248 Train Loss: 0.29880670
248,0.29880670,28/04/2025 16:05:37 Epoch 249 Validation Loss: 0.16280672
0.16280672
28/04/2025 16:05:37 Epoch 249 Train Loss: 0.28740448
249,0.28740448,28/04/2025 16:05:47 Epoch 250 Validation Loss: 0.14810017
0.14810017
28/04/2025 16:05:47 Epoch 250 Train Loss: 0.28684932
250,0.28684932,28/04/2025 16:05:58 Epoch 251 Validation Loss: 0.15106638
0.15106638
28/04/2025 16:05:58 Epoch 251 Train Loss: 0.28618485
251,0.28618485,28/04/2025 16:06:08 Epoch 252 Validation Loss: 0.14396442
0.14396442
28/04/2025 16:06:08 Epoch 252 Train Loss: 0.27667019
252,0.27667019,28/04/2025 16:06:18 Epoch 253 Validation Loss: 0.13977800
0.13977800
28/04/2025 16:06:18 Epoch 253 Train Loss: 0.28203824
253,0.28203824,28/04/2025 16:06:28 Epoch 254 Validation Loss: 0.14032961
0.14032961
28/04/2025 16:06:28 Epoch 254 Train Loss: 0.27870515
254,0.27870515,28/04/2025 16:06:39 Epoch 255 Validation Loss: 0.23410670
0.23410670
28/04/2025 16:06:39 Epoch 255 Train Loss: 0.28544399
255,0.28544399,28/04/2025 16:06:49 Epoch 256 Validation Loss: 0.23362286
0.23362286
28/04/2025 16:06:49 Epoch 256 Train Loss: 0.36028934
256,0.36028934,28/04/2025 16:06:59 Epoch 257 Validation Loss: 0.18165828
0.18165828
28/04/2025 16:06:59 Epoch 257 Train Loss: 0.33127359
257,0.33127359,28/04/2025 16:07:10 Epoch 258 Validation Loss: 0.18840191
0.18840191
28/04/2025 16:07:10 Epoch 258 Train Loss: 0.29679728
258,0.29679728,28/04/2025 16:07:20 Epoch 259 Validation Loss: 0.16578922
0.16578922
28/04/2025 16:07:20 Epoch 259 Train Loss: 0.30848187
259,0.30848187,28/04/2025 16:07:37 Epoch 260 Validation Loss: 0.16127542
0.16127542
28/04/2025 16:07:37 Epoch 260 Train Loss: 0.28963828
260,0.28963828,28/04/2025 16:07:48 Epoch 261 Validation Loss: 0.14515401
0.14515401
28/04/2025 16:07:48 Epoch 261 Train Loss: 0.28286636
261,0.28286636,28/04/2025 16:07:58 Epoch 262 Validation Loss: 0.14357229
0.14357229
28/04/2025 16:07:58 Epoch 262 Train Loss: 0.27917248
262,0.27917248,28/04/2025 16:08:09 Epoch 263 Validation Loss: 0.13903554
0.13903554
28/04/2025 16:08:09 Epoch 263 Train Loss: 0.27421415
263,0.27421415,28/04/2025 16:08:19 Epoch 264 Validation Loss: 0.13947780
0.13947780
28/04/2025 16:08:19 Epoch 264 Train Loss: 0.27779788
264,0.27779788,28/04/2025 16:08:29 Epoch 265 Validation Loss: 0.16406827
0.16406827
28/04/2025 16:08:29 Epoch 265 Train Loss: 0.27896124
265,0.27896124,28/04/2025 16:08:40 Epoch 266 Validation Loss: 0.15685141
0.15685141
28/04/2025 16:08:40 Epoch 266 Train Loss: 0.29222691
266,0.29222691,28/04/2025 16:08:50 Epoch 267 Validation Loss: 0.15389951
0.15389951
28/04/2025 16:08:50 Epoch 267 Train Loss: 0.28229305
267,0.28229305,28/04/2025 16:09:00 Epoch 268 Validation Loss: 0.14030419
0.14030419
28/04/2025 16:09:00 Epoch 268 Train Loss: 0.27765980
268,0.27765980,28/04/2025 16:09:11 Epoch 269 Validation Loss: 0.14738975
0.14738975
28/04/2025 16:09:11 Epoch 269 Train Loss: 0.27800614
269,0.27800614,28/04/2025 16:09:21 Epoch 270 Validation Loss: 0.14468694
0.14468694
28/04/2025 16:09:21 Epoch 270 Train Loss: 0.28823873
270,0.28823873,28/04/2025 16:09:31 Epoch 271 Validation Loss: 0.14178860
0.14178860
28/04/2025 16:09:31 Epoch 271 Train Loss: 0.28070182
271,0.28070182,28/04/2025 16:09:42 Epoch 272 Validation Loss: 0.14321788
0.14321788
28/04/2025 16:09:42 Epoch 272 Train Loss: 0.27912745
272,0.27912745,28/04/2025 16:09:52 Epoch 273 Validation Loss: 0.14628336
0.14628336
28/04/2025 16:09:52 Epoch 273 Train Loss: 0.27661604
273,0.27661604,28/04/2025 16:10:03 Epoch 274 Validation Loss: 0.13821745
0.13821745
28/04/2025 16:10:03 Epoch 274 Train Loss: 0.27617934
274,0.27617934,28/04/2025 16:10:13 Epoch 275 Validation Loss: 0.14046380
0.14046380
28/04/2025 16:10:13 Epoch 275 Train Loss: 0.27603078
275,0.27603078,28/04/2025 16:10:24 Epoch 276 Validation Loss: 0.14137802
0.14137802
28/04/2025 16:10:24 Epoch 276 Train Loss: 0.27448872
276,0.27448872,28/04/2025 16:10:34 Epoch 277 Validation Loss: 0.13721080
0.13721080
28/04/2025 16:10:34 Epoch 277 Train Loss: 0.27647170
277,0.27647170,28/04/2025 16:10:44 Epoch 278 Validation Loss: 0.13956133
0.13956133
28/04/2025 16:10:44 Epoch 278 Train Loss: 0.28420356
278,0.28420356,28/04/2025 16:11:00 Epoch 279 Validation Loss: 0.14635132
0.14635132
28/04/2025 16:11:00 Epoch 279 Train Loss: 0.28428206
279,0.28428206,28/04/2025 16:11:11 Epoch 280 Validation Loss: 0.14971352
0.14971352
28/04/2025 16:11:11 Epoch 280 Train Loss: 0.28603810
280,0.28603810,28/04/2025 16:11:21 Epoch 281 Validation Loss: 0.14847904
0.14847904
28/04/2025 16:11:21 Epoch 281 Train Loss: 0.28117126
281,0.28117126,28/04/2025 16:11:31 Epoch 282 Validation Loss: 0.14717659
0.14717659
28/04/2025 16:11:31 Epoch 282 Train Loss: 0.28262642
282,0.28262642,28/04/2025 16:11:41 Epoch 283 Validation Loss: 0.14106402
0.14106402
28/04/2025 16:11:42 Epoch 283 Train Loss: 0.27829096
283,0.27829096,28/04/2025 16:11:52 Epoch 284 Validation Loss: 0.15054391
0.15054391
28/04/2025 16:11:52 Epoch 284 Train Loss: 0.28396389
284,0.28396389,28/04/2025 16:12:02 Epoch 285 Validation Loss: 0.14562896
0.14562896
28/04/2025 16:12:02 Epoch 285 Train Loss: 0.28365818
285,0.28365818,28/04/2025 16:12:13 Epoch 286 Validation Loss: 0.14593080
0.14593080
28/04/2025 16:12:13 Epoch 286 Train Loss: 0.28008097
286,0.28008097,28/04/2025 16:12:23 Epoch 287 Validation Loss: 0.18968004
0.18968004
28/04/2025 16:12:23 Epoch 287 Train Loss: 0.28612480
287,0.28612480,28/04/2025 16:12:33 Epoch 288 Validation Loss: 0.14724901
0.14724901
28/04/2025 16:12:33 Epoch 288 Train Loss: 0.29059458
288,0.29059458,28/04/2025 16:12:43 Epoch 289 Validation Loss: 0.14400622
0.14400622
28/04/2025 16:12:43 Epoch 289 Train Loss: 0.27813461
289,0.27813461,28/04/2025 16:12:54 Epoch 290 Validation Loss: 0.14460509
0.14460509
28/04/2025 16:12:54 Epoch 290 Train Loss: 0.28446928
290,0.28446928,28/04/2025 16:13:04 Epoch 291 Validation Loss: 0.14771663
0.14771663
28/04/2025 16:13:04 Epoch 291 Train Loss: 0.28079769
291,0.28079769,28/04/2025 16:13:15 Epoch 292 Validation Loss: 0.14411728
0.14411728
28/04/2025 16:13:15 Epoch 292 Train Loss: 0.27726918
292,0.27726918,28/04/2025 16:13:25 Epoch 293 Validation Loss: 0.14573608
0.14573608
28/04/2025 16:13:25 Epoch 293 Train Loss: 0.27641338
293,0.27641338,28/04/2025 16:13:35 Epoch 294 Validation Loss: 0.14428605
0.14428605
28/04/2025 16:13:35 Epoch 294 Train Loss: 0.28435642
294,0.28435642,28/04/2025 16:13:45 Epoch 295 Validation Loss: 0.15446284
0.15446284
28/04/2025 16:13:45 Epoch 295 Train Loss: 0.27687272
295,0.27687272,28/04/2025 16:13:56 Epoch 296 Validation Loss: 0.14267144
0.14267144
28/04/2025 16:13:56 Epoch 296 Train Loss: 0.28190896
296,0.28190896,28/04/2025 16:14:06 Epoch 297 Validation Loss: 0.19783069
0.19783069
28/04/2025 16:14:06 Epoch 297 Train Loss: 0.28568804
297,0.28568804,28/04/2025 16:14:17 Epoch 298 Validation Loss: 0.16993642
0.16993642
28/04/2025 16:14:17 Epoch 298 Train Loss: 0.31850356
298,0.31850356,28/04/2025 16:14:27 Epoch 299 Validation Loss: 0.14637622
0.14637622
28/04/2025 16:14:27 Epoch 299 Train Loss: 0.30140525
299,0.30140525,28/04/2025 16:14:38 Epoch 300 Validation Loss: 0.15450111
0.15450111
28/04/2025 16:14:38 Epoch 300 Train Loss: 0.28196463
300,0.28196463,28/04/2025 16:14:48 Epoch 301 Validation Loss: 0.14488469
0.14488469
28/04/2025 16:14:48 Epoch 301 Train Loss: 0.27773908
301,0.27773908,28/04/2025 16:14:58 Epoch 302 Validation Loss: 0.15622143
0.15622143
28/04/2025 16:14:58 Epoch 302 Train Loss: 0.27809137
302,0.27809137,28/04/2025 16:15:09 Epoch 303 Validation Loss: 0.16110037
0.16110037
28/04/2025 16:15:09 Epoch 303 Train Loss: 0.27952108
303,0.27952108,28/04/2025 16:15:22 Epoch 304 Validation Loss: 0.20751666
0.20751666
28/04/2025 16:15:22 Epoch 304 Train Loss: 0.28358537
304,0.28358537,28/04/2025 16:15:36 Epoch 305 Validation Loss: 0.14942512
0.14942512
28/04/2025 16:15:36 Epoch 305 Train Loss: 0.30419198
305,0.30419198,28/04/2025 16:15:51 Epoch 306 Validation Loss: 0.15026620
0.15026620
28/04/2025 16:15:51 Epoch 306 Train Loss: 0.30746964
306,0.30746964,28/04/2025 16:16:06 Epoch 307 Validation Loss: 0.14815660
0.14815660
28/04/2025 16:16:06 Epoch 307 Train Loss: 0.29184347
307,0.29184347,28/04/2025 16:16:32 Epoch 308 Validation Loss: 0.13701034
0.13701034
28/04/2025 16:16:32 Epoch 308 Train Loss: 0.28026429
308,0.28026429,28/04/2025 16:17:02 Epoch 309 Validation Loss: 0.15160914
0.15160914
28/04/2025 16:17:02 Epoch 309 Train Loss: 0.27524289
309,0.27524289,28/04/2025 16:17:19 Epoch 310 Validation Loss: 0.14653426
0.14653426
28/04/2025 16:17:19 Epoch 310 Train Loss: 0.28996181
310,0.28996181,28/04/2025 16:17:30 Epoch 311 Validation Loss: 0.13893040
0.13893040
28/04/2025 16:17:30 Epoch 311 Train Loss: 0.28278762
311,0.28278762,28/04/2025 16:17:45 Epoch 312 Validation Loss: 0.13635765
0.13635765
28/04/2025 16:17:45 Epoch 312 Train Loss: 0.28108886
312,0.28108886,28/04/2025 16:18:00 Epoch 313 Validation Loss: 0.14960346
0.14960346
28/04/2025 16:18:00 Epoch 313 Train Loss: 0.28448617
313,0.28448617,28/04/2025 16:18:29 Epoch 314 Validation Loss: 0.17104782
0.17104782
28/04/2025 16:18:29 Epoch 314 Train Loss: 0.28601310
314,0.28601310,28/04/2025 16:19:01 Epoch 315 Validation Loss: 0.17445794
0.17445794
28/04/2025 16:19:01 Epoch 315 Train Loss: 0.29700446
315,0.29700446,28/04/2025 16:19:12 Epoch 316 Validation Loss: 0.15881386
0.15881386
28/04/2025 16:19:12 Epoch 316 Train Loss: 0.28544146
316,0.28544146,28/04/2025 16:19:23 Epoch 317 Validation Loss: 0.14765361
0.14765361
28/04/2025 16:19:23 Epoch 317 Train Loss: 0.27805048
317,0.27805048,28/04/2025 16:19:34 Epoch 318 Validation Loss: 0.14284028
0.14284028
28/04/2025 16:19:34 Epoch 318 Train Loss: 0.28654367
318,0.28654367,28/04/2025 16:19:44 Epoch 319 Validation Loss: 0.14324251
0.14324251
28/04/2025 16:19:44 Epoch 319 Train Loss: 0.28864965
319,0.28864965,28/04/2025 16:19:55 Epoch 320 Validation Loss: 0.13849536
0.13849536
28/04/2025 16:19:55 Epoch 320 Train Loss: 0.28143606
320,0.28143606,28/04/2025 16:20:05 Epoch 321 Validation Loss: 0.13584706
0.13584706
28/04/2025 16:20:05 Epoch 321 Train Loss: 0.28674749
321,0.28674749,28/04/2025 16:20:16 Epoch 322 Validation Loss: 0.14760424
0.14760424
28/04/2025 16:20:16 Epoch 322 Train Loss: 0.27742183
322,0.27742183,28/04/2025 16:20:26 Epoch 323 Validation Loss: 0.16155994
0.16155994
28/04/2025 16:20:26 Epoch 323 Train Loss: 0.28120187
323,0.28120187,28/04/2025 16:20:36 Epoch 324 Validation Loss: 0.14116085
0.14116085
28/04/2025 16:20:36 Epoch 324 Train Loss: 0.28121173
324,0.28121173,28/04/2025 16:20:47 Epoch 325 Validation Loss: 0.15284359
0.15284359
28/04/2025 16:20:47 Epoch 325 Train Loss: 0.28006241
325,0.28006241,28/04/2025 16:21:02 Epoch 326 Validation Loss: 0.14497337
0.14497337
28/04/2025 16:21:03 Epoch 326 Train Loss: 0.28627315
326,0.28627315,28/04/2025 16:21:17 Epoch 327 Validation Loss: 0.16513824
0.16513824
28/04/2025 16:21:17 Epoch 327 Train Loss: 0.27594692
327,0.27594692,28/04/2025 16:21:45 Epoch 328 Validation Loss: 0.14377664
0.14377664
28/04/2025 16:21:45 Epoch 328 Train Loss: 0.28370595
328,0.28370595,28/04/2025 16:22:17 Epoch 329 Validation Loss: 0.16973758
0.16973758
28/04/2025 16:22:17 Epoch 329 Train Loss: 0.29229927
329,0.29229927,28/04/2025 16:22:30 Epoch 330 Validation Loss: 0.14551765
0.14551765
28/04/2025 16:22:30 Epoch 330 Train Loss: 0.29764414
330,0.29764414,28/04/2025 16:22:41 Epoch 331 Validation Loss: 0.17472889
0.17472889
28/04/2025 16:22:41 Epoch 331 Train Loss: 0.27976164
331,0.27976164,28/04/2025 16:22:51 Epoch 332 Validation Loss: 0.15276781
0.15276781
28/04/2025 16:22:51 Epoch 332 Train Loss: 0.29181582
332,0.29181582,