28/04/2025 16:27:45 Training is starting...
28/04/2025 16:27:49 Epoch 0 Validation Loss: 1.64137149
1.64137149
28/04/2025 16:27:50 Epoch 0 Train Loss: 108.53128052
0,108.53128052,28/04/2025 16:27:57 Epoch 1 Validation Loss: 3.24247217
3.24247217
28/04/2025 16:27:57 Epoch 1 Train Loss: 17.78348923
1,17.78348923,28/04/2025 16:28:01 Epoch 2 Validation Loss: 1.48479354
1.48479354
28/04/2025 16:28:01 Epoch 2 Train Loss: 5.21907187
2,5.21907187,28/04/2025 16:28:06 Epoch 3 Validation Loss: 1.22811675
1.22811675
28/04/2025 16:28:06 Epoch 3 Train Loss: 3.17050815
3,3.17050815,28/04/2025 16:28:11 Epoch 4 Validation Loss: 1.72353101
1.72353101
28/04/2025 16:28:11 Epoch 4 Train Loss: 1.88541615
4,1.88541615,28/04/2025 16:28:21 Epoch 5 Validation Loss: 1.69469714
1.69469714
28/04/2025 16:28:21 Epoch 5 Train Loss: 1.52624846
5,1.52624846,28/04/2025 16:28:30 Epoch 6 Validation Loss: 1.16865575
1.16865575
28/04/2025 16:28:30 Epoch 6 Train Loss: 1.70227313
6,1.70227313,28/04/2025 16:28:35 Epoch 7 Validation Loss: 1.21631980
1.21631980
28/04/2025 16:28:35 Epoch 7 Train Loss: 1.40539634
7,1.40539634,28/04/2025 16:28:39 Epoch 8 Validation Loss: 1.26143456
1.26143456
28/04/2025 16:28:39 Epoch 8 Train Loss: 1.34042025
8,1.34042025,28/04/2025 16:28:48 Epoch 9 Validation Loss: 1.16497064
1.16497064
28/04/2025 16:28:49 Epoch 9 Train Loss: 1.41063416
9,1.41063416,28/04/2025 16:28:58 Epoch 10 Validation Loss: 1.20528984
1.20528984
28/04/2025 16:28:58 Epoch 10 Train Loss: 1.38011539
10,1.38011539,28/04/2025 16:29:04 Epoch 11 Validation Loss: 1.20835960
1.20835960
28/04/2025 16:29:04 Epoch 11 Train Loss: 1.34038818
11,1.34038818,28/04/2025 16:29:08 Epoch 12 Validation Loss: 1.16145229
1.16145229
28/04/2025 16:29:08 Epoch 12 Train Loss: 1.36164999
12,1.36164999,28/04/2025 16:29:16 Epoch 13 Validation Loss: 1.19459569
1.19459569
28/04/2025 16:29:17 Epoch 13 Train Loss: 1.39134276
13,1.39134276,28/04/2025 16:29:26 Epoch 14 Validation Loss: 1.22645450
1.22645450
28/04/2025 16:29:26 Epoch 14 Train Loss: 1.33577991
14,1.33577991,28/04/2025 16:29:35 Epoch 15 Validation Loss: 1.15827501
1.15827501
28/04/2025 16:29:35 Epoch 15 Train Loss: 1.38089168
15,1.38089168,28/04/2025 16:29:40 Epoch 16 Validation Loss: 1.16510439
1.16510439
28/04/2025 16:29:40 Epoch 16 Train Loss: 1.33576572
16,1.33576572,28/04/2025 16:29:50 Epoch 17 Validation Loss: 1.19103920
1.19103920
28/04/2025 16:29:50 Epoch 17 Train Loss: 1.31882727
17,1.31882727,28/04/2025 16:30:00 Epoch 18 Validation Loss: 1.15273714
1.15273714
28/04/2025 16:30:00 Epoch 18 Train Loss: 1.36486137
18,1.36486137,28/04/2025 16:30:05 Epoch 19 Validation Loss: 1.19218659
1.19218659
28/04/2025 16:30:05 Epoch 19 Train Loss: 1.35361993
19,1.35361993,28/04/2025 16:30:09 Epoch 20 Validation Loss: 1.16572750
1.16572750
28/04/2025 16:30:09 Epoch 20 Train Loss: 1.33832026
20,1.33832026,28/04/2025 16:30:18 Epoch 21 Validation Loss: 1.14636910
1.14636910
28/04/2025 16:30:18 Epoch 21 Train Loss: 1.33022428
21,1.33022428,28/04/2025 16:30:28 Epoch 22 Validation Loss: 1.14328325
1.14328325
28/04/2025 16:30:28 Epoch 22 Train Loss: 1.30871880
22,1.30871880,28/04/2025 16:30:34 Epoch 23 Validation Loss: 1.14111459
1.14111459
28/04/2025 16:30:34 Epoch 23 Train Loss: 1.30859113
23,1.30859113,28/04/2025 16:30:39 Epoch 24 Validation Loss: 1.13630903
1.13630903
28/04/2025 16:30:39 Epoch 24 Train Loss: 1.30464387
24,1.30464387,28/04/2025 16:30:47 Epoch 25 Validation Loss: 1.13552773
1.13552773
28/04/2025 16:30:47 Epoch 25 Train Loss: 1.29499388
25,1.29499388,28/04/2025 16:30:57 Epoch 26 Validation Loss: 1.12976313
1.12976313
28/04/2025 16:30:57 Epoch 26 Train Loss: 1.28694963
26,1.28694963,28/04/2025 16:31:04 Epoch 27 Validation Loss: 1.12762344
1.12762344
28/04/2025 16:31:04 Epoch 27 Train Loss: 1.28603303
27,1.28603303,28/04/2025 16:31:08 Epoch 28 Validation Loss: 1.12446451
1.12446451
28/04/2025 16:31:08 Epoch 28 Train Loss: 1.33700478
28,1.33700478,28/04/2025 16:31:16 Epoch 29 Validation Loss: 1.11726665
1.11726665
28/04/2025 16:31:16 Epoch 29 Train Loss: 1.31158185
29,1.31158185,28/04/2025 16:31:26 Epoch 30 Validation Loss: 1.13048601
1.13048601
28/04/2025 16:31:27 Epoch 30 Train Loss: 1.28587568
30,1.28587568,28/04/2025 16:31:33 Epoch 31 Validation Loss: 1.10734689
1.10734689
28/04/2025 16:31:33 Epoch 31 Train Loss: 1.26871586
31,1.26871586,28/04/2025 16:31:38 Epoch 32 Validation Loss: 1.10603774
1.10603774
28/04/2025 16:31:38 Epoch 32 Train Loss: 1.25587654
32,1.25587654,28/04/2025 16:31:50 Epoch 33 Validation Loss: 1.09445560
1.09445560
28/04/2025 16:31:50 Epoch 33 Train Loss: 1.26039433
33,1.26039433,28/04/2025 16:32:00 Epoch 34 Validation Loss: 1.08469832
1.08469832
28/04/2025 16:32:00 Epoch 34 Train Loss: 1.26501060
34,1.26501060,28/04/2025 16:32:05 Epoch 35 Validation Loss: 1.08000970
1.08000970
28/04/2025 16:32:05 Epoch 35 Train Loss: 1.26284599
35,1.26284599,28/04/2025 16:32:10 Epoch 36 Validation Loss: 1.06898737
1.06898737
28/04/2025 16:32:10 Epoch 36 Train Loss: 1.23300827
36,1.23300827,28/04/2025 16:32:19 Epoch 37 Validation Loss: 1.06994855
1.06994855
28/04/2025 16:32:19 Epoch 37 Train Loss: 1.21965432
37,1.21965432,28/04/2025 16:32:29 Epoch 38 Validation Loss: 1.03820038
1.03820038
28/04/2025 16:32:29 Epoch 38 Train Loss: 1.21477604
38,1.21477604,28/04/2025 16:32:35 Epoch 39 Validation Loss: 1.02769351
1.02769351
28/04/2025 16:32:35 Epoch 39 Train Loss: 1.18908083
39,1.18908083,28/04/2025 16:32:40 Epoch 40 Validation Loss: 1.02631259
1.02631259
28/04/2025 16:32:40 Epoch 40 Train Loss: 1.17141056
40,1.17141056,28/04/2025 16:32:49 Epoch 41 Validation Loss: 0.98607230
0.98607230
28/04/2025 16:32:49 Epoch 41 Train Loss: 1.17302835
41,1.17302835,28/04/2025 16:32:59 Epoch 42 Validation Loss: 0.96969181
0.96969181
28/04/2025 16:32:59 Epoch 42 Train Loss: 1.12570083
42,1.12570083,28/04/2025 16:33:05 Epoch 43 Validation Loss: 0.96290910
0.96290910
28/04/2025 16:33:05 Epoch 43 Train Loss: 1.11474776
43,1.11474776,28/04/2025 16:33:10 Epoch 44 Validation Loss: 0.93049282
0.93049282
28/04/2025 16:33:10 Epoch 44 Train Loss: 1.13413680
44,1.13413680,28/04/2025 16:33:19 Epoch 45 Validation Loss: 0.99825329
0.99825329
28/04/2025 16:33:19 Epoch 45 Train Loss: 1.06412399
45,1.06412399,28/04/2025 16:33:29 Epoch 46 Validation Loss: 0.92327887
0.92327887
28/04/2025 16:33:29 Epoch 46 Train Loss: 1.08831155
46,1.08831155,28/04/2025 16:33:35 Epoch 47 Validation Loss: 0.85917515
0.85917515
28/04/2025 16:33:35 Epoch 47 Train Loss: 1.02799571
47,1.02799571,28/04/2025 16:33:40 Epoch 48 Validation Loss: 0.87687826
0.87687826
28/04/2025 16:33:40 Epoch 48 Train Loss: 0.99242401
48,0.99242401,28/04/2025 16:33:49 Epoch 49 Validation Loss: 1.01614511
1.01614511
28/04/2025 16:33:49 Epoch 49 Train Loss: 0.97290432
49,0.97290432,28/04/2025 16:33:59 Epoch 50 Validation Loss: 0.81575781
0.81575781
28/04/2025 16:33:59 Epoch 50 Train Loss: 0.99228597
50,0.99228597,28/04/2025 16:34:05 Epoch 51 Validation Loss: 0.81482041
0.81482041
28/04/2025 16:34:05 Epoch 51 Train Loss: 0.94999075
51,0.94999075,28/04/2025 16:34:15 Epoch 52 Validation Loss: 0.84566736
0.84566736
28/04/2025 16:34:15 Epoch 52 Train Loss: 0.92611235
52,0.92611235,28/04/2025 16:34:25 Epoch 53 Validation Loss: 0.79466605
0.79466605
28/04/2025 16:34:25 Epoch 53 Train Loss: 0.93863910
53,0.93863910,28/04/2025 16:34:33 Epoch 54 Validation Loss: 0.83040333
0.83040333
28/04/2025 16:34:33 Epoch 54 Train Loss: 0.93392503
54,0.93392503,28/04/2025 16:34:38 Epoch 55 Validation Loss: 0.79115319
0.79115319
28/04/2025 16:34:38 Epoch 55 Train Loss: 0.92721099
55,0.92721099,28/04/2025 16:34:45 Epoch 56 Validation Loss: 0.91975749
0.91975749
28/04/2025 16:34:45 Epoch 56 Train Loss: 0.90604037
56,0.90604037,28/04/2025 16:34:55 Epoch 57 Validation Loss: 1.08292222
1.08292222
28/04/2025 16:34:55 Epoch 57 Train Loss: 0.96693558
57,0.96693558,28/04/2025 16:35:04 Epoch 58 Validation Loss: 0.94169867
0.94169867
28/04/2025 16:35:04 Epoch 58 Train Loss: 1.09797859
58,1.09797859,28/04/2025 16:35:08 Epoch 59 Validation Loss: 0.78148997
0.78148997
28/04/2025 16:35:08 Epoch 59 Train Loss: 0.95287728
59,0.95287728,28/04/2025 16:35:16 Epoch 60 Validation Loss: 1.14748847
1.14748847
28/04/2025 16:35:16 Epoch 60 Train Loss: 0.90828806
60,0.90828806,28/04/2025 16:35:26 Epoch 61 Validation Loss: 0.78580201
0.78580201
28/04/2025 16:35:26 Epoch 61 Train Loss: 1.06814063
61,1.06814063,28/04/2025 16:35:34 Epoch 62 Validation Loss: 0.79966390
0.79966390
28/04/2025 16:35:34 Epoch 62 Train Loss: 0.98297703
62,0.98297703,28/04/2025 16:35:39 Epoch 63 Validation Loss: 0.77838647
0.77838647
28/04/2025 16:35:39 Epoch 63 Train Loss: 0.93010104
63,0.93010104,28/04/2025 16:35:47 Epoch 64 Validation Loss: 0.78092939
0.78092939
28/04/2025 16:35:47 Epoch 64 Train Loss: 0.92799634
64,0.92799634,28/04/2025 16:35:57 Epoch 65 Validation Loss: 0.77667946
0.77667946
28/04/2025 16:35:57 Epoch 65 Train Loss: 0.92220247
65,0.92220247,28/04/2025 16:36:05 Epoch 66 Validation Loss: 0.92635602
0.92635602
28/04/2025 16:36:05 Epoch 66 Train Loss: 0.92077410
66,0.92077410,28/04/2025 16:36:09 Epoch 67 Validation Loss: 0.77692872
0.77692872
28/04/2025 16:36:09 Epoch 67 Train Loss: 1.06782556
67,1.06782556,28/04/2025 16:36:19 Epoch 68 Validation Loss: 1.06388450
1.06388450
28/04/2025 16:36:19 Epoch 68 Train Loss: 0.94645566
68,0.94645566,28/04/2025 16:36:28 Epoch 69 Validation Loss: 0.79811311
0.79811311
28/04/2025 16:36:28 Epoch 69 Train Loss: 0.98320907
69,0.98320907,28/04/2025 16:36:38 Epoch 70 Validation Loss: 0.81290376
0.81290376
28/04/2025 16:36:38 Epoch 70 Train Loss: 0.90725785
70,0.90725785,28/04/2025 16:36:47 Epoch 71 Validation Loss: 0.78241020
0.78241020
28/04/2025 16:36:47 Epoch 71 Train Loss: 0.90900022
71,0.90900022,28/04/2025 16:36:57 Epoch 72 Validation Loss: 0.81776351
0.81776351
28/04/2025 16:36:57 Epoch 72 Train Loss: 0.91877705
72,0.91877705,28/04/2025 16:37:05 Epoch 73 Validation Loss: 0.81138843
0.81138843
28/04/2025 16:37:05 Epoch 73 Train Loss: 0.92467576
73,0.92467576,28/04/2025 16:37:09 Epoch 74 Validation Loss: 0.81373918
0.81373918
28/04/2025 16:37:09 Epoch 74 Train Loss: 0.92929840
74,0.92929840,28/04/2025 16:37:19 Epoch 75 Validation Loss: 0.82004458
0.82004458
28/04/2025 16:37:19 Epoch 75 Train Loss: 0.89453930
75,0.89453930,28/04/2025 16:37:29 Epoch 76 Validation Loss: 0.78788382
0.78788382
28/04/2025 16:37:29 Epoch 76 Train Loss: 0.89649343
76,0.89649343,28/04/2025 16:37:36 Epoch 77 Validation Loss: 0.78434592
0.78434592
28/04/2025 16:37:36 Epoch 77 Train Loss: 0.94982171
77,0.94982171,28/04/2025 16:37:41 Epoch 78 Validation Loss: 0.76899284
0.76899284
28/04/2025 16:37:41 Epoch 78 Train Loss: 0.89541870
78,0.89541870,28/04/2025 16:37:51 Epoch 79 Validation Loss: 0.77460903
0.77460903
28/04/2025 16:37:51 Epoch 79 Train Loss: 0.90601683
79,0.90601683,28/04/2025 16:38:01 Epoch 80 Validation Loss: 1.02477133
1.02477133
28/04/2025 16:38:01 Epoch 80 Train Loss: 0.89011019
80,0.89011019,28/04/2025 16:38:07 Epoch 81 Validation Loss: 0.76951730
0.76951730
28/04/2025 16:38:07 Epoch 81 Train Loss: 0.95317888
81,0.95317888,28/04/2025 16:38:14 Epoch 82 Validation Loss: 0.79149467
0.79149467
28/04/2025 16:38:14 Epoch 82 Train Loss: 1.00012088
82,1.00012088,28/04/2025 16:38:24 Epoch 83 Validation Loss: 1.37798214
1.37798214
28/04/2025 16:38:24 Epoch 83 Train Loss: 0.94564754
83,0.94564754,28/04/2025 16:38:34 Epoch 84 Validation Loss: 1.11443686
1.11443686
28/04/2025 16:38:34 Epoch 84 Train Loss: 1.13162780
84,1.13162780,28/04/2025 16:38:38 Epoch 85 Validation Loss: 0.85394818
0.85394818
28/04/2025 16:38:38 Epoch 85 Train Loss: 1.00810659
85,1.00810659,28/04/2025 16:38:47 Epoch 86 Validation Loss: 0.79514730
0.79514730
28/04/2025 16:38:47 Epoch 86 Train Loss: 0.95815694
86,0.95815694,28/04/2025 16:38:56 Epoch 87 Validation Loss: 0.79445797
0.79445797
28/04/2025 16:38:56 Epoch 87 Train Loss: 0.97646558
87,0.97646558,28/04/2025 16:39:05 Epoch 88 Validation Loss: 0.89065212
0.89065212
28/04/2025 16:39:05 Epoch 88 Train Loss: 1.01062787
88,1.01062787,28/04/2025 16:39:15 Epoch 89 Validation Loss: 0.86526549
0.86526549
28/04/2025 16:39:15 Epoch 89 Train Loss: 1.06752098
89,1.06752098,28/04/2025 16:39:25 Epoch 90 Validation Loss: 0.79212463
0.79212463
28/04/2025 16:39:25 Epoch 90 Train Loss: 0.95780134
90,0.95780134,28/04/2025 16:39:34 Epoch 91 Validation Loss: 0.77786630
0.77786630
28/04/2025 16:39:34 Epoch 91 Train Loss: 0.92545635
91,0.92545635,28/04/2025 16:39:39 Epoch 92 Validation Loss: 0.77289242
0.77289242
28/04/2025 16:39:39 Epoch 92 Train Loss: 0.91502464
92,0.91502464,28/04/2025 16:39:48 Epoch 93 Validation Loss: 0.80520272
0.80520272
28/04/2025 16:39:48 Epoch 93 Train Loss: 0.90286529
93,0.90286529,28/04/2025 16:39:58 Epoch 94 Validation Loss: 0.83355844
0.83355844
28/04/2025 16:39:58 Epoch 94 Train Loss: 0.89843309
94,0.89843309,28/04/2025 16:40:06 Epoch 95 Validation Loss: 0.91278243
0.91278243
28/04/2025 16:40:06 Epoch 95 Train Loss: 0.91080379
95,0.91080379,28/04/2025 16:40:12 Epoch 96 Validation Loss: 0.78118801
0.78118801
28/04/2025 16:40:12 Epoch 96 Train Loss: 0.93065065
96,0.93065065,28/04/2025 16:40:22 Epoch 97 Validation Loss: 0.79070026
0.79070026
28/04/2025 16:40:22 Epoch 97 Train Loss: 0.91478032
97,0.91478032,28/04/2025 16:40:32 Epoch 98 Validation Loss: 0.77956903
0.77956903
28/04/2025 16:40:32 Epoch 98 Train Loss: 0.89036930
98,0.89036930,28/04/2025 16:40:38 Epoch 99 Validation Loss: 0.78637010
0.78637010
28/04/2025 16:40:38 Epoch 99 Train Loss: 0.88097191
99,0.88097191,28/04/2025 16:40:46 Epoch 100 Validation Loss: 0.77037102
0.77037102
28/04/2025 16:40:46 Epoch 100 Train Loss: 0.91015142
100,0.91015142,28/04/2025 16:40:56 Epoch 101 Validation Loss: 0.76989025
0.76989025
28/04/2025 16:40:56 Epoch 101 Train Loss: 0.89895481
101,0.89895481,28/04/2025 16:41:05 Epoch 102 Validation Loss: 0.86869270
0.86869270
28/04/2025 16:41:05 Epoch 102 Train Loss: 0.91054475
102,0.91054475,28/04/2025 16:41:10 Epoch 103 Validation Loss: 0.80613440
0.80613440
28/04/2025 16:41:10 Epoch 103 Train Loss: 0.91069597
103,0.91069597,28/04/2025 16:41:20 Epoch 104 Validation Loss: 0.76990801
0.76990801
28/04/2025 16:41:20 Epoch 104 Train Loss: 0.89771610
104,0.89771610,28/04/2025 16:41:30 Epoch 105 Validation Loss: 0.79202610
0.79202610
28/04/2025 16:41:30 Epoch 105 Train Loss: 0.89006519
105,0.89006519,28/04/2025 16:41:37 Epoch 106 Validation Loss: 0.92870367
0.92870367
28/04/2025 16:41:37 Epoch 106 Train Loss: 0.88397020
106,0.88397020,28/04/2025 16:41:45 Epoch 107 Validation Loss: 0.79511982
0.79511982
28/04/2025 16:41:45 Epoch 107 Train Loss: 0.92904466
107,0.92904466,28/04/2025 16:41:55 Epoch 108 Validation Loss: 0.80902749
0.80902749
28/04/2025 16:41:55 Epoch 108 Train Loss: 0.88312727
108,0.88312727,28/04/2025 16:42:05 Epoch 109 Validation Loss: 0.84447664
0.84447664
28/04/2025 16:42:05 Epoch 109 Train Loss: 0.93290889
109,0.93290889,28/04/2025 16:42:12 Epoch 110 Validation Loss: 0.77574080
0.77574080
28/04/2025 16:42:12 Epoch 110 Train Loss: 0.96724993
110,0.96724993,28/04/2025 16:42:22 Epoch 111 Validation Loss: 0.79588914
0.79588914
28/04/2025 16:42:22 Epoch 111 Train Loss: 0.92445725
111,0.92445725,28/04/2025 16:42:32 Epoch 112 Validation Loss: 0.77228671
0.77228671
28/04/2025 16:42:32 Epoch 112 Train Loss: 0.89814818
112,0.89814818,28/04/2025 16:42:42 Epoch 113 Validation Loss: 0.79371572
0.79371572
28/04/2025 16:42:42 Epoch 113 Train Loss: 0.89801764
113,0.89801764,28/04/2025 16:42:52 Epoch 114 Validation Loss: 0.78719753
0.78719753
28/04/2025 16:42:52 Epoch 114 Train Loss: 0.88774300
114,0.88774300,28/04/2025 16:43:03 Epoch 115 Validation Loss: 0.86364877
0.86364877
28/04/2025 16:43:03 Epoch 115 Train Loss: 0.91347605
115,0.91347605,28/04/2025 16:43:12 Epoch 116 Validation Loss: 0.77195209
0.77195209
28/04/2025 16:43:12 Epoch 116 Train Loss: 0.95529443
116,0.95529443,28/04/2025 16:43:22 Epoch 117 Validation Loss: 0.81927794
0.81927794
28/04/2025 16:43:22 Epoch 117 Train Loss: 0.93116117
117,0.93116117,28/04/2025 16:43:32 Epoch 118 Validation Loss: 0.87997651
0.87997651
28/04/2025 16:43:32 Epoch 118 Train Loss: 0.90837860
118,0.90837860,28/04/2025 16:43:39 Epoch 119 Validation Loss: 0.81534064
0.81534064
28/04/2025 16:43:39 Epoch 119 Train Loss: 0.90770435
119,0.90770435,28/04/2025 16:43:48 Epoch 120 Validation Loss: 0.79867989
0.79867989
28/04/2025 16:43:48 Epoch 120 Train Loss: 0.88493681
120,0.88493681,28/04/2025 16:43:59 Epoch 121 Validation Loss: 0.77413863
0.77413863
28/04/2025 16:43:59 Epoch 121 Train Loss: 0.95012695
121,0.95012695,28/04/2025 16:44:07 Epoch 122 Validation Loss: 0.80832523
0.80832523
28/04/2025 16:44:07 Epoch 122 Train Loss: 0.90407372
122,0.90407372,28/04/2025 16:44:15 Epoch 123 Validation Loss: 0.79507047
0.79507047
28/04/2025 16:44:15 Epoch 123 Train Loss: 0.88993382
123,0.88993382,28/04/2025 16:44:25 Epoch 124 Validation Loss: 1.03297234
1.03297234
28/04/2025 16:44:25 Epoch 124 Train Loss: 0.88087350
124,0.88087350,28/04/2025 16:44:35 Epoch 125 Validation Loss: 0.87601292
0.87601292
28/04/2025 16:44:35 Epoch 125 Train Loss: 0.94545847
125,0.94545847,28/04/2025 16:44:41 Epoch 126 Validation Loss: 0.96218497
0.96218497
28/04/2025 16:44:41 Epoch 126 Train Loss: 0.89728695
126,0.89728695,28/04/2025 16:44:53 Epoch 127 Validation Loss: 0.80296594
0.80296594
28/04/2025 16:44:53 Epoch 127 Train Loss: 0.93331957
127,0.93331957,28/04/2025 16:45:03 Epoch 128 Validation Loss: 0.78471678
0.78471678
28/04/2025 16:45:03 Epoch 128 Train Loss: 0.92794329
128,0.92794329,28/04/2025 16:45:10 Epoch 129 Validation Loss: 0.83628225
0.83628225
28/04/2025 16:45:10 Epoch 129 Train Loss: 0.93367577
129,0.93367577,28/04/2025 16:45:20 Epoch 130 Validation Loss: 0.77610141
0.77610141
28/04/2025 16:45:20 Epoch 130 Train Loss: 1.08129835
130,1.08129835,28/04/2025 16:45:30 Epoch 131 Validation Loss: 0.78281844
0.78281844
28/04/2025 16:45:30 Epoch 131 Train Loss: 0.95257086
131,0.95257086,28/04/2025 16:45:39 Epoch 132 Validation Loss: 0.77149785
0.77149785
28/04/2025 16:45:39 Epoch 132 Train Loss: 0.88883269
132,0.88883269,28/04/2025 16:45:47 Epoch 133 Validation Loss: 0.83335513
0.83335513
28/04/2025 16:45:47 Epoch 133 Train Loss: 0.89614356
133,0.89614356,28/04/2025 16:45:58 Epoch 134 Validation Loss: 0.82929558
0.82929558
28/04/2025 16:45:58 Epoch 134 Train Loss: 0.91140532
134,0.91140532,28/04/2025 16:46:08 Epoch 135 Validation Loss: 0.81041169
0.81041169
28/04/2025 16:46:08 Epoch 135 Train Loss: 0.88612062
135,0.88612062,28/04/2025 16:46:15 Epoch 136 Validation Loss: 0.90229088
0.90229088
28/04/2025 16:46:15 Epoch 136 Train Loss: 0.88517624
136,0.88517624,28/04/2025 16:46:25 Epoch 137 Validation Loss: 0.79396361
0.79396361
28/04/2025 16:46:25 Epoch 137 Train Loss: 0.91936249
137,0.91936249,28/04/2025 16:46:36 Epoch 138 Validation Loss: 0.77928966
0.77928966
28/04/2025 16:46:36 Epoch 138 Train Loss: 0.88471824
138,0.88471824,28/04/2025 16:46:46 Epoch 139 Validation Loss: 0.77880353
0.77880353
28/04/2025 16:46:46 Epoch 139 Train Loss: 0.89787662
139,0.89787662,28/04/2025 16:46:53 Epoch 140 Validation Loss: 0.79943061
0.79943061
28/04/2025 16:46:53 Epoch 140 Train Loss: 0.94688785
140,0.94688785,28/04/2025 16:46:58 Epoch 141 Validation Loss: 0.76628733
0.76628733
28/04/2025 16:46:58 Epoch 141 Train Loss: 0.92692155
141,0.92692155,28/04/2025 16:47:04 Epoch 142 Validation Loss: 0.78825819
0.78825819
28/04/2025 16:47:04 Epoch 142 Train Loss: 0.88581127
142,0.88581127,28/04/2025 16:47:08 Epoch 143 Validation Loss: 0.87818104
0.87818104
28/04/2025 16:47:08 Epoch 143 Train Loss: 0.89472675
143,0.89472675,28/04/2025 16:47:17 Epoch 144 Validation Loss: 0.82740790
0.82740790
28/04/2025 16:47:17 Epoch 144 Train Loss: 0.91107649
144,0.91107649,28/04/2025 16:47:27 Epoch 145 Validation Loss: 0.76730722
0.76730722
28/04/2025 16:47:27 Epoch 145 Train Loss: 0.89016497
145,0.89016497,28/04/2025 16:47:44 Epoch 146 Validation Loss: 0.77940327
0.77940327
28/04/2025 16:47:44 Epoch 146 Train Loss: 0.93972540
146,0.93972540,28/04/2025 16:47:55 Epoch 147 Validation Loss: 0.79440874
0.79440874
28/04/2025 16:47:55 Epoch 147 Train Loss: 0.89384717
147,0.89384717,28/04/2025 16:48:05 Epoch 148 Validation Loss: 0.82085806
0.82085806
28/04/2025 16:48:05 Epoch 148 Train Loss: 0.88416332
148,0.88416332,28/04/2025 16:48:13 Epoch 149 Validation Loss: 0.79164392
0.79164392
28/04/2025 16:48:13 Epoch 149 Train Loss: 0.88389719
149,0.88389719,28/04/2025 16:48:23 Epoch 150 Validation Loss: 0.88775712
0.88775712
28/04/2025 16:48:23 Epoch 150 Train Loss: 0.88244516
150,0.88244516,28/04/2025 16:48:33 Epoch 151 Validation Loss: 1.06130958
1.06130958
28/04/2025 16:48:33 Epoch 151 Train Loss: 0.89841521
151,0.89841521,28/04/2025 16:48:42 Epoch 152 Validation Loss: 0.88956255
0.88956255
28/04/2025 16:48:42 Epoch 152 Train Loss: 0.97020698
152,0.97020698,28/04/2025 16:48:52 Epoch 153 Validation Loss: 0.76342750
0.76342750
28/04/2025 16:48:52 Epoch 153 Train Loss: 0.89808357
153,0.89808357,28/04/2025 16:49:03 Epoch 154 Validation Loss: 0.76310790
0.76310790
28/04/2025 16:49:03 Epoch 154 Train Loss: 0.88504350
154,0.88504350,28/04/2025 16:49:13 Epoch 155 Validation Loss: 0.78511125
0.78511125
28/04/2025 16:49:13 Epoch 155 Train Loss: 0.87842673
155,0.87842673,28/04/2025 16:49:22 Epoch 156 Validation Loss: 0.76578432
0.76578432
28/04/2025 16:49:22 Epoch 156 Train Loss: 0.88101637
156,0.88101637,28/04/2025 16:49:28 Epoch 157 Validation Loss: 0.78104347
0.78104347
28/04/2025 16:49:28 Epoch 157 Train Loss: 0.88062936
157,0.88062936,28/04/2025 16:49:33 Epoch 158 Validation Loss: 0.76226318
0.76226318
28/04/2025 16:49:33 Epoch 158 Train Loss: 0.93121845
158,0.93121845,28/04/2025 16:49:39 Epoch 159 Validation Loss: 0.77637208
0.77637208
28/04/2025 16:49:39 Epoch 159 Train Loss: 0.89397413
159,0.89397413,28/04/2025 16:49:48 Epoch 160 Validation Loss: 0.76775831
0.76775831
28/04/2025 16:49:48 Epoch 160 Train Loss: 0.90339768
160,0.90339768,28/04/2025 16:49:58 Epoch 161 Validation Loss: 0.76735574
0.76735574
28/04/2025 16:49:58 Epoch 161 Train Loss: 0.88785702
161,0.88785702,28/04/2025 16:50:08 Epoch 162 Validation Loss: 0.79179114
0.79179114
28/04/2025 16:50:08 Epoch 162 Train Loss: 0.88534051
162,0.88534051,28/04/2025 16:50:18 Epoch 163 Validation Loss: 0.76468408
0.76468408
28/04/2025 16:50:18 Epoch 163 Train Loss: 0.91488796
163,0.91488796,28/04/2025 16:50:30 Epoch 164 Validation Loss: 0.78044730
0.78044730
28/04/2025 16:50:30 Epoch 164 Train Loss: 0.87935638
164,0.87935638,28/04/2025 16:50:40 Epoch 165 Validation Loss: 0.90637767
0.90637767
28/04/2025 16:50:40 Epoch 165 Train Loss: 0.87480819
165,0.87480819,28/04/2025 16:50:50 Epoch 166 Validation Loss: 0.79488415
0.79488415
28/04/2025 16:50:50 Epoch 166 Train Loss: 0.91233885
166,0.91233885,28/04/2025 16:51:00 Epoch 167 Validation Loss: 0.79871601
0.79871601
28/04/2025 16:51:01 Epoch 167 Train Loss: 0.89742267
167,0.89742267,28/04/2025 16:51:11 Epoch 168 Validation Loss: 0.82583547
0.82583547
28/04/2025 16:51:11 Epoch 168 Train Loss: 0.90873188
168,0.90873188,28/04/2025 16:51:21 Epoch 169 Validation Loss: 0.99649340
0.99649340
28/04/2025 16:51:21 Epoch 169 Train Loss: 0.89806378
169,0.89806378,28/04/2025 16:51:28 Epoch 170 Validation Loss: 0.79153204
0.79153204
28/04/2025 16:51:28 Epoch 170 Train Loss: 0.93712223
170,0.93712223,28/04/2025 16:51:33 Epoch 171 Validation Loss: 0.83564305
0.83564305
28/04/2025 16:51:33 Epoch 171 Train Loss: 0.88648361
171,0.88648361,28/04/2025 16:51:39 Epoch 172 Validation Loss: 0.79966050
0.79966050
28/04/2025 16:51:39 Epoch 172 Train Loss: 0.90848786
172,0.90848786,28/04/2025 16:51:48 Epoch 173 Validation Loss: 0.78955859
0.78955859
28/04/2025 16:51:48 Epoch 173 Train Loss: 0.90095216
173,0.90095216,28/04/2025 16:51:59 Epoch 174 Validation Loss: 0.93363649
0.93363649
28/04/2025 16:51:59 Epoch 174 Train Loss: 0.90808159
174,0.90808159,28/04/2025 16:52:09 Epoch 175 Validation Loss: 0.88165188
0.88165188
28/04/2025 16:52:09 Epoch 175 Train Loss: 0.91535568
175,0.91535568,28/04/2025 16:52:19 Epoch 176 Validation Loss: 0.76194757
0.76194757
28/04/2025 16:52:19 Epoch 176 Train Loss: 0.88932925
176,0.88932925,28/04/2025 16:52:25 Epoch 177 Validation Loss: 0.76374358
0.76374358
28/04/2025 16:52:25 Epoch 177 Train Loss: 0.88542718
177,0.88542718,28/04/2025 16:52:30 Epoch 178 Validation Loss: 0.88057542
0.88057542
28/04/2025 16:52:30 Epoch 178 Train Loss: 0.87805843
178,0.87805843,28/04/2025 16:52:35 Epoch 179 Validation Loss: 0.90926635
0.90926635
28/04/2025 16:52:35 Epoch 179 Train Loss: 0.90676510
179,0.90676510,28/04/2025 16:52:41 Epoch 180 Validation Loss: 0.76338392
0.76338392
28/04/2025 16:52:41 Epoch 180 Train Loss: 0.95460272
180,0.95460272,28/04/2025 16:52:52 Epoch 181 Validation Loss: 0.76570535
0.76570535
28/04/2025 16:52:52 Epoch 181 Train Loss: 0.89520335
181,0.89520335,28/04/2025 16:53:03 Epoch 182 Validation Loss: 0.76987100
0.76987100
28/04/2025 16:53:03 Epoch 182 Train Loss: 0.89392573
182,0.89392573,28/04/2025 16:53:19 Epoch 183 Validation Loss: 0.83000451
0.83000451
28/04/2025 16:53:19 Epoch 183 Train Loss: 0.90995258
183,0.90995258,28/04/2025 16:53:29 Epoch 184 Validation Loss: 0.76761395
0.76761395
28/04/2025 16:53:29 Epoch 184 Train Loss: 0.94953984
184,0.94953984,28/04/2025 16:53:34 Epoch 185 Validation Loss: 0.76690859
0.76690859
28/04/2025 16:53:34 Epoch 185 Train Loss: 0.88806832
185,0.88806832,28/04/2025 16:53:38 Epoch 186 Validation Loss: 0.75975895
0.75975895
28/04/2025 16:53:38 Epoch 186 Train Loss: 0.90295523
186,0.90295523,28/04/2025 16:53:47 Epoch 187 Validation Loss: 0.75928819
0.75928819
28/04/2025 16:53:47 Epoch 187 Train Loss: 0.88707298
187,0.88707298,28/04/2025 16:53:57 Epoch 188 Validation Loss: 0.83697343
0.83697343
28/04/2025 16:53:57 Epoch 188 Train Loss: 0.89817172
188,0.89817172,28/04/2025 16:54:08 Epoch 189 Validation Loss: 0.80460668
0.80460668
28/04/2025 16:54:08 Epoch 189 Train Loss: 0.95126653
189,0.95126653,28/04/2025 16:54:18 Epoch 190 Validation Loss: 0.79816496
0.79816496
28/04/2025 16:54:18 Epoch 190 Train Loss: 0.93895853
190,0.93895853,28/04/2025 16:54:26 Epoch 191 Validation Loss: 0.77313054
0.77313054
28/04/2025 16:54:26 Epoch 191 Train Loss: 0.88516945
191,0.88516945,28/04/2025 16:54:31 Epoch 192 Validation Loss: 0.76147467
0.76147467
28/04/2025 16:54:31 Epoch 192 Train Loss: 0.87447095
192,0.87447095,28/04/2025 16:54:35 Epoch 193 Validation Loss: 0.79304904
0.79304904
28/04/2025 16:54:35 Epoch 193 Train Loss: 0.87793040
193,0.87793040,28/04/2025 16:54:40 Epoch 194 Validation Loss: 0.76166248
0.76166248
28/04/2025 16:54:40 Epoch 194 Train Loss: 0.92057055
194,0.92057055,28/04/2025 16:54:50 Epoch 195 Validation Loss: 0.82583129
0.82583129
28/04/2025 16:54:50 Epoch 195 Train Loss: 0.91497588
195,0.91497588,28/04/2025 16:55:01 Epoch 196 Validation Loss: 0.94567496
0.94567496
28/04/2025 16:55:01 Epoch 196 Train Loss: 0.89173138
196,0.89173138,28/04/2025 16:55:11 Epoch 197 Validation Loss: 0.80843413
0.80843413
28/04/2025 16:55:11 Epoch 197 Train Loss: 0.92141509
197,0.92141509,28/04/2025 16:55:21 Epoch 198 Validation Loss: 0.87774587
0.87774587
28/04/2025 16:55:21 Epoch 198 Train Loss: 0.89821833
198,0.89821833,28/04/2025 16:55:28 Epoch 199 Validation Loss: 0.77558059
0.77558059
28/04/2025 16:55:28 Epoch 199 Train Loss: 0.94711202
199,0.94711202,28/04/2025 16:55:33 Epoch 200 Validation Loss: 0.75898749
0.75898749
28/04/2025 16:55:33 Epoch 200 Train Loss: 0.89755875
200,0.89755875,28/04/2025 16:55:38 Epoch 201 Validation Loss: 0.75922811
0.75922811
28/04/2025 16:55:38 Epoch 201 Train Loss: 0.87739116
201,0.87739116,28/04/2025 16:55:46 Epoch 202 Validation Loss: 0.78969705
0.78969705
28/04/2025 16:55:46 Epoch 202 Train Loss: 0.89554709
202,0.89554709,28/04/2025 16:55:57 Epoch 203 Validation Loss: 0.82972360
0.82972360
28/04/2025 16:55:57 Epoch 203 Train Loss: 0.88126928
203,0.88126928,28/04/2025 16:56:07 Epoch 204 Validation Loss: 0.76337129
0.76337129
28/04/2025 16:56:07 Epoch 204 Train Loss: 0.88993734
204,0.88993734,28/04/2025 16:56:18 Epoch 205 Validation Loss: 0.76488036
0.76488036
28/04/2025 16:56:18 Epoch 205 Train Loss: 0.90363175
205,0.90363175,28/04/2025 16:56:28 Epoch 206 Validation Loss: 0.79337859
0.79337859
28/04/2025 16:56:28 Epoch 206 Train Loss: 0.86849296
206,0.86849296,28/04/2025 16:56:32 Epoch 207 Validation Loss: 0.80862677
0.80862677
28/04/2025 16:56:32 Epoch 207 Train Loss: 0.87179816
207,0.87179816,28/04/2025 16:56:37 Epoch 208 Validation Loss: 0.86333060
0.86333060
28/04/2025 16:56:37 Epoch 208 Train Loss: 0.88666415
208,0.88666415,28/04/2025 16:56:44 Epoch 209 Validation Loss: 0.86555648
0.86555648
28/04/2025 16:56:44 Epoch 209 Train Loss: 0.90074104
209,0.90074104,28/04/2025 16:56:55 Epoch 210 Validation Loss: 0.95410824
0.95410824
28/04/2025 16:56:55 Epoch 210 Train Loss: 0.90389675
210,0.90389675,28/04/2025 16:57:05 Epoch 211 Validation Loss: 0.77238303
0.77238303
28/04/2025 16:57:05 Epoch 211 Train Loss: 0.99217314
211,0.99217314,28/04/2025 16:57:16 Epoch 212 Validation Loss: 0.77347523
0.77347523
28/04/2025 16:57:16 Epoch 212 Train Loss: 0.90923607
212,0.90923607,28/04/2025 16:57:26 Epoch 213 Validation Loss: 0.81965351
0.81965351
28/04/2025 16:57:26 Epoch 213 Train Loss: 0.89380771
213,0.89380771,28/04/2025 16:57:32 Epoch 214 Validation Loss: 0.77288514
0.77288514
28/04/2025 16:57:32 Epoch 214 Train Loss: 0.89936602
214,0.89936602,28/04/2025 16:57:37 Epoch 215 Validation Loss: 0.77584815
0.77584815
28/04/2025 16:57:37 Epoch 215 Train Loss: 0.88164496
215,0.88164496,28/04/2025 16:57:43 Epoch 216 Validation Loss: 0.81638759
0.81638759
28/04/2025 16:57:43 Epoch 216 Train Loss: 0.87459302
216,0.87459302,28/04/2025 16:57:53 Epoch 217 Validation Loss: 0.92134136
0.92134136
28/04/2025 16:57:53 Epoch 217 Train Loss: 0.90706438
217,0.90706438,28/04/2025 16:58:04 Epoch 218 Validation Loss: 0.78385985
0.78385985
28/04/2025 16:58:04 Epoch 218 Train Loss: 0.96880615
218,0.96880615,28/04/2025 16:58:15 Epoch 219 Validation Loss: 0.76969290
0.76969290
28/04/2025 16:58:15 Epoch 219 Train Loss: 0.92877513
219,0.92877513,28/04/2025 16:58:25 Epoch 220 Validation Loss: 0.75972605
0.75972605
28/04/2025 16:58:25 Epoch 220 Train Loss: 0.89664263
220,0.89664263,28/04/2025 16:58:35 Epoch 221 Validation Loss: 0.76054597
0.76054597
28/04/2025 16:58:35 Epoch 221 Train Loss: 0.86607379
221,0.86607379,28/04/2025 16:58:40 Epoch 222 Validation Loss: 0.85158592
0.85158592
28/04/2025 16:58:40 Epoch 222 Train Loss: 0.87074167
222,0.87074167,28/04/2025 16:58:50 Epoch 223 Validation Loss: 0.83192158
0.83192158
28/04/2025 16:58:50 Epoch 223 Train Loss: 0.89055562
223,0.89055562,28/04/2025 16:59:01 Epoch 224 Validation Loss: 0.75870347
0.75870347
28/04/2025 16:59:01 Epoch 224 Train Loss: 0.87504119
224,0.87504119,28/04/2025 16:59:11 Epoch 225 Validation Loss: 0.75983196
0.75983196
28/04/2025 16:59:11 Epoch 225 Train Loss: 0.87191403
225,0.87191403,28/04/2025 16:59:18 Epoch 226 Validation Loss: 0.75924450
0.75924450
28/04/2025 16:59:18 Epoch 226 Train Loss: 0.87074703
226,0.87074703,28/04/2025 16:59:23 Epoch 227 Validation Loss: 0.78193319
0.78193319
28/04/2025 16:59:23 Epoch 227 Train Loss: 0.87678266
227,0.87678266,28/04/2025 16:59:27 Epoch 228 Validation Loss: 0.75565678
0.75565678
28/04/2025 16:59:27 Epoch 228 Train Loss: 0.86775351
228,0.86775351,28/04/2025 16:59:32 Epoch 229 Validation Loss: 0.80754948
0.80754948
28/04/2025 16:59:32 Epoch 229 Train Loss: 0.88672173
229,0.88672173,28/04/2025 16:59:37 Epoch 230 Validation Loss: 0.82176477
0.82176477
28/04/2025 16:59:37 Epoch 230 Train Loss: 0.87559468
230,0.87559468,28/04/2025 16:59:43 Epoch 231 Validation Loss: 0.79476714
0.79476714
28/04/2025 16:59:43 Epoch 231 Train Loss: 0.88160002
231,0.88160002,28/04/2025 16:59:53 Epoch 232 Validation Loss: 0.77221429
0.77221429
28/04/2025 16:59:53 Epoch 232 Train Loss: 0.87284154
232,0.87284154,28/04/2025 17:00:04 Epoch 233 Validation Loss: 0.77769095
0.77769095
28/04/2025 17:00:04 Epoch 233 Train Loss: 0.86925757
233,0.86925757,28/04/2025 17:00:15 Epoch 234 Validation Loss: 0.77877557
0.77877557
28/04/2025 17:00:15 Epoch 234 Train Loss: 0.89105558
234,0.89105558,28/04/2025 17:00:22 Epoch 235 Validation Loss: 0.75956786
0.75956786
28/04/2025 17:00:22 Epoch 235 Train Loss: 0.90409523
235,0.90409523,28/04/2025 17:00:28 Epoch 236 Validation Loss: 0.79449499
0.79449499
28/04/2025 17:00:28 Epoch 236 Train Loss: 0.89003885
236,0.89003885,28/04/2025 17:00:33 Epoch 237 Validation Loss: 0.76611751
0.76611751
28/04/2025 17:00:33 Epoch 237 Train Loss: 0.92889863
237,0.92889863,28/04/2025 17:00:39 Epoch 238 Validation Loss: 0.76218903
0.76218903
28/04/2025 17:00:39 Epoch 238 Train Loss: 0.90178049
238,0.90178049,28/04/2025 17:00:48 Epoch 239 Validation Loss: 0.79579723
0.79579723
28/04/2025 17:00:48 Epoch 239 Train Loss: 0.90532112
239,0.90532112,28/04/2025 17:00:59 Epoch 240 Validation Loss: 0.75411880
0.75411880
28/04/2025 17:00:59 Epoch 240 Train Loss: 0.93569285
240,0.93569285,28/04/2025 17:01:09 Epoch 241 Validation Loss: 0.83301580
0.83301580
28/04/2025 17:01:09 Epoch 241 Train Loss: 0.88061845
241,0.88061845,28/04/2025 17:01:17 Epoch 242 Validation Loss: 0.81615853
0.81615853
28/04/2025 17:01:18 Epoch 242 Train Loss: 1.04784989
242,1.04784989,28/04/2025 17:01:22 Epoch 243 Validation Loss: 0.90080082
0.90080082
28/04/2025 17:01:22 Epoch 243 Train Loss: 0.95975655
243,0.95975655,28/04/2025 17:01:27 Epoch 244 Validation Loss: 0.78385562
0.78385562
28/04/2025 17:01:27 Epoch 244 Train Loss: 0.93418747
244,0.93418747,28/04/2025 17:01:32 Epoch 245 Validation Loss: 0.79207134
0.79207134
28/04/2025 17:01:32 Epoch 245 Train Loss: 0.89867824
245,0.89867824,28/04/2025 17:01:36 Epoch 246 Validation Loss: 0.75510901
0.75510901
28/04/2025 17:01:36 Epoch 246 Train Loss: 0.92013907
246,0.92013907,28/04/2025 17:01:42 Epoch 247 Validation Loss: 0.75525558
0.75525558
28/04/2025 17:01:42 Epoch 247 Train Loss: 0.87122297
247,0.87122297,28/04/2025 17:01:53 Epoch 248 Validation Loss: 0.75034291
0.75034291
28/04/2025 17:01:53 Epoch 248 Train Loss: 0.89271581
248,0.89271581,28/04/2025 17:02:03 Epoch 249 Validation Loss: 0.79084611
0.79084611
28/04/2025 17:02:03 Epoch 249 Train Loss: 0.86716813
249,0.86716813,28/04/2025 17:02:14 Epoch 250 Validation Loss: 0.80989081
0.80989081
28/04/2025 17:02:14 Epoch 250 Train Loss: 0.87278605
250,0.87278605,28/04/2025 17:02:20 Epoch 251 Validation Loss: 0.83305979
0.83305979
28/04/2025 17:02:20 Epoch 251 Train Loss: 0.87817144
251,0.87817144,28/04/2025 17:02:25 Epoch 252 Validation Loss: 0.75367886
0.75367886
28/04/2025 17:02:25 Epoch 252 Train Loss: 0.89265603
252,0.89265603,28/04/2025 17:02:29 Epoch 253 Validation Loss: 0.75421882
0.75421882
28/04/2025 17:02:29 Epoch 253 Train Loss: 0.88094360
253,0.88094360,28/04/2025 17:02:34 Epoch 254 Validation Loss: 0.75305825
0.75305825
28/04/2025 17:02:34 Epoch 254 Train Loss: 0.89084667
254,0.89084667,28/04/2025 17:02:39 Epoch 255 Validation Loss: 0.75721854
0.75721854
28/04/2025 17:02:39 Epoch 255 Train Loss: 0.87844682
255,0.87844682,28/04/2025 17:02:47 Epoch 256 Validation Loss: 0.77485579
0.77485579
28/04/2025 17:02:47 Epoch 256 Train Loss: 0.87343329
256,0.87343329,28/04/2025 17:02:58 Epoch 257 Validation Loss: 0.79562104
0.79562104
28/04/2025 17:02:58 Epoch 257 Train Loss: 0.87599951
257,0.87599951,28/04/2025 17:03:09 Epoch 258 Validation Loss: 0.76167184
0.76167184
28/04/2025 17:03:09 Epoch 258 Train Loss: 0.87246978
258,0.87246978,28/04/2025 17:03:18 Epoch 259 Validation Loss: 0.82322669
0.82322669
28/04/2025 17:03:18 Epoch 259 Train Loss: 0.86259031
259,0.86259031,28/04/2025 17:03:23 Epoch 260 Validation Loss: 0.77336663
0.77336663
28/04/2025 17:03:23 Epoch 260 Train Loss: 0.87892991
260,0.87892991,28/04/2025 17:03:27 Epoch 261 Validation Loss: 0.90156716
0.90156716
28/04/2025 17:03:27 Epoch 261 Train Loss: 0.87097043
261,0.87097043,28/04/2025 17:03:32 Epoch 262 Validation Loss: 0.75091642
0.75091642
28/04/2025 17:03:32 Epoch 262 Train Loss: 0.89209056
262,0.89209056,28/04/2025 17:03:37 Epoch 263 Validation Loss: 0.75332963
0.75332963
28/04/2025 17:03:37 Epoch 263 Train Loss: 0.87711209
263,0.87711209,28/04/2025 17:03:43 Epoch 264 Validation Loss: 0.76802140
0.76802140
28/04/2025 17:03:43 Epoch 264 Train Loss: 0.87687933
264,0.87687933,28/04/2025 17:03:53 Epoch 265 Validation Loss: 0.76396656
0.76396656
28/04/2025 17:03:53 Epoch 265 Train Loss: 0.96440178
265,0.96440178,28/04/2025 17:04:04 Epoch 266 Validation Loss: 0.78739673
0.78739673
28/04/2025 17:04:04 Epoch 266 Train Loss: 0.89284348
266,0.89284348,28/04/2025 17:04:15 Epoch 267 Validation Loss: 0.78766376
0.78766376
28/04/2025 17:04:15 Epoch 267 Train Loss: 0.97697270
267,0.97697270,28/04/2025 17:04:23 Epoch 268 Validation Loss: 0.86664748
0.86664748
28/04/2025 17:04:23 Epoch 268 Train Loss: 0.92861426
268,0.92861426,28/04/2025 17:04:28 Epoch 269 Validation Loss: 0.80625838
0.80625838
28/04/2025 17:04:28 Epoch 269 Train Loss: 0.89867413
269,0.89867413,28/04/2025 17:04:34 Epoch 270 Validation Loss: 0.78135687
0.78135687
28/04/2025 17:04:34 Epoch 270 Train Loss: 0.89444917
270,0.89444917,28/04/2025 17:04:39 Epoch 271 Validation Loss: 0.75173283
0.75173283
28/04/2025 17:04:39 Epoch 271 Train Loss: 0.89348608
271,0.89348608,28/04/2025 17:04:49 Epoch 272 Validation Loss: 0.74704760
0.74704760
28/04/2025 17:04:49 Epoch 272 Train Loss: 0.89382792
272,0.89382792,28/04/2025 17:04:59 Epoch 273 Validation Loss: 0.74719161
0.74719161
28/04/2025 17:04:59 Epoch 273 Train Loss: 0.86455494
273,0.86455494,28/04/2025 17:05:10 Epoch 274 Validation Loss: 0.74697912
0.74697912
28/04/2025 17:05:10 Epoch 274 Train Loss: 0.86634994
274,0.86634994,28/04/2025 17:05:19 Epoch 275 Validation Loss: 0.75739491
0.75739491
28/04/2025 17:05:19 Epoch 275 Train Loss: 0.87009490
275,0.87009490,28/04/2025 17:05:26 Epoch 276 Validation Loss: 0.86386567
0.86386567
28/04/2025 17:05:26 Epoch 276 Train Loss: 0.86711252
276,0.86711252,28/04/2025 17:05:31 Epoch 277 Validation Loss: 0.75090104
0.75090104
28/04/2025 17:05:31 Epoch 277 Train Loss: 0.87057668
277,0.87057668,28/04/2025 17:05:36 Epoch 278 Validation Loss: 0.74866939
0.74866939
28/04/2025 17:05:36 Epoch 278 Train Loss: 0.86788189
278,0.86788189,28/04/2025 17:05:41 Epoch 279 Validation Loss: 0.77780664
0.77780664
28/04/2025 17:05:41 Epoch 279 Train Loss: 0.87840188
279,0.87840188,28/04/2025 17:05:51 Epoch 280 Validation Loss: 0.76056927
0.76056927
28/04/2025 17:05:51 Epoch 280 Train Loss: 0.87354940
280,0.87354940,28/04/2025 17:06:02 Epoch 281 Validation Loss: 0.76969165
0.76969165
28/04/2025 17:06:02 Epoch 281 Train Loss: 0.87578785
281,0.87578785,28/04/2025 17:06:13 Epoch 282 Validation Loss: 0.79527026
0.79527026
28/04/2025 17:06:13 Epoch 282 Train Loss: 0.88260770
282,0.88260770,28/04/2025 17:06:20 Epoch 283 Validation Loss: 0.74885881
0.74885881
28/04/2025 17:06:20 Epoch 283 Train Loss: 0.89335573
283,0.89335573,28/04/2025 17:06:25 Epoch 284 Validation Loss: 0.78921431
0.78921431
28/04/2025 17:06:25 Epoch 284 Train Loss: 0.89887279
284,0.89887279,28/04/2025 17:06:29 Epoch 285 Validation Loss: 0.77782935
0.77782935
28/04/2025 17:06:29 Epoch 285 Train Loss: 0.90996850
285,0.90996850,28/04/2025 17:06:34 Epoch 286 Validation Loss: 0.87061107
0.87061107
28/04/2025 17:06:34 Epoch 286 Train Loss: 0.94235963
286,0.94235963,28/04/2025 17:06:39 Epoch 287 Validation Loss: 0.76375306
0.76375306
28/04/2025 17:06:39 Epoch 287 Train Loss: 0.90926874
287,0.90926874,28/04/2025 17:06:47 Epoch 288 Validation Loss: 0.78418803
0.78418803
28/04/2025 17:06:47 Epoch 288 Train Loss: 0.86877662
288,0.86877662,28/04/2025 17:06:58 Epoch 289 Validation Loss: 0.77539259
0.77539259
28/04/2025 17:06:58 Epoch 289 Train Loss: 0.86858231
289,0.86858231,28/04/2025 17:07:08 Epoch 290 Validation Loss: 0.78572822
0.78572822
28/04/2025 17:07:09 Epoch 290 Train Loss: 0.87991118
290,0.87991118,28/04/2025 17:07:18 Epoch 291 Validation Loss: 0.75605941
0.75605941
28/04/2025 17:07:18 Epoch 291 Train Loss: 0.89831609
291,0.89831609,28/04/2025 17:07:23 Epoch 292 Validation Loss: 0.74777144
0.74777144
28/04/2025 17:07:23 Epoch 292 Train Loss: 0.87815529
292,0.87815529,28/04/2025 17:07:28 Epoch 293 Validation Loss: 0.75131410
0.75131410
28/04/2025 17:07:28 Epoch 293 Train Loss: 0.86425006
293,0.86425006,28/04/2025 17:07:32 Epoch 294 Validation Loss: 0.75433153
0.75433153
28/04/2025 17:07:32 Epoch 294 Train Loss: 0.86846805
294,0.86846805,28/04/2025 17:07:39 Epoch 295 Validation Loss: 0.76418883
0.76418883
28/04/2025 17:07:39 Epoch 295 Train Loss: 0.85716087
295,0.85716087,28/04/2025 17:07:49 Epoch 296 Validation Loss: 0.74996585
0.74996585
28/04/2025 17:07:49 Epoch 296 Train Loss: 0.85917890
296,0.85917890,28/04/2025 17:08:00 Epoch 297 Validation Loss: 0.74653530
0.74653530
28/04/2025 17:08:00 Epoch 297 Train Loss: 0.88235664
297,0.88235664,28/04/2025 17:08:11 Epoch 298 Validation Loss: 0.74447125
0.74447125
28/04/2025 17:08:11 Epoch 298 Train Loss: 0.86227143
298,0.86227143,28/04/2025 17:08:20 Epoch 299 Validation Loss: 0.75973660
0.75973660
28/04/2025 17:08:20 Epoch 299 Train Loss: 0.86354226
299,0.86354226,28/04/2025 17:08:24 Epoch 300 Validation Loss: 0.75199711
0.75199711
28/04/2025 17:08:24 Epoch 300 Train Loss: 0.85683256
300,0.85683256,28/04/2025 17:08:29 Epoch 301 Validation Loss: 0.76500762
0.76500762
28/04/2025 17:08:29 Epoch 301 Train Loss: 0.88213700
301,0.88213700,28/04/2025 17:08:33 Epoch 302 Validation Loss: 0.80722028
0.80722028
28/04/2025 17:08:33 Epoch 302 Train Loss: 0.85602689
302,0.85602689,28/04/2025 17:08:38 Epoch 303 Validation Loss: 0.74444777
0.74444777
28/04/2025 17:08:38 Epoch 303 Train Loss: 0.88936079
303,0.88936079,28/04/2025 17:08:46 Epoch 304 Validation Loss: 0.74665737
0.74665737
28/04/2025 17:08:46 Epoch 304 Train Loss: 0.87262774
304,0.87262774,28/04/2025 17:08:57 Epoch 305 Validation Loss: 0.75630134
0.75630134
28/04/2025 17:08:57 Epoch 305 Train Loss: 0.85925800
305,0.85925800,28/04/2025 17:09:08 Epoch 306 Validation Loss: 0.78720534
0.78720534
28/04/2025 17:09:08 Epoch 306 Train Loss: 0.85304290
306,0.85304290,28/04/2025 17:09:18 Epoch 307 Validation Loss: 0.76127219
0.76127219
28/04/2025 17:09:18 Epoch 307 Train Loss: 0.85724664
307,0.85724664,28/04/2025 17:09:23 Epoch 308 Validation Loss: 0.80792564
0.80792564
28/04/2025 17:09:23 Epoch 308 Train Loss: 0.86384934
308,0.86384934,28/04/2025 17:09:28 Epoch 309 Validation Loss: 0.82245380
0.82245380
28/04/2025 17:09:28 Epoch 309 Train Loss: 0.87940496
309,0.87940496,28/04/2025 17:09:32 Epoch 310 Validation Loss: 0.80369973
0.80369973
28/04/2025 17:09:32 Epoch 310 Train Loss: 0.89629978
310,0.89629978,28/04/2025 17:09:37 Epoch 311 Validation Loss: 0.77661109
0.77661109
28/04/2025 17:09:37 Epoch 311 Train Loss: 0.91732818
311,0.91732818,28/04/2025 17:09:44 Epoch 312 Validation Loss: 0.76566279
0.76566279
28/04/2025 17:09:44 Epoch 312 Train Loss: 0.89706832
312,0.89706832,28/04/2025 17:09:54 Epoch 313 Validation Loss: 0.80861461
0.80861461
28/04/2025 17:09:54 Epoch 313 Train Loss: 0.91574174
313,0.91574174,28/04/2025 17:10:13 Epoch 314 Validation Loss: 0.75741255
0.75741255
28/04/2025 17:10:13 Epoch 314 Train Loss: 0.86530608
314,0.86530608,28/04/2025 17:10:23 Epoch 315 Validation Loss: 0.75891805
0.75891805
28/04/2025 17:10:23 Epoch 315 Train Loss: 0.86696321
315,0.86696321,28/04/2025 17:10:29 Epoch 316 Validation Loss: 0.74255782
0.74255782
28/04/2025 17:10:29 Epoch 316 Train Loss: 0.87408936
316,0.87408936,28/04/2025 17:10:34 Epoch 317 Validation Loss: 0.74267131
0.74267131
28/04/2025 17:10:34 Epoch 317 Train Loss: 0.85213721
317,0.85213721,28/04/2025 17:10:41 Epoch 318 Validation Loss: 0.74656755
0.74656755
28/04/2025 17:10:41 Epoch 318 Train Loss: 0.85434300
318,0.85434300,28/04/2025 17:10:51 Epoch 319 Validation Loss: 0.76460719
0.76460719
28/04/2025 17:10:51 Epoch 319 Train Loss: 0.87930852
319,0.87930852,28/04/2025 17:11:02 Epoch 320 Validation Loss: 0.74735826
0.74735826
28/04/2025 17:11:02 Epoch 320 Train Loss: 0.86173707
320,0.86173707,28/04/2025 17:11:12 Epoch 321 Validation Loss: 0.80464196
0.80464196
28/04/2025 17:11:12 Epoch 321 Train Loss: 0.86082071
321,0.86082071,28/04/2025 17:11:21 Epoch 322 Validation Loss: 0.75142157
0.75142157
28/04/2025 17:11:21 Epoch 322 Train Loss: 0.88872147
322,0.88872147,28/04/2025 17:11:26 Epoch 323 Validation Loss: 0.74855417
0.74855417
28/04/2025 17:11:26 Epoch 323 Train Loss: 0.86657548
323,0.86657548,28/04/2025 17:11:30 Epoch 324 Validation Loss: 0.78830814
0.78830814
28/04/2025 17:11:30 Epoch 324 Train Loss: 0.85886276
324,0.85886276,28/04/2025 17:11:35 Epoch 325 Validation Loss: 0.74331903
0.74331903
28/04/2025 17:11:35 Epoch 325 Train Loss: 0.88862908
325,0.88862908,28/04/2025 17:11:40 Epoch 326 Validation Loss: 0.74039334
0.74039334
28/04/2025 17:11:40 Epoch 326 Train Loss: 0.86459452
326,0.86459452,28/04/2025 17:11:50 Epoch 327 Validation Loss: 0.75509351
0.75509351
28/04/2025 17:11:50 Epoch 327 Train Loss: 0.85609037
327,0.85609037,28/04/2025 17:12:00 Epoch 328 Validation Loss: 0.74189514
0.74189514
28/04/2025 17:12:00 Epoch 328 Train Loss: 0.85944343
328,0.85944343,28/04/2025 17:12:11 Epoch 329 Validation Loss: 0.78976744
0.78976744
28/04/2025 17:12:11 Epoch 329 Train Loss: 0.84652960
329,0.84652960,28/04/2025 17:12:21 Epoch 330 Validation Loss: 0.75249153
0.75249153
28/04/2025 17:12:21 Epoch 330 Train Loss: 0.85774261
330,0.85774261,28/04/2025 17:12:25 Epoch 331 Validation Loss: 0.76426136
0.76426136
28/04/2025 17:12:25 Epoch 331 Train Loss: 0.85211337
331,0.85211337,28/04/2025 17:12:30 Epoch 332 Validation Loss: 0.73777378
0.73777378
28/04/2025 17:12:30 Epoch 332 Train Loss: 0.85800827
332,0.85800827,28/04/2025 17:12:35 Epoch 333 Validation Loss: 0.87680340
0.87680340
28/04/2025 17:12:35 Epoch 333 Train Loss: 0.86904806
333,0.86904806,28/04/2025 17:12:39 Epoch 334 Validation Loss: 0.88889253
0.88889253
28/04/2025 17:12:39 Epoch 334 Train Loss: 0.87776661
334,0.87776661,28/04/2025 17:12:49 Epoch 335 Validation Loss: 0.73803449
0.73803449
28/04/2025 17:12:49 Epoch 335 Train Loss: 0.88918674
335,0.88918674,28/04/2025 17:13:00 Epoch 336 Validation Loss: 0.73940140
0.73940140
28/04/2025 17:13:00 Epoch 336 Train Loss: 0.84639776
336,0.84639776,28/04/2025 17:13:11 Epoch 337 Validation Loss: 0.73516470
0.73516470
28/04/2025 17:13:11 Epoch 337 Train Loss: 0.85417497
337,0.85417497,28/04/2025 17:13:21 Epoch 338 Validation Loss: 0.73207468
0.73207468
28/04/2025 17:13:21 Epoch 338 Train Loss: 0.84082639
338,0.84082639,28/04/2025 17:13:25 Epoch 339 Validation Loss: 0.72855979
0.72855979
28/04/2025 17:13:25 Epoch 339 Train Loss: 0.85225952
339,0.85225952,28/04/2025 17:13:30 Epoch 340 Validation Loss: 0.72659838
0.72659838
28/04/2025 17:13:30 Epoch 340 Train Loss: 0.84672296
340,0.84672296,28/04/2025 17:13:35 Epoch 341 Validation Loss: 0.73126972
0.73126972
28/04/2025 17:13:35 Epoch 341 Train Loss: 0.84656149
341,0.84656149,28/04/2025 17:13:40 Epoch 342 Validation Loss: 0.88528228
0.88528228
28/04/2025 17:13:40 Epoch 342 Train Loss: 0.83778006
342,0.83778006,28/04/2025 17:13:50 Epoch 343 Validation Loss: 0.77480757
0.77480757
28/04/2025 17:13:50 Epoch 343 Train Loss: 0.97728074
343,0.97728074,28/04/2025 17:14:00 Epoch 344 Validation Loss: 0.75396311
0.75396311
28/04/2025 17:14:00 Epoch 344 Train Loss: 0.86898285
344,0.86898285,28/04/2025 17:14:11 Epoch 345 Validation Loss: 0.72366595
0.72366595
28/04/2025 17:14:11 Epoch 345 Train Loss: 0.87622410
345,0.87622410,28/04/2025 17:14:22 Epoch 346 Validation Loss: 0.74313259
0.74313259
28/04/2025 17:14:22 Epoch 346 Train Loss: 0.86864132
346,0.86864132,28/04/2025 17:14:27 Epoch 347 Validation Loss: 0.73962599
0.73962599
28/04/2025 17:14:27 Epoch 347 Train Loss: 0.85643750
347,0.85643750,28/04/2025 17:14:33 Epoch 348 Validation Loss: 0.72019911
0.72019911
28/04/2025 17:14:33 Epoch 348 Train Loss: 0.84445190
348,0.84445190,28/04/2025 17:14:38 Epoch 349 Validation Loss: 0.71586454
0.71586454
28/04/2025 17:14:38 Epoch 349 Train Loss: 0.83736962
349,0.83736962,28/04/2025 17:14:48 Epoch 350 Validation Loss: 0.72345644
0.72345644
28/04/2025 17:14:48 Epoch 350 Train Loss: 0.83994287
350,0.83994287,28/04/2025 17:14:58 Epoch 351 Validation Loss: 0.71827114
0.71827114
28/04/2025 17:14:58 Epoch 351 Train Loss: 0.83479124
351,0.83479124,28/04/2025 17:15:16 Epoch 352 Validation Loss: 0.71636564
0.71636564
28/04/2025 17:15:16 Epoch 352 Train Loss: 0.82069159
352,0.82069159,28/04/2025 17:15:25 Epoch 353 Validation Loss: 0.72008032
0.72008032
28/04/2025 17:15:25 Epoch 353 Train Loss: 0.82706493
353,0.82706493,28/04/2025 17:15:30 Epoch 354 Validation Loss: 0.75646424
0.75646424
28/04/2025 17:15:30 Epoch 354 Train Loss: 0.81845039
354,0.81845039,28/04/2025 17:15:35 Epoch 355 Validation Loss: 0.74918407
0.74918407
28/04/2025 17:15:35 Epoch 355 Train Loss: 0.81379533
355,0.81379533,28/04/2025 17:15:39 Epoch 356 Validation Loss: 0.72503340
0.72503340
28/04/2025 17:15:39 Epoch 356 Train Loss: 0.82851690
356,0.82851690,28/04/2025 17:15:49 Epoch 357 Validation Loss: 0.70963991
0.70963991
28/04/2025 17:15:49 Epoch 357 Train Loss: 0.80320555
357,0.80320555,28/04/2025 17:15:59 Epoch 358 Validation Loss: 0.86401165
0.86401165
28/04/2025 17:15:59 Epoch 358 Train Loss: 0.79883564
358,0.79883564,28/04/2025 17:16:10 Epoch 359 Validation Loss: 0.82714826
0.82714826
28/04/2025 17:16:10 Epoch 359 Train Loss: 0.84517646
359,0.84517646,28/04/2025 17:16:21 Epoch 360 Validation Loss: 0.67688769
0.67688769
28/04/2025 17:16:21 Epoch 360 Train Loss: 0.83276033
360,0.83276033,28/04/2025 17:16:26 Epoch 361 Validation Loss: 0.69308716
0.69308716
28/04/2025 17:16:26 Epoch 361 Train Loss: 0.79960465
361,0.79960465,28/04/2025 17:16:30 Epoch 362 Validation Loss: 0.66347021
0.66347021
28/04/2025 17:16:30 Epoch 362 Train Loss: 0.78869331
362,0.78869331,28/04/2025 17:16:35 Epoch 363 Validation Loss: 0.66014057
0.66014057
28/04/2025 17:16:35 Epoch 363 Train Loss: 0.78415388
363,0.78415388,28/04/2025 17:16:40 Epoch 364 Validation Loss: 0.65844786
0.65844786
28/04/2025 17:16:40 Epoch 364 Train Loss: 0.78384310
364,0.78384310,28/04/2025 17:16:50 Epoch 365 Validation Loss: 0.70460594
0.70460594
28/04/2025 17:16:50 Epoch 365 Train Loss: 0.76747781
365,0.76747781,28/04/2025 17:17:00 Epoch 366 Validation Loss: 0.66414809
0.66414809
28/04/2025 17:17:00 Epoch 366 Train Loss: 0.76951593
366,0.76951593,28/04/2025 17:17:11 Epoch 367 Validation Loss: 0.66492724
0.66492724
28/04/2025 17:17:11 Epoch 367 Train Loss: 0.76834911
367,0.76834911,28/04/2025 17:17:22 Epoch 368 Validation Loss: 0.64331460
0.64331460
28/04/2025 17:17:22 Epoch 368 Train Loss: 0.76400846
368,0.76400846,28/04/2025 17:17:28 Epoch 369 Validation Loss: 0.67432153
0.67432153
28/04/2025 17:17:28 Epoch 369 Train Loss: 0.77619630
369,0.77619630,28/04/2025 17:17:36 Epoch 370 Validation Loss: 0.64098346
0.64098346
28/04/2025 17:17:36 Epoch 370 Train Loss: 0.83594459
370,0.83594459,28/04/2025 17:17:42 Epoch 371 Validation Loss: 0.68845326
0.68845326
28/04/2025 17:17:42 Epoch 371 Train Loss: 0.76369560
371,0.76369560,28/04/2025 17:17:53 Epoch 372 Validation Loss: 0.64884073
0.64884073
28/04/2025 17:17:53 Epoch 372 Train Loss: 0.79615450
372,0.79615450,28/04/2025 17:18:04 Epoch 373 Validation Loss: 0.64922398
0.64922398
28/04/2025 17:18:04 Epoch 373 Train Loss: 0.75647086
373,0.75647086,28/04/2025 17:18:15 Epoch 374 Validation Loss: 0.63470894
0.63470894
28/04/2025 17:18:15 Epoch 374 Train Loss: 0.76132429
374,0.76132429,28/04/2025 17:18:25 Epoch 375 Validation Loss: 0.62702185
0.62702185
28/04/2025 17:18:25 Epoch 375 Train Loss: 0.74395108
375,0.74395108,28/04/2025 17:18:30 Epoch 376 Validation Loss: 0.63634467
0.63634467
28/04/2025 17:18:30 Epoch 376 Train Loss: 0.73424464
376,0.73424464,28/04/2025 17:18:35 Epoch 377 Validation Loss: 0.61920375
0.61920375
28/04/2025 17:18:35 Epoch 377 Train Loss: 0.73701191
377,0.73701191,28/04/2025 17:18:39 Epoch 378 Validation Loss: 0.80658937
0.80658937
28/04/2025 17:18:39 Epoch 378 Train Loss: 0.73177713
378,0.73177713,28/04/2025 17:18:49 Epoch 379 Validation Loss: 0.97132093
0.97132093
28/04/2025 17:18:49 Epoch 379 Train Loss: 0.78627419
379,0.78627419,28/04/2025 17:18:59 Epoch 380 Validation Loss: 0.63999838
0.63999838
28/04/2025 17:18:59 Epoch 380 Train Loss: 0.85819930
380,0.85819930,28/04/2025 17:19:10 Epoch 381 Validation Loss: 0.64189839
0.64189839
28/04/2025 17:19:10 Epoch 381 Train Loss: 0.74246508
381,0.74246508,28/04/2025 17:19:21 Epoch 382 Validation Loss: 0.61683440
0.61683440
28/04/2025 17:19:21 Epoch 382 Train Loss: 0.76810497
382,0.76810497,28/04/2025 17:19:28 Epoch 383 Validation Loss: 0.62361252
0.62361252
28/04/2025 17:19:28 Epoch 383 Train Loss: 0.72597027
383,0.72597027,28/04/2025 17:19:34 Epoch 384 Validation Loss: 0.62092769
0.62092769
28/04/2025 17:19:34 Epoch 384 Train Loss: 0.74455196
384,0.74455196,28/04/2025 17:19:39 Epoch 385 Validation Loss: 0.80820161
0.80820161
28/04/2025 17:19:39 Epoch 385 Train Loss: 0.71820146
385,0.71820146,28/04/2025 17:19:50 Epoch 386 Validation Loss: 0.62832421
0.62832421
28/04/2025 17:19:50 Epoch 386 Train Loss: 0.76123583
386,0.76123583,28/04/2025 17:20:00 Epoch 387 Validation Loss: 0.62153554
0.62153554
28/04/2025 17:20:00 Epoch 387 Train Loss: 0.78898656
387,0.78898656,28/04/2025 17:20:11 Epoch 388 Validation Loss: 0.62547791
0.62547791
28/04/2025 17:20:11 Epoch 388 Train Loss: 0.73289120
388,0.73289120,28/04/2025 17:20:26 Epoch 389 Validation Loss: 0.63881606
0.63881606
28/04/2025 17:20:26 Epoch 389 Train Loss: 0.72832674
389,0.72832674,28/04/2025 17:20:31 Epoch 390 Validation Loss: 0.62517554
0.62517554
28/04/2025 17:20:31 Epoch 390 Train Loss: 0.72489762
390,0.72489762,28/04/2025 17:20:36 Epoch 391 Validation Loss: 0.68327177
0.68327177
28/04/2025 17:20:36 Epoch 391 Train Loss: 0.72716171
391,0.72716171,28/04/2025 17:20:41 Epoch 392 Validation Loss: 0.72639745
0.72639745
28/04/2025 17:20:41 Epoch 392 Train Loss: 0.80941921
392,0.80941921,28/04/2025 17:20:51 Epoch 393 Validation Loss: 0.70447850
0.70447850
28/04/2025 17:20:51 Epoch 393 Train Loss: 0.83402371
393,0.83402371,28/04/2025 17:21:02 Epoch 394 Validation Loss: 0.64616710
0.64616710
28/04/2025 17:21:02 Epoch 394 Train Loss: 0.84124285
394,0.84124285,28/04/2025 17:21:13 Epoch 395 Validation Loss: 0.61049336
0.61049336
28/04/2025 17:21:13 Epoch 395 Train Loss: 0.75282073
395,0.75282073,28/04/2025 17:21:23 Epoch 396 Validation Loss: 0.60936350
0.60936350
28/04/2025 17:21:23 Epoch 396 Train Loss: 0.71177727
396,0.71177727,28/04/2025 17:21:28 Epoch 397 Validation Loss: 0.64803648
0.64803648
28/04/2025 17:21:28 Epoch 397 Train Loss: 0.71459770
397,0.71459770,28/04/2025 17:21:32 Epoch 398 Validation Loss: 0.62065840
0.62065840
28/04/2025 17:21:32 Epoch 398 Train Loss: 0.72907919
398,0.72907919,28/04/2025 17:21:37 Epoch 399 Validation Loss: 0.60970837
0.60970837
28/04/2025 17:21:37 Epoch 399 Train Loss: 0.71165460
399,0.71165460,28/04/2025 17:21:45 Epoch 400 Validation Loss: 0.60751390
0.60751390
28/04/2025 17:21:45 Epoch 400 Train Loss: 0.71895945
400,0.71895945,28/04/2025 17:21:56 Epoch 401 Validation Loss: 0.61102921
0.61102921
28/04/2025 17:21:56 Epoch 401 Train Loss: 0.71654713
401,0.71654713,28/04/2025 17:22:07 Epoch 402 Validation Loss: 0.63397175
0.63397175
28/04/2025 17:22:07 Epoch 402 Train Loss: 0.70364249
402,0.70364249,28/04/2025 17:22:18 Epoch 403 Validation Loss: 0.64601910
0.64601910
28/04/2025 17:22:18 Epoch 403 Train Loss: 0.75335550
403,0.75335550,28/04/2025 17:22:28 Epoch 404 Validation Loss: 0.61901760
0.61901760
28/04/2025 17:22:28 Epoch 404 Train Loss: 0.73875856
404,0.73875856,28/04/2025 17:22:35 Epoch 405 Validation Loss: 0.61783636
0.61783636
28/04/2025 17:22:35 Epoch 405 Train Loss: 0.71058273
405,0.71058273,28/04/2025 17:22:39 Epoch 406 Validation Loss: 0.70179331
0.70179331
28/04/2025 17:22:39 Epoch 406 Train Loss: 0.70750642
406,0.70750642,28/04/2025 17:22:54 Epoch 407 Validation Loss: 0.65658981
0.65658981
28/04/2025 17:22:54 Epoch 407 Train Loss: 0.72609258
407,0.72609258,28/04/2025 17:23:05 Epoch 408 Validation Loss: 0.62001967
0.62001967
28/04/2025 17:23:05 Epoch 408 Train Loss: 0.71769410
408,0.71769410,28/04/2025 17:23:16 Epoch 409 Validation Loss: 0.61045998
0.61045998
28/04/2025 17:23:16 Epoch 409 Train Loss: 0.69921929
409,0.69921929,28/04/2025 17:23:25 Epoch 410 Validation Loss: 0.62065566
0.62065566
28/04/2025 17:23:25 Epoch 410 Train Loss: 0.70040941
410,0.70040941,28/04/2025 17:23:30 Epoch 411 Validation Loss: 0.61516380
0.61516380
28/04/2025 17:23:30 Epoch 411 Train Loss: 0.70266747
411,0.70266747,28/04/2025 17:23:34 Epoch 412 Validation Loss: 0.62240475
0.62240475
28/04/2025 17:23:34 Epoch 412 Train Loss: 0.70805997
412,0.70805997,28/04/2025 17:23:39 Epoch 413 Validation Loss: 0.64978975
0.64978975
28/04/2025 17:23:39 Epoch 413 Train Loss: 0.71099138
413,0.71099138,28/04/2025 17:23:48 Epoch 414 Validation Loss: 0.67366248
0.67366248
28/04/2025 17:23:48 Epoch 414 Train Loss: 0.71233869
414,0.71233869,28/04/2025 17:23:59 Epoch 415 Validation Loss: 0.61439306
0.61439306
28/04/2025 17:23:59 Epoch 415 Train Loss: 0.70313185
415,0.70313185,28/04/2025 17:24:09 Epoch 416 Validation Loss: 0.63723463
0.63723463
28/04/2025 17:24:09 Epoch 416 Train Loss: 0.70629179
416,0.70629179,28/04/2025 17:24:20 Epoch 417 Validation Loss: 0.60887074
0.60887074
28/04/2025 17:24:20 Epoch 417 Train Loss: 0.70722538
417,0.70722538,28/04/2025 17:24:27 Epoch 418 Validation Loss: 0.65191525
0.65191525
28/04/2025 17:24:27 Epoch 418 Train Loss: 0.69203460
418,0.69203460,28/04/2025 17:24:32 Epoch 419 Validation Loss: 0.77768493
0.77768493
28/04/2025 17:24:32 Epoch 419 Train Loss: 0.69794285
419,0.69794285,28/04/2025 17:24:36 Epoch 420 Validation Loss: 0.68332964
0.68332964
28/04/2025 17:24:36 Epoch 420 Train Loss: 0.73154008
420,0.73154008,28/04/2025 17:24:42 Epoch 421 Validation Loss: 0.66055828
0.66055828
28/04/2025 17:24:42 Epoch 421 Train Loss: 0.71061403
421,0.71061403,28/04/2025 17:24:52 Epoch 422 Validation Loss: 0.62362665
0.62362665
28/04/2025 17:24:52 Epoch 422 Train Loss: 0.71458149
422,0.71458149,28/04/2025 17:25:03 Epoch 423 Validation Loss: 0.63156438
0.63156438
28/04/2025 17:25:03 Epoch 423 Train Loss: 0.71837884
423,0.71837884,28/04/2025 17:25:14 Epoch 424 Validation Loss: 0.62578940
0.62578940
28/04/2025 17:25:14 Epoch 424 Train Loss: 0.69431156
424,0.69431156,28/04/2025 17:25:24 Epoch 425 Validation Loss: 0.65430152
0.65430152
28/04/2025 17:25:24 Epoch 425 Train Loss: 0.70685178
425,0.70685178,28/04/2025 17:25:31 Epoch 426 Validation Loss: 0.62445474
0.62445474
28/04/2025 17:25:31 Epoch 426 Train Loss: 0.70222062
426,0.70222062,28/04/2025 17:25:36 Epoch 427 Validation Loss: 0.63752592
0.63752592
28/04/2025 17:25:36 Epoch 427 Train Loss: 0.68815470
427,0.68815470,28/04/2025 17:25:42 Epoch 428 Validation Loss: 0.61951995
0.61951995
28/04/2025 17:25:42 Epoch 428 Train Loss: 0.69362622
428,0.69362622,28/04/2025 17:25:52 Epoch 429 Validation Loss: 0.66526294
0.66526294
28/04/2025 17:25:52 Epoch 429 Train Loss: 0.69003338
429,0.69003338,28/04/2025 17:26:03 Epoch 430 Validation Loss: 0.69609064
0.69609064
28/04/2025 17:26:03 Epoch 430 Train Loss: 0.70603913
430,0.70603913,28/04/2025 17:26:13 Epoch 431 Validation Loss: 0.62793124
0.62793124
28/04/2025 17:26:13 Epoch 431 Train Loss: 0.70182317
431,0.70182317,28/04/2025 17:26:24 Epoch 432 Validation Loss: 0.60673738
0.60673738
28/04/2025 17:26:24 Epoch 432 Train Loss: 0.69244874
432,0.69244874,28/04/2025 17:26:29 Epoch 433 Validation Loss: 0.60115206
0.60115206
28/04/2025 17:26:29 Epoch 433 Train Loss: 0.68422872
433,0.68422872,28/04/2025 17:26:34 Epoch 434 Validation Loss: 0.60375440
0.60375440
28/04/2025 17:26:34 Epoch 434 Train Loss: 0.67687166
434,0.67687166,28/04/2025 17:26:39 Epoch 435 Validation Loss: 0.60574591
0.60574591
28/04/2025 17:26:39 Epoch 435 Train Loss: 0.67687619
435,0.67687619,28/04/2025 17:26:47 Epoch 436 Validation Loss: 0.61163962
0.61163962
28/04/2025 17:26:47 Epoch 436 Train Loss: 0.68436825
436,0.68436825,28/04/2025 17:26:58 Epoch 437 Validation Loss: 0.59773058
0.59773058
28/04/2025 17:26:58 Epoch 437 Train Loss: 0.69543707
437,0.69543707,28/04/2025 17:27:09 Epoch 438 Validation Loss: 0.61573869
0.61573869
28/04/2025 17:27:09 Epoch 438 Train Loss: 0.67891401
438,0.67891401,28/04/2025 17:27:19 Epoch 439 Validation Loss: 0.62480003
0.62480003
28/04/2025 17:27:19 Epoch 439 Train Loss: 0.68615282
439,0.68615282,28/04/2025 17:27:27 Epoch 440 Validation Loss: 0.61604685
0.61604685
28/04/2025 17:27:27 Epoch 440 Train Loss: 0.67199165
440,0.67199165,28/04/2025 17:27:32 Epoch 441 Validation Loss: 0.58593392
0.58593392
28/04/2025 17:27:32 Epoch 441 Train Loss: 0.67274493
441,0.67274493,28/04/2025 17:27:37 Epoch 442 Validation Loss: 0.60241145
0.60241145
28/04/2025 17:27:37 Epoch 442 Train Loss: 0.66431779
442,0.66431779,28/04/2025 17:27:43 Epoch 443 Validation Loss: 0.56840438
0.56840438
28/04/2025 17:27:43 Epoch 443 Train Loss: 0.66031909
443,0.66031909,28/04/2025 17:27:54 Epoch 444 Validation Loss: 0.55020332
0.55020332
28/04/2025 17:27:54 Epoch 444 Train Loss: 0.64745164
444,0.64745164,28/04/2025 17:28:05 Epoch 445 Validation Loss: 0.54682314
0.54682314
28/04/2025 17:28:05 Epoch 445 Train Loss: 0.63365358
445,0.63365358,