28/04/2025 15:06:49 Training is starting...
28/04/2025 15:06:51 Epoch 0 Validation Loss: 1.24086452
1.24086452
28/04/2025 15:06:51 Epoch 0 Train Loss: 25.08700752
0,25.08700752,28/04/2025 15:06:55 Epoch 1 Validation Loss: 1.26061201
1.26061201
28/04/2025 15:06:55 Epoch 1 Train Loss: 8.09231567
1,8.09231567,28/04/2025 15:06:59 Epoch 2 Validation Loss: 1.39328420
1.39328420
28/04/2025 15:06:59 Epoch 2 Train Loss: 3.89125395
2,3.89125395,28/04/2025 15:07:03 Epoch 3 Validation Loss: 1.77080905
1.77080905
28/04/2025 15:07:03 Epoch 3 Train Loss: 2.05082130
3,2.05082130,28/04/2025 15:07:07 Epoch 4 Validation Loss: 1.65187228
1.65187228
28/04/2025 15:07:07 Epoch 4 Train Loss: 1.66739464
4,1.66739464,28/04/2025 15:07:10 Epoch 5 Validation Loss: 1.38506711
1.38506711
28/04/2025 15:07:10 Epoch 5 Train Loss: 1.46898472
5,1.46898472,28/04/2025 15:07:14 Epoch 6 Validation Loss: 1.22400856
1.22400856
28/04/2025 15:07:14 Epoch 6 Train Loss: 1.42538333
6,1.42538333,28/04/2025 15:07:18 Epoch 7 Validation Loss: 1.20818770
1.20818770
28/04/2025 15:07:18 Epoch 7 Train Loss: 1.36298931
7,1.36298931,28/04/2025 15:07:22 Epoch 8 Validation Loss: 1.16626358
1.16626358
28/04/2025 15:07:22 Epoch 8 Train Loss: 1.35343206
8,1.35343206,28/04/2025 15:07:26 Epoch 9 Validation Loss: 1.16694331
1.16694331
28/04/2025 15:07:26 Epoch 9 Train Loss: 1.32042217
9,1.32042217,28/04/2025 15:07:30 Epoch 10 Validation Loss: 1.15844107
1.15844107
28/04/2025 15:07:30 Epoch 10 Train Loss: 1.31555581
10,1.31555581,28/04/2025 15:07:34 Epoch 11 Validation Loss: 1.15781963
1.15781963
28/04/2025 15:07:34 Epoch 11 Train Loss: 1.31812108
11,1.31812108,28/04/2025 15:07:38 Epoch 12 Validation Loss: 1.15446520
1.15446520
28/04/2025 15:07:38 Epoch 12 Train Loss: 1.31406999
12,1.31406999,28/04/2025 15:07:42 Epoch 13 Validation Loss: 1.14739656
1.14739656
28/04/2025 15:07:42 Epoch 13 Train Loss: 1.34375143
13,1.34375143,28/04/2025 15:07:45 Epoch 14 Validation Loss: 1.14093304
1.14093304
28/04/2025 15:07:45 Epoch 14 Train Loss: 1.30504060
14,1.30504060,28/04/2025 15:07:49 Epoch 15 Validation Loss: 1.14345443
1.14345443
28/04/2025 15:07:49 Epoch 15 Train Loss: 1.29105830
15,1.29105830,28/04/2025 15:07:54 Epoch 16 Validation Loss: 1.15904784
1.15904784
28/04/2025 15:07:54 Epoch 16 Train Loss: 1.32243061
16,1.32243061,28/04/2025 15:07:58 Epoch 17 Validation Loss: 1.15010846
1.15010846
28/04/2025 15:07:58 Epoch 17 Train Loss: 1.32392073
17,1.32392073,28/04/2025 15:08:02 Epoch 18 Validation Loss: 1.23676360
1.23676360
28/04/2025 15:08:02 Epoch 18 Train Loss: 1.32033968
18,1.32033968,28/04/2025 15:08:06 Epoch 19 Validation Loss: 1.17655909
1.17655909
28/04/2025 15:08:06 Epoch 19 Train Loss: 1.38304996
19,1.38304996,28/04/2025 15:08:09 Epoch 20 Validation Loss: 1.18360770
1.18360770
28/04/2025 15:08:09 Epoch 20 Train Loss: 1.30484700
20,1.30484700,28/04/2025 15:08:13 Epoch 21 Validation Loss: 1.10595810
1.10595810
28/04/2025 15:08:13 Epoch 21 Train Loss: 1.29178524
21,1.29178524,28/04/2025 15:08:17 Epoch 22 Validation Loss: 1.10967803
1.10967803
28/04/2025 15:08:17 Epoch 22 Train Loss: 1.28540158
22,1.28540158,28/04/2025 15:08:21 Epoch 23 Validation Loss: 1.12817276
1.12817276
28/04/2025 15:08:21 Epoch 23 Train Loss: 1.27843451
23,1.27843451,28/04/2025 15:08:24 Epoch 24 Validation Loss: 1.08669722
1.08669722
28/04/2025 15:08:24 Epoch 24 Train Loss: 1.25267696
24,1.25267696,28/04/2025 15:08:28 Epoch 25 Validation Loss: 1.08998835
1.08998835
28/04/2025 15:08:28 Epoch 25 Train Loss: 1.23208094
25,1.23208094,28/04/2025 15:08:32 Epoch 26 Validation Loss: 1.08210874
1.08210874
28/04/2025 15:08:32 Epoch 26 Train Loss: 1.23005152
26,1.23005152,28/04/2025 15:08:36 Epoch 27 Validation Loss: 1.06825078
1.06825078
28/04/2025 15:08:36 Epoch 27 Train Loss: 1.23842156
27,1.23842156,28/04/2025 15:08:39 Epoch 28 Validation Loss: 1.08953416
1.08953416
28/04/2025 15:08:39 Epoch 28 Train Loss: 1.26632822
28,1.26632822,28/04/2025 15:08:43 Epoch 29 Validation Loss: 1.04768062
1.04768062
28/04/2025 15:08:43 Epoch 29 Train Loss: 1.22234213
29,1.22234213,28/04/2025 15:08:48 Epoch 30 Validation Loss: 1.07364023
1.07364023
28/04/2025 15:08:48 Epoch 30 Train Loss: 1.18948424
30,1.18948424,28/04/2025 15:08:52 Epoch 31 Validation Loss: 1.03615785
1.03615785
28/04/2025 15:08:52 Epoch 31 Train Loss: 1.19785655
31,1.19785655,28/04/2025 15:08:56 Epoch 32 Validation Loss: 1.05150783
1.05150783
28/04/2025 15:08:56 Epoch 32 Train Loss: 1.17010272
32,1.17010272,28/04/2025 15:09:00 Epoch 33 Validation Loss: 1.05818224
1.05818224
28/04/2025 15:09:00 Epoch 33 Train Loss: 1.16968727
33,1.16968727,28/04/2025 15:09:04 Epoch 34 Validation Loss: 1.05929422
1.05929422
28/04/2025 15:09:04 Epoch 34 Train Loss: 1.19752288
34,1.19752288,28/04/2025 15:09:10 Epoch 35 Validation Loss: 0.99070352
0.99070352
28/04/2025 15:09:10 Epoch 35 Train Loss: 1.20200622
35,1.20200622,28/04/2025 15:09:14 Epoch 36 Validation Loss: 1.03645682
1.03645682
28/04/2025 15:09:14 Epoch 36 Train Loss: 1.14622760
36,1.14622760,28/04/2025 15:09:17 Epoch 37 Validation Loss: 0.99418026
0.99418026
28/04/2025 15:09:17 Epoch 37 Train Loss: 1.12606108
37,1.12606108,28/04/2025 15:09:21 Epoch 38 Validation Loss: 1.06362450
1.06362450
28/04/2025 15:09:21 Epoch 38 Train Loss: 1.13774729
38,1.13774729,28/04/2025 15:09:25 Epoch 39 Validation Loss: 0.94197214
0.94197214
28/04/2025 15:09:25 Epoch 39 Train Loss: 1.14548659
39,1.14548659,28/04/2025 15:09:29 Epoch 40 Validation Loss: 1.03329992
1.03329992
28/04/2025 15:09:29 Epoch 40 Train Loss: 1.13884199
40,1.13884199,28/04/2025 15:09:32 Epoch 41 Validation Loss: 1.00985420
1.00985420
28/04/2025 15:09:32 Epoch 41 Train Loss: 1.06580687
41,1.06580687,28/04/2025 15:09:36 Epoch 42 Validation Loss: 0.95281923
0.95281923
28/04/2025 15:09:36 Epoch 42 Train Loss: 1.14278471
42,1.14278471,28/04/2025 15:09:40 Epoch 43 Validation Loss: 1.05369580
1.05369580
28/04/2025 15:09:40 Epoch 43 Train Loss: 1.20200622
43,1.20200622,28/04/2025 15:09:44 Epoch 44 Validation Loss: 0.92244416
0.92244416
28/04/2025 15:09:44 Epoch 44 Train Loss: 1.13904631
44,1.13904631,28/04/2025 15:09:48 Epoch 45 Validation Loss: 0.87863308
0.87863308
28/04/2025 15:09:48 Epoch 45 Train Loss: 1.08035386
45,1.08035386,28/04/2025 15:09:52 Epoch 46 Validation Loss: 1.03049111
1.03049111
28/04/2025 15:09:52 Epoch 46 Train Loss: 1.04915750
46,1.04915750,28/04/2025 15:09:56 Epoch 47 Validation Loss: 0.93695837
0.93695837
28/04/2025 15:09:56 Epoch 47 Train Loss: 1.03786278
47,1.03786278,28/04/2025 15:10:00 Epoch 48 Validation Loss: 0.93453211
0.93453211
28/04/2025 15:10:00 Epoch 48 Train Loss: 1.01059985
48,1.01059985,28/04/2025 15:10:04 Epoch 49 Validation Loss: 0.84184170
0.84184170
28/04/2025 15:10:04 Epoch 49 Train Loss: 1.02407908
49,1.02407908,28/04/2025 15:10:08 Epoch 50 Validation Loss: 0.84581959
0.84581959
28/04/2025 15:10:08 Epoch 50 Train Loss: 1.01640069
50,1.01640069,28/04/2025 15:10:12 Epoch 51 Validation Loss: 0.81239396
0.81239396
28/04/2025 15:10:12 Epoch 51 Train Loss: 0.97926271
51,0.97926271,28/04/2025 15:10:16 Epoch 52 Validation Loss: 0.80024648
0.80024648
28/04/2025 15:10:16 Epoch 52 Train Loss: 0.94066352
52,0.94066352,28/04/2025 15:10:20 Epoch 53 Validation Loss: 0.82603341
0.82603341
28/04/2025 15:10:20 Epoch 53 Train Loss: 0.93563157
53,0.93563157,28/04/2025 15:10:26 Epoch 54 Validation Loss: 0.89751667
0.89751667
28/04/2025 15:10:26 Epoch 54 Train Loss: 0.91074616
54,0.91074616,28/04/2025 15:10:30 Epoch 55 Validation Loss: 0.82445866
0.82445866
28/04/2025 15:10:30 Epoch 55 Train Loss: 0.92406088
55,0.92406088,28/04/2025 15:10:33 Epoch 56 Validation Loss: 0.80394769
0.80394769
28/04/2025 15:10:33 Epoch 56 Train Loss: 0.91239995
56,0.91239995,28/04/2025 15:10:37 Epoch 57 Validation Loss: 0.84546751
0.84546751
28/04/2025 15:10:37 Epoch 57 Train Loss: 0.97197270
57,0.97197270,28/04/2025 15:10:41 Epoch 58 Validation Loss: 0.79153782
0.79153782
28/04/2025 15:10:41 Epoch 58 Train Loss: 0.97324437
58,0.97324437,28/04/2025 15:10:45 Epoch 59 Validation Loss: 0.98736596
0.98736596
28/04/2025 15:10:45 Epoch 59 Train Loss: 0.91427785
59,0.91427785,28/04/2025 15:10:49 Epoch 60 Validation Loss: 0.97215295
0.97215295
28/04/2025 15:10:49 Epoch 60 Train Loss: 1.03751183
60,1.03751183,28/04/2025 15:10:53 Epoch 61 Validation Loss: 0.77242321
0.77242321
28/04/2025 15:10:53 Epoch 61 Train Loss: 1.02368546
61,1.02368546,28/04/2025 15:10:56 Epoch 62 Validation Loss: 0.87632483
0.87632483
28/04/2025 15:10:56 Epoch 62 Train Loss: 0.93159175
62,0.93159175,28/04/2025 15:11:00 Epoch 63 Validation Loss: 0.83942026
0.83942026
28/04/2025 15:11:00 Epoch 63 Train Loss: 0.96699095
63,0.96699095,28/04/2025 15:11:04 Epoch 64 Validation Loss: 1.06535006
1.06535006
28/04/2025 15:11:04 Epoch 64 Train Loss: 0.91849881
64,0.91849881,28/04/2025 15:11:08 Epoch 65 Validation Loss: 1.00598752
1.00598752
28/04/2025 15:11:08 Epoch 65 Train Loss: 0.97538519
65,0.97538519,28/04/2025 15:11:12 Epoch 66 Validation Loss: 0.94214326
0.94214326
28/04/2025 15:11:12 Epoch 66 Train Loss: 0.92662942
66,0.92662942,28/04/2025 15:11:16 Epoch 67 Validation Loss: 0.89112324
0.89112324
28/04/2025 15:11:16 Epoch 67 Train Loss: 0.91188741
67,0.91188741,28/04/2025 15:11:20 Epoch 68 Validation Loss: 0.96035022
0.96035022
28/04/2025 15:11:20 Epoch 68 Train Loss: 0.89857346
68,0.89857346,28/04/2025 15:11:25 Epoch 69 Validation Loss: 0.85859877
0.85859877
28/04/2025 15:11:25 Epoch 69 Train Loss: 0.91958159
69,0.91958159,28/04/2025 15:11:29 Epoch 70 Validation Loss: 0.81028402
0.81028402
28/04/2025 15:11:29 Epoch 70 Train Loss: 0.89084035
70,0.89084035,28/04/2025 15:11:33 Epoch 71 Validation Loss: 0.78604895
0.78604895
28/04/2025 15:11:33 Epoch 71 Train Loss: 0.88527972
71,0.88527972,28/04/2025 15:11:38 Epoch 72 Validation Loss: 0.78608590
0.78608590
28/04/2025 15:11:38 Epoch 72 Train Loss: 0.87271112
72,0.87271112,28/04/2025 15:11:42 Epoch 73 Validation Loss: 0.75452292
0.75452292
28/04/2025 15:11:42 Epoch 73 Train Loss: 0.86795098
73,0.86795098,28/04/2025 15:11:46 Epoch 74 Validation Loss: 0.74713749
0.74713749
28/04/2025 15:11:46 Epoch 74 Train Loss: 0.87008494
74,0.87008494,28/04/2025 15:11:49 Epoch 75 Validation Loss: 0.77319604
0.77319604
28/04/2025 15:11:49 Epoch 75 Train Loss: 0.86552817
75,0.86552817,28/04/2025 15:11:53 Epoch 76 Validation Loss: 0.76956689
0.76956689
28/04/2025 15:11:53 Epoch 76 Train Loss: 0.86372858
76,0.86372858,28/04/2025 15:11:57 Epoch 77 Validation Loss: 0.75344545
0.75344545
28/04/2025 15:11:57 Epoch 77 Train Loss: 0.88518012
77,0.88518012,28/04/2025 15:12:01 Epoch 78 Validation Loss: 0.74770337
0.74770337
28/04/2025 15:12:01 Epoch 78 Train Loss: 0.88128054
78,0.88128054,28/04/2025 15:12:04 Epoch 79 Validation Loss: 0.81269491
0.81269491
28/04/2025 15:12:04 Epoch 79 Train Loss: 0.87202245
79,0.87202245,28/04/2025 15:12:08 Epoch 80 Validation Loss: 0.76461053
0.76461053
28/04/2025 15:12:08 Epoch 80 Train Loss: 0.93273884
80,0.93273884,28/04/2025 15:12:12 Epoch 81 Validation Loss: 0.78627956
0.78627956
28/04/2025 15:12:12 Epoch 81 Train Loss: 0.91016692
81,0.91016692,28/04/2025 15:12:16 Epoch 82 Validation Loss: 0.79251629
0.79251629
28/04/2025 15:12:16 Epoch 82 Train Loss: 0.88439721
82,0.88439721,28/04/2025 15:12:20 Epoch 83 Validation Loss: 0.84809798
0.84809798
28/04/2025 15:12:20 Epoch 83 Train Loss: 0.87771565
83,0.87771565,28/04/2025 15:12:23 Epoch 84 Validation Loss: 0.80902648
0.80902648
28/04/2025 15:12:23 Epoch 84 Train Loss: 0.87561727
84,0.87561727,28/04/2025 15:12:27 Epoch 85 Validation Loss: 0.81179225
0.81179225
28/04/2025 15:12:27 Epoch 85 Train Loss: 0.85651809
85,0.85651809,28/04/2025 15:12:31 Epoch 86 Validation Loss: 0.76824677
0.76824677
28/04/2025 15:12:31 Epoch 86 Train Loss: 0.87480104
86,0.87480104,28/04/2025 15:12:35 Epoch 87 Validation Loss: 0.75302321
0.75302321
28/04/2025 15:12:35 Epoch 87 Train Loss: 0.92424113
87,0.92424113,28/04/2025 15:12:39 Epoch 88 Validation Loss: 0.79650283
0.79650283
28/04/2025 15:12:39 Epoch 88 Train Loss: 0.88316411
88,0.88316411,28/04/2025 15:12:43 Epoch 89 Validation Loss: 0.75044417
0.75044417
28/04/2025 15:12:43 Epoch 89 Train Loss: 0.85644072
89,0.85644072,28/04/2025 15:12:47 Epoch 90 Validation Loss: 0.76290512
0.76290512
28/04/2025 15:12:47 Epoch 90 Train Loss: 0.86867595
90,0.86867595,28/04/2025 15:12:53 Epoch 91 Validation Loss: 0.88081902
0.88081902
28/04/2025 15:12:53 Epoch 91 Train Loss: 0.86430007
91,0.86430007,28/04/2025 15:12:57 Epoch 92 Validation Loss: 0.84813327
0.84813327
28/04/2025 15:12:57 Epoch 92 Train Loss: 0.87363446
92,0.87363446,28/04/2025 15:13:01 Epoch 93 Validation Loss: 0.89589387
0.89589387
28/04/2025 15:13:01 Epoch 93 Train Loss: 0.86075461
93,0.86075461,28/04/2025 15:13:04 Epoch 94 Validation Loss: 0.74149251
0.74149251
28/04/2025 15:13:05 Epoch 94 Train Loss: 0.89609033
94,0.89609033,28/04/2025 15:13:09 Epoch 95 Validation Loss: 0.76147860
0.76147860
28/04/2025 15:13:09 Epoch 95 Train Loss: 0.86838239
95,0.86838239,28/04/2025 15:13:13 Epoch 96 Validation Loss: 0.73948640
0.73948640
28/04/2025 15:13:13 Epoch 96 Train Loss: 0.86821729
96,0.86821729,28/04/2025 15:13:16 Epoch 97 Validation Loss: 0.80073476
0.80073476
28/04/2025 15:13:16 Epoch 97 Train Loss: 0.86830598
97,0.86830598,28/04/2025 15:13:20 Epoch 98 Validation Loss: 0.80494303
0.80494303
28/04/2025 15:13:20 Epoch 98 Train Loss: 0.87406486
98,0.87406486,28/04/2025 15:13:25 Epoch 99 Validation Loss: 0.74285185
0.74285185
28/04/2025 15:13:25 Epoch 99 Train Loss: 0.86808902
99,0.86808902,28/04/2025 15:13:29 Epoch 100 Validation Loss: 0.78222090
0.78222090
28/04/2025 15:13:29 Epoch 100 Train Loss: 0.89414257
100,0.89414257,28/04/2025 15:13:33 Epoch 101 Validation Loss: 0.75643229
0.75643229
28/04/2025 15:13:33 Epoch 101 Train Loss: 0.89417255
101,0.89417255,28/04/2025 15:13:37 Epoch 102 Validation Loss: 0.85857052
0.85857052
28/04/2025 15:13:37 Epoch 102 Train Loss: 0.85692263
102,0.85692263,28/04/2025 15:13:40 Epoch 103 Validation Loss: 0.94582731
0.94582731
28/04/2025 15:13:40 Epoch 103 Train Loss: 0.88514501
103,0.88514501,28/04/2025 15:13:44 Epoch 104 Validation Loss: 0.73853821
0.73853821
28/04/2025 15:13:44 Epoch 104 Train Loss: 0.91252220
104,0.91252220,28/04/2025 15:13:48 Epoch 105 Validation Loss: 0.74110037
0.74110037
28/04/2025 15:13:48 Epoch 105 Train Loss: 0.88730085
105,0.88730085,28/04/2025 15:13:52 Epoch 106 Validation Loss: 0.78371263
0.78371263
28/04/2025 15:13:52 Epoch 106 Train Loss: 0.84884548
106,0.84884548,28/04/2025 15:13:56 Epoch 107 Validation Loss: 0.75045705
0.75045705
28/04/2025 15:13:56 Epoch 107 Train Loss: 0.91290110
107,0.91290110,28/04/2025 15:14:00 Epoch 108 Validation Loss: 0.73899066
0.73899066
28/04/2025 15:14:00 Epoch 108 Train Loss: 0.87225640
108,0.87225640,28/04/2025 15:14:04 Epoch 109 Validation Loss: 0.76209909
0.76209909
28/04/2025 15:14:04 Epoch 109 Train Loss: 0.85119873
109,0.85119873,28/04/2025 15:14:08 Epoch 110 Validation Loss: 0.77808416
0.77808416
28/04/2025 15:14:08 Epoch 110 Train Loss: 0.85760713
110,0.85760713,28/04/2025 15:14:12 Epoch 111 Validation Loss: 0.83532065
0.83532065
28/04/2025 15:14:12 Epoch 111 Train Loss: 0.83892846
111,0.83892846,28/04/2025 15:14:16 Epoch 112 Validation Loss: 0.93447119
0.93447119
28/04/2025 15:14:16 Epoch 112 Train Loss: 0.87945575
112,0.87945575,28/04/2025 15:14:20 Epoch 113 Validation Loss: 0.80990404
0.80990404
28/04/2025 15:14:20 Epoch 113 Train Loss: 0.90547878
113,0.90547878,28/04/2025 15:14:24 Epoch 114 Validation Loss: 1.01056898
1.01056898
28/04/2025 15:14:24 Epoch 114 Train Loss: 0.88584769
114,0.88584769,28/04/2025 15:14:28 Epoch 115 Validation Loss: 0.74510580
0.74510580
28/04/2025 15:14:28 Epoch 115 Train Loss: 0.92623258
115,0.92623258,28/04/2025 15:14:32 Epoch 116 Validation Loss: 0.76336592
0.76336592
28/04/2025 15:14:32 Epoch 116 Train Loss: 0.87589288
116,0.87589288,28/04/2025 15:14:36 Epoch 117 Validation Loss: 0.73774672
0.73774672
28/04/2025 15:14:36 Epoch 117 Train Loss: 0.89756638
117,0.89756638,28/04/2025 15:14:40 Epoch 118 Validation Loss: 0.83626503
0.83626503
28/04/2025 15:14:40 Epoch 118 Train Loss: 0.84766400
118,0.84766400,28/04/2025 15:14:44 Epoch 119 Validation Loss: 0.81218833
0.81218833
28/04/2025 15:14:44 Epoch 119 Train Loss: 0.87346315
119,0.87346315,28/04/2025 15:14:48 Epoch 120 Validation Loss: 0.79597086
0.79597086
28/04/2025 15:14:48 Epoch 120 Train Loss: 0.84748971
120,0.84748971,28/04/2025 15:14:52 Epoch 121 Validation Loss: 0.74082983
0.74082983
28/04/2025 15:14:52 Epoch 121 Train Loss: 0.89885813
121,0.89885813,28/04/2025 15:14:56 Epoch 122 Validation Loss: 0.80710161
0.80710161
28/04/2025 15:14:56 Epoch 122 Train Loss: 0.86143428
122,0.86143428,28/04/2025 15:15:00 Epoch 123 Validation Loss: 0.85654008
0.85654008
28/04/2025 15:15:00 Epoch 123 Train Loss: 0.90893704
123,0.90893704,28/04/2025 15:15:04 Epoch 124 Validation Loss: 1.11693990
1.11693990
28/04/2025 15:15:04 Epoch 124 Train Loss: 0.93365282
124,0.93365282,28/04/2025 15:15:08 Epoch 125 Validation Loss: 1.20441198
1.20441198
28/04/2025 15:15:08 Epoch 125 Train Loss: 1.06542492
125,1.06542492,28/04/2025 15:15:12 Epoch 126 Validation Loss: 0.73060024
0.73060024
28/04/2025 15:15:12 Epoch 126 Train Loss: 0.98877376
126,0.98877376,28/04/2025 15:15:16 Epoch 127 Validation Loss: 0.75129914
0.75129914
28/04/2025 15:15:16 Epoch 127 Train Loss: 0.93867213
127,0.93867213,28/04/2025 15:15:20 Epoch 128 Validation Loss: 0.80772650
0.80772650
28/04/2025 15:15:20 Epoch 128 Train Loss: 0.87399542
128,0.87399542,28/04/2025 15:15:27 Epoch 129 Validation Loss: 0.80395561
0.80395561
28/04/2025 15:15:27 Epoch 129 Train Loss: 0.87415379
129,0.87415379,28/04/2025 15:15:30 Epoch 130 Validation Loss: 0.73473030
0.73473030
28/04/2025 15:15:30 Epoch 130 Train Loss: 0.86461979
130,0.86461979,28/04/2025 15:15:34 Epoch 131 Validation Loss: 0.85966450
0.85966450
28/04/2025 15:15:34 Epoch 131 Train Loss: 0.90128738
131,0.90128738,28/04/2025 15:15:39 Epoch 132 Validation Loss: 1.27448595
1.27448595
28/04/2025 15:15:39 Epoch 132 Train Loss: 0.95200932
132,0.95200932,28/04/2025 15:15:43 Epoch 133 Validation Loss: 0.75651985
0.75651985
28/04/2025 15:15:43 Epoch 133 Train Loss: 1.15982151
133,1.15982151,28/04/2025 15:15:46 Epoch 134 Validation Loss: 0.72989964
0.72989964
28/04/2025 15:15:46 Epoch 134 Train Loss: 0.89685601
134,0.89685601,28/04/2025 15:15:50 Epoch 135 Validation Loss: 0.73123491
0.73123491
28/04/2025 15:15:50 Epoch 135 Train Loss: 0.85780597
135,0.85780597,28/04/2025 15:15:54 Epoch 136 Validation Loss: 0.73917502
0.73917502
28/04/2025 15:15:54 Epoch 136 Train Loss: 0.84172565
136,0.84172565,28/04/2025 15:15:58 Epoch 137 Validation Loss: 0.75676352
0.75676352
28/04/2025 15:15:58 Epoch 137 Train Loss: 0.83929509
137,0.83929509,28/04/2025 15:16:02 Epoch 138 Validation Loss: 0.73618287
0.73618287
28/04/2025 15:16:02 Epoch 138 Train Loss: 0.84367841
138,0.84367841,28/04/2025 15:16:06 Epoch 139 Validation Loss: 0.72885406
0.72885406
28/04/2025 15:16:06 Epoch 139 Train Loss: 0.84154534
139,0.84154534,28/04/2025 15:16:09 Epoch 140 Validation Loss: 0.73919636
0.73919636
28/04/2025 15:16:09 Epoch 140 Train Loss: 0.84183186
140,0.84183186,28/04/2025 15:16:14 Epoch 141 Validation Loss: 0.72245336
0.72245336
28/04/2025 15:16:14 Epoch 141 Train Loss: 0.83828324
141,0.83828324,28/04/2025 15:16:17 Epoch 142 Validation Loss: 0.77221483
0.77221483
28/04/2025 15:16:17 Epoch 142 Train Loss: 0.87345511
142,0.87345511,28/04/2025 15:16:21 Epoch 143 Validation Loss: 0.94203162
0.94203162
28/04/2025 15:16:21 Epoch 143 Train Loss: 0.84866923
143,0.84866923,28/04/2025 15:16:25 Epoch 144 Validation Loss: 0.79660016
0.79660016
28/04/2025 15:16:25 Epoch 144 Train Loss: 0.89178050
144,0.89178050,28/04/2025 15:16:29 Epoch 145 Validation Loss: 0.88127041
0.88127041
28/04/2025 15:16:29 Epoch 145 Train Loss: 0.83743221
145,0.83743221,28/04/2025 15:16:33 Epoch 146 Validation Loss: 0.89258724
0.89258724
28/04/2025 15:16:33 Epoch 146 Train Loss: 0.85415632
146,0.85415632,28/04/2025 15:16:37 Epoch 147 Validation Loss: 0.84169275
0.84169275
28/04/2025 15:16:37 Epoch 147 Train Loss: 0.86078995
147,0.86078995,28/04/2025 15:16:43 Epoch 148 Validation Loss: 0.94787467
0.94787467
28/04/2025 15:16:43 Epoch 148 Train Loss: 0.85715634
148,0.85715634,28/04/2025 15:16:47 Epoch 149 Validation Loss: 0.90707719
0.90707719
28/04/2025 15:16:47 Epoch 149 Train Loss: 0.87031549
149,0.87031549,28/04/2025 15:16:50 Epoch 150 Validation Loss: 0.79470533
0.79470533
28/04/2025 15:16:50 Epoch 150 Train Loss: 0.84940237
150,0.84940237,28/04/2025 15:16:54 Epoch 151 Validation Loss: 0.71808153
0.71808153
28/04/2025 15:16:54 Epoch 151 Train Loss: 0.83332080
151,0.83332080,28/04/2025 15:16:58 Epoch 152 Validation Loss: 0.71721381
0.71721381
28/04/2025 15:16:58 Epoch 152 Train Loss: 0.84212041
152,0.84212041,28/04/2025 15:17:02 Epoch 153 Validation Loss: 0.87900829
0.87900829
28/04/2025 15:17:02 Epoch 153 Train Loss: 0.83811325
153,0.83811325,28/04/2025 15:17:06 Epoch 154 Validation Loss: 0.78057444
0.78057444
28/04/2025 15:17:06 Epoch 154 Train Loss: 0.93953204
154,0.93953204,28/04/2025 15:17:10 Epoch 155 Validation Loss: 0.72666204
0.72666204
28/04/2025 15:17:10 Epoch 155 Train Loss: 0.82589275
155,0.82589275,28/04/2025 15:17:14 Epoch 156 Validation Loss: 0.74508500
0.74508500
28/04/2025 15:17:14 Epoch 156 Train Loss: 0.83560491
156,0.83560491,28/04/2025 15:17:18 Epoch 157 Validation Loss: 0.77994180
0.77994180
28/04/2025 15:17:18 Epoch 157 Train Loss: 0.83371150
157,0.83371150,28/04/2025 15:17:22 Epoch 158 Validation Loss: 0.73147690
0.73147690
28/04/2025 15:17:22 Epoch 158 Train Loss: 0.82538652
158,0.82538652,28/04/2025 15:17:26 Epoch 159 Validation Loss: 0.72086662
0.72086662
28/04/2025 15:17:26 Epoch 159 Train Loss: 0.85469508
159,0.85469508,28/04/2025 15:17:31 Epoch 160 Validation Loss: 0.73863304
0.73863304
28/04/2025 15:17:31 Epoch 160 Train Loss: 0.85681808
160,0.85681808,28/04/2025 15:17:35 Epoch 161 Validation Loss: 0.84722501
0.84722501
28/04/2025 15:17:35 Epoch 161 Train Loss: 0.82279152
161,0.82279152,28/04/2025 15:17:39 Epoch 162 Validation Loss: 0.71225786
0.71225786
28/04/2025 15:17:39 Epoch 162 Train Loss: 0.87426978
162,0.87426978,28/04/2025 15:17:43 Epoch 163 Validation Loss: 0.76755565
0.76755565
28/04/2025 15:17:43 Epoch 163 Train Loss: 0.85519165
163,0.85519165,28/04/2025 15:17:46 Epoch 164 Validation Loss: 0.84680289
0.84680289
28/04/2025 15:17:46 Epoch 164 Train Loss: 0.89434713
164,0.89434713,28/04/2025 15:17:50 Epoch 165 Validation Loss: 0.91738343
0.91738343
28/04/2025 15:17:50 Epoch 165 Train Loss: 0.89651644
165,0.89651644,28/04/2025 15:17:55 Epoch 166 Validation Loss: 0.89461607
0.89461607
28/04/2025 15:17:55 Epoch 166 Train Loss: 0.85733443
166,0.85733443,28/04/2025 15:17:59 Epoch 167 Validation Loss: 0.76088119
0.76088119
28/04/2025 15:17:59 Epoch 167 Train Loss: 0.85735053
167,0.85735053,28/04/2025 15:18:03 Epoch 168 Validation Loss: 0.72517556
0.72517556
28/04/2025 15:18:03 Epoch 168 Train Loss: 0.83561248
168,0.83561248,28/04/2025 15:18:07 Epoch 169 Validation Loss: 0.74526393
0.74526393
28/04/2025 15:18:07 Epoch 169 Train Loss: 0.87927532
169,0.87927532,28/04/2025 15:18:11 Epoch 170 Validation Loss: 0.72680295
0.72680295
28/04/2025 15:18:11 Epoch 170 Train Loss: 0.86749238
170,0.86749238,28/04/2025 15:18:15 Epoch 171 Validation Loss: 0.70530778
0.70530778
28/04/2025 15:18:15 Epoch 171 Train Loss: 0.85232598
171,0.85232598,28/04/2025 15:18:20 Epoch 172 Validation Loss: 0.76085484
0.76085484
28/04/2025 15:18:20 Epoch 172 Train Loss: 0.84843236
172,0.84843236,28/04/2025 15:18:24 Epoch 173 Validation Loss: 0.71644467
0.71644467
28/04/2025 15:18:24 Epoch 173 Train Loss: 0.84222752
173,0.84222752,28/04/2025 15:18:27 Epoch 174 Validation Loss: 0.69419056
0.69419056
28/04/2025 15:18:27 Epoch 174 Train Loss: 0.80882990
174,0.80882990,28/04/2025 15:18:31 Epoch 175 Validation Loss: 0.74166775
0.74166775
28/04/2025 15:18:31 Epoch 175 Train Loss: 0.81614852
175,0.81614852,28/04/2025 15:18:35 Epoch 176 Validation Loss: 0.72630465
0.72630465
28/04/2025 15:18:35 Epoch 176 Train Loss: 0.86446214
176,0.86446214,28/04/2025 15:18:39 Epoch 177 Validation Loss: 0.97943676
0.97943676
28/04/2025 15:18:39 Epoch 177 Train Loss: 0.86146605
177,0.86146605,28/04/2025 15:18:43 Epoch 178 Validation Loss: 1.16975796
1.16975796
28/04/2025 15:18:43 Epoch 178 Train Loss: 0.93337178
178,0.93337178,28/04/2025 15:18:47 Epoch 179 Validation Loss: 0.72072029
0.72072029
28/04/2025 15:18:47 Epoch 179 Train Loss: 0.92139608
179,0.92139608,28/04/2025 15:18:52 Epoch 180 Validation Loss: 0.73607421
0.73607421
28/04/2025 15:18:52 Epoch 180 Train Loss: 0.87964225
180,0.87964225,28/04/2025 15:18:56 Epoch 181 Validation Loss: 0.68536109
0.68536109
28/04/2025 15:18:56 Epoch 181 Train Loss: 0.81455743
181,0.81455743,28/04/2025 15:19:00 Epoch 182 Validation Loss: 0.67373669
0.67373669
28/04/2025 15:19:00 Epoch 182 Train Loss: 0.86688435
182,0.86688435,28/04/2025 15:19:03 Epoch 183 Validation Loss: 0.70276153
0.70276153
28/04/2025 15:19:03 Epoch 183 Train Loss: 0.79212642
183,0.79212642,28/04/2025 15:19:08 Epoch 184 Validation Loss: 0.71431667
0.71431667
28/04/2025 15:19:08 Epoch 184 Train Loss: 0.83625466
184,0.83625466,28/04/2025 15:19:13 Epoch 185 Validation Loss: 0.67584783
0.67584783
28/04/2025 15:19:13 Epoch 185 Train Loss: 0.80415058
185,0.80415058,28/04/2025 15:19:17 Epoch 186 Validation Loss: 0.65605664
0.65605664
28/04/2025 15:19:17 Epoch 186 Train Loss: 0.77660489
186,0.77660489,28/04/2025 15:19:21 Epoch 187 Validation Loss: 0.65369105
0.65369105
28/04/2025 15:19:21 Epoch 187 Train Loss: 0.76883942
187,0.76883942,28/04/2025 15:19:25 Epoch 188 Validation Loss: 0.63963795
0.63963795
28/04/2025 15:19:25 Epoch 188 Train Loss: 0.78257746
188,0.78257746,28/04/2025 15:19:29 Epoch 189 Validation Loss: 0.64197922
0.64197922
28/04/2025 15:19:29 Epoch 189 Train Loss: 0.77766776
189,0.77766776,28/04/2025 15:19:33 Epoch 190 Validation Loss: 0.63613796
0.63613796
28/04/2025 15:19:33 Epoch 190 Train Loss: 0.76174438
190,0.76174438,28/04/2025 15:19:37 Epoch 191 Validation Loss: 0.61609137
0.61609137
28/04/2025 15:19:37 Epoch 191 Train Loss: 0.75928044
191,0.75928044,28/04/2025 15:19:41 Epoch 192 Validation Loss: 0.75959474
0.75959474
28/04/2025 15:19:41 Epoch 192 Train Loss: 0.75821733
192,0.75821733,28/04/2025 15:19:45 Epoch 193 Validation Loss: 0.59095687
0.59095687
28/04/2025 15:19:45 Epoch 193 Train Loss: 0.85070485
193,0.85070485,28/04/2025 15:19:49 Epoch 194 Validation Loss: 0.60728508
0.60728508
28/04/2025 15:19:49 Epoch 194 Train Loss: 0.75930154
194,0.75930154,28/04/2025 15:19:53 Epoch 195 Validation Loss: 0.65557677
0.65557677
28/04/2025 15:19:53 Epoch 195 Train Loss: 0.73648822
195,0.73648822,28/04/2025 15:19:57 Epoch 196 Validation Loss: 0.72580171
0.72580171
28/04/2025 15:19:57 Epoch 196 Train Loss: 0.71597463
196,0.71597463,28/04/2025 15:20:01 Epoch 197 Validation Loss: 0.65185183
0.65185183
28/04/2025 15:20:01 Epoch 197 Train Loss: 0.76460356
197,0.76460356,28/04/2025 15:20:05 Epoch 198 Validation Loss: 0.55379117
0.55379117
28/04/2025 15:20:05 Epoch 198 Train Loss: 0.71759886
198,0.71759886,28/04/2025 15:20:09 Epoch 199 Validation Loss: 0.54246092
0.54246092
28/04/2025 15:20:09 Epoch 199 Train Loss: 0.77458227
199,0.77458227,28/04/2025 15:20:13 Epoch 200 Validation Loss: 0.52942973
0.52942973
28/04/2025 15:20:13 Epoch 200 Train Loss: 0.73868769
200,0.73868769,28/04/2025 15:20:17 Epoch 201 Validation Loss: 0.46839315
0.46839315
28/04/2025 15:20:17 Epoch 201 Train Loss: 0.67231977
201,0.67231977,28/04/2025 15:20:21 Epoch 202 Validation Loss: 0.43935320
0.43935320
28/04/2025 15:20:21 Epoch 202 Train Loss: 0.64337236
202,0.64337236,28/04/2025 15:20:25 Epoch 203 Validation Loss: 0.43208578
0.43208578
28/04/2025 15:20:25 Epoch 203 Train Loss: 0.63258123
203,0.63258123,28/04/2025 15:20:29 Epoch 204 Validation Loss: 0.51267469
0.51267469
28/04/2025 15:20:29 Epoch 204 Train Loss: 0.62118888
204,0.62118888,28/04/2025 15:20:33 Epoch 205 Validation Loss: 0.48689240
0.48689240
28/04/2025 15:20:33 Epoch 205 Train Loss: 0.63448107
205,0.63448107,28/04/2025 15:20:38 Epoch 206 Validation Loss: 0.43154347
0.43154347
28/04/2025 15:20:38 Epoch 206 Train Loss: 0.62708366
206,0.62708366,28/04/2025 15:20:42 Epoch 207 Validation Loss: 0.40527946
0.40527946
28/04/2025 15:20:42 Epoch 207 Train Loss: 0.62902188
207,0.62902188,28/04/2025 15:20:46 Epoch 208 Validation Loss: 0.39132026
0.39132026
28/04/2025 15:20:46 Epoch 208 Train Loss: 0.61083055
208,0.61083055,28/04/2025 15:20:50 Epoch 209 Validation Loss: 0.38794935
0.38794935
28/04/2025 15:20:50 Epoch 209 Train Loss: 0.59231830
209,0.59231830,28/04/2025 15:20:54 Epoch 210 Validation Loss: 0.38178441
0.38178441
28/04/2025 15:20:54 Epoch 210 Train Loss: 0.59269732
210,0.59269732,28/04/2025 15:20:57 Epoch 211 Validation Loss: 0.39298427
0.39298427
28/04/2025 15:20:57 Epoch 211 Train Loss: 0.58567935
211,0.58567935,28/04/2025 15:21:01 Epoch 212 Validation Loss: 0.37582400
0.37582400
28/04/2025 15:21:01 Epoch 212 Train Loss: 0.58600426
212,0.58600426,28/04/2025 15:21:05 Epoch 213 Validation Loss: 0.41543633
0.41543633
28/04/2025 15:21:05 Epoch 213 Train Loss: 0.57672501
213,0.57672501,28/04/2025 15:21:09 Epoch 214 Validation Loss: 0.37301266
0.37301266
28/04/2025 15:21:09 Epoch 214 Train Loss: 0.58684188
214,0.58684188,28/04/2025 15:21:13 Epoch 215 Validation Loss: 0.36954027
0.36954027
28/04/2025 15:21:13 Epoch 215 Train Loss: 0.57068253
215,0.57068253,28/04/2025 15:21:17 Epoch 216 Validation Loss: 0.36690006
0.36690006
28/04/2025 15:21:17 Epoch 216 Train Loss: 0.58481723
216,0.58481723,28/04/2025 15:21:21 Epoch 217 Validation Loss: 0.39150482
0.39150482
28/04/2025 15:21:21 Epoch 217 Train Loss: 0.57979256
217,0.57979256,28/04/2025 15:21:25 Epoch 218 Validation Loss: 0.47747540
0.47747540
28/04/2025 15:21:25 Epoch 218 Train Loss: 0.56514871
218,0.56514871,28/04/2025 15:21:29 Epoch 219 Validation Loss: 0.36289626
0.36289626
28/04/2025 15:21:29 Epoch 219 Train Loss: 0.59101409
219,0.59101409,28/04/2025 15:21:33 Epoch 220 Validation Loss: 0.35490489
0.35490489
28/04/2025 15:21:33 Epoch 220 Train Loss: 0.56799883
220,0.56799883,28/04/2025 15:21:37 Epoch 221 Validation Loss: 0.37030336
0.37030336
28/04/2025 15:21:37 Epoch 221 Train Loss: 0.55929303
221,0.55929303,28/04/2025 15:21:41 Epoch 222 Validation Loss: 0.35166255
0.35166255
28/04/2025 15:21:41 Epoch 222 Train Loss: 0.55488849
222,0.55488849,28/04/2025 15:21:47 Epoch 223 Validation Loss: 0.42606011
0.42606011
28/04/2025 15:21:47 Epoch 223 Train Loss: 0.55407763
223,0.55407763,28/04/2025 15:21:50 Epoch 224 Validation Loss: 0.37034905
0.37034905
28/04/2025 15:21:50 Epoch 224 Train Loss: 0.59273285
224,0.59273285,28/04/2025 15:21:54 Epoch 225 Validation Loss: 0.34789857
0.34789857
28/04/2025 15:21:54 Epoch 225 Train Loss: 0.56587589
225,0.56587589,28/04/2025 15:21:58 Epoch 226 Validation Loss: 0.37458965
0.37458965
28/04/2025 15:21:58 Epoch 226 Train Loss: 0.53863442
226,0.53863442,28/04/2025 15:22:02 Epoch 227 Validation Loss: 0.35688320
0.35688320
28/04/2025 15:22:02 Epoch 227 Train Loss: 0.54913646
227,0.54913646,28/04/2025 15:22:06 Epoch 228 Validation Loss: 0.39537695
0.39537695
28/04/2025 15:22:06 Epoch 228 Train Loss: 0.53897023
228,0.53897023,28/04/2025 15:22:10 Epoch 229 Validation Loss: 0.34226727
0.34226727
28/04/2025 15:22:10 Epoch 229 Train Loss: 0.54436517
229,0.54436517,28/04/2025 15:22:14 Epoch 230 Validation Loss: 0.34374484
0.34374484
28/04/2025 15:22:14 Epoch 230 Train Loss: 0.52393121
230,0.52393121,28/04/2025 15:22:17 Epoch 231 Validation Loss: 0.33894163
0.33894163
28/04/2025 15:22:17 Epoch 231 Train Loss: 0.52176720
231,0.52176720,28/04/2025 15:22:21 Epoch 232 Validation Loss: 0.33552489
0.33552489
28/04/2025 15:22:21 Epoch 232 Train Loss: 0.52887177
232,0.52887177,28/04/2025 15:22:26 Epoch 233 Validation Loss: 0.34452656
0.34452656
28/04/2025 15:22:26 Epoch 233 Train Loss: 0.52997202
233,0.52997202,28/04/2025 15:22:30 Epoch 234 Validation Loss: 0.33408076
0.33408076
28/04/2025 15:22:30 Epoch 234 Train Loss: 0.51722687
234,0.51722687,28/04/2025 15:22:34 Epoch 235 Validation Loss: 0.34861478
0.34861478
28/04/2025 15:22:34 Epoch 235 Train Loss: 0.51067233
235,0.51067233,28/04/2025 15:22:38 Epoch 236 Validation Loss: 0.33306149
0.33306149
28/04/2025 15:22:38 Epoch 236 Train Loss: 0.51878738
236,0.51878738,28/04/2025 15:22:42 Epoch 237 Validation Loss: 0.35993546
0.35993546
28/04/2025 15:22:42 Epoch 237 Train Loss: 0.52567548
237,0.52567548,28/04/2025 15:22:46 Epoch 238 Validation Loss: 0.39477700
0.39477700
28/04/2025 15:22:46 Epoch 238 Train Loss: 0.52411109
238,0.52411109,28/04/2025 15:22:50 Epoch 239 Validation Loss: 0.37460479
0.37460479
28/04/2025 15:22:50 Epoch 239 Train Loss: 0.53136694
239,0.53136694,28/04/2025 15:22:54 Epoch 240 Validation Loss: 0.32559603
0.32559603
28/04/2025 15:22:54 Epoch 240 Train Loss: 0.50995147
240,0.50995147,28/04/2025 15:22:58 Epoch 241 Validation Loss: 0.33042303
0.33042303
28/04/2025 15:22:58 Epoch 241 Train Loss: 0.50847423
241,0.50847423,28/04/2025 15:23:04 Epoch 242 Validation Loss: 0.40854996
0.40854996
28/04/2025 15:23:04 Epoch 242 Train Loss: 0.50960749
242,0.50960749,28/04/2025 15:23:08 Epoch 243 Validation Loss: 0.32348558
0.32348558
28/04/2025 15:23:08 Epoch 243 Train Loss: 0.54032868
243,0.54032868,28/04/2025 15:23:12 Epoch 244 Validation Loss: 0.33654675
0.33654675
28/04/2025 15:23:12 Epoch 244 Train Loss: 0.52689499
244,0.52689499,28/04/2025 15:23:16 Epoch 245 Validation Loss: 0.36919436
0.36919436
28/04/2025 15:23:16 Epoch 245 Train Loss: 0.50898004
245,0.50898004,28/04/2025 15:23:20 Epoch 246 Validation Loss: 0.48489410
0.48489410
28/04/2025 15:23:20 Epoch 246 Train Loss: 0.52193391
246,0.52193391,28/04/2025 15:23:24 Epoch 247 Validation Loss: 0.32283020
0.32283020
28/04/2025 15:23:24 Epoch 247 Train Loss: 0.56774116
247,0.56774116,28/04/2025 15:23:28 Epoch 248 Validation Loss: 0.31377643
0.31377643
28/04/2025 15:23:28 Epoch 248 Train Loss: 0.50679696
248,0.50679696,28/04/2025 15:23:32 Epoch 249 Validation Loss: 0.32699025
0.32699025
28/04/2025 15:23:32 Epoch 249 Train Loss: 0.49523002
249,0.49523002,28/04/2025 15:23:36 Epoch 250 Validation Loss: 0.33792299
0.33792299
28/04/2025 15:23:36 Epoch 250 Train Loss: 0.49618772
250,0.49618772,28/04/2025 15:23:40 Epoch 251 Validation Loss: 0.31077206
0.31077206
28/04/2025 15:23:40 Epoch 251 Train Loss: 0.50315410
251,0.50315410,28/04/2025 15:23:44 Epoch 252 Validation Loss: 0.32939914
0.32939914
28/04/2025 15:23:44 Epoch 252 Train Loss: 0.49854726
252,0.49854726,28/04/2025 15:23:47 Epoch 253 Validation Loss: 0.34301022
0.34301022
28/04/2025 15:23:47 Epoch 253 Train Loss: 0.50170636
253,0.50170636,28/04/2025 15:23:52 Epoch 254 Validation Loss: 0.30887535
0.30887535
28/04/2025 15:23:52 Epoch 254 Train Loss: 0.50245625
254,0.50245625,28/04/2025 15:23:56 Epoch 255 Validation Loss: 0.33837131
0.33837131
28/04/2025 15:23:56 Epoch 255 Train Loss: 0.49983922
255,0.49983922,28/04/2025 15:24:00 Epoch 256 Validation Loss: 0.31722850
0.31722850
28/04/2025 15:24:00 Epoch 256 Train Loss: 0.48544157
256,0.48544157,28/04/2025 15:24:04 Epoch 257 Validation Loss: 0.29899254
0.29899254
28/04/2025 15:24:04 Epoch 257 Train Loss: 0.47426841
257,0.47426841,28/04/2025 15:24:08 Epoch 258 Validation Loss: 0.29837066
0.29837066
28/04/2025 15:24:08 Epoch 258 Train Loss: 0.47557613
258,0.47557613,28/04/2025 15:24:12 Epoch 259 Validation Loss: 0.30109301
0.30109301
28/04/2025 15:24:12 Epoch 259 Train Loss: 0.46639341
259,0.46639341,28/04/2025 15:24:16 Epoch 260 Validation Loss: 0.31082204
0.31082204
28/04/2025 15:24:16 Epoch 260 Train Loss: 0.46620858
260,0.46620858,28/04/2025 15:24:20 Epoch 261 Validation Loss: 0.29204184
0.29204184
28/04/2025 15:24:20 Epoch 261 Train Loss: 0.47682190
261,0.47682190,28/04/2025 15:24:24 Epoch 262 Validation Loss: 0.29658297
0.29658297
28/04/2025 15:24:24 Epoch 262 Train Loss: 0.47682473
262,0.47682473,28/04/2025 15:24:28 Epoch 263 Validation Loss: 0.29063991
0.29063991
28/04/2025 15:24:28 Epoch 263 Train Loss: 0.46994701
263,0.46994701,28/04/2025 15:24:32 Epoch 264 Validation Loss: 0.40332937
0.40332937
28/04/2025 15:24:32 Epoch 264 Train Loss: 0.46382874
264,0.46382874,28/04/2025 15:24:37 Epoch 265 Validation Loss: 0.31132212
0.31132212
28/04/2025 15:24:37 Epoch 265 Train Loss: 0.51746684
265,0.51746684,28/04/2025 15:24:41 Epoch 266 Validation Loss: 0.30443752
0.30443752
28/04/2025 15:24:41 Epoch 266 Train Loss: 0.47951916
266,0.47951916,28/04/2025 15:24:45 Epoch 267 Validation Loss: 0.28367406
0.28367406
28/04/2025 15:24:45 Epoch 267 Train Loss: 0.46687919
267,0.46687919,28/04/2025 15:24:49 Epoch 268 Validation Loss: 0.29911390
0.29911390
28/04/2025 15:24:49 Epoch 268 Train Loss: 0.46042225
268,0.46042225,28/04/2025 15:24:53 Epoch 269 Validation Loss: 0.41462719
0.41462719
28/04/2025 15:24:53 Epoch 269 Train Loss: 0.46265829
269,0.46265829,28/04/2025 15:24:56 Epoch 270 Validation Loss: 0.30082691
0.30082691
28/04/2025 15:24:56 Epoch 270 Train Loss: 0.52927423
270,0.52927423,28/04/2025 15:25:01 Epoch 271 Validation Loss: 0.31085244
0.31085244
28/04/2025 15:25:01 Epoch 271 Train Loss: 0.47874400
271,0.47874400,28/04/2025 15:25:05 Epoch 272 Validation Loss: 0.27618074
0.27618074
28/04/2025 15:25:05 Epoch 272 Train Loss: 0.46095821
272,0.46095821,28/04/2025 15:25:09 Epoch 273 Validation Loss: 0.29435343
0.29435343
28/04/2025 15:25:09 Epoch 273 Train Loss: 0.45262447
273,0.45262447,28/04/2025 15:25:13 Epoch 274 Validation Loss: 0.28191873
0.28191873
28/04/2025 15:25:13 Epoch 274 Train Loss: 0.46014199
274,0.46014199,28/04/2025 15:25:16 Epoch 275 Validation Loss: 0.27096388
0.27096388
28/04/2025 15:25:16 Epoch 275 Train Loss: 0.45712367
275,0.45712367,28/04/2025 15:25:20 Epoch 276 Validation Loss: 0.28086686
0.28086686
28/04/2025 15:25:20 Epoch 276 Train Loss: 0.44993803
276,0.44993803,28/04/2025 15:25:24 Epoch 277 Validation Loss: 0.27654183
0.27654183
28/04/2025 15:25:24 Epoch 277 Train Loss: 0.45409459
277,0.45409459,28/04/2025 15:25:29 Epoch 278 Validation Loss: 0.33546919
0.33546919
28/04/2025 15:25:29 Epoch 278 Train Loss: 0.45294625
278,0.45294625,28/04/2025 15:25:33 Epoch 279 Validation Loss: 0.25979975
0.25979975
28/04/2025 15:25:33 Epoch 279 Train Loss: 0.46644613
279,0.46644613,28/04/2025 15:25:37 Epoch 280 Validation Loss: 0.26512530
0.26512530
28/04/2025 15:25:37 Epoch 280 Train Loss: 0.44194129
280,0.44194129,28/04/2025 15:25:41 Epoch 281 Validation Loss: 0.26302016
0.26302016
28/04/2025 15:25:41 Epoch 281 Train Loss: 0.44153395
281,0.44153395,28/04/2025 15:25:45 Epoch 282 Validation Loss: 0.29026943
0.29026943
28/04/2025 15:25:45 Epoch 282 Train Loss: 0.44125894
282,0.44125894,28/04/2025 15:25:49 Epoch 283 Validation Loss: 0.32947716
0.32947716
28/04/2025 15:25:49 Epoch 283 Train Loss: 0.43889344
283,0.43889344,28/04/2025 15:25:53 Epoch 284 Validation Loss: 0.30809730
0.30809730
28/04/2025 15:25:53 Epoch 284 Train Loss: 0.44739565
284,0.44739565,28/04/2025 15:25:56 Epoch 285 Validation Loss: 0.26637185
0.26637185
28/04/2025 15:25:56 Epoch 285 Train Loss: 0.45160609
285,0.45160609,28/04/2025 15:26:00 Epoch 286 Validation Loss: 0.25113747
0.25113747
28/04/2025 15:26:00 Epoch 286 Train Loss: 0.44055104
286,0.44055104,28/04/2025 15:26:04 Epoch 287 Validation Loss: 0.25814760
0.25814760
28/04/2025 15:26:04 Epoch 287 Train Loss: 0.43564329
287,0.43564329,28/04/2025 15:26:08 Epoch 288 Validation Loss: 0.26097000
0.26097000
28/04/2025 15:26:08 Epoch 288 Train Loss: 0.42975241
288,0.42975241,28/04/2025 15:26:12 Epoch 289 Validation Loss: 0.26383957
0.26383957
28/04/2025 15:26:12 Epoch 289 Train Loss: 0.42619482
289,0.42619482,28/04/2025 15:26:16 Epoch 290 Validation Loss: 0.25349584
0.25349584
28/04/2025 15:26:16 Epoch 290 Train Loss: 0.42912695
290,0.42912695,28/04/2025 15:26:20 Epoch 291 Validation Loss: 0.25218585
0.25218585
28/04/2025 15:26:20 Epoch 291 Train Loss: 0.42220753
291,0.42220753,28/04/2025 15:26:24 Epoch 292 Validation Loss: 0.28558013
0.28558013
28/04/2025 15:26:24 Epoch 292 Train Loss: 0.41736180
292,0.41736180,28/04/2025 15:26:28 Epoch 293 Validation Loss: 0.26783839
0.26783839
28/04/2025 15:26:28 Epoch 293 Train Loss: 0.43259171
293,0.43259171,28/04/2025 15:26:32 Epoch 294 Validation Loss: 0.24928816
0.24928816
28/04/2025 15:26:32 Epoch 294 Train Loss: 0.42931405
294,0.42931405,28/04/2025 15:26:36 Epoch 295 Validation Loss: 0.24591890
0.24591890
28/04/2025 15:26:36 Epoch 295 Train Loss: 0.42076331
295,0.42076331,28/04/2025 15:26:41 Epoch 296 Validation Loss: 0.25162649
0.25162649
28/04/2025 15:26:41 Epoch 296 Train Loss: 0.42961109
296,0.42961109,28/04/2025 15:26:47 Epoch 297 Validation Loss: 0.31238455
0.31238455
28/04/2025 15:26:47 Epoch 297 Train Loss: 0.42790812
297,0.42790812,28/04/2025 15:26:50 Epoch 298 Validation Loss: 0.50379944
0.50379944
28/04/2025 15:26:50 Epoch 298 Train Loss: 0.44332638
298,0.44332638,28/04/2025 15:26:55 Epoch 299 Validation Loss: 0.33995166
0.33995166
28/04/2025 15:26:55 Epoch 299 Train Loss: 0.61059523
299,0.61059523,28/04/2025 15:26:59 Epoch 300 Validation Loss: 0.25093850
0.25093850
28/04/2025 15:26:59 Epoch 300 Train Loss: 0.46102297
300,0.46102297,28/04/2025 15:27:03 Epoch 301 Validation Loss: 0.24157223
0.24157223
28/04/2025 15:27:03 Epoch 301 Train Loss: 0.43986133
301,0.43986133,28/04/2025 15:27:07 Epoch 302 Validation Loss: 0.26329267
0.26329267
28/04/2025 15:27:07 Epoch 302 Train Loss: 0.41216928
302,0.41216928,28/04/2025 15:27:11 Epoch 303 Validation Loss: 0.24019918
0.24019918
28/04/2025 15:27:11 Epoch 303 Train Loss: 0.42026135
303,0.42026135,28/04/2025 15:27:15 Epoch 304 Validation Loss: 0.25394365
0.25394365
28/04/2025 15:27:15 Epoch 304 Train Loss: 0.41559520
304,0.41559520,28/04/2025 15:27:19 Epoch 305 Validation Loss: 0.27166799
0.27166799
28/04/2025 15:27:19 Epoch 305 Train Loss: 0.42658049
305,0.42658049,28/04/2025 15:27:23 Epoch 306 Validation Loss: 0.23349136
0.23349136
28/04/2025 15:27:23 Epoch 306 Train Loss: 0.42055917
306,0.42055917,28/04/2025 15:27:26 Epoch 307 Validation Loss: 0.23207060
0.23207060
28/04/2025 15:27:26 Epoch 307 Train Loss: 0.40819010
307,0.40819010,28/04/2025 15:27:30 Epoch 308 Validation Loss: 0.25902513
0.25902513
28/04/2025 15:27:30 Epoch 308 Train Loss: 0.40633166
308,0.40633166,28/04/2025 15:27:34 Epoch 309 Validation Loss: 0.23493648
0.23493648
28/04/2025 15:27:34 Epoch 309 Train Loss: 0.41174501
309,0.41174501,28/04/2025 15:27:38 Epoch 310 Validation Loss: 0.22894458
0.22894458
28/04/2025 15:27:38 Epoch 310 Train Loss: 0.41568664
310,0.41568664,28/04/2025 15:27:42 Epoch 311 Validation Loss: 0.23173170
0.23173170
28/04/2025 15:27:42 Epoch 311 Train Loss: 0.39888963
311,0.39888963,28/04/2025 15:27:45 Epoch 312 Validation Loss: 0.24889845
0.24889845
28/04/2025 15:27:45 Epoch 312 Train Loss: 0.40209365
312,0.40209365,28/04/2025 15:27:49 Epoch 313 Validation Loss: 0.23902760
0.23902760
28/04/2025 15:27:49 Epoch 313 Train Loss: 0.42059511
313,0.42059511,28/04/2025 15:27:53 Epoch 314 Validation Loss: 0.23885572
0.23885572
28/04/2025 15:27:53 Epoch 314 Train Loss: 0.40536281
314,0.40536281,28/04/2025 15:27:57 Epoch 315 Validation Loss: 0.22770564
0.22770564
28/04/2025 15:27:57 Epoch 315 Train Loss: 0.40585732
315,0.40585732,28/04/2025 15:28:01 Epoch 316 Validation Loss: 0.23091120
0.23091120
28/04/2025 15:28:01 Epoch 316 Train Loss: 0.38845116
316,0.38845116,28/04/2025 15:28:05 Epoch 317 Validation Loss: 0.21970482
0.21970482
28/04/2025 15:28:05 Epoch 317 Train Loss: 0.39545947
317,0.39545947,28/04/2025 15:28:09 Epoch 318 Validation Loss: 0.26724583
0.26724583
28/04/2025 15:28:09 Epoch 318 Train Loss: 0.38863891
318,0.38863891,28/04/2025 15:28:13 Epoch 319 Validation Loss: 0.27273452
0.27273452
28/04/2025 15:28:13 Epoch 319 Train Loss: 0.41591832
319,0.41591832,28/04/2025 15:28:17 Epoch 320 Validation Loss: 0.22324885
0.22324885
28/04/2025 15:28:17 Epoch 320 Train Loss: 0.42880362
320,0.42880362,28/04/2025 15:28:21 Epoch 321 Validation Loss: 0.22841845
0.22841845
28/04/2025 15:28:21 Epoch 321 Train Loss: 0.41039938
321,0.41039938,28/04/2025 15:28:25 Epoch 322 Validation Loss: 0.21879999
0.21879999
28/04/2025 15:28:25 Epoch 322 Train Loss: 0.38675016
322,0.38675016,28/04/2025 15:28:29 Epoch 323 Validation Loss: 0.21665254
0.21665254
28/04/2025 15:28:29 Epoch 323 Train Loss: 0.37935108
323,0.37935108,28/04/2025 15:28:33 Epoch 324 Validation Loss: 0.22196759
0.22196759
28/04/2025 15:28:33 Epoch 324 Train Loss: 0.37894705
324,0.37894705,28/04/2025 15:28:37 Epoch 325 Validation Loss: 0.22063342
0.22063342
28/04/2025 15:28:37 Epoch 325 Train Loss: 0.38502914
325,0.38502914,28/04/2025 15:28:41 Epoch 326 Validation Loss: 0.22480863
0.22480863
28/04/2025 15:28:41 Epoch 326 Train Loss: 0.38056213
326,0.38056213,28/04/2025 15:28:45 Epoch 327 Validation Loss: 0.21547630
0.21547630
28/04/2025 15:28:45 Epoch 327 Train Loss: 0.37462938
327,0.37462938,28/04/2025 15:28:49 Epoch 328 Validation Loss: 0.21514812
0.21514812
28/04/2025 15:28:49 Epoch 328 Train Loss: 0.37899745
328,0.37899745,28/04/2025 15:28:54 Epoch 329 Validation Loss: 0.24722177
0.24722177
28/04/2025 15:28:54 Epoch 329 Train Loss: 0.37913027
329,0.37913027,28/04/2025 15:28:58 Epoch 330 Validation Loss: 0.22045358
0.22045358
28/04/2025 15:28:58 Epoch 330 Train Loss: 0.38982180
330,0.38982180,28/04/2025 15:29:02 Epoch 331 Validation Loss: 0.29413119
0.29413119
28/04/2025 15:29:02 Epoch 331 Train Loss: 0.38061595
331,0.38061595,28/04/2025 15:29:06 Epoch 332 Validation Loss: 0.23795237
0.23795237
28/04/2025 15:29:06 Epoch 332 Train Loss: 0.40890580
332,0.40890580,28/04/2025 15:29:10 Epoch 333 Validation Loss: 0.22323823
0.22323823
28/04/2025 15:29:10 Epoch 333 Train Loss: 0.37714711
333,0.37714711,28/04/2025 15:29:14 Epoch 334 Validation Loss: 0.21963204
0.21963204
28/04/2025 15:29:14 Epoch 334 Train Loss: 0.37073559
334,0.37073559,28/04/2025 15:29:18 Epoch 335 Validation Loss: 0.22203708
0.22203708
28/04/2025 15:29:18 Epoch 335 Train Loss: 0.36823121
335,0.36823121,28/04/2025 15:29:21 Epoch 336 Validation Loss: 0.22175144
0.22175144
28/04/2025 15:29:21 Epoch 336 Train Loss: 0.36507031
336,0.36507031,28/04/2025 15:29:26 Epoch 337 Validation Loss: 0.20332083
0.20332083
28/04/2025 15:29:26 Epoch 337 Train Loss: 0.36953503
337,0.36953503,28/04/2025 15:29:30 Epoch 338 Validation Loss: 0.19850458
0.19850458
28/04/2025 15:29:30 Epoch 338 Train Loss: 0.36351439
338,0.36351439,28/04/2025 15:29:34 Epoch 339 Validation Loss: 0.22203472
0.22203472
28/04/2025 15:29:34 Epoch 339 Train Loss: 0.35792270
339,0.35792270,28/04/2025 15:29:38 Epoch 340 Validation Loss: 0.22040285
0.22040285
28/04/2025 15:29:38 Epoch 340 Train Loss: 0.36061728
340,0.36061728,28/04/2025 15:29:42 Epoch 341 Validation Loss: 0.20013309
0.20013309
28/04/2025 15:29:42 Epoch 341 Train Loss: 0.36709249
341,0.36709249,28/04/2025 15:29:47 Epoch 342 Validation Loss: 0.20931377
0.20931377
28/04/2025 15:29:47 Epoch 342 Train Loss: 0.35157743
342,0.35157743,28/04/2025 15:29:51 Epoch 343 Validation Loss: 0.19627643
0.19627643
28/04/2025 15:29:51 Epoch 343 Train Loss: 0.36547473
343,0.36547473,28/04/2025 15:29:55 Epoch 344 Validation Loss: 0.22895192
0.22895192
28/04/2025 15:29:55 Epoch 344 Train Loss: 0.34738058
344,0.34738058,28/04/2025 15:29:59 Epoch 345 Validation Loss: 0.23230134
0.23230134
28/04/2025 15:29:59 Epoch 345 Train Loss: 0.35704640
345,0.35704640,28/04/2025 15:30:03 Epoch 346 Validation Loss: 0.22322015
0.22322015
28/04/2025 15:30:03 Epoch 346 Train Loss: 0.36567110
346,0.36567110,28/04/2025 15:30:07 Epoch 347 Validation Loss: 0.21743220
0.21743220
28/04/2025 15:30:07 Epoch 347 Train Loss: 0.35575283
347,0.35575283,28/04/2025 15:30:11 Epoch 348 Validation Loss: 0.19359075
0.19359075
28/04/2025 15:30:11 Epoch 348 Train Loss: 0.37261474
348,0.37261474,28/04/2025 15:30:15 Epoch 349 Validation Loss: 0.19763233
0.19763233
28/04/2025 15:30:15 Epoch 349 Train Loss: 0.34149024
349,0.34149024,28/04/2025 15:30:19 Epoch 350 Validation Loss: 0.19044384
0.19044384
28/04/2025 15:30:19 Epoch 350 Train Loss: 0.34363565
350,0.34363565,28/04/2025 15:30:23 Epoch 351 Validation Loss: 0.19228482
0.19228482
28/04/2025 15:30:23 Epoch 351 Train Loss: 0.33708891
351,0.33708891,28/04/2025 15:30:27 Epoch 352 Validation Loss: 0.18878917
0.18878917
28/04/2025 15:30:27 Epoch 352 Train Loss: 0.33671340
352,0.33671340,28/04/2025 15:30:32 Epoch 353 Validation Loss: 0.19651975
0.19651975
28/04/2025 15:30:32 Epoch 353 Train Loss: 0.34180221
353,0.34180221,28/04/2025 15:30:36 Epoch 354 Validation Loss: 0.30952218
0.30952218
28/04/2025 15:30:36 Epoch 354 Train Loss: 0.34046993
354,0.34046993,28/04/2025 15:30:40 Epoch 355 Validation Loss: 0.18813102
0.18813102
28/04/2025 15:30:40 Epoch 355 Train Loss: 0.37665394
355,0.37665394,28/04/2025 15:30:45 Epoch 356 Validation Loss: 0.18795159
0.18795159
28/04/2025 15:30:45 Epoch 356 Train Loss: 0.34604236
356,0.34604236,28/04/2025 15:30:49 Epoch 357 Validation Loss: 0.19929957
0.19929957
28/04/2025 15:30:49 Epoch 357 Train Loss: 0.33722708
357,0.33722708,28/04/2025 15:30:53 Epoch 358 Validation Loss: 0.20166044
0.20166044
28/04/2025 15:30:53 Epoch 358 Train Loss: 0.33754712
358,0.33754712,28/04/2025 15:30:57 Epoch 359 Validation Loss: 0.21505548
0.21505548
28/04/2025 15:30:57 Epoch 359 Train Loss: 0.34268367
359,0.34268367,28/04/2025 15:31:01 Epoch 360 Validation Loss: 0.20780477
0.20780477
28/04/2025 15:31:01 Epoch 360 Train Loss: 0.34550235
360,0.34550235,28/04/2025 15:31:05 Epoch 361 Validation Loss: 0.21060485
0.21060485
28/04/2025 15:31:05 Epoch 361 Train Loss: 0.34392887
361,0.34392887,28/04/2025 15:31:09 Epoch 362 Validation Loss: 0.21679823
0.21679823
28/04/2025 15:31:09 Epoch 362 Train Loss: 0.34180069
362,0.34180069,28/04/2025 15:31:13 Epoch 363 Validation Loss: 0.23169321
0.23169321
28/04/2025 15:31:13 Epoch 363 Train Loss: 0.33862561
363,0.33862561,28/04/2025 15:31:20 Epoch 364 Validation Loss: 0.19017963
0.19017963
28/04/2025 15:31:20 Epoch 364 Train Loss: 0.34676611
364,0.34676611,28/04/2025 15:31:27 Epoch 365 Validation Loss: 0.19646902
0.19646902
28/04/2025 15:31:27 Epoch 365 Train Loss: 0.34556484
365,0.34556484,28/04/2025 15:31:33 Epoch 366 Validation Loss: 0.18597917
0.18597917
28/04/2025 15:31:33 Epoch 366 Train Loss: 0.33748776
366,0.33748776,28/04/2025 15:31:38 Epoch 367 Validation Loss: 0.18858247
0.18858247
28/04/2025 15:31:38 Epoch 367 Train Loss: 0.33319527
367,0.33319527,28/04/2025 15:31:44 Epoch 368 Validation Loss: 0.21269649
0.21269649
28/04/2025 15:31:44 Epoch 368 Train Loss: 0.33449888
368,0.33449888,28/04/2025 15:31:49 Epoch 369 Validation Loss: 0.29281783
0.29281783
28/04/2025 15:31:49 Epoch 369 Train Loss: 0.34570467
369,0.34570467,28/04/2025 15:31:55 Epoch 370 Validation Loss: 0.30996647
0.30996647
28/04/2025 15:31:55 Epoch 370 Train Loss: 0.38107365
370,0.38107365,28/04/2025 15:32:00 Epoch 371 Validation Loss: 0.23610438
0.23610438
28/04/2025 15:32:00 Epoch 371 Train Loss: 0.38646618
371,0.38646618,28/04/2025 15:32:08 Epoch 372 Validation Loss: 0.19158114
0.19158114
28/04/2025 15:32:08 Epoch 372 Train Loss: 0.35289818
372,0.35289818,28/04/2025 15:32:13 Epoch 373 Validation Loss: 0.18530905
0.18530905
28/04/2025 15:32:13 Epoch 373 Train Loss: 0.32251707
373,0.32251707,28/04/2025 15:32:18 Epoch 374 Validation Loss: 0.17810246
0.17810246
28/04/2025 15:32:18 Epoch 374 Train Loss: 0.33317441
374,0.33317441,28/04/2025 15:32:23 Epoch 375 Validation Loss: 0.20660469
0.20660469
28/04/2025 15:32:23 Epoch 375 Train Loss: 0.32454085
375,0.32454085,28/04/2025 15:32:29 Epoch 376 Validation Loss: 0.24294576
0.24294576
28/04/2025 15:32:29 Epoch 376 Train Loss: 0.33603624
376,0.33603624,28/04/2025 15:32:34 Epoch 377 Validation Loss: 0.21179476
0.21179476
28/04/2025 15:32:34 Epoch 377 Train Loss: 0.37098217
377,0.37098217,28/04/2025 15:32:40 Epoch 378 Validation Loss: 0.17163657
0.17163657
28/04/2025 15:32:40 Epoch 378 Train Loss: 0.32823074
378,0.32823074,28/04/2025 15:32:44 Epoch 379 Validation Loss: 0.21052727
0.21052727
28/04/2025 15:32:44 Epoch 379 Train Loss: 0.31680450
379,0.31680450,28/04/2025 15:32:50 Epoch 380 Validation Loss: 0.19530211
0.19530211
28/04/2025 15:32:50 Epoch 380 Train Loss: 0.33162633
380,0.33162633,28/04/2025 15:32:56 Epoch 381 Validation Loss: 0.17070757
0.17070757
28/04/2025 15:32:56 Epoch 381 Train Loss: 0.31715754
381,0.31715754,28/04/2025 15:33:01 Epoch 382 Validation Loss: 0.18571314
0.18571314
28/04/2025 15:33:01 Epoch 382 Train Loss: 0.30783632
382,0.30783632,28/04/2025 15:33:06 Epoch 383 Validation Loss: 0.17056407
0.17056407
28/04/2025 15:33:06 Epoch 383 Train Loss: 0.31141508
383,0.31141508,28/04/2025 15:33:13 Epoch 384 Validation Loss: 0.17488880
0.17488880
28/04/2025 15:33:13 Epoch 384 Train Loss: 0.30865934
384,0.30865934,28/04/2025 15:33:17 Epoch 385 Validation Loss: 0.16842230
0.16842230
28/04/2025 15:33:17 Epoch 385 Train Loss: 0.30452096
385,0.30452096,28/04/2025 15:33:23 Epoch 386 Validation Loss: 0.18083432
0.18083432
28/04/2025 15:33:23 Epoch 386 Train Loss: 0.30371234
386,0.30371234,28/04/2025 15:33:29 Epoch 387 Validation Loss: 0.16432363
0.16432363
28/04/2025 15:33:29 Epoch 387 Train Loss: 0.30711451
387,0.30711451,28/04/2025 15:33:34 Epoch 388 Validation Loss: 0.16526161
0.16526161
28/04/2025 15:33:34 Epoch 388 Train Loss: 0.29463986
388,0.29463986,28/04/2025 15:33:39 Epoch 389 Validation Loss: 0.25487027
0.25487027
28/04/2025 15:33:39 Epoch 389 Train Loss: 0.30111158
389,0.30111158,28/04/2025 15:33:46 Epoch 390 Validation Loss: 0.20204836
0.20204836
28/04/2025 15:33:46 Epoch 390 Train Loss: 0.34845427
390,0.34845427,28/04/2025 15:33:51 Epoch 391 Validation Loss: 0.20095025
0.20095025
28/04/2025 15:33:51 Epoch 391 Train Loss: 0.33033061
391,0.33033061,28/04/2025 15:33:56 Epoch 392 Validation Loss: 0.27638137
0.27638137
28/04/2025 15:33:56 Epoch 392 Train Loss: 0.34863016
392,0.34863016,28/04/2025 15:34:02 Epoch 393 Validation Loss: 0.22592685
0.22592685
28/04/2025 15:34:02 Epoch 393 Train Loss: 0.34905347
393,0.34905347,28/04/2025 15:34:08 Epoch 394 Validation Loss: 0.25966820
0.25966820
28/04/2025 15:34:08 Epoch 394 Train Loss: 0.32288477
394,0.32288477,28/04/2025 15:34:14 Epoch 395 Validation Loss: 0.17623803
0.17623803
28/04/2025 15:34:14 Epoch 395 Train Loss: 0.34400758
395,0.34400758,28/04/2025 15:34:19 Epoch 396 Validation Loss: 0.16519699
0.16519699
28/04/2025 15:34:19 Epoch 396 Train Loss: 0.31887418
396,0.31887418,28/04/2025 15:34:24 Epoch 397 Validation Loss: 0.16731606
0.16731606
28/04/2025 15:34:24 Epoch 397 Train Loss: 0.31906790
397,0.31906790,28/04/2025 15:34:29 Epoch 398 Validation Loss: 0.17337734
0.17337734
28/04/2025 15:34:29 Epoch 398 Train Loss: 0.31512851
398,0.31512851,28/04/2025 15:34:34 Epoch 399 Validation Loss: 0.16777414
0.16777414
28/04/2025 15:34:34 Epoch 399 Train Loss: 0.29959098
399,0.29959098,28/04/2025 15:34:40 Epoch 400 Validation Loss: 0.16926068
0.16926068
28/04/2025 15:34:40 Epoch 400 Train Loss: 0.29632944
400,0.29632944,28/04/2025 15:34:45 Epoch 401 Validation Loss: 0.15961425
0.15961425
28/04/2025 15:34:45 Epoch 401 Train Loss: 0.29327774
401,0.29327774,28/04/2025 15:34:50 Epoch 402 Validation Loss: 0.15763971
0.15763971
28/04/2025 15:34:50 Epoch 402 Train Loss: 0.28880861
402,0.28880861,28/04/2025 15:34:56 Epoch 403 Validation Loss: 0.16893335
0.16893335
28/04/2025 15:34:56 Epoch 403 Train Loss: 0.28694776
403,0.28694776,28/04/2025 15:35:02 Epoch 404 Validation Loss: 0.17604297
0.17604297
28/04/2025 15:35:02 Epoch 404 Train Loss: 0.29343086
404,0.29343086,28/04/2025 15:35:07 Epoch 405 Validation Loss: 0.17612791
0.17612791
28/04/2025 15:35:07 Epoch 405 Train Loss: 0.29281032
405,0.29281032,28/04/2025 15:35:13 Epoch 406 Validation Loss: 0.16811697
0.16811697
28/04/2025 15:35:13 Epoch 406 Train Loss: 0.29518709
406,0.29518709,28/04/2025 15:35:20 Epoch 407 Validation Loss: 0.16344869
0.16344869
28/04/2025 15:35:20 Epoch 407 Train Loss: 0.29220876
407,0.29220876,28/04/2025 15:35:25 Epoch 408 Validation Loss: 0.20823538
0.20823538
28/04/2025 15:35:25 Epoch 408 Train Loss: 0.27697897
408,0.27697897,28/04/2025 15:35:32 Epoch 409 Validation Loss: 0.60718274
0.60718274
28/04/2025 15:35:32 Epoch 409 Train Loss: 0.29081315
409,0.29081315,28/04/2025 15:35:38 Epoch 410 Validation Loss: 0.28708005
0.28708005
28/04/2025 15:35:38 Epoch 410 Train Loss: 0.50737756
410,0.50737756,28/04/2025 15:35:44 Epoch 411 Validation Loss: 0.22875601
0.22875601
28/04/2025 15:35:44 Epoch 411 Train Loss: 0.39302272
411,0.39302272,28/04/2025 15:35:50 Epoch 412 Validation Loss: 0.28541803
0.28541803
28/04/2025 15:35:50 Epoch 412 Train Loss: 0.34554505
412,0.34554505,28/04/2025 15:35:54 Epoch 413 Validation Loss: 0.16418087
0.16418087
28/04/2025 15:35:54 Epoch 413 Train Loss: 0.33351108
413,0.33351108,28/04/2025 15:36:00 Epoch 414 Validation Loss: 0.17576286
0.17576286
28/04/2025 15:36:00 Epoch 414 Train Loss: 0.31531698
414,0.31531698,28/04/2025 15:36:05 Epoch 415 Validation Loss: 0.18385544
0.18385544
28/04/2025 15:36:05 Epoch 415 Train Loss: 0.30134013
415,0.30134013,28/04/2025 15:36:10 Epoch 416 Validation Loss: 0.15620515
0.15620515
28/04/2025 15:36:10 Epoch 416 Train Loss: 0.29265073
416,0.29265073,28/04/2025 15:36:16 Epoch 417 Validation Loss: 0.15492304
0.15492304
28/04/2025 15:36:16 Epoch 417 Train Loss: 0.28587210
417,0.28587210,28/04/2025 15:36:22 Epoch 418 Validation Loss: 0.16485257
0.16485257
28/04/2025 15:36:22 Epoch 418 Train Loss: 0.27614701
418,0.27614701,28/04/2025 15:36:26 Epoch 419 Validation Loss: 0.15360519
0.15360519
28/04/2025 15:36:26 Epoch 419 Train Loss: 0.26865926
419,0.26865926,28/04/2025 15:36:32 Epoch 420 Validation Loss: 0.15324336
0.15324336
28/04/2025 15:36:32 Epoch 420 Train Loss: 0.26276931
420,0.26276931,28/04/2025 15:36:39 Epoch 421 Validation Loss: 0.22303987
0.22303987
28/04/2025 15:36:39 Epoch 421 Train Loss: 0.26545358
421,0.26545358,28/04/2025 15:36:43 Epoch 422 Validation Loss: 0.16670690
0.16670690
28/04/2025 15:36:43 Epoch 422 Train Loss: 0.30301842
422,0.30301842,28/04/2025 15:36:49 Epoch 423 Validation Loss: 0.15949222
0.15949222
28/04/2025 15:36:49 Epoch 423 Train Loss: 0.28289571
423,0.28289571,28/04/2025 15:36:54 Epoch 424 Validation Loss: 0.15966550
0.15966550
28/04/2025 15:36:54 Epoch 424 Train Loss: 0.27092591
424,0.27092591,28/04/2025 15:36:59 Epoch 425 Validation Loss: 0.20392758
0.20392758
28/04/2025 15:36:59 Epoch 425 Train Loss: 0.25780571
425,0.25780571,28/04/2025 15:37:05 Epoch 426 Validation Loss: 0.17618777
0.17618777
28/04/2025 15:37:05 Epoch 426 Train Loss: 0.27613160
426,0.27613160,28/04/2025 15:37:12 Epoch 427 Validation Loss: 0.15871213
0.15871213
28/04/2025 15:37:12 Epoch 427 Train Loss: 0.26076522
427,0.26076522,28/04/2025 15:37:19 Epoch 428 Validation Loss: 0.15145330
0.15145330
28/04/2025 15:37:19 Epoch 428 Train Loss: 0.25536245
428,0.25536245,28/04/2025 15:37:24 Epoch 429 Validation Loss: 0.18269953
0.18269953
28/04/2025 15:37:24 Epoch 429 Train Loss: 0.24560347
429,0.24560347,28/04/2025 15:37:30 Epoch 430 Validation Loss: 0.18797961
0.18797961
28/04/2025 15:37:30 Epoch 430 Train Loss: 0.26755393
430,0.26755393,28/04/2025 15:37:35 Epoch 431 Validation Loss: 0.16190022
0.16190022
28/04/2025 15:37:35 Epoch 431 Train Loss: 0.25822237
431,0.25822237,28/04/2025 15:37:40 Epoch 432 Validation Loss: 0.16303000
0.16303000
28/04/2025 15:37:40 Epoch 432 Train Loss: 0.24266133
432,0.24266133,28/04/2025 15:37:44 Epoch 433 Validation Loss: 0.17712617
0.17712617
28/04/2025 15:37:44 Epoch 433 Train Loss: 0.24751699
433,0.24751699,28/04/2025 15:37:48 Epoch 434 Validation Loss: 0.14964658
0.14964658
28/04/2025 15:37:48 Epoch 434 Train Loss: 0.23495339
434,0.23495339,28/04/2025 15:37:51 Epoch 435 Validation Loss: 0.14600542
0.14600542
28/04/2025 15:37:51 Epoch 435 Train Loss: 0.23237360
435,0.23237360,28/04/2025 15:37:55 Epoch 436 Validation Loss: 0.15104803
0.15104803
28/04/2025 15:37:55 Epoch 436 Train Loss: 0.22950700
436,0.22950700,28/04/2025 15:37:59 Epoch 437 Validation Loss: 0.15975881
0.15975881
28/04/2025 15:37:59 Epoch 437 Train Loss: 0.22791663
437,0.22791663,28/04/2025 15:38:03 Epoch 438 Validation Loss: 0.18021534
0.18021534
28/04/2025 15:38:03 Epoch 438 Train Loss: 0.22877207
438,0.22877207,28/04/2025 15:38:07 Epoch 439 Validation Loss: 0.15851513
0.15851513
28/04/2025 15:38:07 Epoch 439 Train Loss: 0.23123573
439,0.23123573,28/04/2025 15:38:12 Epoch 440 Validation Loss: 0.14983074
0.14983074
28/04/2025 15:38:12 Epoch 440 Train Loss: 0.22600769
440,0.22600769,28/04/2025 15:38:16 Epoch 441 Validation Loss: 0.15564744
0.15564744
28/04/2025 15:38:16 Epoch 441 Train Loss: 0.22255535
441,0.22255535,28/04/2025 15:38:20 Epoch 442 Validation Loss: 0.14815712
0.14815712
28/04/2025 15:38:20 Epoch 442 Train Loss: 0.22013514
442,0.22013514,28/04/2025 15:38:23 Epoch 443 Validation Loss: 0.15027168
0.15027168
28/04/2025 15:38:23 Epoch 443 Train Loss: 0.22215334
443,0.22215334,28/04/2025 15:38:27 Epoch 444 Validation Loss: 0.17338039
0.17338039
28/04/2025 15:38:27 Epoch 444 Train Loss: 0.21433336
444,0.21433336,28/04/2025 15:38:31 Epoch 445 Validation Loss: 0.30588922
0.30588922
28/04/2025 15:38:31 Epoch 445 Train Loss: 0.22433776
445,0.22433776,28/04/2025 15:38:35 Epoch 446 Validation Loss: 0.27686968
0.27686968
28/04/2025 15:38:35 Epoch 446 Train Loss: 0.28294888
446,0.28294888,28/04/2025 15:38:40 Epoch 447 Validation Loss: 0.16350842
0.16350842
28/04/2025 15:38:40 Epoch 447 Train Loss: 0.26062736
447,0.26062736,28/04/2025 15:38:44 Epoch 448 Validation Loss: 0.15923975
0.15923975
28/04/2025 15:38:44 Epoch 448 Train Loss: 0.23146714
448,0.23146714,28/04/2025 15:38:48 Epoch 449 Validation Loss: 0.16057289
0.16057289
28/04/2025 15:38:48 Epoch 449 Train Loss: 0.21662891
449,0.21662891,28/04/2025 15:38:52 Epoch 450 Validation Loss: 0.18248495
0.18248495
28/04/2025 15:38:52 Epoch 450 Train Loss: 0.21644561
450,0.21644561,28/04/2025 15:38:55 Epoch 451 Validation Loss: 0.15201759
0.15201759
28/04/2025 15:38:55 Epoch 451 Train Loss: 0.21743084
451,0.21743084,28/04/2025 15:39:00 Epoch 452 Validation Loss: 0.15401210
0.15401210
28/04/2025 15:39:00 Epoch 452 Train Loss: 0.20762908
452,0.20762908,28/04/2025 15:39:03 Epoch 453 Validation Loss: 0.14663860
0.14663860
28/04/2025 15:39:04 Epoch 453 Train Loss: 0.20332961
453,0.20332961,28/04/2025 15:39:08 Epoch 454 Validation Loss: 0.20407705
0.20407705
28/04/2025 15:39:08 Epoch 454 Train Loss: 0.20224571
454,0.20224571,28/04/2025 15:39:12 Epoch 455 Validation Loss: 0.15913025
0.15913025
28/04/2025 15:39:12 Epoch 455 Train Loss: 0.21345784
455,0.21345784,28/04/2025 15:39:16 Epoch 456 Validation Loss: 0.14802240
0.14802240
28/04/2025 15:39:16 Epoch 456 Train Loss: 0.20967796
456,0.20967796,28/04/2025 15:39:20 Epoch 457 Validation Loss: 0.33617705
0.33617705
28/04/2025 15:39:20 Epoch 457 Train Loss: 0.19835994
457,0.19835994,28/04/2025 15:39:24 Epoch 458 Validation Loss: 0.20698428
0.20698428
28/04/2025 15:39:24 Epoch 458 Train Loss: 0.28860670
458,0.28860670,28/04/2025 15:39:28 Epoch 459 Validation Loss: 0.15009345
0.15009345
28/04/2025 15:39:28 Epoch 459 Train Loss: 0.23507488
459,0.23507488,28/04/2025 15:39:32 Epoch 460 Validation Loss: 0.16592845
0.16592845
28/04/2025 15:39:32 Epoch 460 Train Loss: 0.23412627
460,0.23412627,28/04/2025 15:39:36 Epoch 461 Validation Loss: 0.15992475
0.15992475
28/04/2025 15:39:36 Epoch 461 Train Loss: 0.21718353
461,0.21718353,28/04/2025 15:39:41 Epoch 462 Validation Loss: 0.17099671
0.17099671
28/04/2025 15:39:41 Epoch 462 Train Loss: 0.20826347
462,0.20826347,28/04/2025 15:39:45 Epoch 463 Validation Loss: 0.15806502
0.15806502
28/04/2025 15:39:45 Epoch 463 Train Loss: 0.19932525
463,0.19932525,28/04/2025 15:39:49 Epoch 464 Validation Loss: 0.16011254
0.16011254
28/04/2025 15:39:49 Epoch 464 Train Loss: 0.19742718
464,0.19742718,28/04/2025 15:39:53 Epoch 465 Validation Loss: 0.18273009
0.18273009
28/04/2025 15:39:53 Epoch 465 Train Loss: 0.19372308
465,0.19372308,28/04/2025 15:39:58 Epoch 466 Validation Loss: 0.16573000
0.16573000
28/04/2025 15:39:58 Epoch 466 Train Loss: 0.19594255
466,0.19594255,28/04/2025 15:40:02 Epoch 467 Validation Loss: 0.16137657
0.16137657
28/04/2025 15:40:02 Epoch 467 Train Loss: 0.19223498
467,0.19223498,28/04/2025 15:40:05 Epoch 468 Validation Loss: 0.16374148
0.16374148
28/04/2025 15:40:05 Epoch 468 Train Loss: 0.20106339
468,0.20106339,28/04/2025 15:40:10 Epoch 469 Validation Loss: 0.15476623
0.15476623
28/04/2025 15:40:10 Epoch 469 Train Loss: 0.18917671
469,0.18917671,28/04/2025 15:40:14 Epoch 470 Validation Loss: 0.16311412
0.16311412
28/04/2025 15:40:14 Epoch 470 Train Loss: 0.18524471
470,0.18524471,28/04/2025 15:40:18 Epoch 471 Validation Loss: 0.16425768
0.16425768
28/04/2025 15:40:18 Epoch 471 Train Loss: 0.19239143
471,0.19239143,28/04/2025 15:40:22 Epoch 472 Validation Loss: 0.15703280
0.15703280
28/04/2025 15:40:22 Epoch 472 Train Loss: 0.19197148
472,0.19197148,28/04/2025 15:40:26 Epoch 473 Validation Loss: 0.16601211
0.16601211
28/04/2025 15:40:26 Epoch 473 Train Loss: 0.18252641
473,0.18252641,28/04/2025 15:40:30 Epoch 474 Validation Loss: 0.19603816
0.19603816
28/04/2025 15:40:30 Epoch 474 Train Loss: 0.18921433
474,0.18921433,28/04/2025 15:40:34 Epoch 475 Validation Loss: 0.15449442
0.15449442
28/04/2025 15:40:34 Epoch 475 Train Loss: 0.19204053
475,0.19204053,28/04/2025 15:40:39 Epoch 476 Validation Loss: 0.15940750
0.15940750
28/04/2025 15:40:39 Epoch 476 Train Loss: 0.18972309
476,0.18972309,28/04/2025 15:40:43 Epoch 477 Validation Loss: 0.15580046
0.15580046
28/04/2025 15:40:43 Epoch 477 Train Loss: 0.18108143
477,0.18108143,28/04/2025 15:40:47 Epoch 478 Validation Loss: 0.45906740
0.45906740
28/04/2025 15:40:47 Epoch 478 Train Loss: 0.17802551
478,0.17802551,28/04/2025 15:40:51 Epoch 479 Validation Loss: 0.20380743
0.20380743
28/04/2025 15:40:51 Epoch 479 Train Loss: 0.34876522
479,0.34876522,28/04/2025 15:40:55 Epoch 480 Validation Loss: 0.15432326
0.15432326
28/04/2025 15:40:55 Epoch 480 Train Loss: 0.24854022
480,0.24854022,28/04/2025 15:41:00 Epoch 481 Validation Loss: 0.20688625
0.20688625
28/04/2025 15:41:00 Epoch 481 Train Loss: 0.21196550
481,0.21196550,28/04/2025 15:41:04 Epoch 482 Validation Loss: 0.15701312
0.15701312
28/04/2025 15:41:04 Epoch 482 Train Loss: 0.20649408
482,0.20649408,28/04/2025 15:41:08 Epoch 483 Validation Loss: 0.16531333
0.16531333
28/04/2025 15:41:08 Epoch 483 Train Loss: 0.18145852
483,0.18145852,28/04/2025 15:41:12 Epoch 484 Validation Loss: 0.15462162
0.15462162
28/04/2025 15:41:12 Epoch 484 Train Loss: 0.18656425
484,0.18656425,28/04/2025 15:41:18 Epoch 485 Validation Loss: 0.25971639
0.25971639
28/04/2025 15:41:18 Epoch 485 Train Loss: 0.18388221
485,0.18388221,28/04/2025 15:41:22 Epoch 486 Validation Loss: 0.18498720
0.18498720
28/04/2025 15:41:22 Epoch 486 Train Loss: 0.25176206
486,0.25176206,28/04/2025 15:41:26 Epoch 487 Validation Loss: 0.15959333
0.15959333
28/04/2025 15:41:26 Epoch 487 Train Loss: 0.18785742
487,0.18785742,28/04/2025 15:41:30 Epoch 488 Validation Loss: 0.16077112
0.16077112
28/04/2025 15:41:30 Epoch 488 Train Loss: 0.18318641
488,0.18318641,28/04/2025 15:41:34 Epoch 489 Validation Loss: 0.16923013
0.16923013
28/04/2025 15:41:34 Epoch 489 Train Loss: 0.18372914
489,0.18372914,28/04/2025 15:41:39 Epoch 490 Validation Loss: 0.24679679
0.24679679
28/04/2025 15:41:39 Epoch 490 Train Loss: 0.18320994
490,0.18320994,28/04/2025 15:41:43 Epoch 491 Validation Loss: 0.16868684
0.16868684
28/04/2025 15:41:43 Epoch 491 Train Loss: 0.23962797
491,0.23962797,28/04/2025 15:41:47 Epoch 492 Validation Loss: 0.18194664
0.18194664
28/04/2025 15:41:47 Epoch 492 Train Loss: 0.18969129
492,0.18969129,28/04/2025 15:41:51 Epoch 493 Validation Loss: 0.17855628
0.17855628
28/04/2025 15:41:51 Epoch 493 Train Loss: 0.18967669
493,0.18967669,28/04/2025 15:41:55 Epoch 494 Validation Loss: 0.14783734
0.14783734
28/04/2025 15:41:55 Epoch 494 Train Loss: 0.19276986
494,0.19276986,28/04/2025 15:41:59 Epoch 495 Validation Loss: 0.14495911
0.14495911
28/04/2025 15:41:59 Epoch 495 Train Loss: 0.17469160
495,0.17469160,28/04/2025 15:42:03 Epoch 496 Validation Loss: 0.14279190
0.14279190
28/04/2025 15:42:03 Epoch 496 Train Loss: 0.17703493
496,0.17703493,28/04/2025 15:42:06 Epoch 497 Validation Loss: 0.14612712
0.14612712
28/04/2025 15:42:06 Epoch 497 Train Loss: 0.16619059
497,0.16619059,28/04/2025 15:42:11 Epoch 498 Validation Loss: 0.17779656
0.17779656
28/04/2025 15:42:11 Epoch 498 Train Loss: 0.17132220
498,0.17132220,28/04/2025 15:42:15 Epoch 499 Validation Loss: 0.14799543
0.14799543
28/04/2025 15:42:15 Epoch 499 Train Loss: 0.18172657
499,0.18172657,28/04/2025 15:42:15 Training has finished.
