28/04/2025 13:46:20 Training is starting...
28/04/2025 13:46:22 Epoch 0 Validation Loss: 1.29729819
1.29729819
28/04/2025 13:46:22 Epoch 0 Train Loss: 2.33710361
0,2.33710361,28/04/2025 13:46:27 Epoch 1 Validation Loss: 1.08398700
1.08398700
28/04/2025 13:46:27 Epoch 1 Train Loss: 0.96098489
1,0.96098489,28/04/2025 13:46:31 Epoch 2 Validation Loss: 1.92408633
1.92408633
28/04/2025 13:46:31 Epoch 2 Train Loss: 0.65427107
2,0.65427107,28/04/2025 13:46:36 Epoch 3 Validation Loss: 1.10071123
1.10071123
28/04/2025 13:46:36 Epoch 3 Train Loss: 0.53535694
3,0.53535694,28/04/2025 13:46:40 Epoch 4 Validation Loss: 0.98023808
0.98023808
28/04/2025 13:46:40 Epoch 4 Train Loss: 0.47152197
4,0.47152197,28/04/2025 13:46:45 Epoch 5 Validation Loss: 0.61463702
0.61463702
28/04/2025 13:46:45 Epoch 5 Train Loss: 0.42002803
5,0.42002803,28/04/2025 13:46:50 Epoch 6 Validation Loss: 0.79761118
0.79761118
28/04/2025 13:46:50 Epoch 6 Train Loss: 0.40661085
6,0.40661085,28/04/2025 13:46:54 Epoch 7 Validation Loss: 1.05110204
1.05110204
28/04/2025 13:46:54 Epoch 7 Train Loss: 0.45072287
7,0.45072287,28/04/2025 13:46:59 Epoch 8 Validation Loss: 0.45457894
0.45457894
28/04/2025 13:46:59 Epoch 8 Train Loss: 0.35887110
8,0.35887110,28/04/2025 13:47:03 Epoch 9 Validation Loss: 0.92463827
0.92463827
28/04/2025 13:47:03 Epoch 9 Train Loss: 0.31095180
9,0.31095180,28/04/2025 13:47:08 Epoch 10 Validation Loss: 1.27183449
1.27183449
28/04/2025 13:47:08 Epoch 10 Train Loss: 0.37484458
10,0.37484458,28/04/2025 13:47:12 Epoch 11 Validation Loss: 0.66875601
0.66875601
28/04/2025 13:47:12 Epoch 11 Train Loss: 0.29303393
11,0.29303393,28/04/2025 13:47:17 Epoch 12 Validation Loss: 0.86059874
0.86059874
28/04/2025 13:47:17 Epoch 12 Train Loss: 0.24903345
12,0.24903345,28/04/2025 13:47:22 Epoch 13 Validation Loss: 0.34916353
0.34916353
28/04/2025 13:47:22 Epoch 13 Train Loss: 0.18955921
13,0.18955921,28/04/2025 13:47:26 Epoch 14 Validation Loss: 0.86403459
0.86403459
28/04/2025 13:47:26 Epoch 14 Train Loss: 0.21633062
14,0.21633062,28/04/2025 13:47:34 Epoch 15 Validation Loss: 8.09516811
8.09516811
28/04/2025 13:47:34 Epoch 15 Train Loss: 0.21858943
15,0.21858943,28/04/2025 13:47:38 Epoch 16 Validation Loss: 1.28005695
1.28005695
28/04/2025 13:47:38 Epoch 16 Train Loss: 0.20743550
16,0.20743550,28/04/2025 13:47:43 Epoch 17 Validation Loss: 6.52081871
6.52081871
28/04/2025 13:47:43 Epoch 17 Train Loss: 0.23143654
17,0.23143654,28/04/2025 13:47:47 Epoch 18 Validation Loss: 1.61724937
1.61724937
28/04/2025 13:47:47 Epoch 18 Train Loss: 0.15052342
18,0.15052342,28/04/2025 13:47:52 Epoch 19 Validation Loss: 1.96817768
1.96817768
28/04/2025 13:47:52 Epoch 19 Train Loss: 0.15798597
19,0.15798597,28/04/2025 13:47:57 Epoch 20 Validation Loss: 0.68869233
0.68869233
28/04/2025 13:47:57 Epoch 20 Train Loss: 0.17699048
20,0.17699048,28/04/2025 13:48:01 Epoch 21 Validation Loss: 0.34498373
0.34498373
28/04/2025 13:48:01 Epoch 21 Train Loss: 0.14792280
21,0.14792280,28/04/2025 13:48:06 Epoch 22 Validation Loss: 0.79978329
0.79978329
28/04/2025 13:48:06 Epoch 22 Train Loss: 0.18360765
22,0.18360765,28/04/2025 13:48:10 Epoch 23 Validation Loss: 1.19558024
1.19558024
28/04/2025 13:48:10 Epoch 23 Train Loss: 0.20266564
23,0.20266564,28/04/2025 13:48:15 Epoch 24 Validation Loss: 0.65823150
0.65823150
28/04/2025 13:48:15 Epoch 24 Train Loss: 0.16067787
24,0.16067787,28/04/2025 13:48:19 Epoch 25 Validation Loss: 1.17379177
1.17379177
28/04/2025 13:48:19 Epoch 25 Train Loss: 0.16983162
25,0.16983162,28/04/2025 13:48:24 Epoch 26 Validation Loss: 0.40516371
0.40516371
28/04/2025 13:48:24 Epoch 26 Train Loss: 0.14813784
26,0.14813784,28/04/2025 13:48:29 Epoch 27 Validation Loss: 1.54299283
1.54299283
28/04/2025 13:48:29 Epoch 27 Train Loss: 0.12158028
27,0.12158028,28/04/2025 13:48:33 Epoch 28 Validation Loss: 0.63419926
0.63419926
28/04/2025 13:48:33 Epoch 28 Train Loss: 0.14472511
28,0.14472511,28/04/2025 13:48:38 Epoch 29 Validation Loss: 0.30860880
0.30860880
28/04/2025 13:48:38 Epoch 29 Train Loss: 0.13902751
29,0.13902751,28/04/2025 13:48:42 Epoch 30 Validation Loss: 0.85524982
0.85524982
28/04/2025 13:48:42 Epoch 30 Train Loss: 0.10379803
30,0.10379803,28/04/2025 13:48:47 Epoch 31 Validation Loss: 5.57452774
5.57452774
28/04/2025 13:48:47 Epoch 31 Train Loss: 0.08309839
31,0.08309839,28/04/2025 13:48:52 Epoch 32 Validation Loss: 0.16842881
0.16842881
28/04/2025 13:48:52 Epoch 32 Train Loss: 0.14398432
32,0.14398432,28/04/2025 13:48:56 Epoch 33 Validation Loss: 0.48285636
0.48285636
28/04/2025 13:48:56 Epoch 33 Train Loss: 0.11090926
33,0.11090926,28/04/2025 13:49:01 Epoch 34 Validation Loss: 1.29183364
1.29183364
28/04/2025 13:49:01 Epoch 34 Train Loss: 0.13089257
34,0.13089257,28/04/2025 13:49:06 Epoch 35 Validation Loss: 3.70944858
3.70944858
28/04/2025 13:49:06 Epoch 35 Train Loss: 0.13627793
35,0.13627793,28/04/2025 13:49:10 Epoch 36 Validation Loss: 8.75888634
8.75888634
28/04/2025 13:49:10 Epoch 36 Train Loss: 0.12147178
36,0.12147178,28/04/2025 13:49:15 Epoch 37 Validation Loss: 0.45155033
0.45155033
28/04/2025 13:49:15 Epoch 37 Train Loss: 0.07138410
37,0.07138410,28/04/2025 13:49:20 Epoch 38 Validation Loss: 0.44313869
0.44313869
28/04/2025 13:49:20 Epoch 38 Train Loss: 0.07070524
38,0.07070524,28/04/2025 13:49:24 Epoch 39 Validation Loss: 0.51062685
0.51062685
28/04/2025 13:49:24 Epoch 39 Train Loss: 0.06451279
39,0.06451279,28/04/2025 13:49:29 Epoch 40 Validation Loss: 0.13087733
0.13087733
28/04/2025 13:49:29 Epoch 40 Train Loss: 0.05818428
40,0.05818428,28/04/2025 13:49:34 Epoch 41 Validation Loss: 2.53559852
2.53559852
28/04/2025 13:49:34 Epoch 41 Train Loss: 0.09055711
41,0.09055711,28/04/2025 13:49:38 Epoch 42 Validation Loss: 0.42646337
0.42646337
28/04/2025 13:49:38 Epoch 42 Train Loss: 0.11106821
42,0.11106821,28/04/2025 13:49:43 Epoch 43 Validation Loss: 2.09043217
2.09043217
28/04/2025 13:49:43 Epoch 43 Train Loss: 0.13536946
43,0.13536946,28/04/2025 13:49:47 Epoch 44 Validation Loss: 2.41203094
2.41203094
28/04/2025 13:49:47 Epoch 44 Train Loss: 0.10476174
44,0.10476174,28/04/2025 13:49:52 Epoch 45 Validation Loss: 0.46244428
0.46244428
28/04/2025 13:49:52 Epoch 45 Train Loss: 0.06801171
45,0.06801171,28/04/2025 13:49:57 Epoch 46 Validation Loss: 0.11070783
0.11070783
28/04/2025 13:49:57 Epoch 46 Train Loss: 0.08157662
46,0.08157662,28/04/2025 13:50:01 Epoch 47 Validation Loss: 0.44453546
0.44453546
28/04/2025 13:50:01 Epoch 47 Train Loss: 0.04452552
47,0.04452552,28/04/2025 13:50:06 Epoch 48 Validation Loss: 0.05820909
0.05820909
28/04/2025 13:50:06 Epoch 48 Train Loss: 0.03358093
48,0.03358093,28/04/2025 13:50:11 Epoch 49 Validation Loss: 0.04303280
0.04303280
28/04/2025 13:50:11 Epoch 49 Train Loss: 0.03349233
49,0.03349233,28/04/2025 13:50:15 Epoch 50 Validation Loss: 0.08855639
0.08855639
28/04/2025 13:50:15 Epoch 50 Train Loss: 0.04119274
50,0.04119274,28/04/2025 13:50:20 Epoch 51 Validation Loss: 0.05795249
0.05795249
28/04/2025 13:50:20 Epoch 51 Train Loss: 0.05111273
51,0.05111273,28/04/2025 13:50:25 Epoch 52 Validation Loss: 0.12995911
0.12995911
28/04/2025 13:50:25 Epoch 52 Train Loss: 0.03868718
52,0.03868718,28/04/2025 13:50:32 Epoch 53 Validation Loss: 3.35911846
3.35911846
28/04/2025 13:50:32 Epoch 53 Train Loss: 0.08052993
53,0.08052993,28/04/2025 13:50:37 Epoch 54 Validation Loss: 29.15870857
29.15870857
28/04/2025 13:50:37 Epoch 54 Train Loss: 0.10123599
54,0.10123599,28/04/2025 13:50:41 Epoch 55 Validation Loss: 1.31626821
1.31626821
28/04/2025 13:50:41 Epoch 55 Train Loss: 0.28575647
55,0.28575647,28/04/2025 13:50:46 Epoch 56 Validation Loss: 44.42518234
44.42518234
28/04/2025 13:50:46 Epoch 56 Train Loss: 0.36415225
56,0.36415225,28/04/2025 13:50:51 Epoch 57 Validation Loss: 7.86186409
7.86186409
28/04/2025 13:50:51 Epoch 57 Train Loss: 0.12328366
57,0.12328366,28/04/2025 13:50:55 Epoch 58 Validation Loss: 3.54987788
3.54987788
28/04/2025 13:50:55 Epoch 58 Train Loss: 0.08927829
58,0.08927829,28/04/2025 13:51:00 Epoch 59 Validation Loss: 0.39548817
0.39548817
28/04/2025 13:51:00 Epoch 59 Train Loss: 0.20489319
59,0.20489319,28/04/2025 13:51:05 Epoch 60 Validation Loss: 0.32970446
0.32970446
28/04/2025 13:51:05 Epoch 60 Train Loss: 0.22714818
60,0.22714818,28/04/2025 13:51:09 Epoch 61 Validation Loss: 0.27647087
0.27647087
28/04/2025 13:51:09 Epoch 61 Train Loss: 0.14203024
61,0.14203024,28/04/2025 13:51:14 Epoch 62 Validation Loss: 0.30513525
0.30513525
28/04/2025 13:51:14 Epoch 62 Train Loss: 0.12509675
62,0.12509675,28/04/2025 13:51:18 Epoch 63 Validation Loss: 0.11418903
0.11418903
28/04/2025 13:51:18 Epoch 63 Train Loss: 0.05968827
63,0.05968827,28/04/2025 13:51:23 Epoch 64 Validation Loss: 0.13625257
0.13625257
28/04/2025 13:51:23 Epoch 64 Train Loss: 0.05541623
64,0.05541623,28/04/2025 13:51:28 Epoch 65 Validation Loss: 0.14252040
0.14252040
28/04/2025 13:51:28 Epoch 65 Train Loss: 0.04327159
65,0.04327159,28/04/2025 13:51:32 Epoch 66 Validation Loss: 0.05381190
0.05381190
28/04/2025 13:51:32 Epoch 66 Train Loss: 0.03835691
66,0.03835691,28/04/2025 13:51:37 Epoch 67 Validation Loss: 0.04067785
0.04067785
28/04/2025 13:51:37 Epoch 67 Train Loss: 0.06238489
67,0.06238489,28/04/2025 13:51:42 Epoch 68 Validation Loss: 0.30924293
0.30924293
28/04/2025 13:51:42 Epoch 68 Train Loss: 0.07164411
68,0.07164411,28/04/2025 13:51:46 Epoch 69 Validation Loss: 0.08366569
0.08366569
28/04/2025 13:51:46 Epoch 69 Train Loss: 0.05152808
69,0.05152808,28/04/2025 13:51:51 Epoch 70 Validation Loss: 0.04020343
0.04020343
28/04/2025 13:51:51 Epoch 70 Train Loss: 0.03913262
70,0.03913262,28/04/2025 13:51:59 Epoch 71 Validation Loss: 0.59253889
0.59253889
28/04/2025 13:51:59 Epoch 71 Train Loss: 0.03965313
71,0.03965313,28/04/2025 13:52:04 Epoch 72 Validation Loss: 0.17547934
0.17547934
28/04/2025 13:52:04 Epoch 72 Train Loss: 0.06130641
72,0.06130641,28/04/2025 13:52:08 Epoch 73 Validation Loss: 0.41401756
0.41401756
28/04/2025 13:52:08 Epoch 73 Train Loss: 0.04753567
73,0.04753567,28/04/2025 13:52:13 Epoch 74 Validation Loss: 0.13712898
0.13712898
28/04/2025 13:52:13 Epoch 74 Train Loss: 0.04093526
74,0.04093526,28/04/2025 13:52:17 Epoch 75 Validation Loss: 0.21951300
0.21951300
28/04/2025 13:52:17 Epoch 75 Train Loss: 0.06152763
75,0.06152763,28/04/2025 13:52:22 Epoch 76 Validation Loss: 0.07672966
0.07672966
28/04/2025 13:52:22 Epoch 76 Train Loss: 0.02808783
76,0.02808783,28/04/2025 13:52:27 Epoch 77 Validation Loss: 0.35066012
0.35066012
28/04/2025 13:52:27 Epoch 77 Train Loss: 0.03361879
77,0.03361879,28/04/2025 13:52:31 Epoch 78 Validation Loss: 0.58810127
0.58810127
28/04/2025 13:52:31 Epoch 78 Train Loss: 0.07988290
78,0.07988290,28/04/2025 13:52:36 Epoch 79 Validation Loss: 0.36498347
0.36498347
28/04/2025 13:52:36 Epoch 79 Train Loss: 0.06230702
79,0.06230702,28/04/2025 13:52:41 Epoch 80 Validation Loss: 0.73792702
0.73792702
28/04/2025 13:52:41 Epoch 80 Train Loss: 0.04314087
80,0.04314087,28/04/2025 13:52:45 Epoch 81 Validation Loss: 0.69766074
0.69766074
28/04/2025 13:52:45 Epoch 81 Train Loss: 0.08206490
81,0.08206490,28/04/2025 13:52:50 Epoch 82 Validation Loss: 0.64780766
0.64780766
28/04/2025 13:52:50 Epoch 82 Train Loss: 0.06005004
82,0.06005004,28/04/2025 13:52:54 Epoch 83 Validation Loss: 0.14307800
0.14307800
28/04/2025 13:52:54 Epoch 83 Train Loss: 0.05444110
83,0.05444110,28/04/2025 13:52:59 Epoch 84 Validation Loss: 0.10002571
0.10002571
28/04/2025 13:52:59 Epoch 84 Train Loss: 0.06725375
84,0.06725375,28/04/2025 13:53:04 Epoch 85 Validation Loss: 0.06321489
0.06321489
28/04/2025 13:53:04 Epoch 85 Train Loss: 0.08260443
85,0.08260443,28/04/2025 13:53:08 Epoch 86 Validation Loss: 0.66282415
0.66282415
28/04/2025 13:53:08 Epoch 86 Train Loss: 0.04601048
86,0.04601048,28/04/2025 13:53:13 Epoch 87 Validation Loss: 8.88715458
8.88715458
28/04/2025 13:53:13 Epoch 87 Train Loss: 0.07229848
87,0.07229848,28/04/2025 13:53:18 Epoch 88 Validation Loss: 1.14447904
1.14447904
28/04/2025 13:53:18 Epoch 88 Train Loss: 0.06735162
88,0.06735162,28/04/2025 13:53:22 Epoch 89 Validation Loss: 0.18755117
0.18755117
28/04/2025 13:53:22 Epoch 89 Train Loss: 0.04912729
89,0.04912729,28/04/2025 13:53:29 Epoch 90 Validation Loss: 0.46341088
0.46341088
28/04/2025 13:53:29 Epoch 90 Train Loss: 0.03638332
90,0.03638332,28/04/2025 13:53:34 Epoch 91 Validation Loss: 0.44171962
0.44171962
28/04/2025 13:53:34 Epoch 91 Train Loss: 0.14885354
91,0.14885354,28/04/2025 13:53:38 Epoch 92 Validation Loss: 1.50375283
1.50375283
28/04/2025 13:53:38 Epoch 92 Train Loss: 0.09161301
92,0.09161301,28/04/2025 13:53:43 Epoch 93 Validation Loss: 3.13317204
3.13317204
28/04/2025 13:53:43 Epoch 93 Train Loss: 0.12373009
93,0.12373009,28/04/2025 13:53:48 Epoch 94 Validation Loss: 1.29405713
1.29405713
28/04/2025 13:53:48 Epoch 94 Train Loss: 0.18089718
94,0.18089718,28/04/2025 13:53:52 Epoch 95 Validation Loss: 0.60313088
0.60313088
28/04/2025 13:53:52 Epoch 95 Train Loss: 0.13618250
95,0.13618250,28/04/2025 13:53:57 Epoch 96 Validation Loss: 0.13819498
0.13819498
28/04/2025 13:53:57 Epoch 96 Train Loss: 0.04471309
96,0.04471309,28/04/2025 13:54:02 Epoch 97 Validation Loss: 0.50543767
0.50543767
28/04/2025 13:54:02 Epoch 97 Train Loss: 0.04029259
97,0.04029259,28/04/2025 13:54:06 Epoch 98 Validation Loss: 0.29060543
0.29060543
28/04/2025 13:54:06 Epoch 98 Train Loss: 0.08258135
98,0.08258135,28/04/2025 13:54:11 Epoch 99 Validation Loss: 0.22925049
0.22925049
28/04/2025 13:54:11 Epoch 99 Train Loss: 0.04784253
99,0.04784253,28/04/2025 13:54:16 Epoch 100 Validation Loss: 0.35740769
0.35740769
28/04/2025 13:54:16 Epoch 100 Train Loss: 0.05644204
100,0.05644204,28/04/2025 13:54:20 Epoch 101 Validation Loss: 0.03527373
0.03527373
28/04/2025 13:54:20 Epoch 101 Train Loss: 0.04581501
101,0.04581501,28/04/2025 13:54:25 Epoch 102 Validation Loss: 0.31496564
0.31496564
28/04/2025 13:54:25 Epoch 102 Train Loss: 0.03133654
102,0.03133654,28/04/2025 13:54:30 Epoch 103 Validation Loss: 0.17638721
0.17638721
28/04/2025 13:54:30 Epoch 103 Train Loss: 0.03032254
103,0.03032254,28/04/2025 13:54:34 Epoch 104 Validation Loss: 0.03485731
0.03485731
28/04/2025 13:54:34 Epoch 104 Train Loss: 0.02720766
104,0.02720766,28/04/2025 13:54:39 Epoch 105 Validation Loss: 0.29540601
0.29540601
28/04/2025 13:54:39 Epoch 105 Train Loss: 0.07045300
105,0.07045300,28/04/2025 13:54:44 Epoch 106 Validation Loss: 0.11577677
0.11577677
28/04/2025 13:54:44 Epoch 106 Train Loss: 0.04242118
106,0.04242118,28/04/2025 13:54:48 Epoch 107 Validation Loss: 0.12558036
0.12558036
28/04/2025 13:54:48 Epoch 107 Train Loss: 0.06034504
107,0.06034504,28/04/2025 13:54:53 Epoch 108 Validation Loss: 0.06346943
0.06346943
28/04/2025 13:54:53 Epoch 108 Train Loss: 0.05093032
108,0.05093032,28/04/2025 13:55:01 Epoch 109 Validation Loss: 3.50847602
3.50847602
28/04/2025 13:55:01 Epoch 109 Train Loss: 0.09787054
109,0.09787054,28/04/2025 13:55:06 Epoch 110 Validation Loss: 11.79546070
11.79546070
28/04/2025 13:55:06 Epoch 110 Train Loss: 0.15205249
110,0.15205249,28/04/2025 13:55:10 Epoch 111 Validation Loss: 25.08850098
25.08850098
28/04/2025 13:55:10 Epoch 111 Train Loss: 0.09828381
111,0.09828381,28/04/2025 13:55:15 Epoch 112 Validation Loss: 11.86659813
11.86659813
28/04/2025 13:55:15 Epoch 112 Train Loss: 0.08143841
112,0.08143841,28/04/2025 13:55:20 Epoch 113 Validation Loss: 1.25301170
1.25301170
28/04/2025 13:55:20 Epoch 113 Train Loss: 0.05338257
113,0.05338257,28/04/2025 13:55:24 Epoch 114 Validation Loss: 0.11209956
0.11209956
28/04/2025 13:55:24 Epoch 114 Train Loss: 0.08878025
114,0.08878025,28/04/2025 13:55:29 Epoch 115 Validation Loss: 0.44874153
0.44874153
28/04/2025 13:55:29 Epoch 115 Train Loss: 0.08133776
115,0.08133776,28/04/2025 13:55:34 Epoch 116 Validation Loss: 0.24837908
0.24837908
28/04/2025 13:55:34 Epoch 116 Train Loss: 0.07045534
116,0.07045534,28/04/2025 13:55:38 Epoch 117 Validation Loss: 0.10901760
0.10901760
28/04/2025 13:55:38 Epoch 117 Train Loss: 0.11871444
117,0.11871444,28/04/2025 13:55:43 Epoch 118 Validation Loss: 0.09012163
0.09012163
28/04/2025 13:55:43 Epoch 118 Train Loss: 0.10106849
118,0.10106849,28/04/2025 13:55:48 Epoch 119 Validation Loss: 0.22435723
0.22435723
28/04/2025 13:55:48 Epoch 119 Train Loss: 0.06104971
119,0.06104971,28/04/2025 13:55:52 Epoch 120 Validation Loss: 0.17051558
0.17051558
28/04/2025 13:55:52 Epoch 120 Train Loss: 0.08240009
120,0.08240009,28/04/2025 13:55:57 Epoch 121 Validation Loss: 0.09322566
0.09322566
28/04/2025 13:55:57 Epoch 121 Train Loss: 0.02880435
121,0.02880435,28/04/2025 13:56:02 Epoch 122 Validation Loss: 0.10163410
0.10163410
28/04/2025 13:56:02 Epoch 122 Train Loss: 0.03341380
122,0.03341380,28/04/2025 13:56:06 Epoch 123 Validation Loss: 0.03788465
0.03788465
28/04/2025 13:56:06 Epoch 123 Train Loss: 0.06760140
123,0.06760140,28/04/2025 13:56:11 Epoch 124 Validation Loss: 0.13787453
0.13787453
28/04/2025 13:56:11 Epoch 124 Train Loss: 0.04745108
124,0.04745108,28/04/2025 13:56:15 Epoch 125 Validation Loss: 0.15502156
0.15502156
28/04/2025 13:56:15 Epoch 125 Train Loss: 0.04773172
125,0.04773172,28/04/2025 13:56:20 Epoch 126 Validation Loss: 0.07884802
0.07884802
28/04/2025 13:56:20 Epoch 126 Train Loss: 0.06828616
126,0.06828616,28/04/2025 13:56:25 Epoch 127 Validation Loss: 0.31770352
0.31770352
28/04/2025 13:56:25 Epoch 127 Train Loss: 0.08495611
127,0.08495611,28/04/2025 13:56:30 Epoch 128 Validation Loss: 0.10169558
0.10169558
28/04/2025 13:56:30 Epoch 128 Train Loss: 0.05151165
128,0.05151165,28/04/2025 13:56:34 Epoch 129 Validation Loss: 0.08748520
0.08748520
28/04/2025 13:56:34 Epoch 129 Train Loss: 0.03692036
129,0.03692036,28/04/2025 13:56:39 Epoch 130 Validation Loss: 0.06524879
0.06524879
28/04/2025 13:56:39 Epoch 130 Train Loss: 0.03188315
130,0.03188315,28/04/2025 13:56:44 Epoch 131 Validation Loss: 0.07343352
0.07343352
28/04/2025 13:56:44 Epoch 131 Train Loss: 0.04898715
131,0.04898715,28/04/2025 13:56:48 Epoch 132 Validation Loss: 1.46586704
1.46586704
28/04/2025 13:56:48 Epoch 132 Train Loss: 0.06321158
132,0.06321158,28/04/2025 13:56:53 Epoch 133 Validation Loss: 0.15072025
0.15072025
28/04/2025 13:56:53 Epoch 133 Train Loss: 0.05208943
133,0.05208943,28/04/2025 13:56:58 Epoch 134 Validation Loss: 0.08461778
0.08461778
28/04/2025 13:56:58 Epoch 134 Train Loss: 0.05262683
134,0.05262683,28/04/2025 13:57:02 Epoch 135 Validation Loss: 0.05019630
0.05019630
28/04/2025 13:57:02 Epoch 135 Train Loss: 0.04108670
135,0.04108670,28/04/2025 13:57:07 Epoch 136 Validation Loss: 0.07170364
0.07170364
28/04/2025 13:57:07 Epoch 136 Train Loss: 0.04957867
136,0.04957867,28/04/2025 13:57:12 Epoch 137 Validation Loss: 0.52386391
0.52386391
28/04/2025 13:57:12 Epoch 137 Train Loss: 0.06257910
137,0.06257910,28/04/2025 13:57:16 Epoch 138 Validation Loss: 0.50150663
0.50150663
28/04/2025 13:57:16 Epoch 138 Train Loss: 0.02954230
138,0.02954230,28/04/2025 13:57:21 Epoch 139 Validation Loss: 0.18097150
0.18097150
28/04/2025 13:57:21 Epoch 139 Train Loss: 0.09750427
139,0.09750427,28/04/2025 13:57:26 Epoch 140 Validation Loss: 0.17968923
0.17968923
28/04/2025 13:57:26 Epoch 140 Train Loss: 0.16009532
140,0.16009532,28/04/2025 13:57:30 Epoch 141 Validation Loss: 0.18023394
0.18023394
28/04/2025 13:57:31 Epoch 141 Train Loss: 0.10597008
141,0.10597008,28/04/2025 13:57:35 Epoch 142 Validation Loss: 0.66865271
0.66865271
28/04/2025 13:57:35 Epoch 142 Train Loss: 0.10930725
142,0.10930725,28/04/2025 13:57:40 Epoch 143 Validation Loss: 0.12062076
0.12062076
28/04/2025 13:57:40 Epoch 143 Train Loss: 0.05581731
143,0.05581731,28/04/2025 13:57:44 Epoch 144 Validation Loss: 0.41709208
0.41709208
28/04/2025 13:57:44 Epoch 144 Train Loss: 0.03903656
144,0.03903656,28/04/2025 13:57:49 Epoch 145 Validation Loss: 0.38477609
0.38477609
28/04/2025 13:57:49 Epoch 145 Train Loss: 0.02891963
145,0.02891963,28/04/2025 13:57:54 Epoch 146 Validation Loss: 0.19228485
0.19228485
28/04/2025 13:57:54 Epoch 146 Train Loss: 0.05389923
146,0.05389923,28/04/2025 13:57:59 Epoch 147 Validation Loss: 0.82666391
0.82666391
28/04/2025 13:57:59 Epoch 147 Train Loss: 0.03040834
147,0.03040834,28/04/2025 13:58:03 Epoch 148 Validation Loss: 0.55741566
0.55741566
28/04/2025 13:58:03 Epoch 148 Train Loss: 0.02462292
148,0.02462292,28/04/2025 13:58:08 Epoch 149 Validation Loss: 0.03420770
0.03420770
28/04/2025 13:58:08 Epoch 149 Train Loss: 0.02008396
149,0.02008396,28/04/2025 13:58:13 Epoch 150 Validation Loss: 0.06395715
0.06395715
28/04/2025 13:58:13 Epoch 150 Train Loss: 0.02606992
150,0.02606992,28/04/2025 13:58:17 Epoch 151 Validation Loss: 0.16363399
0.16363399
28/04/2025 13:58:17 Epoch 151 Train Loss: 0.05385862
151,0.05385862,28/04/2025 13:58:22 Epoch 152 Validation Loss: 1.00996041
1.00996041
28/04/2025 13:58:22 Epoch 152 Train Loss: 0.12497455
152,0.12497455,28/04/2025 13:58:27 Epoch 153 Validation Loss: 0.31208965
0.31208965
28/04/2025 13:58:27 Epoch 153 Train Loss: 0.11371015
153,0.11371015,28/04/2025 13:58:32 Epoch 154 Validation Loss: 0.12172488
0.12172488
28/04/2025 13:58:32 Epoch 154 Train Loss: 0.06279207
154,0.06279207,28/04/2025 13:58:36 Epoch 155 Validation Loss: 0.14869565
0.14869565
28/04/2025 13:58:36 Epoch 155 Train Loss: 0.05336023
155,0.05336023,28/04/2025 13:58:41 Epoch 156 Validation Loss: 1.01018214
1.01018214
28/04/2025 13:58:41 Epoch 156 Train Loss: 0.04798484
156,0.04798484,28/04/2025 13:58:46 Epoch 157 Validation Loss: 0.05138548
0.05138548
28/04/2025 13:58:46 Epoch 157 Train Loss: 0.03389266
157,0.03389266,28/04/2025 13:58:50 Epoch 158 Validation Loss: 0.02466921
0.02466921
28/04/2025 13:58:50 Epoch 158 Train Loss: 0.01926048
158,0.01926048,28/04/2025 13:58:55 Epoch 159 Validation Loss: 0.08335783
0.08335783
28/04/2025 13:58:55 Epoch 159 Train Loss: 0.01909118
159,0.01909118,28/04/2025 13:59:00 Epoch 160 Validation Loss: 0.09244926
0.09244926
28/04/2025 13:59:00 Epoch 160 Train Loss: 0.01637380
160,0.01637380,28/04/2025 13:59:04 Epoch 161 Validation Loss: 0.08163868
0.08163868
28/04/2025 13:59:04 Epoch 161 Train Loss: 0.03322139
161,0.03322139,28/04/2025 13:59:09 Epoch 162 Validation Loss: 0.05800328
0.05800328
28/04/2025 13:59:09 Epoch 162 Train Loss: 0.07532623
162,0.07532623,28/04/2025 13:59:14 Epoch 163 Validation Loss: 0.07713950
0.07713950
28/04/2025 13:59:14 Epoch 163 Train Loss: 0.03749633
163,0.03749633,28/04/2025 13:59:18 Epoch 164 Validation Loss: 0.14076771
0.14076771
28/04/2025 13:59:18 Epoch 164 Train Loss: 0.04723024
164,0.04723024,28/04/2025 13:59:23 Epoch 165 Validation Loss: 0.04701389
0.04701389
28/04/2025 13:59:23 Epoch 165 Train Loss: 0.04253685
165,0.04253685,28/04/2025 13:59:28 Epoch 166 Validation Loss: 0.05992093
0.05992093
28/04/2025 13:59:28 Epoch 166 Train Loss: 0.02801534
166,0.02801534,28/04/2025 13:59:33 Epoch 167 Validation Loss: 0.21222077
0.21222077
28/04/2025 13:59:33 Epoch 167 Train Loss: 0.01983375
167,0.01983375,28/04/2025 13:59:37 Epoch 168 Validation Loss: 0.06155974
0.06155974
28/04/2025 13:59:37 Epoch 168 Train Loss: 0.04095623
168,0.04095623,28/04/2025 13:59:42 Epoch 169 Validation Loss: 0.09332614
0.09332614
28/04/2025 13:59:42 Epoch 169 Train Loss: 0.03311640
169,0.03311640,28/04/2025 13:59:47 Epoch 170 Validation Loss: 0.04046270
0.04046270
28/04/2025 13:59:47 Epoch 170 Train Loss: 0.03858306
170,0.03858306,28/04/2025 13:59:51 Epoch 171 Validation Loss: 5.04573917
5.04573917
28/04/2025 13:59:51 Epoch 171 Train Loss: 0.06787646
171,0.06787646,28/04/2025 13:59:56 Epoch 172 Validation Loss: 0.43550122
0.43550122
28/04/2025 13:59:56 Epoch 172 Train Loss: 0.09656372
172,0.09656372,28/04/2025 14:00:01 Epoch 173 Validation Loss: 0.51621038
0.51621038
28/04/2025 14:00:01 Epoch 173 Train Loss: 0.09702393
173,0.09702393,28/04/2025 14:00:06 Epoch 174 Validation Loss: 0.13509671
0.13509671
28/04/2025 14:00:06 Epoch 174 Train Loss: 0.07192452
174,0.07192452,28/04/2025 14:00:10 Epoch 175 Validation Loss: 0.06335919
0.06335919
28/04/2025 14:00:10 Epoch 175 Train Loss: 0.04266459
175,0.04266459,28/04/2025 14:00:15 Epoch 176 Validation Loss: 0.10199275
0.10199275
28/04/2025 14:00:15 Epoch 176 Train Loss: 0.02537837
176,0.02537837,28/04/2025 14:00:20 Epoch 177 Validation Loss: 0.24489425
0.24489425
28/04/2025 14:00:20 Epoch 177 Train Loss: 0.06234828
177,0.06234828,28/04/2025 14:00:24 Epoch 178 Validation Loss: 0.05645824
0.05645824
28/04/2025 14:00:24 Epoch 178 Train Loss: 0.03147462
178,0.03147462,28/04/2025 14:00:29 Epoch 179 Validation Loss: 4.07050800
4.07050800
28/04/2025 14:00:29 Epoch 179 Train Loss: 0.04722619
179,0.04722619,28/04/2025 14:00:34 Epoch 180 Validation Loss: 0.23362270
0.23362270
28/04/2025 14:00:34 Epoch 180 Train Loss: 0.11066165
180,0.11066165,28/04/2025 14:00:38 Epoch 181 Validation Loss: 0.06799813
0.06799813
28/04/2025 14:00:38 Epoch 181 Train Loss: 0.06586958
181,0.06586958,28/04/2025 14:00:43 Epoch 182 Validation Loss: 0.03464956
0.03464956
28/04/2025 14:00:43 Epoch 182 Train Loss: 0.04970800
182,0.04970800,28/04/2025 14:00:48 Epoch 183 Validation Loss: 0.24457768
0.24457768
28/04/2025 14:00:48 Epoch 183 Train Loss: 0.04447354
183,0.04447354,28/04/2025 14:00:53 Epoch 184 Validation Loss: 0.02321114
0.02321114
28/04/2025 14:00:53 Epoch 184 Train Loss: 0.02586632
184,0.02586632,28/04/2025 14:00:58 Epoch 185 Validation Loss: 0.12847781
0.12847781
28/04/2025 14:00:58 Epoch 185 Train Loss: 0.01612497
185,0.01612497,28/04/2025 14:01:02 Epoch 186 Validation Loss: 0.05315056
0.05315056
28/04/2025 14:01:02 Epoch 186 Train Loss: 0.03176088
186,0.03176088,28/04/2025 14:01:07 Epoch 187 Validation Loss: 0.03258502
0.03258502
28/04/2025 14:01:07 Epoch 187 Train Loss: 0.02536801
187,0.02536801,28/04/2025 14:01:12 Epoch 188 Validation Loss: 0.03051520
0.03051520
28/04/2025 14:01:12 Epoch 188 Train Loss: 0.01443555
188,0.01443555,28/04/2025 14:01:16 Epoch 189 Validation Loss: 2.41358733
2.41358733
28/04/2025 14:01:16 Epoch 189 Train Loss: 0.02022868
189,0.02022868,28/04/2025 14:01:21 Epoch 190 Validation Loss: 0.27100682
0.27100682
28/04/2025 14:01:21 Epoch 190 Train Loss: 0.07981658
190,0.07981658,28/04/2025 14:01:26 Epoch 191 Validation Loss: 0.17529075
0.17529075
28/04/2025 14:01:26 Epoch 191 Train Loss: 0.05274153
191,0.05274153,28/04/2025 14:01:31 Epoch 192 Validation Loss: 0.18420571
0.18420571
28/04/2025 14:01:31 Epoch 192 Train Loss: 0.07685890
192,0.07685890,28/04/2025 14:01:35 Epoch 193 Validation Loss: 8.82421875
8.82421875
28/04/2025 14:01:35 Epoch 193 Train Loss: 0.05676602
193,0.05676602,28/04/2025 14:01:40 Epoch 194 Validation Loss: 0.02588594
0.02588594
28/04/2025 14:01:40 Epoch 194 Train Loss: 0.09695858
194,0.09695858,28/04/2025 14:01:45 Epoch 195 Validation Loss: 0.17062309
0.17062309
28/04/2025 14:01:45 Epoch 195 Train Loss: 0.04899097
195,0.04899097,28/04/2025 14:01:49 Epoch 196 Validation Loss: 0.06956680
0.06956680
28/04/2025 14:01:49 Epoch 196 Train Loss: 0.06036708
196,0.06036708,28/04/2025 14:01:54 Epoch 197 Validation Loss: 0.93607056
0.93607056
28/04/2025 14:01:54 Epoch 197 Train Loss: 0.04189788
197,0.04189788,28/04/2025 14:01:59 Epoch 198 Validation Loss: 0.08942799
0.08942799
28/04/2025 14:01:59 Epoch 198 Train Loss: 0.05396770
198,0.05396770,28/04/2025 14:02:04 Epoch 199 Validation Loss: 0.33481464
0.33481464
28/04/2025 14:02:04 Epoch 199 Train Loss: 0.01933973
199,0.01933973,28/04/2025 14:02:08 Epoch 200 Validation Loss: 0.07036881
0.07036881
28/04/2025 14:02:08 Epoch 200 Train Loss: 0.03164641
200,0.03164641,28/04/2025 14:02:13 Epoch 201 Validation Loss: 0.15621278
0.15621278
28/04/2025 14:02:13 Epoch 201 Train Loss: 0.03390769
201,0.03390769,28/04/2025 14:02:18 Epoch 202 Validation Loss: 0.03726191
0.03726191
28/04/2025 14:02:18 Epoch 202 Train Loss: 0.02682570
202,0.02682570,28/04/2025 14:02:26 Epoch 203 Validation Loss: 0.12370338
0.12370338
28/04/2025 14:02:26 Epoch 203 Train Loss: 0.01756262
203,0.01756262,28/04/2025 14:02:31 Epoch 204 Validation Loss: 0.02445102
0.02445102
28/04/2025 14:02:31 Epoch 204 Train Loss: 0.01907524
204,0.01907524,28/04/2025 14:02:36 Epoch 205 Validation Loss: 0.02190671
0.02190671
28/04/2025 14:02:36 Epoch 205 Train Loss: 0.01472802
205,0.01472802,28/04/2025 14:02:41 Epoch 206 Validation Loss: 0.06990141
0.06990141
28/04/2025 14:02:41 Epoch 206 Train Loss: 0.02206657
206,0.02206657,28/04/2025 14:02:45 Epoch 207 Validation Loss: 0.07826131
0.07826131
28/04/2025 14:02:45 Epoch 207 Train Loss: 0.04338761
207,0.04338761,28/04/2025 14:02:50 Epoch 208 Validation Loss: 0.04884620
0.04884620
28/04/2025 14:02:50 Epoch 208 Train Loss: 0.02368723
208,0.02368723,28/04/2025 14:02:55 Epoch 209 Validation Loss: 0.06577946
0.06577946
28/04/2025 14:02:55 Epoch 209 Train Loss: 0.02324105
209,0.02324105,28/04/2025 14:02:59 Epoch 210 Validation Loss: 0.36012942
0.36012942
28/04/2025 14:02:59 Epoch 210 Train Loss: 0.04388743
210,0.04388743,28/04/2025 14:03:04 Epoch 211 Validation Loss: 0.04769414
0.04769414
28/04/2025 14:03:04 Epoch 211 Train Loss: 0.03831559
211,0.03831559,28/04/2025 14:03:09 Epoch 212 Validation Loss: 0.02793000
0.02793000
28/04/2025 14:03:09 Epoch 212 Train Loss: 0.01884324
212,0.01884324,28/04/2025 14:03:13 Epoch 213 Validation Loss: 0.05242856
0.05242856
28/04/2025 14:03:13 Epoch 213 Train Loss: 0.01210949
213,0.01210949,28/04/2025 14:03:18 Epoch 214 Validation Loss: 1.48081851
1.48081851
28/04/2025 14:03:18 Epoch 214 Train Loss: 0.01759474
214,0.01759474,28/04/2025 14:03:23 Epoch 215 Validation Loss: 0.24700679
0.24700679
28/04/2025 14:03:23 Epoch 215 Train Loss: 0.07018761
215,0.07018761,28/04/2025 14:03:28 Epoch 216 Validation Loss: 0.40812829
0.40812829
28/04/2025 14:03:28 Epoch 216 Train Loss: 0.03584234
216,0.03584234,28/04/2025 14:03:32 Epoch 217 Validation Loss: 0.03320927
0.03320927
28/04/2025 14:03:32 Epoch 217 Train Loss: 0.06935038
217,0.06935038,28/04/2025 14:03:37 Epoch 218 Validation Loss: 0.02913430
0.02913430
28/04/2025 14:03:37 Epoch 218 Train Loss: 0.02371230
218,0.02371230,28/04/2025 14:03:41 Epoch 219 Validation Loss: 0.03895892
0.03895892
28/04/2025 14:03:41 Epoch 219 Train Loss: 0.02429938
219,0.02429938,28/04/2025 14:03:46 Epoch 220 Validation Loss: 3.68680120
3.68680120
28/04/2025 14:03:46 Epoch 220 Train Loss: 0.02886494
220,0.02886494,28/04/2025 14:03:54 Epoch 221 Validation Loss: 0.05828162
0.05828162
28/04/2025 14:03:54 Epoch 221 Train Loss: 0.02853571
221,0.02853571,28/04/2025 14:03:59 Epoch 222 Validation Loss: 0.06449144
0.06449144
28/04/2025 14:03:59 Epoch 222 Train Loss: 0.03619079
222,0.03619079,28/04/2025 14:04:03 Epoch 223 Validation Loss: 0.10388088
0.10388088
28/04/2025 14:04:03 Epoch 223 Train Loss: 0.02743204
223,0.02743204,28/04/2025 14:04:08 Epoch 224 Validation Loss: 0.28819314
0.28819314
28/04/2025 14:04:08 Epoch 224 Train Loss: 0.03881785
224,0.03881785,28/04/2025 14:04:13 Epoch 225 Validation Loss: 0.04895296
0.04895296
28/04/2025 14:04:13 Epoch 225 Train Loss: 0.01960333
225,0.01960333,28/04/2025 14:04:17 Epoch 226 Validation Loss: 0.04837421
0.04837421
28/04/2025 14:04:17 Epoch 226 Train Loss: 0.01696040
226,0.01696040,28/04/2025 14:04:22 Epoch 227 Validation Loss: 0.08881508
0.08881508
28/04/2025 14:04:22 Epoch 227 Train Loss: 0.01893597
227,0.01893597,28/04/2025 14:04:27 Epoch 228 Validation Loss: 0.03615094
0.03615094
28/04/2025 14:04:27 Epoch 228 Train Loss: 0.02914192
228,0.02914192,28/04/2025 14:04:31 Epoch 229 Validation Loss: 0.04899280
0.04899280
28/04/2025 14:04:31 Epoch 229 Train Loss: 0.04278988
229,0.04278988,28/04/2025 14:04:36 Epoch 230 Validation Loss: 0.03022927
0.03022927
28/04/2025 14:04:36 Epoch 230 Train Loss: 0.02059274
230,0.02059274,28/04/2025 14:04:41 Epoch 231 Validation Loss: 0.12979689
0.12979689
28/04/2025 14:04:41 Epoch 231 Train Loss: 0.01746206
231,0.01746206,28/04/2025 14:04:45 Epoch 232 Validation Loss: 0.06676162
0.06676162
28/04/2025 14:04:45 Epoch 232 Train Loss: 0.01379979
232,0.01379979,28/04/2025 14:04:50 Epoch 233 Validation Loss: 0.03927137
0.03927137
28/04/2025 14:04:50 Epoch 233 Train Loss: 0.02987993
233,0.02987993,28/04/2025 14:04:55 Epoch 234 Validation Loss: 0.04649028
0.04649028
28/04/2025 14:04:55 Epoch 234 Train Loss: 0.02075956
234,0.02075956,28/04/2025 14:05:00 Epoch 235 Validation Loss: 0.03347434
0.03347434
28/04/2025 14:05:00 Epoch 235 Train Loss: 0.01133334
235,0.01133334,28/04/2025 14:05:04 Epoch 236 Validation Loss: 0.04789848
0.04789848
28/04/2025 14:05:04 Epoch 236 Train Loss: 0.01435397
236,0.01435397,28/04/2025 14:05:09 Epoch 237 Validation Loss: 0.09129548
0.09129548
28/04/2025 14:05:09 Epoch 237 Train Loss: 0.05142199
237,0.05142199,28/04/2025 14:05:13 Epoch 238 Validation Loss: 0.23057987
0.23057987
28/04/2025 14:05:13 Epoch 238 Train Loss: 0.04774821
238,0.04774821,28/04/2025 14:05:18 Epoch 239 Validation Loss: 0.07645442
0.07645442
28/04/2025 14:05:18 Epoch 239 Train Loss: 0.07980099
239,0.07980099,28/04/2025 14:05:25 Epoch 240 Validation Loss: 0.26112306
0.26112306
28/04/2025 14:05:25 Epoch 240 Train Loss: 0.08969998
240,0.08969998,28/04/2025 14:05:30 Epoch 241 Validation Loss: 0.15843917
0.15843917
28/04/2025 14:05:30 Epoch 241 Train Loss: 0.05569757
241,0.05569757,28/04/2025 14:05:35 Epoch 242 Validation Loss: 0.11527195
0.11527195
28/04/2025 14:05:35 Epoch 242 Train Loss: 0.03594036
242,0.03594036,28/04/2025 14:05:39 Epoch 243 Validation Loss: 0.09772955
0.09772955
28/04/2025 14:05:39 Epoch 243 Train Loss: 0.05489483
243,0.05489483,28/04/2025 14:05:44 Epoch 244 Validation Loss: 0.22416593
0.22416593
28/04/2025 14:05:44 Epoch 244 Train Loss: 0.02638096
244,0.02638096,28/04/2025 14:05:49 Epoch 245 Validation Loss: 0.05647860
0.05647860
28/04/2025 14:05:49 Epoch 245 Train Loss: 0.03810968
245,0.03810968,28/04/2025 14:05:53 Epoch 246 Validation Loss: 0.10688443
0.10688443
28/04/2025 14:05:53 Epoch 246 Train Loss: 0.04251612
246,0.04251612,28/04/2025 14:05:58 Epoch 247 Validation Loss: 0.17272918
0.17272918
28/04/2025 14:05:58 Epoch 247 Train Loss: 0.02675658
247,0.02675658,28/04/2025 14:06:03 Epoch 248 Validation Loss: 0.05586822
0.05586822
28/04/2025 14:06:03 Epoch 248 Train Loss: 0.01936201
248,0.01936201,28/04/2025 14:06:08 Epoch 249 Validation Loss: 0.02309530
0.02309530
28/04/2025 14:06:08 Epoch 249 Train Loss: 0.01856605
249,0.01856605,28/04/2025 14:06:12 Epoch 250 Validation Loss: 0.13545491
0.13545491
28/04/2025 14:06:12 Epoch 250 Train Loss: 0.01246344
250,0.01246344,28/04/2025 14:06:17 Epoch 251 Validation Loss: 0.03396193
0.03396193
28/04/2025 14:06:17 Epoch 251 Train Loss: 0.01980312
251,0.01980312,28/04/2025 14:06:22 Epoch 252 Validation Loss: 0.02741553
0.02741553
28/04/2025 14:06:22 Epoch 252 Train Loss: 0.01808096
252,0.01808096,28/04/2025 14:06:26 Epoch 253 Validation Loss: 0.03295340
0.03295340
28/04/2025 14:06:26 Epoch 253 Train Loss: 0.01486487
253,0.01486487,28/04/2025 14:06:31 Epoch 254 Validation Loss: 0.27366772
0.27366772
28/04/2025 14:06:31 Epoch 254 Train Loss: 0.02810414
254,0.02810414,28/04/2025 14:06:36 Epoch 255 Validation Loss: 0.85054111
0.85054111
28/04/2025 14:06:36 Epoch 255 Train Loss: 0.04295580
255,0.04295580,28/04/2025 14:06:40 Epoch 256 Validation Loss: 0.83528519
0.83528519
28/04/2025 14:06:40 Epoch 256 Train Loss: 0.07068551
256,0.07068551,28/04/2025 14:06:45 Epoch 257 Validation Loss: 0.78162527
0.78162527
28/04/2025 14:06:45 Epoch 257 Train Loss: 0.04941638
257,0.04941638,28/04/2025 14:06:50 Epoch 258 Validation Loss: 0.07215761
0.07215761
28/04/2025 14:06:50 Epoch 258 Train Loss: 0.03909898
258,0.03909898,28/04/2025 14:06:55 Epoch 259 Validation Loss: 0.12078742
0.12078742
28/04/2025 14:06:55 Epoch 259 Train Loss: 0.03276746
259,0.03276746,28/04/2025 14:07:00 Epoch 260 Validation Loss: 0.07213847
0.07213847
28/04/2025 14:07:00 Epoch 260 Train Loss: 0.03089002
260,0.03089002,28/04/2025 14:07:04 Epoch 261 Validation Loss: 0.05824234
0.05824234
28/04/2025 14:07:04 Epoch 261 Train Loss: 0.02075079
261,0.02075079,28/04/2025 14:07:09 Epoch 262 Validation Loss: 0.11446334
0.11446334
28/04/2025 14:07:09 Epoch 262 Train Loss: 0.02350405
262,0.02350405,28/04/2025 14:07:14 Epoch 263 Validation Loss: 0.03372529
0.03372529
28/04/2025 14:07:14 Epoch 263 Train Loss: 0.02638378
263,0.02638378,28/04/2025 14:07:18 Epoch 264 Validation Loss: 0.02060780
0.02060780
28/04/2025 14:07:18 Epoch 264 Train Loss: 0.02103256
264,0.02103256,28/04/2025 14:07:23 Epoch 265 Validation Loss: 0.05942179
0.05942179
28/04/2025 14:07:23 Epoch 265 Train Loss: 0.03041987
265,0.03041987,28/04/2025 14:07:28 Epoch 266 Validation Loss: 0.09707646
0.09707646
28/04/2025 14:07:28 Epoch 266 Train Loss: 0.02695876
266,0.02695876,28/04/2025 14:07:33 Epoch 267 Validation Loss: 0.05210059
0.05210059
28/04/2025 14:07:33 Epoch 267 Train Loss: 0.03125833
267,0.03125833,28/04/2025 14:07:37 Epoch 268 Validation Loss: 0.06029690
0.06029690
28/04/2025 14:07:37 Epoch 268 Train Loss: 0.01745618
268,0.01745618,28/04/2025 14:07:42 Epoch 269 Validation Loss: 0.03751635
0.03751635
28/04/2025 14:07:42 Epoch 269 Train Loss: 0.02134637
269,0.02134637,28/04/2025 14:07:47 Epoch 270 Validation Loss: 0.06086842
0.06086842
28/04/2025 14:07:47 Epoch 270 Train Loss: 0.02847752
270,0.02847752,28/04/2025 14:07:52 Epoch 271 Validation Loss: 0.10499149
0.10499149
28/04/2025 14:07:52 Epoch 271 Train Loss: 0.01894321
271,0.01894321,28/04/2025 14:07:56 Epoch 272 Validation Loss: 0.10419140
0.10419140
28/04/2025 14:07:56 Epoch 272 Train Loss: 0.01637798
272,0.01637798,28/04/2025 14:08:01 Epoch 273 Validation Loss: 0.05841703
0.05841703
28/04/2025 14:08:01 Epoch 273 Train Loss: 0.01708195
273,0.01708195,28/04/2025 14:08:06 Epoch 274 Validation Loss: 0.03415645
0.03415645
28/04/2025 14:08:06 Epoch 274 Train Loss: 0.01098036
274,0.01098036,28/04/2025 14:08:11 Epoch 275 Validation Loss: 0.02273548
0.02273548
28/04/2025 14:08:11 Epoch 275 Train Loss: 0.01454520
275,0.01454520,28/04/2025 14:08:15 Epoch 276 Validation Loss: 0.06778959
0.06778959
28/04/2025 14:08:15 Epoch 276 Train Loss: 0.01536214
276,0.01536214,28/04/2025 14:08:20 Epoch 277 Validation Loss: 0.03539189
0.03539189
28/04/2025 14:08:20 Epoch 277 Train Loss: 0.03298513
277,0.03298513,28/04/2025 14:08:29 Epoch 278 Validation Loss: 0.06487064
0.06487064
28/04/2025 14:08:29 Epoch 278 Train Loss: 0.01457467
278,0.01457467,28/04/2025 14:08:34 Epoch 279 Validation Loss: 0.03048372
0.03048372
28/04/2025 14:08:34 Epoch 279 Train Loss: 0.01169818
279,0.01169818,28/04/2025 14:08:39 Epoch 280 Validation Loss: 0.02680580
0.02680580
28/04/2025 14:08:39 Epoch 280 Train Loss: 0.00942252
280,0.00942252,28/04/2025 14:08:43 Epoch 281 Validation Loss: 0.03255316
0.03255316
28/04/2025 14:08:43 Epoch 281 Train Loss: 0.01059408
281,0.01059408,28/04/2025 14:08:48 Epoch 282 Validation Loss: 0.03053497
0.03053497
28/04/2025 14:08:48 Epoch 282 Train Loss: 0.03479727
282,0.03479727,28/04/2025 14:08:53 Epoch 283 Validation Loss: 0.07759161
0.07759161
28/04/2025 14:08:53 Epoch 283 Train Loss: 0.04157947
283,0.04157947,28/04/2025 14:08:58 Epoch 284 Validation Loss: 0.11327747
0.11327747
28/04/2025 14:08:58 Epoch 284 Train Loss: 0.02307131
284,0.02307131,28/04/2025 14:09:02 Epoch 285 Validation Loss: 0.19714141
0.19714141
28/04/2025 14:09:02 Epoch 285 Train Loss: 0.01501425
285,0.01501425,28/04/2025 14:09:07 Epoch 286 Validation Loss: 0.30830079
0.30830079
28/04/2025 14:09:07 Epoch 286 Train Loss: 0.05940881
286,0.05940881,28/04/2025 14:09:12 Epoch 287 Validation Loss: 0.09436389
0.09436389
28/04/2025 14:09:12 Epoch 287 Train Loss: 0.04171243
287,0.04171243,28/04/2025 14:09:16 Epoch 288 Validation Loss: 0.05407485
0.05407485
28/04/2025 14:09:16 Epoch 288 Train Loss: 0.02509770
288,0.02509770,28/04/2025 14:09:21 Epoch 289 Validation Loss: 0.02597306
0.02597306
28/04/2025 14:09:21 Epoch 289 Train Loss: 0.01629984
289,0.01629984,28/04/2025 14:09:26 Epoch 290 Validation Loss: 0.06872928
0.06872928
28/04/2025 14:09:26 Epoch 290 Train Loss: 0.01501154
290,0.01501154,28/04/2025 14:09:31 Epoch 291 Validation Loss: 0.21282183
0.21282183
28/04/2025 14:09:31 Epoch 291 Train Loss: 0.03043337
291,0.03043337,28/04/2025 14:09:36 Epoch 292 Validation Loss: 0.05474256
0.05474256
28/04/2025 14:09:36 Epoch 292 Train Loss: 0.02285304
292,0.02285304,28/04/2025 14:09:40 Epoch 293 Validation Loss: 0.03223908
0.03223908
28/04/2025 14:09:40 Epoch 293 Train Loss: 0.05742987
293,0.05742987,28/04/2025 14:09:45 Epoch 294 Validation Loss: 0.22519615
0.22519615
28/04/2025 14:09:45 Epoch 294 Train Loss: 0.01732262
294,0.01732262,28/04/2025 14:09:50 Epoch 295 Validation Loss: 0.02905362
0.02905362
28/04/2025 14:09:50 Epoch 295 Train Loss: 0.01323028
295,0.01323028,28/04/2025 14:09:54 Epoch 296 Validation Loss: 0.03557893
0.03557893
28/04/2025 14:09:54 Epoch 296 Train Loss: 0.01242782
296,0.01242782,28/04/2025 14:10:03 Epoch 297 Validation Loss: 0.02971021
0.02971021
28/04/2025 14:10:03 Epoch 297 Train Loss: 0.00997870
297,0.00997870,28/04/2025 14:10:07 Epoch 298 Validation Loss: 0.03173834
0.03173834
28/04/2025 14:10:07 Epoch 298 Train Loss: 0.01055244
298,0.01055244,28/04/2025 14:10:12 Epoch 299 Validation Loss: 0.02666963
0.02666963
28/04/2025 14:10:12 Epoch 299 Train Loss: 0.01017633
299,0.01017633,28/04/2025 14:10:17 Epoch 300 Validation Loss: 0.03796885
0.03796885
28/04/2025 14:10:17 Epoch 300 Train Loss: 0.00848672
300,0.00848672,28/04/2025 14:10:21 Epoch 301 Validation Loss: 0.02906090
0.02906090
28/04/2025 14:10:21 Epoch 301 Train Loss: 0.02991203
301,0.02991203,28/04/2025 14:10:26 Epoch 302 Validation Loss: 0.36706582
0.36706582
28/04/2025 14:10:26 Epoch 302 Train Loss: 0.01772077
302,0.01772077,28/04/2025 14:10:31 Epoch 303 Validation Loss: 2.79544163
2.79544163
28/04/2025 14:10:31 Epoch 303 Train Loss: 0.05246818
303,0.05246818,28/04/2025 14:10:36 Epoch 304 Validation Loss: 0.04122836
0.04122836
28/04/2025 14:10:36 Epoch 304 Train Loss: 0.03240002
304,0.03240002,28/04/2025 14:10:40 Epoch 305 Validation Loss: 0.15470356
0.15470356
28/04/2025 14:10:40 Epoch 305 Train Loss: 0.05403397
305,0.05403397,28/04/2025 14:10:45 Epoch 306 Validation Loss: 0.03767421
0.03767421
28/04/2025 14:10:45 Epoch 306 Train Loss: 0.03146917
306,0.03146917,28/04/2025 14:10:50 Epoch 307 Validation Loss: 0.04844284
0.04844284
28/04/2025 14:10:50 Epoch 307 Train Loss: 0.02614793
307,0.02614793,28/04/2025 14:10:54 Epoch 308 Validation Loss: 0.02527373
0.02527373
28/04/2025 14:10:54 Epoch 308 Train Loss: 0.02162679
308,0.02162679,28/04/2025 14:11:00 Epoch 309 Validation Loss: 0.05825897
0.05825897
28/04/2025 14:11:00 Epoch 309 Train Loss: 0.02644035
309,0.02644035,28/04/2025 14:11:04 Epoch 310 Validation Loss: 0.06676514
0.06676514
28/04/2025 14:11:04 Epoch 310 Train Loss: 0.02160460
310,0.02160460,28/04/2025 14:11:09 Epoch 311 Validation Loss: 0.05148143
0.05148143
28/04/2025 14:11:09 Epoch 311 Train Loss: 0.04196988
311,0.04196988,28/04/2025 14:11:14 Epoch 312 Validation Loss: 0.02786076
0.02786076
28/04/2025 14:11:14 Epoch 312 Train Loss: 0.01796308
312,0.01796308,28/04/2025 14:11:18 Epoch 313 Validation Loss: 0.03507070
0.03507070
28/04/2025 14:11:18 Epoch 313 Train Loss: 0.01083128
313,0.01083128,28/04/2025 14:11:23 Epoch 314 Validation Loss: 0.02192492
0.02192492
28/04/2025 14:11:23 Epoch 314 Train Loss: 0.00879845
314,0.00879845,28/04/2025 14:11:29 Epoch 315 Validation Loss: 0.03558261
0.03558261
28/04/2025 14:11:29 Epoch 315 Train Loss: 0.00690128
315,0.00690128,28/04/2025 14:11:33 Epoch 316 Validation Loss: 0.02448743
0.02448743
28/04/2025 14:11:33 Epoch 316 Train Loss: 0.00755909
316,0.00755909,28/04/2025 14:11:38 Epoch 317 Validation Loss: 0.01599412
0.01599412
28/04/2025 14:11:38 Epoch 317 Train Loss: 0.00646439
317,0.00646439,28/04/2025 14:11:43 Epoch 318 Validation Loss: 0.03210004
0.03210004
28/04/2025 14:11:43 Epoch 318 Train Loss: 0.00681356
318,0.00681356,28/04/2025 14:11:47 Epoch 319 Validation Loss: 0.02382678
0.02382678
28/04/2025 14:11:47 Epoch 319 Train Loss: 0.00965611
319,0.00965611,28/04/2025 14:11:52 Epoch 320 Validation Loss: 0.01769242
0.01769242
28/04/2025 14:11:52 Epoch 320 Train Loss: 0.00779880
320,0.00779880,28/04/2025 14:11:57 Epoch 321 Validation Loss: 0.04980840
0.04980840
28/04/2025 14:11:57 Epoch 321 Train Loss: 0.00689813
321,0.00689813,28/04/2025 14:12:02 Epoch 322 Validation Loss: 0.21782336
0.21782336
28/04/2025 14:12:02 Epoch 322 Train Loss: 0.01783415
322,0.01783415,28/04/2025 14:12:07 Epoch 323 Validation Loss: 0.22146019
0.22146019
28/04/2025 14:12:07 Epoch 323 Train Loss: 0.01142637
323,0.01142637,28/04/2025 14:12:12 Epoch 324 Validation Loss: 0.04090316
0.04090316
28/04/2025 14:12:12 Epoch 324 Train Loss: 0.01455042
324,0.01455042,28/04/2025 14:12:16 Epoch 325 Validation Loss: 0.05538996
0.05538996
28/04/2025 14:12:16 Epoch 325 Train Loss: 0.00748194
325,0.00748194,28/04/2025 14:12:21 Epoch 326 Validation Loss: 0.02237117
0.02237117
28/04/2025 14:12:21 Epoch 326 Train Loss: 0.00826958
326,0.00826958,28/04/2025 14:12:26 Epoch 327 Validation Loss: 0.01787824
0.01787824
28/04/2025 14:12:26 Epoch 327 Train Loss: 0.00883650
327,0.00883650,28/04/2025 14:12:31 Epoch 328 Validation Loss: 0.04652496
0.04652496
28/04/2025 14:12:31 Epoch 328 Train Loss: 0.00842335
328,0.00842335,28/04/2025 14:12:36 Epoch 329 Validation Loss: 0.05382681
0.05382681
28/04/2025 14:12:36 Epoch 329 Train Loss: 0.01158709
329,0.01158709,28/04/2025 14:12:41 Epoch 330 Validation Loss: 0.01985925
0.01985925
28/04/2025 14:12:41 Epoch 330 Train Loss: 0.00981567
330,0.00981567,28/04/2025 14:12:45 Epoch 331 Validation Loss: 0.03240889
0.03240889
28/04/2025 14:12:45 Epoch 331 Train Loss: 0.00791191
331,0.00791191,28/04/2025 14:12:50 Epoch 332 Validation Loss: 0.02402843
0.02402843
28/04/2025 14:12:50 Epoch 332 Train Loss: 0.01167934
332,0.01167934,28/04/2025 14:12:55 Epoch 333 Validation Loss: 0.02387925
0.02387925
28/04/2025 14:12:55 Epoch 333 Train Loss: 0.00797347
333,0.00797347,28/04/2025 14:13:03 Epoch 334 Validation Loss: 0.02490776
0.02490776
28/04/2025 14:13:03 Epoch 334 Train Loss: 0.01092191
334,0.01092191,28/04/2025 14:13:08 Epoch 335 Validation Loss: 0.02733488
0.02733488
28/04/2025 14:13:08 Epoch 335 Train Loss: 0.01035772
335,0.01035772,28/04/2025 14:13:12 Epoch 336 Validation Loss: 0.03713198
0.03713198
28/04/2025 14:13:12 Epoch 336 Train Loss: 0.00941400
336,0.00941400,28/04/2025 14:13:17 Epoch 337 Validation Loss: 0.02401663
0.02401663
28/04/2025 14:13:17 Epoch 337 Train Loss: 0.00584554
337,0.00584554,28/04/2025 14:13:22 Epoch 338 Validation Loss: 0.02114398
0.02114398
28/04/2025 14:13:22 Epoch 338 Train Loss: 0.00491896
338,0.00491896,28/04/2025 14:13:26 Epoch 339 Validation Loss: 0.02346787
0.02346787
28/04/2025 14:13:26 Epoch 339 Train Loss: 0.00524061
339,0.00524061,28/04/2025 14:13:32 Epoch 340 Validation Loss: 0.02269846
0.02269846
28/04/2025 14:13:32 Epoch 340 Train Loss: 0.01045839
340,0.01045839,28/04/2025 14:13:37 Epoch 341 Validation Loss: 0.01790469
0.01790469
28/04/2025 14:13:37 Epoch 341 Train Loss: 0.00768470
341,0.00768470,28/04/2025 14:13:41 Epoch 342 Validation Loss: 0.01888073
0.01888073
28/04/2025 14:13:41 Epoch 342 Train Loss: 0.00558889
342,0.00558889,28/04/2025 14:13:46 Epoch 343 Validation Loss: 0.01976182
0.01976182
28/04/2025 14:13:46 Epoch 343 Train Loss: 0.00431826
343,0.00431826,28/04/2025 14:13:51 Epoch 344 Validation Loss: 0.04411969
0.04411969
28/04/2025 14:13:51 Epoch 344 Train Loss: 0.00661847
344,0.00661847,28/04/2025 14:13:55 Epoch 345 Validation Loss: 0.08003671
0.08003671
28/04/2025 14:13:55 Epoch 345 Train Loss: 0.00835041
345,0.00835041,28/04/2025 14:14:01 Epoch 346 Validation Loss: 0.27558860
0.27558860
28/04/2025 14:14:01 Epoch 346 Train Loss: 0.02093136
346,0.02093136,28/04/2025 14:14:06 Epoch 347 Validation Loss: 0.10496327
0.10496327
28/04/2025 14:14:06 Epoch 347 Train Loss: 0.04172782
347,0.04172782,28/04/2025 14:14:11 Epoch 348 Validation Loss: 0.03444875
0.03444875
28/04/2025 14:14:11 Epoch 348 Train Loss: 0.02358545
348,0.02358545,28/04/2025 14:14:15 Epoch 349 Validation Loss: 0.09932239
0.09932239
28/04/2025 14:14:15 Epoch 349 Train Loss: 0.01722692
349,0.01722692,28/04/2025 14:14:20 Epoch 350 Validation Loss: 0.02086474
0.02086474
28/04/2025 14:14:20 Epoch 350 Train Loss: 0.01189665
350,0.01189665,28/04/2025 14:14:25 Epoch 351 Validation Loss: 0.02086838
0.02086838
28/04/2025 14:14:25 Epoch 351 Train Loss: 0.01378881
351,0.01378881,28/04/2025 14:14:30 Epoch 352 Validation Loss: 0.02222583
0.02222583
28/04/2025 14:14:30 Epoch 352 Train Loss: 0.01713614
352,0.01713614,28/04/2025 14:14:35 Epoch 353 Validation Loss: 0.02077750
0.02077750
28/04/2025 14:14:35 Epoch 353 Train Loss: 0.01188299
353,0.01188299,28/04/2025 14:14:40 Epoch 354 Validation Loss: 0.05475862
0.05475862
28/04/2025 14:14:40 Epoch 354 Train Loss: 0.01175175
354,0.01175175,28/04/2025 14:14:45 Epoch 355 Validation Loss: 0.03636638
0.03636638
28/04/2025 14:14:45 Epoch 355 Train Loss: 0.02559673
355,0.02559673,28/04/2025 14:14:49 Epoch 356 Validation Loss: 0.02251961
0.02251961
28/04/2025 14:14:49 Epoch 356 Train Loss: 0.01387079
356,0.01387079,28/04/2025 14:14:54 Epoch 357 Validation Loss: 0.02088363
0.02088363
28/04/2025 14:14:54 Epoch 357 Train Loss: 0.00868879
357,0.00868879,28/04/2025 14:15:00 Epoch 358 Validation Loss: 0.05319168
0.05319168
28/04/2025 14:15:00 Epoch 358 Train Loss: 0.00781890
358,0.00781890,28/04/2025 14:15:05 Epoch 359 Validation Loss: 0.01808421
0.01808421
28/04/2025 14:15:05 Epoch 359 Train Loss: 0.00903362
359,0.00903362,28/04/2025 14:15:10 Epoch 360 Validation Loss: 0.02111677
0.02111677
28/04/2025 14:15:10 Epoch 360 Train Loss: 0.00487410
360,0.00487410,28/04/2025 14:15:14 Epoch 361 Validation Loss: 0.02278200
0.02278200
28/04/2025 14:15:14 Epoch 361 Train Loss: 0.00592024
361,0.00592024,28/04/2025 14:15:19 Epoch 362 Validation Loss: 0.02219030
0.02219030
28/04/2025 14:15:19 Epoch 362 Train Loss: 0.00861789
362,0.00861789,28/04/2025 14:15:24 Epoch 363 Validation Loss: 0.01661347
0.01661347
28/04/2025 14:15:24 Epoch 363 Train Loss: 0.02030632
363,0.02030632,28/04/2025 14:15:30 Epoch 364 Validation Loss: 0.02186670
0.02186670
28/04/2025 14:15:30 Epoch 364 Train Loss: 0.00615857
364,0.00615857,28/04/2025 14:15:34 Epoch 365 Validation Loss: 0.01792232
0.01792232
28/04/2025 14:15:34 Epoch 365 Train Loss: 0.00520820
365,0.00520820,28/04/2025 14:15:39 Epoch 366 Validation Loss: 0.01726247
0.01726247
28/04/2025 14:15:39 Epoch 366 Train Loss: 0.00588784
366,0.00588784,28/04/2025 14:15:44 Epoch 367 Validation Loss: 0.13073756
0.13073756
28/04/2025 14:15:44 Epoch 367 Train Loss: 0.01221993
367,0.01221993,28/04/2025 14:15:49 Epoch 368 Validation Loss: 0.05424296
0.05424296
28/04/2025 14:15:49 Epoch 368 Train Loss: 0.02563687
368,0.02563687,28/04/2025 14:15:53 Epoch 369 Validation Loss: 0.02777319
0.02777319
28/04/2025 14:15:53 Epoch 369 Train Loss: 0.01058984
369,0.01058984,28/04/2025 14:15:59 Epoch 370 Validation Loss: 0.34635320
0.34635320
28/04/2025 14:15:59 Epoch 370 Train Loss: 0.01063374
370,0.01063374,28/04/2025 14:16:04 Epoch 371 Validation Loss: 0.22824636
0.22824636
28/04/2025 14:16:04 Epoch 371 Train Loss: 0.10358149
371,0.10358149,28/04/2025 14:16:09 Epoch 372 Validation Loss: 0.15505111
0.15505111
28/04/2025 14:16:09 Epoch 372 Train Loss: 0.05375008
372,0.05375008,28/04/2025 14:16:14 Epoch 373 Validation Loss: 0.16679528
0.16679528
28/04/2025 14:16:14 Epoch 373 Train Loss: 0.03042700
373,0.03042700,28/04/2025 14:16:18 Epoch 374 Validation Loss: 0.03292449
0.03292449
28/04/2025 14:16:18 Epoch 374 Train Loss: 0.02260264
374,0.02260264,28/04/2025 14:16:23 Epoch 375 Validation Loss: 0.06839500
0.06839500
28/04/2025 14:16:23 Epoch 375 Train Loss: 0.01404564
375,0.01404564,28/04/2025 14:16:29 Epoch 376 Validation Loss: 0.02648430
0.02648430
28/04/2025 14:16:29 Epoch 376 Train Loss: 0.01404068
376,0.01404068,28/04/2025 14:16:34 Epoch 377 Validation Loss: 0.05107535
0.05107535
28/04/2025 14:16:34 Epoch 377 Train Loss: 0.01003923
377,0.01003923,28/04/2025 14:16:39 Epoch 378 Validation Loss: 2.45383596
2.45383596
28/04/2025 14:16:39 Epoch 378 Train Loss: 0.01152402
378,0.01152402,28/04/2025 14:16:44 Epoch 379 Validation Loss: 0.04380148
0.04380148
28/04/2025 14:16:44 Epoch 379 Train Loss: 0.07466206
379,0.07466206,28/04/2025 14:16:48 Epoch 380 Validation Loss: 0.07994660
0.07994660
28/04/2025 14:16:48 Epoch 380 Train Loss: 0.01982120
380,0.01982120,28/04/2025 14:16:53 Epoch 381 Validation Loss: 0.12490959
0.12490959
28/04/2025 14:16:53 Epoch 381 Train Loss: 0.01451931
381,0.01451931,28/04/2025 14:16:59 Epoch 382 Validation Loss: 0.03200411
0.03200411
28/04/2025 14:16:59 Epoch 382 Train Loss: 0.00988040
382,0.00988040,28/04/2025 14:17:04 Epoch 383 Validation Loss: 0.02050573
0.02050573
28/04/2025 14:17:04 Epoch 383 Train Loss: 0.00838390
383,0.00838390,28/04/2025 14:17:09 Epoch 384 Validation Loss: 0.02454171
0.02454171
28/04/2025 14:17:09 Epoch 384 Train Loss: 0.00811046
384,0.00811046,28/04/2025 14:17:14 Epoch 385 Validation Loss: 0.16906860
0.16906860
28/04/2025 14:17:14 Epoch 385 Train Loss: 0.01338107
385,0.01338107,