28/04/2025 16:07:04 Training is starting...
28/04/2025 16:07:12 Epoch 0 Validation Loss: 7.27518129
7.27518129
28/04/2025 16:07:12 Epoch 0 Train Loss: 13.90237045
0,13.90237045,28/04/2025 16:07:27 Epoch 1 Validation Loss: 1.28435183
1.28435183
28/04/2025 16:07:28 Epoch 1 Train Loss: 2.26715136
1,2.26715136,28/04/2025 16:07:44 Epoch 2 Validation Loss: 4.18055296
4.18055296
28/04/2025 16:07:44 Epoch 2 Train Loss: 2.24295616
2,2.24295616,28/04/2025 16:08:00 Epoch 3 Validation Loss: 3.67288136
3.67288136
28/04/2025 16:08:00 Epoch 3 Train Loss: 4.61706591
3,4.61706591,28/04/2025 16:08:16 Epoch 4 Validation Loss: 1.55300379
1.55300379
28/04/2025 16:08:16 Epoch 4 Train Loss: 3.24203086
4,3.24203086,28/04/2025 16:08:33 Epoch 5 Validation Loss: 0.99067003
0.99067003
28/04/2025 16:08:33 Epoch 5 Train Loss: 1.59995031
5,1.59995031,28/04/2025 16:08:49 Epoch 6 Validation Loss: 1.37621617
1.37621617
28/04/2025 16:08:49 Epoch 6 Train Loss: 1.06603277
6,1.06603277,28/04/2025 16:09:06 Epoch 7 Validation Loss: 1.95691991
1.95691991
28/04/2025 16:09:06 Epoch 7 Train Loss: 1.39245176
7,1.39245176,28/04/2025 16:09:22 Epoch 8 Validation Loss: 1.72864068
1.72864068
28/04/2025 16:09:22 Epoch 8 Train Loss: 1.57669365
8,1.57669365,28/04/2025 16:09:38 Epoch 9 Validation Loss: 1.19016469
1.19016469
28/04/2025 16:09:38 Epoch 9 Train Loss: 1.21494710
9,1.21494710,28/04/2025 16:09:55 Epoch 10 Validation Loss: 0.63048512
0.63048512
28/04/2025 16:09:55 Epoch 10 Train Loss: 0.92978972
10,0.92978972,28/04/2025 16:10:12 Epoch 11 Validation Loss: 0.65078431
0.65078431
28/04/2025 16:10:12 Epoch 11 Train Loss: 0.81960291
11,0.81960291,28/04/2025 16:10:29 Epoch 12 Validation Loss: 0.79952615
0.79952615
28/04/2025 16:10:29 Epoch 12 Train Loss: 0.85919183
12,0.85919183,28/04/2025 16:10:46 Epoch 13 Validation Loss: 0.77621549
0.77621549
28/04/2025 16:10:46 Epoch 13 Train Loss: 0.94640940
13,0.94640940,28/04/2025 16:11:02 Epoch 14 Validation Loss: 0.86198944
0.86198944
28/04/2025 16:11:02 Epoch 14 Train Loss: 1.00607574
14,1.00607574,28/04/2025 16:11:19 Epoch 15 Validation Loss: 1.41793394
1.41793394
28/04/2025 16:11:19 Epoch 15 Train Loss: 0.58688152
15,0.58688152,28/04/2025 16:11:36 Epoch 16 Validation Loss: 1.88702953
1.88702953
28/04/2025 16:11:36 Epoch 16 Train Loss: 0.76528811
16,0.76528811,