28/04/2025 15:03:05 Training is starting...
28/04/2025 15:03:11 Epoch 0 Validation Loss: 3.16290736
3.16290736
28/04/2025 15:03:11 Epoch 0 Train Loss: 5.23292923
0,5.23292923,28/04/2025 15:03:16 Epoch 1 Validation Loss: 1.78151381
1.78151381
28/04/2025 15:03:16 Epoch 1 Train Loss: 1.92532134
1,1.92532134,28/04/2025 15:03:20 Epoch 2 Validation Loss: 1.51210570
1.51210570
28/04/2025 15:03:20 Epoch 2 Train Loss: 1.54618835
2,1.54618835,28/04/2025 15:03:25 Epoch 3 Validation Loss: 1.41209269
1.41209269
28/04/2025 15:03:25 Epoch 3 Train Loss: 0.83397037
3,0.83397037,28/04/2025 15:03:29 Epoch 4 Validation Loss: 1.05984926
1.05984926
28/04/2025 15:03:29 Epoch 4 Train Loss: 0.61630034
4,0.61630034,28/04/2025 15:03:34 Epoch 5 Validation Loss: 1.37840509
1.37840509
28/04/2025 15:03:34 Epoch 5 Train Loss: 0.49471328
5,0.49471328,28/04/2025 15:03:39 Epoch 6 Validation Loss: 1.22616434
1.22616434
28/04/2025 15:03:39 Epoch 6 Train Loss: 0.45468676
6,0.45468676,28/04/2025 15:03:43 Epoch 7 Validation Loss: 0.91518533
0.91518533
28/04/2025 15:03:43 Epoch 7 Train Loss: 0.43063852
7,0.43063852,28/04/2025 15:03:48 Epoch 8 Validation Loss: 3.41861415
3.41861415
28/04/2025 15:03:48 Epoch 8 Train Loss: 0.40349850
8,0.40349850,28/04/2025 15:03:52 Epoch 9 Validation Loss: 0.76423740
0.76423740
28/04/2025 15:03:52 Epoch 9 Train Loss: 0.39163142
9,0.39163142,28/04/2025 15:03:57 Epoch 10 Validation Loss: 3.08339143
3.08339143
28/04/2025 15:03:57 Epoch 10 Train Loss: 0.33293271
10,0.33293271,28/04/2025 15:04:01 Epoch 11 Validation Loss: 0.93734634
0.93734634
28/04/2025 15:04:01 Epoch 11 Train Loss: 0.33268788
11,0.33268788,28/04/2025 15:04:06 Epoch 12 Validation Loss: 0.57720715
0.57720715
28/04/2025 15:04:06 Epoch 12 Train Loss: 0.30952108
12,0.30952108,28/04/2025 15:04:11 Epoch 13 Validation Loss: 0.36238500
0.36238500
28/04/2025 15:04:11 Epoch 13 Train Loss: 0.27835220
13,0.27835220,28/04/2025 15:04:15 Epoch 14 Validation Loss: 0.50120831
0.50120831
28/04/2025 15:04:15 Epoch 14 Train Loss: 0.24832024
14,0.24832024,28/04/2025 15:04:20 Epoch 15 Validation Loss: 1.57150698
1.57150698
28/04/2025 15:04:20 Epoch 15 Train Loss: 0.17858510
15,0.17858510,28/04/2025 15:04:25 Epoch 16 Validation Loss: 1.11228096
1.11228096
28/04/2025 15:04:25 Epoch 16 Train Loss: 0.17257240
16,0.17257240,28/04/2025 15:04:29 Epoch 17 Validation Loss: 1.86714244
1.86714244
28/04/2025 15:04:29 Epoch 17 Train Loss: 0.17818590
17,0.17818590,28/04/2025 15:04:34 Epoch 18 Validation Loss: 0.43512851
0.43512851
28/04/2025 15:04:34 Epoch 18 Train Loss: 0.17382903
18,0.17382903,28/04/2025 15:04:38 Epoch 19 Validation Loss: 2.75305915
2.75305915
28/04/2025 15:04:38 Epoch 19 Train Loss: 0.16592176
19,0.16592176,28/04/2025 15:04:43 Epoch 20 Validation Loss: 1.11011517
1.11011517
28/04/2025 15:04:43 Epoch 20 Train Loss: 0.17301708
20,0.17301708,28/04/2025 15:04:48 Epoch 21 Validation Loss: 0.83798623
0.83798623
28/04/2025 15:04:48 Epoch 21 Train Loss: 0.13892607
21,0.13892607,28/04/2025 15:04:52 Epoch 22 Validation Loss: 1.79430270
1.79430270
28/04/2025 15:04:52 Epoch 22 Train Loss: 0.14425616
22,0.14425616,28/04/2025 15:04:57 Epoch 23 Validation Loss: 0.61477876
0.61477876
28/04/2025 15:04:57 Epoch 23 Train Loss: 0.13963518
23,0.13963518,28/04/2025 15:05:01 Epoch 24 Validation Loss: 0.41581380
0.41581380
28/04/2025 15:05:01 Epoch 24 Train Loss: 0.10257743
24,0.10257743,28/04/2025 15:05:06 Epoch 25 Validation Loss: 0.65470833
0.65470833
28/04/2025 15:05:06 Epoch 25 Train Loss: 0.14948209
25,0.14948209,28/04/2025 15:05:11 Epoch 26 Validation Loss: 1.12308133
1.12308133
28/04/2025 15:05:11 Epoch 26 Train Loss: 0.09950592
26,0.09950592,28/04/2025 15:05:15 Epoch 27 Validation Loss: 3.96783447
3.96783447
28/04/2025 15:05:15 Epoch 27 Train Loss: 0.10696567
27,0.10696567,28/04/2025 15:05:20 Epoch 28 Validation Loss: 0.69622815
0.69622815
28/04/2025 15:05:20 Epoch 28 Train Loss: 0.12816817
28,0.12816817,28/04/2025 15:05:24 Epoch 29 Validation Loss: 0.92973924
0.92973924
28/04/2025 15:05:24 Epoch 29 Train Loss: 0.13401231
29,0.13401231,28/04/2025 15:05:29 Epoch 30 Validation Loss: 0.40738478
0.40738478
28/04/2025 15:05:29 Epoch 30 Train Loss: 0.11737498
30,0.11737498,28/04/2025 15:05:34 Epoch 31 Validation Loss: 1.16112590
1.16112590
28/04/2025 15:05:34 Epoch 31 Train Loss: 0.12346686
31,0.12346686,28/04/2025 15:05:38 Epoch 32 Validation Loss: 0.69220954
0.69220954
28/04/2025 15:05:38 Epoch 32 Train Loss: 0.13122091
32,0.13122091,28/04/2025 15:05:43 Epoch 33 Validation Loss: 1.29176831
1.29176831
28/04/2025 15:05:43 Epoch 33 Train Loss: 0.13002418
33,0.13002418,28/04/2025 15:05:50 Epoch 34 Validation Loss: 1.22439003
1.22439003
28/04/2025 15:05:50 Epoch 34 Train Loss: 0.16964465
34,0.16964465,28/04/2025 15:05:55 Epoch 35 Validation Loss: 2.37438631
2.37438631
28/04/2025 15:05:55 Epoch 35 Train Loss: 0.12302421
35,0.12302421,28/04/2025 15:06:00 Epoch 36 Validation Loss: 12.04853249
12.04853249
28/04/2025 15:06:00 Epoch 36 Train Loss: 0.09040178
36,0.09040178,28/04/2025 15:06:04 Epoch 37 Validation Loss: 1.16642606
1.16642606
28/04/2025 15:06:04 Epoch 37 Train Loss: 0.08984622
37,0.08984622,28/04/2025 15:06:09 Epoch 38 Validation Loss: 0.39212960
0.39212960
28/04/2025 15:06:09 Epoch 38 Train Loss: 0.09637439
38,0.09637439,28/04/2025 15:06:13 Epoch 39 Validation Loss: 0.20192434
0.20192434
28/04/2025 15:06:13 Epoch 39 Train Loss: 0.07554404
39,0.07554404,28/04/2025 15:06:18 Epoch 40 Validation Loss: 0.41933942
0.41933942
28/04/2025 15:06:18 Epoch 40 Train Loss: 0.07775986
40,0.07775986,28/04/2025 15:06:23 Epoch 41 Validation Loss: 0.13864617
0.13864617
28/04/2025 15:06:23 Epoch 41 Train Loss: 0.10517861
41,0.10517861,28/04/2025 15:06:27 Epoch 42 Validation Loss: 0.16171853
0.16171853
28/04/2025 15:06:27 Epoch 42 Train Loss: 0.05454939
42,0.05454939,28/04/2025 15:06:32 Epoch 43 Validation Loss: 0.19527325
0.19527325
28/04/2025 15:06:32 Epoch 43 Train Loss: 0.08763041
43,0.08763041,28/04/2025 15:06:36 Epoch 44 Validation Loss: 0.41182107
0.41182107
28/04/2025 15:06:36 Epoch 44 Train Loss: 0.06430864
44,0.06430864,28/04/2025 15:06:41 Epoch 45 Validation Loss: 0.97621590
0.97621590
28/04/2025 15:06:41 Epoch 45 Train Loss: 0.06909540
45,0.06909540,28/04/2025 15:06:46 Epoch 46 Validation Loss: 0.53179008
0.53179008
28/04/2025 15:06:46 Epoch 46 Train Loss: 0.06377136
46,0.06377136,28/04/2025 15:06:50 Epoch 47 Validation Loss: 0.20249344
0.20249344
28/04/2025 15:06:50 Epoch 47 Train Loss: 0.15126410
47,0.15126410,28/04/2025 15:06:55 Epoch 48 Validation Loss: 0.78734356
0.78734356
28/04/2025 15:06:55 Epoch 48 Train Loss: 0.17083447
48,0.17083447,28/04/2025 15:06:59 Epoch 49 Validation Loss: 0.25964370
0.25964370
28/04/2025 15:06:59 Epoch 49 Train Loss: 0.08381757
49,0.08381757,28/04/2025 15:07:04 Epoch 50 Validation Loss: 0.31059805
0.31059805
28/04/2025 15:07:04 Epoch 50 Train Loss: 0.12795720
50,0.12795720,28/04/2025 15:07:09 Epoch 51 Validation Loss: 0.68958104
0.68958104
28/04/2025 15:07:09 Epoch 51 Train Loss: 0.16504775
51,0.16504775,28/04/2025 15:07:16 Epoch 52 Validation Loss: 1.20293319
1.20293319
28/04/2025 15:07:16 Epoch 52 Train Loss: 0.09590277
52,0.09590277,28/04/2025 15:07:21 Epoch 53 Validation Loss: 1.70327318
1.70327318
28/04/2025 15:07:21 Epoch 53 Train Loss: 0.20486762
53,0.20486762,28/04/2025 15:07:26 Epoch 54 Validation Loss: 2.17613220
2.17613220
28/04/2025 15:07:26 Epoch 54 Train Loss: 0.14837098
54,0.14837098,28/04/2025 15:07:30 Epoch 55 Validation Loss: 0.21580406
0.21580406
28/04/2025 15:07:30 Epoch 55 Train Loss: 0.15451908
55,0.15451908,28/04/2025 15:07:35 Epoch 56 Validation Loss: 2.01524901
2.01524901
28/04/2025 15:07:35 Epoch 56 Train Loss: 0.06211316
56,0.06211316,28/04/2025 15:07:39 Epoch 57 Validation Loss: 2.57604003
2.57604003
28/04/2025 15:07:39 Epoch 57 Train Loss: 0.05931108
57,0.05931108,28/04/2025 15:07:44 Epoch 58 Validation Loss: 4.61234283
4.61234283
28/04/2025 15:07:44 Epoch 58 Train Loss: 0.06869117
58,0.06869117,28/04/2025 15:07:49 Epoch 59 Validation Loss: 2.01315141
2.01315141
28/04/2025 15:07:49 Epoch 59 Train Loss: 0.07139739
59,0.07139739,28/04/2025 15:07:53 Epoch 60 Validation Loss: 1.73108447
1.73108447
28/04/2025 15:07:53 Epoch 60 Train Loss: 0.05566837
60,0.05566837,28/04/2025 15:07:58 Epoch 61 Validation Loss: 0.07781965
0.07781965
28/04/2025 15:07:58 Epoch 61 Train Loss: 0.03965563
61,0.03965563,28/04/2025 15:08:02 Epoch 62 Validation Loss: 0.14244005
0.14244005
28/04/2025 15:08:02 Epoch 62 Train Loss: 0.03377490
62,0.03377490,28/04/2025 15:08:07 Epoch 63 Validation Loss: 1.59604537
1.59604537
28/04/2025 15:08:07 Epoch 63 Train Loss: 0.11667689
63,0.11667689,28/04/2025 15:08:12 Epoch 64 Validation Loss: 0.69434738
0.69434738
28/04/2025 15:08:12 Epoch 64 Train Loss: 0.28167599
64,0.28167599,28/04/2025 15:08:16 Epoch 65 Validation Loss: 1.08866096
1.08866096
28/04/2025 15:08:16 Epoch 65 Train Loss: 0.22305430
65,0.22305430,28/04/2025 15:08:21 Epoch 66 Validation Loss: 1.57749057
1.57749057
28/04/2025 15:08:21 Epoch 66 Train Loss: 0.11102485
66,0.11102485,28/04/2025 15:08:25 Epoch 67 Validation Loss: 0.22980677
0.22980677
28/04/2025 15:08:25 Epoch 67 Train Loss: 0.08827845
67,0.08827845,28/04/2025 15:08:30 Epoch 68 Validation Loss: 0.23325649
0.23325649
28/04/2025 15:08:30 Epoch 68 Train Loss: 0.06713832
68,0.06713832,28/04/2025 15:08:35 Epoch 69 Validation Loss: 0.17884776
0.17884776
28/04/2025 15:08:35 Epoch 69 Train Loss: 0.05948326
69,0.05948326,28/04/2025 15:08:39 Epoch 70 Validation Loss: 0.45129040
0.45129040
28/04/2025 15:08:39 Epoch 70 Train Loss: 0.06313862
70,0.06313862,28/04/2025 15:08:44 Epoch 71 Validation Loss: 0.08082515
0.08082515
28/04/2025 15:08:44 Epoch 71 Train Loss: 0.10472500
71,0.10472500,28/04/2025 15:08:49 Epoch 72 Validation Loss: 0.11652622
0.11652622
28/04/2025 15:08:49 Epoch 72 Train Loss: 0.07600309
72,0.07600309,28/04/2025 15:08:53 Epoch 73 Validation Loss: 0.06960934
0.06960934
28/04/2025 15:08:53 Epoch 73 Train Loss: 0.05782338
73,0.05782338,28/04/2025 15:08:58 Epoch 74 Validation Loss: 0.55966544
0.55966544
28/04/2025 15:08:58 Epoch 74 Train Loss: 0.05050513
74,0.05050513,28/04/2025 15:09:03 Epoch 75 Validation Loss: 0.23773092
0.23773092
28/04/2025 15:09:03 Epoch 75 Train Loss: 0.03956863
75,0.03956863,28/04/2025 15:09:07 Epoch 76 Validation Loss: 0.30793843
0.30793843
28/04/2025 15:09:07 Epoch 76 Train Loss: 0.05140134
76,0.05140134,28/04/2025 15:09:12 Epoch 77 Validation Loss: 1.43313229
1.43313229
28/04/2025 15:09:12 Epoch 77 Train Loss: 0.05289196
77,0.05289196,28/04/2025 15:09:17 Epoch 78 Validation Loss: 0.42554367
0.42554367
28/04/2025 15:09:17 Epoch 78 Train Loss: 0.04037355
78,0.04037355,28/04/2025 15:09:21 Epoch 79 Validation Loss: 0.93029660
0.93029660
28/04/2025 15:09:21 Epoch 79 Train Loss: 0.08164904
79,0.08164904,28/04/2025 15:09:26 Epoch 80 Validation Loss: 0.40542465
0.40542465
28/04/2025 15:09:26 Epoch 80 Train Loss: 0.09851751
80,0.09851751,28/04/2025 15:09:31 Epoch 81 Validation Loss: 0.38802603
0.38802603
28/04/2025 15:09:31 Epoch 81 Train Loss: 0.06405949
81,0.06405949,28/04/2025 15:09:35 Epoch 82 Validation Loss: 0.54004014
0.54004014
28/04/2025 15:09:35 Epoch 82 Train Loss: 0.06454952
82,0.06454952,28/04/2025 15:09:40 Epoch 83 Validation Loss: 2.19885492
2.19885492
28/04/2025 15:09:40 Epoch 83 Train Loss: 0.12451389
83,0.12451389,28/04/2025 15:09:45 Epoch 84 Validation Loss: 0.43453473
0.43453473
28/04/2025 15:09:45 Epoch 84 Train Loss: 0.07621880
84,0.07621880,28/04/2025 15:09:49 Epoch 85 Validation Loss: 3.45117497
3.45117497
28/04/2025 15:09:49 Epoch 85 Train Loss: 0.04293508
85,0.04293508,28/04/2025 15:09:54 Epoch 86 Validation Loss: 0.17431346
0.17431346
28/04/2025 15:09:54 Epoch 86 Train Loss: 0.04967878
86,0.04967878,28/04/2025 15:09:59 Epoch 87 Validation Loss: 0.05410972
0.05410972
28/04/2025 15:09:59 Epoch 87 Train Loss: 0.04153344
87,0.04153344,28/04/2025 15:10:03 Epoch 88 Validation Loss: 1.13967168
1.13967168
28/04/2025 15:10:03 Epoch 88 Train Loss: 0.06152835
88,0.06152835,28/04/2025 15:10:08 Epoch 89 Validation Loss: 8.15159988
8.15159988
28/04/2025 15:10:08 Epoch 89 Train Loss: 0.11491507
89,0.11491507,28/04/2025 15:10:13 Epoch 90 Validation Loss: 0.13709858
0.13709858
28/04/2025 15:10:13 Epoch 90 Train Loss: 0.12049624
90,0.12049624,28/04/2025 15:10:18 Epoch 91 Validation Loss: 0.42133456
0.42133456
28/04/2025 15:10:18 Epoch 91 Train Loss: 0.06225200
91,0.06225200,28/04/2025 15:10:22 Epoch 92 Validation Loss: 0.07432783
0.07432783
28/04/2025 15:10:22 Epoch 92 Train Loss: 0.07765272
92,0.07765272,28/04/2025 15:10:27 Epoch 93 Validation Loss: 0.19821884
0.19821884
28/04/2025 15:10:27 Epoch 93 Train Loss: 0.04516253
93,0.04516253,28/04/2025 15:10:32 Epoch 94 Validation Loss: 0.27826118
0.27826118
28/04/2025 15:10:32 Epoch 94 Train Loss: 0.08736365
94,0.08736365,28/04/2025 15:10:36 Epoch 95 Validation Loss: 0.71734327
0.71734327
28/04/2025 15:10:36 Epoch 95 Train Loss: 0.16076544
95,0.16076544,28/04/2025 15:10:41 Epoch 96 Validation Loss: 12.26883030
12.26883030
28/04/2025 15:10:41 Epoch 96 Train Loss: 0.14187145
96,0.14187145,28/04/2025 15:10:46 Epoch 97 Validation Loss: 0.79631001
0.79631001
28/04/2025 15:10:46 Epoch 97 Train Loss: 0.08902570
97,0.08902570,28/04/2025 15:10:50 Epoch 98 Validation Loss: 1.82999158
1.82999158
28/04/2025 15:10:50 Epoch 98 Train Loss: 0.20292120
98,0.20292120,28/04/2025 15:10:55 Epoch 99 Validation Loss: 0.18917099
0.18917099
28/04/2025 15:10:55 Epoch 99 Train Loss: 0.07816044
99,0.07816044,28/04/2025 15:11:00 Epoch 100 Validation Loss: 0.05984104
0.05984104
28/04/2025 15:11:00 Epoch 100 Train Loss: 0.04114416
100,0.04114416,28/04/2025 15:11:04 Epoch 101 Validation Loss: 0.07436457
0.07436457
28/04/2025 15:11:04 Epoch 101 Train Loss: 0.03254134
101,0.03254134,28/04/2025 15:11:09 Epoch 102 Validation Loss: 0.16152586
0.16152586
28/04/2025 15:11:09 Epoch 102 Train Loss: 0.03101477
102,0.03101477,28/04/2025 15:11:14 Epoch 103 Validation Loss: 0.14249362
0.14249362
28/04/2025 15:11:14 Epoch 103 Train Loss: 0.02632271
103,0.02632271,28/04/2025 15:11:18 Epoch 104 Validation Loss: 0.15568778
0.15568778
28/04/2025 15:11:18 Epoch 104 Train Loss: 0.02740394
104,0.02740394,28/04/2025 15:11:23 Epoch 105 Validation Loss: 0.04284909
0.04284909
28/04/2025 15:11:23 Epoch 105 Train Loss: 0.02544383
105,0.02544383,28/04/2025 15:11:28 Epoch 106 Validation Loss: 0.13925774
0.13925774
28/04/2025 15:11:28 Epoch 106 Train Loss: 0.02872771
106,0.02872771,28/04/2025 15:11:33 Epoch 107 Validation Loss: 0.21292585
0.21292585
28/04/2025 15:11:33 Epoch 107 Train Loss: 0.04474837
107,0.04474837,28/04/2025 15:11:41 Epoch 108 Validation Loss: 0.09088128
0.09088128
28/04/2025 15:11:41 Epoch 108 Train Loss: 0.03498214
108,0.03498214,28/04/2025 15:11:45 Epoch 109 Validation Loss: 0.09323654
0.09323654
28/04/2025 15:11:45 Epoch 109 Train Loss: 0.04900156
109,0.04900156,28/04/2025 15:11:50 Epoch 110 Validation Loss: 0.10124107
0.10124107
28/04/2025 15:11:50 Epoch 110 Train Loss: 0.03194035
110,0.03194035,28/04/2025 15:11:54 Epoch 111 Validation Loss: 0.58864248
0.58864248
28/04/2025 15:11:54 Epoch 111 Train Loss: 0.05101566
111,0.05101566,28/04/2025 15:11:59 Epoch 112 Validation Loss: 0.17579700
0.17579700
28/04/2025 15:11:59 Epoch 112 Train Loss: 0.04281830
112,0.04281830,28/04/2025 15:12:04 Epoch 113 Validation Loss: 0.07989201
0.07989201
28/04/2025 15:12:04 Epoch 113 Train Loss: 0.03200904
113,0.03200904,28/04/2025 15:12:08 Epoch 114 Validation Loss: 0.11518884
0.11518884
28/04/2025 15:12:08 Epoch 114 Train Loss: 0.02291480
114,0.02291480,28/04/2025 15:12:13 Epoch 115 Validation Loss: 0.07652862
0.07652862
28/04/2025 15:12:13 Epoch 115 Train Loss: 0.02737842
115,0.02737842,28/04/2025 15:12:18 Epoch 116 Validation Loss: 0.05085741
0.05085741
28/04/2025 15:12:18 Epoch 116 Train Loss: 0.02650819
116,0.02650819,28/04/2025 15:12:22 Epoch 117 Validation Loss: 0.07182663
0.07182663
28/04/2025 15:12:22 Epoch 117 Train Loss: 0.02738293
117,0.02738293,28/04/2025 15:12:27 Epoch 118 Validation Loss: 0.07695808
0.07695808
28/04/2025 15:12:27 Epoch 118 Train Loss: 0.02052357
118,0.02052357,28/04/2025 15:12:32 Epoch 119 Validation Loss: 0.20948264
0.20948264
28/04/2025 15:12:32 Epoch 119 Train Loss: 0.03418085
119,0.03418085,28/04/2025 15:12:36 Epoch 120 Validation Loss: 0.30905405
0.30905405
28/04/2025 15:12:36 Epoch 120 Train Loss: 0.04425198
120,0.04425198,28/04/2025 15:12:41 Epoch 121 Validation Loss: 0.05900427
0.05900427
28/04/2025 15:12:41 Epoch 121 Train Loss: 0.02818555
121,0.02818555,28/04/2025 15:12:45 Epoch 122 Validation Loss: 0.04591094
0.04591094
28/04/2025 15:12:45 Epoch 122 Train Loss: 0.03124436
122,0.03124436,28/04/2025 15:12:50 Epoch 123 Validation Loss: 0.17332666
0.17332666
28/04/2025 15:12:50 Epoch 123 Train Loss: 0.03429309
123,0.03429309,28/04/2025 15:12:55 Epoch 124 Validation Loss: 0.03389032
0.03389032
28/04/2025 15:12:55 Epoch 124 Train Loss: 0.03589026
124,0.03589026,28/04/2025 15:12:59 Epoch 125 Validation Loss: 0.06575543
0.06575543
28/04/2025 15:12:59 Epoch 125 Train Loss: 0.01654983
125,0.01654983,28/04/2025 15:13:04 Epoch 126 Validation Loss: 0.02260093
0.02260093
28/04/2025 15:13:04 Epoch 126 Train Loss: 0.02114016
126,0.02114016,28/04/2025 15:13:10 Epoch 127 Validation Loss: 0.03587298
0.03587298
28/04/2025 15:13:10 Epoch 127 Train Loss: 0.01806542
127,0.01806542,28/04/2025 15:13:14 Epoch 128 Validation Loss: 0.14004685
0.14004685
28/04/2025 15:13:14 Epoch 128 Train Loss: 0.02510747
128,0.02510747,28/04/2025 15:13:19 Epoch 129 Validation Loss: 0.30104217
0.30104217
28/04/2025 15:13:19 Epoch 129 Train Loss: 0.03150613
129,0.03150613,28/04/2025 15:13:24 Epoch 130 Validation Loss: 0.12382617
0.12382617
28/04/2025 15:13:24 Epoch 130 Train Loss: 0.02411826
130,0.02411826,28/04/2025 15:13:28 Epoch 131 Validation Loss: 0.33645803
0.33645803
28/04/2025 15:13:28 Epoch 131 Train Loss: 0.02191432
131,0.02191432,28/04/2025 15:13:33 Epoch 132 Validation Loss: 0.09561341
0.09561341
28/04/2025 15:13:33 Epoch 132 Train Loss: 0.02744634
132,0.02744634,28/04/2025 15:13:38 Epoch 133 Validation Loss: 10.89170837
10.89170837
28/04/2025 15:13:38 Epoch 133 Train Loss: 0.04276722
133,0.04276722,28/04/2025 15:13:42 Epoch 134 Validation Loss: 3.82754683
3.82754683
28/04/2025 15:13:42 Epoch 134 Train Loss: 0.04805633
134,0.04805633,28/04/2025 15:13:47 Epoch 135 Validation Loss: 0.11061586
0.11061586
28/04/2025 15:13:47 Epoch 135 Train Loss: 0.02253459
135,0.02253459,28/04/2025 15:13:52 Epoch 136 Validation Loss: 1.16522753
1.16522753
28/04/2025 15:13:52 Epoch 136 Train Loss: 0.02490247
136,0.02490247,28/04/2025 15:13:56 Epoch 137 Validation Loss: 0.13000213
0.13000213
28/04/2025 15:13:56 Epoch 137 Train Loss: 0.01784369
137,0.01784369,28/04/2025 15:14:01 Epoch 138 Validation Loss: 0.71435094
0.71435094
28/04/2025 15:14:01 Epoch 138 Train Loss: 0.03917293
138,0.03917293,28/04/2025 15:14:06 Epoch 139 Validation Loss: 0.08708183
0.08708183
28/04/2025 15:14:06 Epoch 139 Train Loss: 0.02424849
139,0.02424849,28/04/2025 15:14:11 Epoch 140 Validation Loss: 0.02160173
0.02160173
28/04/2025 15:14:11 Epoch 140 Train Loss: 0.01824046
140,0.01824046,28/04/2025 15:14:15 Epoch 141 Validation Loss: 0.31776693
0.31776693
28/04/2025 15:14:15 Epoch 141 Train Loss: 0.02307591
141,0.02307591,28/04/2025 15:14:20 Epoch 142 Validation Loss: 0.04779493
0.04779493
28/04/2025 15:14:20 Epoch 142 Train Loss: 0.02133643
142,0.02133643,28/04/2025 15:14:25 Epoch 143 Validation Loss: 0.03514088
0.03514088
28/04/2025 15:14:25 Epoch 143 Train Loss: 0.02000684
143,0.02000684,28/04/2025 15:14:29 Epoch 144 Validation Loss: 0.21982066
0.21982066
28/04/2025 15:14:29 Epoch 144 Train Loss: 0.03043424
144,0.03043424,28/04/2025 15:14:34 Epoch 145 Validation Loss: 0.03922076
0.03922076
28/04/2025 15:14:34 Epoch 145 Train Loss: 0.04096788
145,0.04096788,28/04/2025 15:14:42 Epoch 146 Validation Loss: 0.50679982
0.50679982
28/04/2025 15:14:42 Epoch 146 Train Loss: 0.10470581
146,0.10470581,28/04/2025 15:14:47 Epoch 147 Validation Loss: 18.53083801
18.53083801
28/04/2025 15:14:47 Epoch 147 Train Loss: 0.07914795
147,0.07914795,28/04/2025 15:14:51 Epoch 148 Validation Loss: 0.50431257
0.50431257
28/04/2025 15:14:51 Epoch 148 Train Loss: 0.05223113
148,0.05223113,28/04/2025 15:14:56 Epoch 149 Validation Loss: 1.10333967
1.10333967
28/04/2025 15:14:56 Epoch 149 Train Loss: 0.05693860
149,0.05693860,28/04/2025 15:15:01 Epoch 150 Validation Loss: 0.13256589
0.13256589
28/04/2025 15:15:01 Epoch 150 Train Loss: 0.03316870
150,0.03316870,28/04/2025 15:15:05 Epoch 151 Validation Loss: 1.03620553
1.03620553
28/04/2025 15:15:05 Epoch 151 Train Loss: 0.04080996
151,0.04080996,28/04/2025 15:15:10 Epoch 152 Validation Loss: 1.05598903
1.05598903
28/04/2025 15:15:10 Epoch 152 Train Loss: 0.03789457
152,0.03789457,28/04/2025 15:15:15 Epoch 153 Validation Loss: 0.03040647
0.03040647
28/04/2025 15:15:15 Epoch 153 Train Loss: 0.04754802
153,0.04754802,28/04/2025 15:15:19 Epoch 154 Validation Loss: 0.08793341
0.08793341
28/04/2025 15:15:19 Epoch 154 Train Loss: 0.01908343
154,0.01908343,28/04/2025 15:15:24 Epoch 155 Validation Loss: 0.03068718
0.03068718
28/04/2025 15:15:24 Epoch 155 Train Loss: 0.02242017
155,0.02242017,28/04/2025 15:15:29 Epoch 156 Validation Loss: 0.05255780
0.05255780
28/04/2025 15:15:29 Epoch 156 Train Loss: 0.01847621
156,0.01847621,28/04/2025 15:15:33 Epoch 157 Validation Loss: 0.06233621
0.06233621
28/04/2025 15:15:33 Epoch 157 Train Loss: 0.02595869
157,0.02595869,28/04/2025 15:15:38 Epoch 158 Validation Loss: 0.02801138
0.02801138
28/04/2025 15:15:38 Epoch 158 Train Loss: 0.01779166
158,0.01779166,28/04/2025 15:15:43 Epoch 159 Validation Loss: 1.99335694
1.99335694
28/04/2025 15:15:43 Epoch 159 Train Loss: 0.01786309
159,0.01786309,28/04/2025 15:15:47 Epoch 160 Validation Loss: 0.19830042
0.19830042
28/04/2025 15:15:47 Epoch 160 Train Loss: 0.05987655
160,0.05987655,28/04/2025 15:15:52 Epoch 161 Validation Loss: 0.04426963
0.04426963
28/04/2025 15:15:52 Epoch 161 Train Loss: 0.03827436
161,0.03827436,28/04/2025 15:15:57 Epoch 162 Validation Loss: 0.36094287
0.36094287
28/04/2025 15:15:57 Epoch 162 Train Loss: 0.02608881
162,0.02608881,28/04/2025 15:16:01 Epoch 163 Validation Loss: 0.04473113
0.04473113
28/04/2025 15:16:01 Epoch 163 Train Loss: 0.04127282
163,0.04127282,28/04/2025 15:16:06 Epoch 164 Validation Loss: 0.27743843
0.27743843
28/04/2025 15:16:06 Epoch 164 Train Loss: 0.02206369
164,0.02206369,28/04/2025 15:16:11 Epoch 165 Validation Loss: 0.16675638
0.16675638
28/04/2025 15:16:11 Epoch 165 Train Loss: 0.02618106
165,0.02618106,28/04/2025 15:16:16 Epoch 166 Validation Loss: 5.69617844
5.69617844
28/04/2025 15:16:16 Epoch 166 Train Loss: 0.05338818
166,0.05338818,28/04/2025 15:16:20 Epoch 167 Validation Loss: 2.95034671
2.95034671
28/04/2025 15:16:20 Epoch 167 Train Loss: 0.05971528
167,0.05971528,28/04/2025 15:16:25 Epoch 168 Validation Loss: 0.68472689
0.68472689
28/04/2025 15:16:25 Epoch 168 Train Loss: 0.04380487
168,0.04380487,28/04/2025 15:16:30 Epoch 169 Validation Loss: 0.27372038
0.27372038
28/04/2025 15:16:30 Epoch 169 Train Loss: 0.04031379
169,0.04031379,28/04/2025 15:16:34 Epoch 170 Validation Loss: 0.05835155
0.05835155
28/04/2025 15:16:34 Epoch 170 Train Loss: 0.02753250
170,0.02753250,28/04/2025 15:16:39 Epoch 171 Validation Loss: 0.03935650
0.03935650
28/04/2025 15:16:39 Epoch 171 Train Loss: 0.02570438
171,0.02570438,28/04/2025 15:16:44 Epoch 172 Validation Loss: 0.02792803
0.02792803
28/04/2025 15:16:44 Epoch 172 Train Loss: 0.01362930
172,0.01362930,28/04/2025 15:16:49 Epoch 173 Validation Loss: 0.01885881
0.01885881
28/04/2025 15:16:49 Epoch 173 Train Loss: 0.01396844
173,0.01396844,28/04/2025 15:16:53 Epoch 174 Validation Loss: 0.01970217
0.01970217
28/04/2025 15:16:53 Epoch 174 Train Loss: 0.01099010
174,0.01099010,28/04/2025 15:16:58 Epoch 175 Validation Loss: 0.01423262
0.01423262
28/04/2025 15:16:58 Epoch 175 Train Loss: 0.01121526
175,0.01121526,28/04/2025 15:17:03 Epoch 176 Validation Loss: 0.09132151
0.09132151
28/04/2025 15:17:03 Epoch 176 Train Loss: 0.00995166
176,0.00995166,28/04/2025 15:17:07 Epoch 177 Validation Loss: 0.11996205
0.11996205
28/04/2025 15:17:07 Epoch 177 Train Loss: 0.05896292
177,0.05896292,28/04/2025 15:17:12 Epoch 178 Validation Loss: 0.02632814
0.02632814
28/04/2025 15:17:12 Epoch 178 Train Loss: 0.02945901
178,0.02945901,28/04/2025 15:17:17 Epoch 179 Validation Loss: 1.16644430
1.16644430
28/04/2025 15:17:17 Epoch 179 Train Loss: 0.03317073
179,0.03317073,28/04/2025 15:17:22 Epoch 180 Validation Loss: 0.07749795
0.07749795
28/04/2025 15:17:22 Epoch 180 Train Loss: 0.05423731
180,0.05423731,28/04/2025 15:17:26 Epoch 181 Validation Loss: 0.08231191
0.08231191
28/04/2025 15:17:26 Epoch 181 Train Loss: 0.03345749
181,0.03345749,28/04/2025 15:17:31 Epoch 182 Validation Loss: 0.03615028
0.03615028
28/04/2025 15:17:31 Epoch 182 Train Loss: 0.01950052
182,0.01950052,28/04/2025 15:17:36 Epoch 183 Validation Loss: 0.04281548
0.04281548
28/04/2025 15:17:36 Epoch 183 Train Loss: 0.02125808
183,0.02125808,28/04/2025 15:17:41 Epoch 184 Validation Loss: 0.05393673
0.05393673
28/04/2025 15:17:41 Epoch 184 Train Loss: 0.02547171
184,0.02547171,28/04/2025 15:17:45 Epoch 185 Validation Loss: 0.01437652
0.01437652
28/04/2025 15:17:45 Epoch 185 Train Loss: 0.01847838
185,0.01847838,28/04/2025 15:17:50 Epoch 186 Validation Loss: 0.02739247
0.02739247
28/04/2025 15:17:50 Epoch 186 Train Loss: 0.01172561
186,0.01172561,28/04/2025 15:17:55 Epoch 187 Validation Loss: 0.03023769
0.03023769
28/04/2025 15:17:55 Epoch 187 Train Loss: 0.01126722
187,0.01126722,28/04/2025 15:18:01 Epoch 188 Validation Loss: 0.15047836
0.15047836
28/04/2025 15:18:01 Epoch 188 Train Loss: 0.01484221
188,0.01484221,28/04/2025 15:18:06 Epoch 189 Validation Loss: 0.03051365
0.03051365
28/04/2025 15:18:06 Epoch 189 Train Loss: 0.03242033
189,0.03242033,28/04/2025 15:18:11 Epoch 190 Validation Loss: 0.03142028
0.03142028
28/04/2025 15:18:11 Epoch 190 Train Loss: 0.03001654
190,0.03001654,28/04/2025 15:18:16 Epoch 191 Validation Loss: 0.02393475
0.02393475
28/04/2025 15:18:16 Epoch 191 Train Loss: 0.01692438
191,0.01692438,28/04/2025 15:18:21 Epoch 192 Validation Loss: 0.07817005
0.07817005
28/04/2025 15:18:21 Epoch 192 Train Loss: 0.01875098
192,0.01875098,28/04/2025 15:18:25 Epoch 193 Validation Loss: 0.17207877
0.17207877
28/04/2025 15:18:25 Epoch 193 Train Loss: 0.01357326
193,0.01357326,28/04/2025 15:18:30 Epoch 194 Validation Loss: 0.09625142
0.09625142
28/04/2025 15:18:30 Epoch 194 Train Loss: 0.02080650
194,0.02080650,28/04/2025 15:18:35 Epoch 195 Validation Loss: 0.03020906
0.03020906
28/04/2025 15:18:35 Epoch 195 Train Loss: 0.01861138
195,0.01861138,28/04/2025 15:18:40 Epoch 196 Validation Loss: 0.05294675
0.05294675
28/04/2025 15:18:40 Epoch 196 Train Loss: 0.02280539
196,0.02280539,28/04/2025 15:18:44 Epoch 197 Validation Loss: 1.27839899
1.27839899
28/04/2025 15:18:44 Epoch 197 Train Loss: 0.01961140
197,0.01961140,28/04/2025 15:18:49 Epoch 198 Validation Loss: 0.06185124
0.06185124
28/04/2025 15:18:49 Epoch 198 Train Loss: 0.02854852
198,0.02854852,28/04/2025 15:18:55 Epoch 199 Validation Loss: 0.07716631
0.07716631
28/04/2025 15:18:55 Epoch 199 Train Loss: 0.03364020
199,0.03364020,28/04/2025 15:19:01 Epoch 200 Validation Loss: 0.22814423
0.22814423
28/04/2025 15:19:01 Epoch 200 Train Loss: 0.03247525
200,0.03247525,28/04/2025 15:19:06 Epoch 201 Validation Loss: 0.05627476
0.05627476
28/04/2025 15:19:06 Epoch 201 Train Loss: 0.02576466
201,0.02576466,28/04/2025 15:19:12 Epoch 202 Validation Loss: 0.02796475
0.02796475
28/04/2025 15:19:12 Epoch 202 Train Loss: 0.02486416
202,0.02486416,28/04/2025 15:19:18 Epoch 203 Validation Loss: 0.06624699
0.06624699
28/04/2025 15:19:18 Epoch 203 Train Loss: 0.01206020
203,0.01206020,28/04/2025 15:19:25 Epoch 204 Validation Loss: 0.03776651
0.03776651
28/04/2025 15:19:25 Epoch 204 Train Loss: 0.01268812
204,0.01268812,28/04/2025 15:19:35 Epoch 205 Validation Loss: 0.02937170
0.02937170
28/04/2025 15:19:35 Epoch 205 Train Loss: 0.01131414
205,0.01131414,28/04/2025 15:19:46 Epoch 206 Validation Loss: 9.00691605
9.00691605
28/04/2025 15:19:46 Epoch 206 Train Loss: 0.01805966
206,0.01805966,28/04/2025 15:19:55 Epoch 207 Validation Loss: 0.73666734
0.73666734
28/04/2025 15:19:55 Epoch 207 Train Loss: 0.13289085
207,0.13289085,28/04/2025 15:20:04 Epoch 208 Validation Loss: 0.27424946
0.27424946
28/04/2025 15:20:04 Epoch 208 Train Loss: 0.07810424
208,0.07810424,28/04/2025 15:20:09 Epoch 209 Validation Loss: 0.42197484
0.42197484
28/04/2025 15:20:09 Epoch 209 Train Loss: 0.06322370
209,0.06322370,28/04/2025 15:20:14 Epoch 210 Validation Loss: 3.26707029
3.26707029
28/04/2025 15:20:14 Epoch 210 Train Loss: 0.09407154
210,0.09407154,28/04/2025 15:20:18 Epoch 211 Validation Loss: 6.85785103
6.85785103
28/04/2025 15:20:18 Epoch 211 Train Loss: 0.09093203
211,0.09093203,28/04/2025 15:20:23 Epoch 212 Validation Loss: 2.01823807
2.01823807
28/04/2025 15:20:23 Epoch 212 Train Loss: 0.04535026
212,0.04535026,28/04/2025 15:20:28 Epoch 213 Validation Loss: 0.06909391
0.06909391
28/04/2025 15:20:28 Epoch 213 Train Loss: 0.06002434
213,0.06002434,28/04/2025 15:20:32 Epoch 214 Validation Loss: 0.04328960
0.04328960
28/04/2025 15:20:32 Epoch 214 Train Loss: 0.03253522
214,0.03253522,28/04/2025 15:20:38 Epoch 215 Validation Loss: 0.17248207
0.17248207
28/04/2025 15:20:38 Epoch 215 Train Loss: 0.03508687
215,0.03508687,28/04/2025 15:20:42 Epoch 216 Validation Loss: 0.02458895
0.02458895
28/04/2025 15:20:42 Epoch 216 Train Loss: 0.03111967
216,0.03111967,28/04/2025 15:20:47 Epoch 217 Validation Loss: 0.11026178
0.11026178
28/04/2025 15:20:47 Epoch 217 Train Loss: 0.02353264
217,0.02353264,28/04/2025 15:20:52 Epoch 218 Validation Loss: 0.03109905
0.03109905
28/04/2025 15:20:52 Epoch 218 Train Loss: 0.03144702
218,0.03144702,28/04/2025 15:20:57 Epoch 219 Validation Loss: 0.65631258
0.65631258
28/04/2025 15:20:57 Epoch 219 Train Loss: 0.08784063
219,0.08784063,28/04/2025 15:21:01 Epoch 220 Validation Loss: 27.45009804
27.45009804
28/04/2025 15:21:01 Epoch 220 Train Loss: 0.06817365
220,0.06817365,28/04/2025 15:21:07 Epoch 221 Validation Loss: 5.09609175
5.09609175
28/04/2025 15:21:07 Epoch 221 Train Loss: 0.04710792
221,0.04710792,28/04/2025 15:21:12 Epoch 222 Validation Loss: 3.19539046
3.19539046
28/04/2025 15:21:12 Epoch 222 Train Loss: 0.04106637
222,0.04106637,28/04/2025 15:21:17 Epoch 223 Validation Loss: 0.10350129
0.10350129
28/04/2025 15:21:17 Epoch 223 Train Loss: 0.03151950
223,0.03151950,28/04/2025 15:21:22 Epoch 224 Validation Loss: 0.16634436
0.16634436
28/04/2025 15:21:22 Epoch 224 Train Loss: 0.11119584
224,0.11119584,28/04/2025 15:21:26 Epoch 225 Validation Loss: 0.26515800
0.26515800
28/04/2025 15:21:26 Epoch 225 Train Loss: 0.03781021
225,0.03781021,28/04/2025 15:21:31 Epoch 226 Validation Loss: 0.19989972
0.19989972
28/04/2025 15:21:31 Epoch 226 Train Loss: 0.03714896
226,0.03714896,28/04/2025 15:21:36 Epoch 227 Validation Loss: 0.24935152
0.24935152
28/04/2025 15:21:36 Epoch 227 Train Loss: 0.04956447
227,0.04956447,28/04/2025 15:21:41 Epoch 228 Validation Loss: 0.19432691
0.19432691
28/04/2025 15:21:41 Epoch 228 Train Loss: 0.04423220
228,0.04423220,28/04/2025 15:21:46 Epoch 229 Validation Loss: 0.08598281
0.08598281
28/04/2025 15:21:46 Epoch 229 Train Loss: 0.03657422
229,0.03657422,28/04/2025 15:21:52 Epoch 230 Validation Loss: 0.06081929
0.06081929
28/04/2025 15:21:52 Epoch 230 Train Loss: 0.03350225
230,0.03350225,28/04/2025 15:21:58 Epoch 231 Validation Loss: 0.03679112
0.03679112
28/04/2025 15:21:58 Epoch 231 Train Loss: 0.02517476
231,0.02517476,28/04/2025 15:22:03 Epoch 232 Validation Loss: 0.03825575
0.03825575
28/04/2025 15:22:03 Epoch 232 Train Loss: 0.02480354
232,0.02480354,28/04/2025 15:22:08 Epoch 233 Validation Loss: 0.02360336
0.02360336
28/04/2025 15:22:08 Epoch 233 Train Loss: 0.01443490
233,0.01443490,28/04/2025 15:22:14 Epoch 234 Validation Loss: 0.20158687
0.20158687
28/04/2025 15:22:14 Epoch 234 Train Loss: 0.01575150
234,0.01575150,28/04/2025 15:22:24 Epoch 235 Validation Loss: 0.01412015
0.01412015
28/04/2025 15:22:24 Epoch 235 Train Loss: 0.02126456
235,0.02126456,28/04/2025 15:22:34 Epoch 236 Validation Loss: 0.01606507
0.01606507
28/04/2025 15:22:34 Epoch 236 Train Loss: 0.01724551
236,0.01724551,28/04/2025 15:22:45 Epoch 237 Validation Loss: 0.02514463
0.02514463
28/04/2025 15:22:45 Epoch 237 Train Loss: 0.01035369
237,0.01035369,28/04/2025 15:22:56 Epoch 238 Validation Loss: 0.09968308
0.09968308
28/04/2025 15:22:56 Epoch 238 Train Loss: 0.00973127
238,0.00973127,28/04/2025 15:23:06 Epoch 239 Validation Loss: 0.11686094
0.11686094
28/04/2025 15:23:06 Epoch 239 Train Loss: 0.01890478
239,0.01890478,28/04/2025 15:23:24 Epoch 240 Validation Loss: 0.11962277
0.11962277
28/04/2025 15:23:24 Epoch 240 Train Loss: 0.01653339
240,0.01653339,28/04/2025 15:23:35 Epoch 241 Validation Loss: 0.11343248
0.11343248
28/04/2025 15:23:35 Epoch 241 Train Loss: 0.01666070
241,0.01666070,28/04/2025 15:23:46 Epoch 242 Validation Loss: 0.05257287
0.05257287
28/04/2025 15:23:46 Epoch 242 Train Loss: 0.04019749
242,0.04019749,28/04/2025 15:23:56 Epoch 243 Validation Loss: 0.05189452
0.05189452
28/04/2025 15:23:56 Epoch 243 Train Loss: 0.07615527
243,0.07615527,28/04/2025 15:24:06 Epoch 244 Validation Loss: 0.15438850
0.15438850
28/04/2025 15:24:06 Epoch 244 Train Loss: 0.03465789
244,0.03465789,28/04/2025 15:24:18 Epoch 245 Validation Loss: 0.12920868
0.12920868
28/04/2025 15:24:18 Epoch 245 Train Loss: 0.03006742
245,0.03006742,28/04/2025 15:24:28 Epoch 246 Validation Loss: 0.02699184
0.02699184
28/04/2025 15:24:28 Epoch 246 Train Loss: 0.02685476
246,0.02685476,28/04/2025 15:24:39 Epoch 247 Validation Loss: 0.07429430
0.07429430
28/04/2025 15:24:39 Epoch 247 Train Loss: 0.02467792
247,0.02467792,28/04/2025 15:24:50 Epoch 248 Validation Loss: 0.02376994
0.02376994
28/04/2025 15:24:50 Epoch 248 Train Loss: 0.01486549
248,0.01486549,28/04/2025 15:25:01 Epoch 249 Validation Loss: 0.01487573
0.01487573
28/04/2025 15:25:01 Epoch 249 Train Loss: 0.01247762
249,0.01247762,28/04/2025 15:25:11 Epoch 250 Validation Loss: 0.03810386
0.03810386
28/04/2025 15:25:11 Epoch 250 Train Loss: 0.01825106
250,0.01825106,28/04/2025 15:25:22 Epoch 251 Validation Loss: 0.03977330
0.03977330
28/04/2025 15:25:22 Epoch 251 Train Loss: 0.02045497
251,0.02045497,28/04/2025 15:25:33 Epoch 252 Validation Loss: 0.05997302
0.05997302
28/04/2025 15:25:33 Epoch 252 Train Loss: 0.04236870
252,0.04236870,28/04/2025 15:25:44 Epoch 253 Validation Loss: 0.06197539
0.06197539
28/04/2025 15:25:44 Epoch 253 Train Loss: 0.04060619
253,0.04060619,28/04/2025 15:25:55 Epoch 254 Validation Loss: 0.12126303
0.12126303
28/04/2025 15:25:55 Epoch 254 Train Loss: 0.02395857
254,0.02395857,28/04/2025 15:26:06 Epoch 255 Validation Loss: 0.11946885
0.11946885
28/04/2025 15:26:06 Epoch 255 Train Loss: 0.02132017
255,0.02132017,28/04/2025 15:26:17 Epoch 256 Validation Loss: 0.76093578
0.76093578
28/04/2025 15:26:17 Epoch 256 Train Loss: 0.02629195
256,0.02629195,28/04/2025 15:26:28 Epoch 257 Validation Loss: 1.58211625
1.58211625
28/04/2025 15:26:28 Epoch 257 Train Loss: 0.07703340
257,0.07703340,28/04/2025 15:26:39 Epoch 258 Validation Loss: 0.22861123
0.22861123
28/04/2025 15:26:39 Epoch 258 Train Loss: 0.06798788
258,0.06798788,28/04/2025 15:26:51 Epoch 259 Validation Loss: 4.05103683
4.05103683
28/04/2025 15:26:51 Epoch 259 Train Loss: 0.03531842
259,0.03531842,28/04/2025 15:27:01 Epoch 260 Validation Loss: 0.19192955
0.19192955
28/04/2025 15:27:01 Epoch 260 Train Loss: 0.03690104
260,0.03690104,28/04/2025 15:27:13 Epoch 261 Validation Loss: 0.28725305
0.28725305
28/04/2025 15:27:13 Epoch 261 Train Loss: 0.02574103
261,0.02574103,28/04/2025 15:27:24 Epoch 262 Validation Loss: 0.10198165
0.10198165
28/04/2025 15:27:24 Epoch 262 Train Loss: 0.01901147
262,0.01901147,28/04/2025 15:27:35 Epoch 263 Validation Loss: 0.03038992
0.03038992
28/04/2025 15:27:35 Epoch 263 Train Loss: 0.02213329
263,0.02213329,28/04/2025 15:27:47 Epoch 264 Validation Loss: 0.06513576
0.06513576
28/04/2025 15:27:47 Epoch 264 Train Loss: 0.01469552
264,0.01469552,28/04/2025 15:27:58 Epoch 265 Validation Loss: 0.02944349
0.02944349
28/04/2025 15:27:58 Epoch 265 Train Loss: 0.01406891
265,0.01406891,28/04/2025 15:28:09 Epoch 266 Validation Loss: 0.02326298
0.02326298
28/04/2025 15:28:09 Epoch 266 Train Loss: 0.01149673
266,0.01149673,28/04/2025 15:28:21 Epoch 267 Validation Loss: 0.01877585
0.01877585
28/04/2025 15:28:21 Epoch 267 Train Loss: 0.01571295
267,0.01571295,28/04/2025 15:28:32 Epoch 268 Validation Loss: 0.06466283
0.06466283
28/04/2025 15:28:32 Epoch 268 Train Loss: 0.01120690
268,0.01120690,28/04/2025 15:28:44 Epoch 269 Validation Loss: 0.07691769
0.07691769
28/04/2025 15:28:44 Epoch 269 Train Loss: 0.02977999
269,0.02977999,28/04/2025 15:28:56 Epoch 270 Validation Loss: 0.05726854
0.05726854
28/04/2025 15:28:56 Epoch 270 Train Loss: 0.02163816
270,0.02163816,28/04/2025 15:29:07 Epoch 271 Validation Loss: 0.05662452
0.05662452
28/04/2025 15:29:07 Epoch 271 Train Loss: 0.03068625
271,0.03068625,28/04/2025 15:29:20 Epoch 272 Validation Loss: 0.21846525
0.21846525
28/04/2025 15:29:20 Epoch 272 Train Loss: 0.01864367
272,0.01864367,28/04/2025 15:29:31 Epoch 273 Validation Loss: 0.89688033
0.89688033
28/04/2025 15:29:31 Epoch 273 Train Loss: 0.07218462
273,0.07218462,28/04/2025 15:29:43 Epoch 274 Validation Loss: 0.09589764
0.09589764
28/04/2025 15:29:43 Epoch 274 Train Loss: 0.05850063
274,0.05850063,28/04/2025 15:29:55 Epoch 275 Validation Loss: 0.03601674
0.03601674
28/04/2025 15:29:55 Epoch 275 Train Loss: 0.02499983
275,0.02499983,28/04/2025 15:30:06 Epoch 276 Validation Loss: 0.08210152
0.08210152
28/04/2025 15:30:06 Epoch 276 Train Loss: 0.01789527
276,0.01789527,28/04/2025 15:30:22 Epoch 277 Validation Loss: 0.03538274
0.03538274
28/04/2025 15:30:22 Epoch 277 Train Loss: 0.02324395
277,0.02324395,28/04/2025 15:30:32 Epoch 278 Validation Loss: 0.06200353
0.06200353
28/04/2025 15:30:32 Epoch 278 Train Loss: 0.03669755
278,0.03669755,28/04/2025 15:30:45 Epoch 279 Validation Loss: 0.05752659
0.05752659
28/04/2025 15:30:45 Epoch 279 Train Loss: 0.02896197
279,0.02896197,28/04/2025 15:30:56 Epoch 280 Validation Loss: 0.03646553
0.03646553
28/04/2025 15:30:56 Epoch 280 Train Loss: 0.02435991
280,0.02435991,28/04/2025 15:31:07 Epoch 281 Validation Loss: 0.01734286
0.01734286
28/04/2025 15:31:07 Epoch 281 Train Loss: 0.01192750
281,0.01192750,28/04/2025 15:31:21 Epoch 282 Validation Loss: 0.01448789
0.01448789
28/04/2025 15:31:21 Epoch 282 Train Loss: 0.01297442
282,0.01297442,28/04/2025 15:31:31 Epoch 283 Validation Loss: 0.07994489
0.07994489
28/04/2025 15:31:31 Epoch 283 Train Loss: 0.01183856
283,0.01183856,28/04/2025 15:31:43 Epoch 284 Validation Loss: 0.23380099
0.23380099
28/04/2025 15:31:43 Epoch 284 Train Loss: 0.02116219
284,0.02116219,28/04/2025 15:31:56 Epoch 285 Validation Loss: 0.57425511
0.57425511
28/04/2025 15:31:56 Epoch 285 Train Loss: 0.04696219
285,0.04696219,28/04/2025 15:32:07 Epoch 286 Validation Loss: 0.38596582
0.38596582
28/04/2025 15:32:07 Epoch 286 Train Loss: 0.05023222
286,0.05023222,28/04/2025 15:32:21 Epoch 287 Validation Loss: 0.08600128
0.08600128
28/04/2025 15:32:21 Epoch 287 Train Loss: 0.04412838
287,0.04412838,28/04/2025 15:32:32 Epoch 288 Validation Loss: 0.18296224
0.18296224
28/04/2025 15:32:32 Epoch 288 Train Loss: 0.02309358
288,0.02309358,28/04/2025 15:32:44 Epoch 289 Validation Loss: 0.55703616
0.55703616
28/04/2025 15:32:44 Epoch 289 Train Loss: 0.02504305
289,0.02504305,28/04/2025 15:32:57 Epoch 290 Validation Loss: 0.03433437
0.03433437
28/04/2025 15:32:57 Epoch 290 Train Loss: 0.01868633
290,0.01868633,28/04/2025 15:33:07 Epoch 291 Validation Loss: 0.02463783
0.02463783
28/04/2025 15:33:07 Epoch 291 Train Loss: 0.03209540
291,0.03209540,28/04/2025 15:33:22 Epoch 292 Validation Loss: 0.05804859
0.05804859
28/04/2025 15:33:22 Epoch 292 Train Loss: 0.01836619
292,0.01836619,28/04/2025 15:33:33 Epoch 293 Validation Loss: 0.06241646
0.06241646
28/04/2025 15:33:33 Epoch 293 Train Loss: 0.01535759
293,0.01535759,28/04/2025 15:33:45 Epoch 294 Validation Loss: 0.04004344
0.04004344
28/04/2025 15:33:46 Epoch 294 Train Loss: 0.02893672
294,0.02893672,28/04/2025 15:33:59 Epoch 295 Validation Loss: 0.03652951
0.03652951
28/04/2025 15:33:59 Epoch 295 Train Loss: 0.01989736
295,0.01989736,28/04/2025 15:34:18 Epoch 296 Validation Loss: 0.05608070
0.05608070
28/04/2025 15:34:18 Epoch 296 Train Loss: 0.02219902
296,0.02219902,28/04/2025 15:34:32 Epoch 297 Validation Loss: 0.01880638
0.01880638
28/04/2025 15:34:32 Epoch 297 Train Loss: 0.04817272
297,0.04817272,28/04/2025 15:34:43 Epoch 298 Validation Loss: 0.03644062
0.03644062
28/04/2025 15:34:43 Epoch 298 Train Loss: 0.02508819
298,0.02508819,28/04/2025 15:34:57 Epoch 299 Validation Loss: 0.02644972
0.02644972
28/04/2025 15:34:57 Epoch 299 Train Loss: 0.01866944
299,0.01866944,28/04/2025 15:35:08 Epoch 300 Validation Loss: 0.06193706
0.06193706
28/04/2025 15:35:08 Epoch 300 Train Loss: 0.01496391
300,0.01496391,28/04/2025 15:35:23 Epoch 301 Validation Loss: 0.12380855
0.12380855
28/04/2025 15:35:23 Epoch 301 Train Loss: 0.02995760
301,0.02995760,28/04/2025 15:35:34 Epoch 302 Validation Loss: 0.06704748
0.06704748
28/04/2025 15:35:34 Epoch 302 Train Loss: 0.04280922
302,0.04280922,28/04/2025 15:35:47 Epoch 303 Validation Loss: 0.02431158
0.02431158
28/04/2025 15:35:47 Epoch 303 Train Loss: 0.03036267
303,0.03036267,28/04/2025 15:36:00 Epoch 304 Validation Loss: 0.02469684
0.02469684
28/04/2025 15:36:00 Epoch 304 Train Loss: 0.02308021
304,0.02308021,28/04/2025 15:36:11 Epoch 305 Validation Loss: 0.04835897
0.04835897
28/04/2025 15:36:11 Epoch 305 Train Loss: 0.02412771
305,0.02412771,28/04/2025 15:36:28 Epoch 306 Validation Loss: 0.02127171
0.02127171
28/04/2025 15:36:28 Epoch 306 Train Loss: 0.01215504
306,0.01215504,28/04/2025 15:36:38 Epoch 307 Validation Loss: 0.01851090
0.01851090
28/04/2025 15:36:38 Epoch 307 Train Loss: 0.01058412
307,0.01058412,28/04/2025 15:36:54 Epoch 308 Validation Loss: 0.01638895
0.01638895
28/04/2025 15:36:54 Epoch 308 Train Loss: 0.01177169
308,0.01177169,28/04/2025 15:37:05 Epoch 309 Validation Loss: 0.02566247
0.02566247
28/04/2025 15:37:05 Epoch 309 Train Loss: 0.02910741
309,0.02910741,28/04/2025 15:37:19 Epoch 310 Validation Loss: 0.02467769
0.02467769
28/04/2025 15:37:19 Epoch 310 Train Loss: 0.01237432
310,0.01237432,28/04/2025 15:37:32 Epoch 311 Validation Loss: 0.01226807
0.01226807
28/04/2025 15:37:32 Epoch 311 Train Loss: 0.00946721
311,0.00946721,28/04/2025 15:37:44 Epoch 312 Validation Loss: 0.01143053
0.01143053
28/04/2025 15:37:44 Epoch 312 Train Loss: 0.01060322
312,0.01060322,28/04/2025 15:37:59 Epoch 313 Validation Loss: 0.01134258
0.01134258
28/04/2025 15:37:59 Epoch 313 Train Loss: 0.00724259
313,0.00724259,28/04/2025 15:38:09 Epoch 314 Validation Loss: 0.01048249
0.01048249
28/04/2025 15:38:09 Epoch 314 Train Loss: 0.00747741
314,0.00747741,28/04/2025 15:38:27 Epoch 315 Validation Loss: 12.50449562
12.50449562
28/04/2025 15:38:27 Epoch 315 Train Loss: 0.02260819
315,0.02260819,28/04/2025 15:38:37 Epoch 316 Validation Loss: 18.96515274
18.96515274
28/04/2025 15:38:37 Epoch 316 Train Loss: 0.26412636
316,0.26412636,28/04/2025 15:38:53 Epoch 317 Validation Loss: 4.89974260
4.89974260
28/04/2025 15:38:53 Epoch 317 Train Loss: 0.12882517
317,0.12882517,28/04/2025 15:39:06 Epoch 318 Validation Loss: 2.24597001
2.24597001
28/04/2025 15:39:06 Epoch 318 Train Loss: 0.10526434
318,0.10526434,28/04/2025 15:39:21 Epoch 319 Validation Loss: 0.26642057
0.26642057
28/04/2025 15:39:21 Epoch 319 Train Loss: 0.10657480
319,0.10657480,28/04/2025 15:39:34 Epoch 320 Validation Loss: 0.16280162
0.16280162
28/04/2025 15:39:34 Epoch 320 Train Loss: 0.06530379
320,0.06530379,28/04/2025 15:39:48 Epoch 321 Validation Loss: 0.25730312
0.25730312
28/04/2025 15:39:48 Epoch 321 Train Loss: 0.08906567
321,0.08906567,28/04/2025 15:40:02 Epoch 322 Validation Loss: 0.06247922
0.06247922
28/04/2025 15:40:02 Epoch 322 Train Loss: 0.07015341
322,0.07015341,28/04/2025 15:40:15 Epoch 323 Validation Loss: 0.08140905
0.08140905
28/04/2025 15:40:15 Epoch 323 Train Loss: 0.03788877
323,0.03788877,28/04/2025 15:40:31 Epoch 324 Validation Loss: 0.03978661
0.03978661
28/04/2025 15:40:31 Epoch 324 Train Loss: 0.04385415
324,0.04385415,28/04/2025 15:40:43 Epoch 325 Validation Loss: 0.51024061
0.51024061
28/04/2025 15:40:43 Epoch 325 Train Loss: 0.02932950
325,0.02932950,28/04/2025 15:41:00 Epoch 326 Validation Loss: 0.06518593
0.06518593
28/04/2025 15:41:00 Epoch 326 Train Loss: 0.01956514
326,0.01956514,28/04/2025 15:41:12 Epoch 327 Validation Loss: 0.07448562
0.07448562
28/04/2025 15:41:12 Epoch 327 Train Loss: 0.01505428
327,0.01505428,28/04/2025 15:41:30 Epoch 328 Validation Loss: 0.02285599
0.02285599
28/04/2025 15:41:30 Epoch 328 Train Loss: 0.01713590
328,0.01713590,28/04/2025 15:41:41 Epoch 329 Validation Loss: 0.03377015
0.03377015
28/04/2025 15:41:41 Epoch 329 Train Loss: 0.02088760
329,0.02088760,28/04/2025 15:41:59 Epoch 330 Validation Loss: 0.09647388
0.09647388
28/04/2025 15:41:59 Epoch 330 Train Loss: 0.03491300
330,0.03491300,28/04/2025 15:42:10 Epoch 331 Validation Loss: 0.07832182
0.07832182
28/04/2025 15:42:10 Epoch 331 Train Loss: 0.03489776
331,0.03489776,28/04/2025 15:42:28 Epoch 332 Validation Loss: 0.43644744
0.43644744
28/04/2025 15:42:28 Epoch 332 Train Loss: 0.03169538
332,0.03169538,28/04/2025 15:42:43 Epoch 333 Validation Loss: 0.08847287
0.08847287
28/04/2025 15:42:43 Epoch 333 Train Loss: 0.06186191
333,0.06186191,28/04/2025 15:43:00 Epoch 334 Validation Loss: 0.05402795
0.05402795
28/04/2025 15:43:01 Epoch 334 Train Loss: 0.04828916
334,0.04828916,28/04/2025 15:43:13 Epoch 335 Validation Loss: 0.14222737
0.14222737
28/04/2025 15:43:13 Epoch 335 Train Loss: 0.02939141
335,0.02939141,28/04/2025 15:43:30 Epoch 336 Validation Loss: 0.05212143
0.05212143
28/04/2025 15:43:30 Epoch 336 Train Loss: 0.01972665
336,0.01972665,28/04/2025 15:43:44 Epoch 337 Validation Loss: 0.01163998
0.01163998
28/04/2025 15:43:44 Epoch 337 Train Loss: 0.01800857
337,0.01800857,28/04/2025 15:44:01 Epoch 338 Validation Loss: 0.03866346
0.03866346
28/04/2025 15:44:01 Epoch 338 Train Loss: 0.01400211
338,0.01400211,28/04/2025 15:44:15 Epoch 339 Validation Loss: 0.01830252
0.01830252
28/04/2025 15:44:15 Epoch 339 Train Loss: 0.01511408
339,0.01511408,28/04/2025 15:44:33 Epoch 340 Validation Loss: 0.01756788
0.01756788
28/04/2025 15:44:33 Epoch 340 Train Loss: 0.02376520
340,0.02376520,28/04/2025 15:44:47 Epoch 341 Validation Loss: 0.04304324
0.04304324
28/04/2025 15:44:47 Epoch 341 Train Loss: 0.01731824
341,0.01731824,28/04/2025 15:45:05 Epoch 342 Validation Loss: 0.16459692
0.16459692
28/04/2025 15:45:05 Epoch 342 Train Loss: 0.01993448
342,0.01993448,28/04/2025 15:45:20 Epoch 343 Validation Loss: 0.74019158
0.74019158
28/04/2025 15:45:20 Epoch 343 Train Loss: 0.06124034
343,0.06124034,28/04/2025 15:45:36 Epoch 344 Validation Loss: 0.14861621
0.14861621
28/04/2025 15:45:36 Epoch 344 Train Loss: 0.07196807
344,0.07196807,28/04/2025 15:45:52 Epoch 345 Validation Loss: 0.24865973
0.24865973
28/04/2025 15:45:52 Epoch 345 Train Loss: 0.05417099
345,0.05417099,28/04/2025 15:46:09 Epoch 346 Validation Loss: 0.09691703
0.09691703
28/04/2025 15:46:09 Epoch 346 Train Loss: 0.03258711
346,0.03258711,28/04/2025 15:46:26 Epoch 347 Validation Loss: 0.01355935
0.01355935
28/04/2025 15:46:26 Epoch 347 Train Loss: 0.02351889
347,0.02351889,28/04/2025 15:46:42 Epoch 348 Validation Loss: 0.25795078
0.25795078
28/04/2025 15:46:42 Epoch 348 Train Loss: 0.02481255
348,0.02481255,28/04/2025 15:47:01 Epoch 349 Validation Loss: 0.19720413
0.19720413
28/04/2025 15:47:01 Epoch 349 Train Loss: 0.05395832
349,0.05395832,28/04/2025 15:47:18 Epoch 350 Validation Loss: 0.07767639
0.07767639
28/04/2025 15:47:18 Epoch 350 Train Loss: 0.03731261
350,0.03731261,28/04/2025 15:47:36 Epoch 351 Validation Loss: 0.03401893
0.03401893
28/04/2025 15:47:36 Epoch 351 Train Loss: 0.01979985
351,0.01979985,28/04/2025 15:48:01 Epoch 352 Validation Loss: 0.04819524
0.04819524
28/04/2025 15:48:01 Epoch 352 Train Loss: 0.01548398
352,0.01548398,28/04/2025 15:48:20 Epoch 353 Validation Loss: 0.03607637
0.03607637
28/04/2025 15:48:20 Epoch 353 Train Loss: 0.01710003
353,0.01710003,28/04/2025 15:48:30 Epoch 354 Validation Loss: 0.01887338
0.01887338
28/04/2025 15:48:30 Epoch 354 Train Loss: 0.02604433
354,0.02604433,28/04/2025 15:48:42 Epoch 355 Validation Loss: 0.02753899
0.02753899
28/04/2025 15:48:42 Epoch 355 Train Loss: 0.01087949
355,0.01087949,28/04/2025 15:49:01 Epoch 356 Validation Loss: 0.02242655
0.02242655
28/04/2025 15:49:01 Epoch 356 Train Loss: 0.01534324
356,0.01534324,28/04/2025 15:49:18 Epoch 357 Validation Loss: 0.01818845
0.01818845
28/04/2025 15:49:18 Epoch 357 Train Loss: 0.01259040
357,0.01259040,28/04/2025 15:49:29 Epoch 358 Validation Loss: 0.03583582
0.03583582
28/04/2025 15:49:29 Epoch 358 Train Loss: 0.01533226
358,0.01533226,28/04/2025 15:49:39 Epoch 359 Validation Loss: 0.06013148
0.06013148
28/04/2025 15:49:39 Epoch 359 Train Loss: 0.01274586
359,0.01274586,28/04/2025 15:49:59 Epoch 360 Validation Loss: 0.02349013
0.02349013
28/04/2025 15:49:59 Epoch 360 Train Loss: 0.04981723
360,0.04981723,28/04/2025 15:50:17 Epoch 361 Validation Loss: 0.02071493
0.02071493
28/04/2025 15:50:17 Epoch 361 Train Loss: 0.01612477
361,0.01612477,28/04/2025 15:50:28 Epoch 362 Validation Loss: 0.02023434
0.02023434
28/04/2025 15:50:28 Epoch 362 Train Loss: 0.01338721
362,0.01338721,28/04/2025 15:50:39 Epoch 363 Validation Loss: 0.07931755
0.07931755
28/04/2025 15:50:39 Epoch 363 Train Loss: 0.01636354
363,0.01636354,28/04/2025 15:50:59 Epoch 364 Validation Loss: 0.02192470
0.02192470
28/04/2025 15:50:59 Epoch 364 Train Loss: 0.01553643
364,0.01553643,28/04/2025 15:51:17 Epoch 365 Validation Loss: 0.05266735
0.05266735
28/04/2025 15:51:17 Epoch 365 Train Loss: 0.01101223
365,0.01101223,28/04/2025 15:51:29 Epoch 366 Validation Loss: 0.01913045
0.01913045
28/04/2025 15:51:29 Epoch 366 Train Loss: 0.01374466
366,0.01374466,28/04/2025 15:51:40 Epoch 367 Validation Loss: 0.09960390
0.09960390
28/04/2025 15:51:40 Epoch 367 Train Loss: 0.01178396
367,0.01178396,28/04/2025 15:52:01 Epoch 368 Validation Loss: 0.02546967
0.02546967
28/04/2025 15:52:01 Epoch 368 Train Loss: 0.02685752
368,0.02685752,28/04/2025 15:52:19 Epoch 369 Validation Loss: 0.01707559
0.01707559
28/04/2025 15:52:19 Epoch 369 Train Loss: 0.01283005
369,0.01283005,28/04/2025 15:52:31 Epoch 370 Validation Loss: 0.01934856
0.01934856
28/04/2025 15:52:31 Epoch 370 Train Loss: 0.01716675
370,0.01716675,28/04/2025 15:52:52 Epoch 371 Validation Loss: 0.01658749
0.01658749
28/04/2025 15:52:52 Epoch 371 Train Loss: 0.01891733
371,0.01891733,28/04/2025 15:53:11 Epoch 372 Validation Loss: 0.01039306
0.01039306
28/04/2025 15:53:11 Epoch 372 Train Loss: 0.01122024
372,0.01122024,28/04/2025 15:53:28 Epoch 373 Validation Loss: 0.01901599
0.01901599
28/04/2025 15:53:28 Epoch 373 Train Loss: 0.00681812
373,0.00681812,28/04/2025 15:53:38 Epoch 374 Validation Loss: 0.06347635
0.06347635
28/04/2025 15:53:38 Epoch 374 Train Loss: 0.01000952
374,0.01000952,28/04/2025 15:53:58 Epoch 375 Validation Loss: 0.01332758
0.01332758
28/04/2025 15:53:58 Epoch 375 Train Loss: 0.02035929
375,0.02035929,28/04/2025 15:54:18 Epoch 376 Validation Loss: 0.01514597
0.01514597
28/04/2025 15:54:18 Epoch 376 Train Loss: 0.01094622
376,0.01094622,28/04/2025 15:54:31 Epoch 377 Validation Loss: 0.05527178
0.05527178
28/04/2025 15:54:31 Epoch 377 Train Loss: 0.01540345
377,0.01540345,28/04/2025 15:54:43 Epoch 378 Validation Loss: 0.02900151
0.02900151
28/04/2025 15:54:43 Epoch 378 Train Loss: 0.01594125
378,0.01594125,28/04/2025 15:55:04 Epoch 379 Validation Loss: 0.01337417
0.01337417
28/04/2025 15:55:04 Epoch 379 Train Loss: 0.00906872
379,0.00906872,28/04/2025 15:55:24 Epoch 380 Validation Loss: 0.01334873
0.01334873
28/04/2025 15:55:24 Epoch 380 Train Loss: 0.00617889
380,0.00617889,28/04/2025 15:55:35 Epoch 381 Validation Loss: 0.02140750
0.02140750
28/04/2025 15:55:35 Epoch 381 Train Loss: 0.00513058
381,0.00513058,28/04/2025 15:55:53 Epoch 382 Validation Loss: 0.11326878
0.11326878
28/04/2025 15:55:53 Epoch 382 Train Loss: 0.01268436
382,0.01268436,28/04/2025 15:56:12 Epoch 383 Validation Loss: 0.44722900
0.44722900
28/04/2025 15:56:12 Epoch 383 Train Loss: 0.08332739
383,0.08332739,28/04/2025 15:56:29 Epoch 384 Validation Loss: 0.36641973
0.36641973
28/04/2025 15:56:29 Epoch 384 Train Loss: 0.07707459
384,0.07707459,28/04/2025 15:56:40 Epoch 385 Validation Loss: 0.33993950
0.33993950
28/04/2025 15:56:40 Epoch 385 Train Loss: 0.08056486
385,0.08056486,28/04/2025 15:57:03 Epoch 386 Validation Loss: 0.14388642
0.14388642
28/04/2025 15:57:03 Epoch 386 Train Loss: 0.10924807
386,0.10924807,28/04/2025 15:57:23 Epoch 387 Validation Loss: 13.44808769
13.44808769
28/04/2025 15:57:23 Epoch 387 Train Loss: 0.06625831
387,0.06625831,28/04/2025 15:57:36 Epoch 388 Validation Loss: 17.44812584
17.44812584
28/04/2025 15:57:36 Epoch 388 Train Loss: 0.06320318
388,0.06320318,28/04/2025 15:57:53 Epoch 389 Validation Loss: 1.20051503
1.20051503
28/04/2025 15:57:53 Epoch 389 Train Loss: 0.12944317
389,0.12944317,28/04/2025 15:58:23 Epoch 390 Validation Loss: 0.08319116
0.08319116
28/04/2025 15:58:23 Epoch 390 Train Loss: 0.03910639
390,0.03910639,28/04/2025 15:58:39 Epoch 391 Validation Loss: 0.20264113
0.20264113
28/04/2025 15:58:39 Epoch 391 Train Loss: 0.03514175
391,0.03514175,28/04/2025 15:59:01 Epoch 392 Validation Loss: 0.36621216
0.36621216
28/04/2025 15:59:01 Epoch 392 Train Loss: 0.16308919
392,0.16308919,28/04/2025 15:59:22 Epoch 393 Validation Loss: 0.42642987
0.42642987
28/04/2025 15:59:22 Epoch 393 Train Loss: 0.07458399
393,0.07458399,28/04/2025 15:59:37 Epoch 394 Validation Loss: 0.44065595
0.44065595
28/04/2025 15:59:37 Epoch 394 Train Loss: 0.04195016
394,0.04195016,28/04/2025 15:59:55 Epoch 395 Validation Loss: 0.48787415
0.48787415
28/04/2025 15:59:55 Epoch 395 Train Loss: 0.11427242
395,0.11427242,28/04/2025 16:00:17 Epoch 396 Validation Loss: 0.09851179
0.09851179
28/04/2025 16:00:17 Epoch 396 Train Loss: 0.05812532
396,0.05812532,28/04/2025 16:00:36 Epoch 397 Validation Loss: 0.10074653
0.10074653
28/04/2025 16:00:36 Epoch 397 Train Loss: 0.04113732
397,0.04113732,28/04/2025 16:00:54 Epoch 398 Validation Loss: 0.04903620
0.04903620
28/04/2025 16:00:54 Epoch 398 Train Loss: 0.03710367
398,0.03710367,28/04/2025 16:01:15 Epoch 399 Validation Loss: 0.03312724
0.03312724
28/04/2025 16:01:16 Epoch 399 Train Loss: 0.02195954
399,0.02195954,28/04/2025 16:01:36 Epoch 400 Validation Loss: 0.04871667
0.04871667
28/04/2025 16:01:36 Epoch 400 Train Loss: 0.01100495
400,0.01100495,28/04/2025 16:01:54 Epoch 401 Validation Loss: 0.08054192
0.08054192
28/04/2025 16:01:54 Epoch 401 Train Loss: 0.02683224
401,0.02683224,28/04/2025 16:02:16 Epoch 402 Validation Loss: 0.02408227
0.02408227
28/04/2025 16:02:16 Epoch 402 Train Loss: 0.02881969
402,0.02881969,28/04/2025 16:02:37 Epoch 403 Validation Loss: 0.03384784
0.03384784
28/04/2025 16:02:37 Epoch 403 Train Loss: 0.02224631
403,0.02224631,28/04/2025 16:02:56 Epoch 404 Validation Loss: 0.01976742
0.01976742
28/04/2025 16:02:56 Epoch 404 Train Loss: 0.01600463
404,0.01600463,28/04/2025 16:03:17 Epoch 405 Validation Loss: 0.04286232
0.04286232
28/04/2025 16:03:17 Epoch 405 Train Loss: 0.01626491
405,0.01626491,28/04/2025 16:03:32 Epoch 406 Validation Loss: 0.01232539
0.01232539
28/04/2025 16:03:32 Epoch 406 Train Loss: 0.03958218
406,0.03958218,28/04/2025 16:03:44 Epoch 407 Validation Loss: 0.03343275
0.03343275
28/04/2025 16:03:44 Epoch 407 Train Loss: 0.07376619
407,0.07376619,28/04/2025 16:04:08 Epoch 408 Validation Loss: 0.12059274
0.12059274
28/04/2025 16:04:08 Epoch 408 Train Loss: 0.02443724
408,0.02443724,28/04/2025 16:04:34 Epoch 409 Validation Loss: 0.03017626
0.03017626
28/04/2025 16:04:34 Epoch 409 Train Loss: 0.04812182
409,0.04812182,28/04/2025 16:04:53 Epoch 410 Validation Loss: 0.01672454
0.01672454
28/04/2025 16:04:53 Epoch 410 Train Loss: 0.01896856
410,0.01896856,28/04/2025 16:05:15 Epoch 411 Validation Loss: 0.01969965
0.01969965
28/04/2025 16:05:15 Epoch 411 Train Loss: 0.02221289
411,0.02221289,28/04/2025 16:05:30 Epoch 412 Validation Loss: 0.02024771
0.02024771
28/04/2025 16:05:30 Epoch 412 Train Loss: 0.01091686
412,0.01091686,28/04/2025 16:05:42 Epoch 413 Validation Loss: 0.02127822
0.02127822
28/04/2025 16:05:42 Epoch 413 Train Loss: 0.01646943
413,0.01646943,28/04/2025 16:06:05 Epoch 414 Validation Loss: 0.04140805
0.04140805
28/04/2025 16:06:05 Epoch 414 Train Loss: 0.01050146
414,0.01050146,28/04/2025 16:06:24 Epoch 415 Validation Loss: 0.04350975
0.04350975
28/04/2025 16:06:24 Epoch 415 Train Loss: 0.02668665
415,0.02668665,28/04/2025 16:06:37 Epoch 416 Validation Loss: 0.06716995
0.06716995
28/04/2025 16:06:37 Epoch 416 Train Loss: 0.01831359
416,0.01831359,28/04/2025 16:06:56 Epoch 417 Validation Loss: 0.06708210
0.06708210
28/04/2025 16:06:56 Epoch 417 Train Loss: 0.03801275
417,0.03801275,28/04/2025 16:07:18 Epoch 418 Validation Loss: 0.04694887
0.04694887
28/04/2025 16:07:18 Epoch 418 Train Loss: 0.01547123
418,0.01547123,28/04/2025 16:07:34 Epoch 419 Validation Loss: 0.06683332
0.06683332
28/04/2025 16:07:34 Epoch 419 Train Loss: 0.02028744
419,0.02028744,28/04/2025 16:07:50 Epoch 420 Validation Loss: 0.05723569
0.05723569
28/04/2025 16:07:50 Epoch 420 Train Loss: 0.02511114
420,0.02511114,28/04/2025 16:08:13 Epoch 421 Validation Loss: 0.02691802
0.02691802
28/04/2025 16:08:14 Epoch 421 Train Loss: 0.01761183
421,0.01761183,28/04/2025 16:08:31 Epoch 422 Validation Loss: 0.08719927
0.08719927
28/04/2025 16:08:31 Epoch 422 Train Loss: 0.01522926
422,0.01522926,28/04/2025 16:08:43 Epoch 423 Validation Loss: 0.02219027
0.02219027
28/04/2025 16:08:43 Epoch 423 Train Loss: 0.07075319
423,0.07075319,28/04/2025 16:09:07 Epoch 424 Validation Loss: 0.05391540
0.05391540
28/04/2025 16:09:07 Epoch 424 Train Loss: 0.02085729
424,0.02085729,28/04/2025 16:09:26 Epoch 425 Validation Loss: 0.03616872
0.03616872
28/04/2025 16:09:27 Epoch 425 Train Loss: 0.02769046
425,0.02769046,28/04/2025 16:09:40 Epoch 426 Validation Loss: 0.02121121
0.02121121
28/04/2025 16:09:40 Epoch 426 Train Loss: 0.02136923
426,0.02136923,28/04/2025 16:10:04 Epoch 427 Validation Loss: 0.01268184
0.01268184
28/04/2025 16:10:04 Epoch 427 Train Loss: 0.01270762
427,0.01270762,28/04/2025 16:10:24 Epoch 428 Validation Loss: 0.01468889
0.01468889
28/04/2025 16:10:24 Epoch 428 Train Loss: 0.01325864
428,0.01325864,28/04/2025 16:10:38 Epoch 429 Validation Loss: 0.01390752
0.01390752
28/04/2025 16:10:38 Epoch 429 Train Loss: 0.00822632
429,0.00822632,28/04/2025 16:11:00 Epoch 430 Validation Loss: 0.09078598
0.09078598
28/04/2025 16:11:00 Epoch 430 Train Loss: 0.00684403
430,0.00684403,28/04/2025 16:11:22 Epoch 431 Validation Loss: 0.03875588
0.03875588
28/04/2025 16:11:22 Epoch 431 Train Loss: 0.02855081
431,0.02855081,28/04/2025 16:11:38 Epoch 432 Validation Loss: 0.03153816
0.03153816
28/04/2025 16:11:38 Epoch 432 Train Loss: 0.02527407
432,0.02527407,28/04/2025 16:11:58 Epoch 433 Validation Loss: 0.03662984
0.03662984
28/04/2025 16:11:58 Epoch 433 Train Loss: 0.03322656
433,0.03322656,28/04/2025 16:12:21 Epoch 434 Validation Loss: 0.03576201
0.03576201
28/04/2025 16:12:21 Epoch 434 Train Loss: 0.01501754
434,0.01501754,28/04/2025 16:12:38 Epoch 435 Validation Loss: 0.02499511
0.02499511
28/04/2025 16:12:38 Epoch 435 Train Loss: 0.01223315
435,0.01223315,28/04/2025 16:12:58 Epoch 436 Validation Loss: 0.02700769
0.02700769
28/04/2025 16:12:58 Epoch 436 Train Loss: 0.01852515
436,0.01852515,28/04/2025 16:13:21 Epoch 437 Validation Loss: 0.02169588
0.02169588
28/04/2025 16:13:21 Epoch 437 Train Loss: 0.01920775
437,0.01920775,28/04/2025 16:13:38 Epoch 438 Validation Loss: 0.03961172
0.03961172
28/04/2025 16:13:38 Epoch 438 Train Loss: 0.01152059
438,0.01152059,28/04/2025 16:14:00 Epoch 439 Validation Loss: 0.05498934
0.05498934
28/04/2025 16:14:00 Epoch 439 Train Loss: 0.02285160
439,0.02285160,28/04/2025 16:14:22 Epoch 440 Validation Loss: 0.01396252
0.01396252
28/04/2025 16:14:22 Epoch 440 Train Loss: 0.01072414
440,0.01072414,28/04/2025 16:14:39 Epoch 441 Validation Loss: 0.02859133
0.02859133
28/04/2025 16:14:39 Epoch 441 Train Loss: 0.00928646
441,0.00928646,28/04/2025 16:15:02 Epoch 442 Validation Loss: 0.01766220
0.01766220
28/04/2025 16:15:02 Epoch 442 Train Loss: 0.00999539
442,0.00999539,28/04/2025 16:15:25 Epoch 443 Validation Loss: 0.01498323
0.01498323
28/04/2025 16:15:25 Epoch 443 Train Loss: 0.00831128
443,0.00831128,28/04/2025 16:15:42 Epoch 444 Validation Loss: 0.01421736
0.01421736
28/04/2025 16:15:42 Epoch 444 Train Loss: 0.00649672
444,0.00649672,28/04/2025 16:16:06 Epoch 445 Validation Loss: 0.01055130
0.01055130
28/04/2025 16:16:06 Epoch 445 Train Loss: 0.00492634
445,0.00492634,28/04/2025 16:16:28 Epoch 446 Validation Loss: 0.02682781
0.02682781
28/04/2025 16:16:28 Epoch 446 Train Loss: 0.00730864
446,0.00730864,28/04/2025 16:16:47 Epoch 447 Validation Loss: 0.01121403
0.01121403
28/04/2025 16:16:47 Epoch 447 Train Loss: 0.00643921
447,0.00643921,28/04/2025 16:17:11 Epoch 448 Validation Loss: 0.01640238
0.01640238
28/04/2025 16:17:11 Epoch 448 Train Loss: 0.00444219
448,0.00444219,28/04/2025 16:17:32 Epoch 449 Validation Loss: 0.03163416
0.03163416
28/04/2025 16:17:32 Epoch 449 Train Loss: 0.00704897
449,0.00704897,28/04/2025 16:17:50 Epoch 450 Validation Loss: 0.01940545
0.01940545
28/04/2025 16:17:50 Epoch 450 Train Loss: 0.00489691
450,0.00489691,28/04/2025 16:18:07 Epoch 451 Validation Loss: 0.01269214
0.01269214
28/04/2025 16:18:07 Epoch 451 Train Loss: 0.00412124
451,0.00412124,28/04/2025 16:18:25 Epoch 452 Validation Loss: 0.04628148
0.04628148
28/04/2025 16:18:25 Epoch 452 Train Loss: 0.00501680
452,0.00501680,28/04/2025 16:18:43 Epoch 453 Validation Loss: 0.03714449
0.03714449
28/04/2025 16:18:43 Epoch 453 Train Loss: 0.01223054
453,0.01223054,28/04/2025 16:19:08 Epoch 454 Validation Loss: 0.08872619
0.08872619
28/04/2025 16:19:08 Epoch 454 Train Loss: 0.00860803
454,0.00860803,28/04/2025 16:19:29 Epoch 455 Validation Loss: 0.03933220
0.03933220
28/04/2025 16:19:30 Epoch 455 Train Loss: 0.01508359
455,0.01508359,28/04/2025 16:19:49 Epoch 456 Validation Loss: 0.03181114
0.03181114
28/04/2025 16:19:49 Epoch 456 Train Loss: 0.00704529
456,0.00704529,28/04/2025 16:20:13 Epoch 457 Validation Loss: 37.11448669
37.11448669
28/04/2025 16:20:13 Epoch 457 Train Loss: 0.03912656
457,0.03912656,28/04/2025 16:20:28 Epoch 458 Validation Loss: 2.20096135
2.20096135
28/04/2025 16:20:28 Epoch 458 Train Loss: 0.60401320
458,0.60401320,28/04/2025 16:20:39 Epoch 459 Validation Loss: 0.19040531
0.19040531
28/04/2025 16:20:39 Epoch 459 Train Loss: 0.19241478
459,0.19241478,28/04/2025 16:21:01 Epoch 460 Validation Loss: 0.36797026
0.36797026
28/04/2025 16:21:01 Epoch 460 Train Loss: 0.11606906
460,0.11606906,28/04/2025 16:21:25 Epoch 461 Validation Loss: 0.44962689
0.44962689
28/04/2025 16:21:25 Epoch 461 Train Loss: 0.09545620
461,0.09545620,28/04/2025 16:21:44 Epoch 462 Validation Loss: 0.12801091
0.12801091
28/04/2025 16:21:44 Epoch 462 Train Loss: 0.07039221
462,0.07039221,28/04/2025 16:22:02 Epoch 463 Validation Loss: 0.02228699
0.02228699
28/04/2025 16:22:02 Epoch 463 Train Loss: 0.04230400
463,0.04230400,28/04/2025 16:22:22 Epoch 464 Validation Loss: 0.04169346
0.04169346
28/04/2025 16:22:22 Epoch 464 Train Loss: 0.03500788
464,0.03500788,28/04/2025 16:22:42 Epoch 465 Validation Loss: 0.02609068
0.02609068
28/04/2025 16:22:42 Epoch 465 Train Loss: 0.01886391
465,0.01886391,28/04/2025 16:23:05 Epoch 466 Validation Loss: 0.01523988
0.01523988
28/04/2025 16:23:05 Epoch 466 Train Loss: 0.01273249
466,0.01273249,28/04/2025 16:23:17 Epoch 467 Validation Loss: 0.01021523
0.01021523
28/04/2025 16:23:17 Epoch 467 Train Loss: 0.00971762
467,0.00971762,28/04/2025 16:23:29 Epoch 468 Validation Loss: 0.01297288
0.01297288
28/04/2025 16:23:29 Epoch 468 Train Loss: 0.01127310
468,0.01127310,28/04/2025 16:23:41 Epoch 469 Validation Loss: 0.01948356
0.01948356
28/04/2025 16:23:41 Epoch 469 Train Loss: 0.01591859
469,0.01591859,28/04/2025 16:23:57 Epoch 470 Validation Loss: 0.08470510
0.08470510
28/04/2025 16:23:57 Epoch 470 Train Loss: 0.02060012
470,0.02060012,28/04/2025 16:24:14 Epoch 471 Validation Loss: 0.41217652
0.41217652
28/04/2025 16:24:14 Epoch 471 Train Loss: 0.06414237
471,0.06414237,28/04/2025 16:24:31 Epoch 472 Validation Loss: 0.25123277
0.25123277
28/04/2025 16:24:31 Epoch 472 Train Loss: 0.03107943
472,0.03107943,28/04/2025 16:24:40 Epoch 473 Validation Loss: 0.26284453
0.26284453
28/04/2025 16:24:40 Epoch 473 Train Loss: 0.05832272
473,0.05832272,28/04/2025 16:24:46 Epoch 474 Validation Loss: 0.03408210
0.03408210
28/04/2025 16:24:46 Epoch 474 Train Loss: 0.16163324
474,0.16163324,28/04/2025 16:24:51 Epoch 475 Validation Loss: 0.01531493
0.01531493
28/04/2025 16:24:51 Epoch 475 Train Loss: 0.06224218
475,0.06224218,28/04/2025 16:24:56 Epoch 476 Validation Loss: 0.04774722
0.04774722
28/04/2025 16:24:56 Epoch 476 Train Loss: 0.03088737
476,0.03088737,28/04/2025 16:25:00 Epoch 477 Validation Loss: 0.02371396
0.02371396
28/04/2025 16:25:00 Epoch 477 Train Loss: 0.01435316
477,0.01435316,28/04/2025 16:25:05 Epoch 478 Validation Loss: 0.01758544
0.01758544
28/04/2025 16:25:05 Epoch 478 Train Loss: 0.01685927
478,0.01685927,28/04/2025 16:25:10 Epoch 479 Validation Loss: 0.01667751
0.01667751
28/04/2025 16:25:10 Epoch 479 Train Loss: 0.01518640
479,0.01518640,28/04/2025 16:25:18 Epoch 480 Validation Loss: 0.01069159
0.01069159
28/04/2025 16:25:18 Epoch 480 Train Loss: 0.01002270
480,0.01002270,28/04/2025 16:25:27 Epoch 481 Validation Loss: 0.00828625
0.00828625
28/04/2025 16:25:27 Epoch 481 Train Loss: 0.01378624
481,0.01378624,28/04/2025 16:25:34 Epoch 482 Validation Loss: 0.01699271
0.01699271
28/04/2025 16:25:34 Epoch 482 Train Loss: 0.01102134
482,0.01102134,28/04/2025 16:25:39 Epoch 483 Validation Loss: 0.01786191
0.01786191
28/04/2025 16:25:39 Epoch 483 Train Loss: 0.01207518
483,0.01207518,28/04/2025 16:25:46 Epoch 484 Validation Loss: 0.00939906
0.00939906
28/04/2025 16:25:47 Epoch 484 Train Loss: 0.01043944
484,0.01043944,28/04/2025 16:25:55 Epoch 485 Validation Loss: 0.00784583
0.00784583
28/04/2025 16:25:55 Epoch 485 Train Loss: 0.00647704
485,0.00647704,28/04/2025 16:26:03 Epoch 486 Validation Loss: 0.01644979
0.01644979
28/04/2025 16:26:03 Epoch 486 Train Loss: 0.00756190
486,0.00756190,28/04/2025 16:26:08 Epoch 487 Validation Loss: 0.00710213
0.00710213
28/04/2025 16:26:08 Epoch 487 Train Loss: 0.00898566
487,0.00898566,28/04/2025 16:26:15 Epoch 488 Validation Loss: 0.06723160
0.06723160
28/04/2025 16:26:15 Epoch 488 Train Loss: 0.01076036
488,0.01076036,28/04/2025 16:26:24 Epoch 489 Validation Loss: 0.04887753
0.04887753
28/04/2025 16:26:24 Epoch 489 Train Loss: 0.07125288
489,0.07125288,28/04/2025 16:26:32 Epoch 490 Validation Loss: 0.15131661
0.15131661
28/04/2025 16:26:32 Epoch 490 Train Loss: 0.03549094
490,0.03549094,28/04/2025 16:26:38 Epoch 491 Validation Loss: 0.02688492
0.02688492
28/04/2025 16:26:38 Epoch 491 Train Loss: 0.03489478
491,0.03489478,28/04/2025 16:26:44 Epoch 492 Validation Loss: 0.01303778
0.01303778
28/04/2025 16:26:44 Epoch 492 Train Loss: 0.01779668
492,0.01779668,28/04/2025 16:26:53 Epoch 493 Validation Loss: 0.02545373
0.02545373
28/04/2025 16:26:53 Epoch 493 Train Loss: 0.01141001
493,0.01141001,28/04/2025 16:27:01 Epoch 494 Validation Loss: 0.00922046
0.00922046
28/04/2025 16:27:01 Epoch 494 Train Loss: 0.01958346
494,0.01958346,28/04/2025 16:27:08 Epoch 495 Validation Loss: 0.03846424
0.03846424
28/04/2025 16:27:08 Epoch 495 Train Loss: 0.01620286
495,0.01620286,28/04/2025 16:27:15 Epoch 496 Validation Loss: 0.01300607
0.01300607
28/04/2025 16:27:15 Epoch 496 Train Loss: 0.01987182
496,0.01987182,28/04/2025 16:27:25 Epoch 497 Validation Loss: 0.00522444
0.00522444
28/04/2025 16:27:25 Epoch 497 Train Loss: 0.01745002
497,0.01745002,28/04/2025 16:27:34 Epoch 498 Validation Loss: 0.00985619
0.00985619
28/04/2025 16:27:34 Epoch 498 Train Loss: 0.01274867
498,0.01274867,28/04/2025 16:27:46 Epoch 499 Validation Loss: 0.00616885
0.00616885
28/04/2025 16:27:46 Epoch 499 Train Loss: 0.01047167
499,0.01047167,28/04/2025 16:27:46 Training has finished.
