28/04/2025 16:07:04 Training is starting...
28/04/2025 16:07:12 Epoch 0 Validation Loss: 10.02114964
10.02114964
28/04/2025 16:07:12 Epoch 0 Train Loss: 14.03945541
0,14.03945541,28/04/2025 16:07:28 Epoch 1 Validation Loss: 1.45979297
1.45979297
28/04/2025 16:07:28 Epoch 1 Train Loss: 2.01702023
1,2.01702023,28/04/2025 16:07:44 Epoch 2 Validation Loss: 3.61278319
3.61278319
28/04/2025 16:07:44 Epoch 2 Train Loss: 2.10660553
2,2.10660553,28/04/2025 16:08:00 Epoch 3 Validation Loss: 3.19683480
3.19683480
28/04/2025 16:08:00 Epoch 3 Train Loss: 3.94941139
3,3.94941139,28/04/2025 16:08:16 Epoch 4 Validation Loss: 1.53885376
1.53885376
28/04/2025 16:08:16 Epoch 4 Train Loss: 3.69405460
4,3.69405460,28/04/2025 16:08:33 Epoch 5 Validation Loss: 1.27329493
1.27329493
28/04/2025 16:08:33 Epoch 5 Train Loss: 1.87991083
5,1.87991083,28/04/2025 16:08:49 Epoch 6 Validation Loss: 1.87919819
1.87919819
28/04/2025 16:08:49 Epoch 6 Train Loss: 1.06723034
6,1.06723034,28/04/2025 16:09:06 Epoch 7 Validation Loss: 2.64052081
2.64052081
28/04/2025 16:09:06 Epoch 7 Train Loss: 1.22715056
7,1.22715056,28/04/2025 16:09:22 Epoch 8 Validation Loss: 2.44532013
2.44532013
28/04/2025 16:09:22 Epoch 8 Train Loss: 1.71685433
8,1.71685433,28/04/2025 16:09:38 Epoch 9 Validation Loss: 1.82626200
1.82626200
28/04/2025 16:09:39 Epoch 9 Train Loss: 1.36855578
9,1.36855578,28/04/2025 16:09:55 Epoch 10 Validation Loss: 1.01847041
1.01847041
28/04/2025 16:09:55 Epoch 10 Train Loss: 0.92523569
10,0.92523569,28/04/2025 16:10:12 Epoch 11 Validation Loss: 0.92873025
0.92873025
28/04/2025 16:10:12 Epoch 11 Train Loss: 0.96617079
11,0.96617079,28/04/2025 16:10:29 Epoch 12 Validation Loss: 1.02933621
1.02933621
28/04/2025 16:10:29 Epoch 12 Train Loss: 1.04406285
12,1.04406285,28/04/2025 16:10:46 Epoch 13 Validation Loss: 1.03888941
1.03888941
28/04/2025 16:10:46 Epoch 13 Train Loss: 1.06189132
13,1.06189132,28/04/2025 16:11:02 Epoch 14 Validation Loss: 1.42388535
1.42388535
28/04/2025 16:11:02 Epoch 14 Train Loss: 0.66227186
14,0.66227186,28/04/2025 16:11:19 Epoch 15 Validation Loss: 2.13330913
2.13330913
28/04/2025 16:11:19 Epoch 15 Train Loss: 0.79008186
15,0.79008186,28/04/2025 16:11:36 Epoch 16 Validation Loss: 2.79548788
2.79548788
28/04/2025 16:11:36 Epoch 16 Train Loss: 0.65485138
16,0.65485138,