28/04/2025 16:07:04 Training is starting...
28/04/2025 16:07:12 Epoch 0 Validation Loss: 8.19385147
8.19385147
28/04/2025 16:07:12 Epoch 0 Train Loss: 13.97373772
0,13.97373772,28/04/2025 16:07:28 Epoch 1 Validation Loss: 1.08884358
1.08884358
28/04/2025 16:07:28 Epoch 1 Train Loss: 2.27805114
1,2.27805114,28/04/2025 16:07:44 Epoch 2 Validation Loss: 3.95239258
3.95239258
28/04/2025 16:07:44 Epoch 2 Train Loss: 2.50156212
2,2.50156212,28/04/2025 16:08:00 Epoch 3 Validation Loss: 3.41565418
3.41565418
28/04/2025 16:08:00 Epoch 3 Train Loss: 3.98294926
3,3.98294926,28/04/2025 16:08:16 Epoch 4 Validation Loss: 1.36665440
1.36665440
28/04/2025 16:08:16 Epoch 4 Train Loss: 3.42407918
4,3.42407918,28/04/2025 16:08:33 Epoch 5 Validation Loss: 0.81062371
0.81062371
28/04/2025 16:08:33 Epoch 5 Train Loss: 1.39997733
5,1.39997733,28/04/2025 16:08:49 Epoch 6 Validation Loss: 1.19620490
1.19620490
28/04/2025 16:08:49 Epoch 6 Train Loss: 0.91197705
6,0.91197705,28/04/2025 16:09:06 Epoch 7 Validation Loss: 1.80567813
1.80567813
28/04/2025 16:09:06 Epoch 7 Train Loss: 1.43455172
7,1.43455172,28/04/2025 16:09:22 Epoch 8 Validation Loss: 1.66710842
1.66710842
28/04/2025 16:09:22 Epoch 8 Train Loss: 1.87391794
8,1.87391794,28/04/2025 16:09:38 Epoch 9 Validation Loss: 1.23807287
1.23807287
28/04/2025 16:09:39 Epoch 9 Train Loss: 1.32716310
9,1.32716310,28/04/2025 16:09:55 Epoch 10 Validation Loss: 0.73760313
0.73760313
28/04/2025 16:09:55 Epoch 10 Train Loss: 0.84881860
10,0.84881860,28/04/2025 16:10:12 Epoch 11 Validation Loss: 0.83843344
0.83843344
28/04/2025 16:10:12 Epoch 11 Train Loss: 0.75177747
11,0.75177747,28/04/2025 16:10:29 Epoch 12 Validation Loss: 1.06774354
1.06774354
28/04/2025 16:10:29 Epoch 12 Train Loss: 0.91355288
12,0.91355288,28/04/2025 16:10:46 Epoch 13 Validation Loss: 0.92835355
0.92835355
28/04/2025 16:10:46 Epoch 13 Train Loss: 1.16021442
13,1.16021442,28/04/2025 16:11:02 Epoch 14 Validation Loss: 0.99980348
0.99980348
28/04/2025 16:11:02 Epoch 14 Train Loss: 0.83436602
14,0.83436602,28/04/2025 16:11:19 Epoch 15 Validation Loss: 1.53162944
1.53162944
28/04/2025 16:11:19 Epoch 15 Train Loss: 0.81168455
15,0.81168455,28/04/2025 16:11:36 Epoch 16 Validation Loss: 2.09465671
2.09465671
28/04/2025 16:11:36 Epoch 16 Train Loss: 0.70463932
16,0.70463932,