28/04/2025 16:02:05 Training is starting...
28/04/2025 16:02:07 Epoch 0 Validation Loss: 1.27324605
1.27324605
28/04/2025 16:02:07 Epoch 0 Train Loss: 2.62043524
0,2.62043524,28/04/2025 16:02:12 Epoch 1 Validation Loss: 1.23373747
1.23373747
28/04/2025 16:02:12 Epoch 1 Train Loss: 1.46959126
1,1.46959126,28/04/2025 16:02:16 Epoch 2 Validation Loss: 1.14023721
1.14023721
28/04/2025 16:02:16 Epoch 2 Train Loss: 1.29827595
2,1.29827595,28/04/2025 16:02:20 Epoch 3 Validation Loss: 1.10528588
1.10528588
28/04/2025 16:02:20 Epoch 3 Train Loss: 1.27670467
3,1.27670467,28/04/2025 16:02:24 Epoch 4 Validation Loss: 1.48502183
1.48502183
28/04/2025 16:02:24 Epoch 4 Train Loss: 1.25436985
4,1.25436985,28/04/2025 16:02:28 Epoch 5 Validation Loss: 1.13942909
1.13942909
28/04/2025 16:02:28 Epoch 5 Train Loss: 1.35468376
5,1.35468376,28/04/2025 16:02:32 Epoch 6 Validation Loss: 1.13569200
1.13569200
28/04/2025 16:02:32 Epoch 6 Train Loss: 1.27704191
6,1.27704191,28/04/2025 16:02:36 Epoch 7 Validation Loss: 1.10391259
1.10391259
28/04/2025 16:02:36 Epoch 7 Train Loss: 1.25271690
7,1.25271690,28/04/2025 16:02:41 Epoch 8 Validation Loss: 1.12741029
1.12741029
28/04/2025 16:02:41 Epoch 8 Train Loss: 1.22057199
8,1.22057199,28/04/2025 16:02:45 Epoch 9 Validation Loss: 1.12344193
1.12344193
28/04/2025 16:02:45 Epoch 9 Train Loss: 1.21065664
9,1.21065664,28/04/2025 16:02:49 Epoch 10 Validation Loss: 1.07474017
1.07474017
28/04/2025 16:02:49 Epoch 10 Train Loss: 1.21664786
10,1.21664786,28/04/2025 16:02:53 Epoch 11 Validation Loss: 1.08527863
1.08527863
28/04/2025 16:02:53 Epoch 11 Train Loss: 1.19316888
11,1.19316888,28/04/2025 16:02:57 Epoch 12 Validation Loss: 1.28054893
1.28054893
28/04/2025 16:02:57 Epoch 12 Train Loss: 1.17944431
12,1.17944431,28/04/2025 16:03:01 Epoch 13 Validation Loss: 1.12046218
1.12046218
28/04/2025 16:03:01 Epoch 13 Train Loss: 1.28496408
13,1.28496408,28/04/2025 16:03:06 Epoch 14 Validation Loss: 1.08784497
1.08784497
28/04/2025 16:03:06 Epoch 14 Train Loss: 1.22099066
14,1.22099066,28/04/2025 16:03:11 Epoch 15 Validation Loss: 0.97659248
0.97659248
28/04/2025 16:03:11 Epoch 15 Train Loss: 1.19549525
15,1.19549525,28/04/2025 16:03:15 Epoch 16 Validation Loss: 0.95631385
0.95631385
28/04/2025 16:03:15 Epoch 16 Train Loss: 1.13861775
16,1.13861775,28/04/2025 16:03:19 Epoch 17 Validation Loss: 0.95766580
0.95766580
28/04/2025 16:03:19 Epoch 17 Train Loss: 1.10039175
17,1.10039175,28/04/2025 16:03:23 Epoch 18 Validation Loss: 0.67266417
0.67266417
28/04/2025 16:03:23 Epoch 18 Train Loss: 1.04438019
18,1.04438019,28/04/2025 16:03:27 Epoch 19 Validation Loss: 0.62730610
0.62730610
28/04/2025 16:03:27 Epoch 19 Train Loss: 0.87325239
19,0.87325239,28/04/2025 16:03:31 Epoch 20 Validation Loss: 0.53403598
0.53403598
28/04/2025 16:03:31 Epoch 20 Train Loss: 0.80529171
20,0.80529171,28/04/2025 16:03:35 Epoch 21 Validation Loss: 0.62757111
0.62757111
28/04/2025 16:03:35 Epoch 21 Train Loss: 0.76803249
21,0.76803249,28/04/2025 16:03:40 Epoch 22 Validation Loss: 0.38062879
0.38062879
28/04/2025 16:03:40 Epoch 22 Train Loss: 0.69739038
22,0.69739038,28/04/2025 16:03:44 Epoch 23 Validation Loss: 0.31278554
0.31278554
28/04/2025 16:03:44 Epoch 23 Train Loss: 0.60682017
23,0.60682017,28/04/2025 16:03:48 Epoch 24 Validation Loss: 0.37123975
0.37123975
28/04/2025 16:03:48 Epoch 24 Train Loss: 0.53360492
24,0.53360492,28/04/2025 16:03:51 Epoch 25 Validation Loss: 0.17606443
0.17606443
28/04/2025 16:03:51 Epoch 25 Train Loss: 0.45995718
25,0.45995718,28/04/2025 16:03:56 Epoch 26 Validation Loss: 0.13806406
0.13806406
28/04/2025 16:03:56 Epoch 26 Train Loss: 0.40992168
26,0.40992168,28/04/2025 16:04:00 Epoch 27 Validation Loss: 0.36546901
0.36546901
28/04/2025 16:04:00 Epoch 27 Train Loss: 0.35296860
27,0.35296860,28/04/2025 16:04:04 Epoch 28 Validation Loss: 0.24064630
0.24064630
28/04/2025 16:04:04 Epoch 28 Train Loss: 0.52453202
28,0.52453202,28/04/2025 16:04:10 Epoch 29 Validation Loss: 0.12905924
0.12905924
28/04/2025 16:04:10 Epoch 29 Train Loss: 0.38273561
29,0.38273561,28/04/2025 16:04:14 Epoch 30 Validation Loss: 0.57424116
0.57424116
28/04/2025 16:04:14 Epoch 30 Train Loss: 0.33707082
30,0.33707082,28/04/2025 16:04:18 Epoch 31 Validation Loss: 0.31661043
0.31661043
28/04/2025 16:04:18 Epoch 31 Train Loss: 0.55006635
31,0.55006635,28/04/2025 16:04:22 Epoch 32 Validation Loss: 0.37176430
0.37176430
28/04/2025 16:04:22 Epoch 32 Train Loss: 0.42696092
32,0.42696092,28/04/2025 16:04:27 Epoch 33 Validation Loss: 0.27450341
0.27450341
28/04/2025 16:04:27 Epoch 33 Train Loss: 0.41641602
33,0.41641602,28/04/2025 16:04:31 Epoch 34 Validation Loss: 0.20274767
0.20274767
28/04/2025 16:04:31 Epoch 34 Train Loss: 0.37629458
34,0.37629458,28/04/2025 16:04:35 Epoch 35 Validation Loss: 0.16524413
0.16524413
28/04/2025 16:04:35 Epoch 35 Train Loss: 0.34743252
35,0.34743252,28/04/2025 16:04:41 Epoch 36 Validation Loss: 0.09233192
0.09233192
28/04/2025 16:04:41 Epoch 36 Train Loss: 0.31471348
36,0.31471348,28/04/2025 16:04:45 Epoch 37 Validation Loss: 0.07998767
0.07998767
28/04/2025 16:04:45 Epoch 37 Train Loss: 0.27316648
37,0.27316648,28/04/2025 16:04:49 Epoch 38 Validation Loss: 0.12221190
0.12221190
28/04/2025 16:04:49 Epoch 38 Train Loss: 0.25908139
38,0.25908139,28/04/2025 16:04:53 Epoch 39 Validation Loss: 0.10118389
0.10118389
28/04/2025 16:04:53 Epoch 39 Train Loss: 0.27826011
39,0.27826011,28/04/2025 16:04:57 Epoch 40 Validation Loss: 0.06993857
0.06993857
28/04/2025 16:04:57 Epoch 40 Train Loss: 0.25219560
40,0.25219560,28/04/2025 16:05:02 Epoch 41 Validation Loss: 0.10244770
0.10244770
28/04/2025 16:05:02 Epoch 41 Train Loss: 0.24478731
41,0.24478731,28/04/2025 16:05:06 Epoch 42 Validation Loss: 0.06578561
0.06578561
28/04/2025 16:05:06 Epoch 42 Train Loss: 0.26141420
42,0.26141420,28/04/2025 16:05:11 Epoch 43 Validation Loss: 0.10188318
0.10188318
28/04/2025 16:05:11 Epoch 43 Train Loss: 0.27026591
43,0.27026591,28/04/2025 16:05:15 Epoch 44 Validation Loss: 0.11921202
0.11921202
28/04/2025 16:05:15 Epoch 44 Train Loss: 0.24918389
44,0.24918389,28/04/2025 16:05:19 Epoch 45 Validation Loss: 0.23439154
0.23439154
28/04/2025 16:05:19 Epoch 45 Train Loss: 0.29498675
45,0.29498675,28/04/2025 16:05:23 Epoch 46 Validation Loss: 0.11260625
0.11260625
28/04/2025 16:05:23 Epoch 46 Train Loss: 0.27551186
46,0.27551186,28/04/2025 16:05:27 Epoch 47 Validation Loss: 0.07367741
0.07367741
28/04/2025 16:05:27 Epoch 47 Train Loss: 0.24135417
47,0.24135417,28/04/2025 16:05:31 Epoch 48 Validation Loss: 0.23171102
0.23171102
28/04/2025 16:05:31 Epoch 48 Train Loss: 0.21712299
48,0.21712299,28/04/2025 16:05:35 Epoch 49 Validation Loss: 0.24615203
0.24615203
28/04/2025 16:05:35 Epoch 49 Train Loss: 0.33555555
49,0.33555555,28/04/2025 16:05:41 Epoch 50 Validation Loss: 0.26510161
0.26510161
28/04/2025 16:05:41 Epoch 50 Train Loss: 0.38735923
50,0.38735923,28/04/2025 16:05:45 Epoch 51 Validation Loss: 0.17344166
0.17344166
28/04/2025 16:05:45 Epoch 51 Train Loss: 0.36737832
51,0.36737832,28/04/2025 16:05:49 Epoch 52 Validation Loss: 0.13936074
0.13936074
28/04/2025 16:05:49 Epoch 52 Train Loss: 0.31515640
52,0.31515640,28/04/2025 16:05:53 Epoch 53 Validation Loss: 0.13655511
0.13655511
28/04/2025 16:05:53 Epoch 53 Train Loss: 0.26900998
53,0.26900998,28/04/2025 16:05:57 Epoch 54 Validation Loss: 0.13815802
0.13815802
28/04/2025 16:05:57 Epoch 54 Train Loss: 0.24403301
54,0.24403301,28/04/2025 16:06:02 Epoch 55 Validation Loss: 0.07536147
0.07536147
28/04/2025 16:06:02 Epoch 55 Train Loss: 0.25104651
55,0.25104651,28/04/2025 16:06:06 Epoch 56 Validation Loss: 0.11863194
0.11863194
28/04/2025 16:06:06 Epoch 56 Train Loss: 0.21794072
56,0.21794072,28/04/2025 16:06:11 Epoch 57 Validation Loss: 0.08785976
0.08785976
28/04/2025 16:06:11 Epoch 57 Train Loss: 0.22654933
57,0.22654933,28/04/2025 16:06:15 Epoch 58 Validation Loss: 0.45872191
0.45872191
28/04/2025 16:06:15 Epoch 58 Train Loss: 0.20734455
58,0.20734455,28/04/2025 16:06:19 Epoch 59 Validation Loss: 0.22420816
0.22420816
28/04/2025 16:06:19 Epoch 59 Train Loss: 0.41320616
59,0.41320616,28/04/2025 16:06:23 Epoch 60 Validation Loss: 0.12364142
0.12364142
28/04/2025 16:06:23 Epoch 60 Train Loss: 0.31388870
60,0.31388870,28/04/2025 16:06:27 Epoch 61 Validation Loss: 0.08344581
0.08344581
28/04/2025 16:06:27 Epoch 61 Train Loss: 0.22406721
61,0.22406721,28/04/2025 16:06:32 Epoch 62 Validation Loss: 0.05294991
0.05294991
28/04/2025 16:06:32 Epoch 62 Train Loss: 0.21652339
62,0.21652339,28/04/2025 16:06:36 Epoch 63 Validation Loss: 0.07892067
0.07892067
28/04/2025 16:06:36 Epoch 63 Train Loss: 0.18714589
63,0.18714589,28/04/2025 16:06:42 Epoch 64 Validation Loss: 0.05671177
0.05671177
28/04/2025 16:06:42 Epoch 64 Train Loss: 0.17800868
64,0.17800868,28/04/2025 16:06:46 Epoch 65 Validation Loss: 0.71806133
0.71806133
28/04/2025 16:06:46 Epoch 65 Train Loss: 0.16519107
65,0.16519107,28/04/2025 16:06:50 Epoch 66 Validation Loss: 0.19192591
0.19192591
28/04/2025 16:06:50 Epoch 66 Train Loss: 0.54349762
66,0.54349762,28/04/2025 16:06:56 Epoch 67 Validation Loss: 0.17992584
0.17992584
28/04/2025 16:06:56 Epoch 67 Train Loss: 0.34924901
67,0.34924901,28/04/2025 16:07:03 Epoch 68 Validation Loss: 0.20292154
0.20292154
28/04/2025 16:07:03 Epoch 68 Train Loss: 0.28316420
68,0.28316420,28/04/2025 16:07:10 Epoch 69 Validation Loss: 0.19583635
0.19583635
28/04/2025 16:07:10 Epoch 69 Train Loss: 0.31591853
69,0.31591853,28/04/2025 16:07:18 Epoch 70 Validation Loss: 0.07523321
0.07523321
28/04/2025 16:07:18 Epoch 70 Train Loss: 0.26788184
70,0.26788184,28/04/2025 16:07:23 Epoch 71 Validation Loss: 0.17501739
0.17501739
28/04/2025 16:07:23 Epoch 71 Train Loss: 0.22233449
71,0.22233449,28/04/2025 16:07:28 Epoch 72 Validation Loss: 0.13022935
0.13022935
28/04/2025 16:07:28 Epoch 72 Train Loss: 0.23234218
72,0.23234218,28/04/2025 16:07:34 Epoch 73 Validation Loss: 0.14877933
0.14877933
28/04/2025 16:07:34 Epoch 73 Train Loss: 0.22028892
73,0.22028892,28/04/2025 16:07:41 Epoch 74 Validation Loss: 0.09196406
0.09196406
28/04/2025 16:07:41 Epoch 74 Train Loss: 0.22360194
74,0.22360194,28/04/2025 16:07:45 Epoch 75 Validation Loss: 0.15846696
0.15846696
28/04/2025 16:07:45 Epoch 75 Train Loss: 0.17454891
75,0.17454891,28/04/2025 16:07:51 Epoch 76 Validation Loss: 0.06977815
0.06977815
28/04/2025 16:07:51 Epoch 76 Train Loss: 0.19181688
76,0.19181688,28/04/2025 16:07:56 Epoch 77 Validation Loss: 4.81342697
4.81342697
28/04/2025 16:07:56 Epoch 77 Train Loss: 0.15120901
77,0.15120901,28/04/2025 16:08:01 Epoch 78 Validation Loss: 1.07251108
1.07251108
28/04/2025 16:08:01 Epoch 78 Train Loss: 1.78087592
78,1.78087592,28/04/2025 16:08:08 Epoch 79 Validation Loss: 1.17347479
1.17347479
28/04/2025 16:08:08 Epoch 79 Train Loss: 1.46299613
79,1.46299613,28/04/2025 16:08:15 Epoch 80 Validation Loss: 1.07137358
1.07137358
28/04/2025 16:08:15 Epoch 80 Train Loss: 1.40418422
80,1.40418422,28/04/2025 16:08:20 Epoch 81 Validation Loss: 1.12020576
1.12020576
28/04/2025 16:08:20 Epoch 81 Train Loss: 1.16411126
81,1.16411126,28/04/2025 16:08:25 Epoch 82 Validation Loss: 1.17640913
1.17640913
28/04/2025 16:08:25 Epoch 82 Train Loss: 1.11853504
82,1.11853504,28/04/2025 16:08:31 Epoch 83 Validation Loss: 2.03874135
2.03874135
28/04/2025 16:08:31 Epoch 83 Train Loss: 2.06186438
83,2.06186438,28/04/2025 16:08:35 Epoch 84 Validation Loss: 3.17395401
3.17395401
28/04/2025 16:08:35 Epoch 84 Train Loss: 2.90091634
84,2.90091634,28/04/2025 16:08:43 Epoch 85 Validation Loss: 1811.79699707
1811.79699707
28/04/2025 16:08:43 Epoch 85 Train Loss: 4.00972033
85,4.00972033,28/04/2025 16:08:48 Epoch 86 Validation Loss: 1.82518995
1.82518995
28/04/2025 16:08:48 Epoch 86 Train Loss: 345.16098022
86,345.16098022,28/04/2025 16:08:53 Epoch 87 Validation Loss: 1.55254352
1.55254352
28/04/2025 16:08:53 Epoch 87 Train Loss: 2.34999418
87,2.34999418,28/04/2025 16:08:58 Epoch 88 Validation Loss: 1.45049667
1.45049667
28/04/2025 16:08:58 Epoch 88 Train Loss: 1.67338169
88,1.67338169,28/04/2025 16:09:06 Epoch 89 Validation Loss: 1.30185175
1.30185175
28/04/2025 16:09:06 Epoch 89 Train Loss: 1.57814491
89,1.57814491,28/04/2025 16:09:13 Epoch 90 Validation Loss: 1.55630088
1.55630088
28/04/2025 16:09:13 Epoch 90 Train Loss: 1.39237010
90,1.39237010,28/04/2025 16:09:18 Epoch 91 Validation Loss: 1.41793275
1.41793275
28/04/2025 16:09:18 Epoch 91 Train Loss: 1.56313622
91,1.56313622,28/04/2025 16:09:23 Epoch 92 Validation Loss: 1.41732848
1.41732848
28/04/2025 16:09:23 Epoch 92 Train Loss: 1.47059631
92,1.47059631,28/04/2025 16:09:29 Epoch 93 Validation Loss: 1.09159899
1.09159899
28/04/2025 16:09:29 Epoch 93 Train Loss: 1.36753702
93,1.36753702,28/04/2025 16:09:35 Epoch 94 Validation Loss: 1.09855330
1.09855330
28/04/2025 16:09:35 Epoch 94 Train Loss: 1.30234385
94,1.30234385,28/04/2025 16:09:41 Epoch 95 Validation Loss: 1.10255814
1.10255814
28/04/2025 16:09:41 Epoch 95 Train Loss: 1.35752141
95,1.35752141,28/04/2025 16:09:46 Epoch 96 Validation Loss: 1.08348382
1.08348382
28/04/2025 16:09:46 Epoch 96 Train Loss: 1.22672427
96,1.22672427,28/04/2025 16:09:53 Epoch 97 Validation Loss: 1.01541829
1.01541829
28/04/2025 16:09:53 Epoch 97 Train Loss: 1.18945122
97,1.18945122,28/04/2025 16:09:58 Epoch 98 Validation Loss: 0.95333952
0.95333952
28/04/2025 16:09:58 Epoch 98 Train Loss: 1.15537238
98,1.15537238,28/04/2025 16:10:03 Epoch 99 Validation Loss: 0.98463637
0.98463637
28/04/2025 16:10:03 Epoch 99 Train Loss: 1.14672410
99,1.14672410,28/04/2025 16:10:11 Epoch 100 Validation Loss: 0.88880008
0.88880008
28/04/2025 16:10:11 Epoch 100 Train Loss: 1.12665808
100,1.12665808,28/04/2025 16:10:17 Epoch 101 Validation Loss: 0.86833119
0.86833119
28/04/2025 16:10:17 Epoch 101 Train Loss: 1.08279037
101,1.08279037,28/04/2025 16:10:22 Epoch 102 Validation Loss: 0.87588245
0.87588245
28/04/2025 16:10:22 Epoch 102 Train Loss: 1.04177880
102,1.04177880,28/04/2025 16:10:29 Epoch 103 Validation Loss: 0.80663568
0.80663568
28/04/2025 16:10:29 Epoch 103 Train Loss: 1.03046608
103,1.03046608,28/04/2025 16:10:35 Epoch 104 Validation Loss: 0.77235770
0.77235770
28/04/2025 16:10:35 Epoch 104 Train Loss: 0.99177343
104,0.99177343,28/04/2025 16:10:43 Epoch 105 Validation Loss: 0.75370586
0.75370586
28/04/2025 16:10:43 Epoch 105 Train Loss: 0.97909129
105,0.97909129,28/04/2025 16:10:47 Epoch 106 Validation Loss: 0.74689901
0.74689901
28/04/2025 16:10:47 Epoch 106 Train Loss: 0.93135619
106,0.93135619,28/04/2025 16:10:55 Epoch 107 Validation Loss: 0.66501009
0.66501009
28/04/2025 16:10:55 Epoch 107 Train Loss: 0.89170879
107,0.89170879,28/04/2025 16:11:01 Epoch 108 Validation Loss: 0.61668688
0.61668688
28/04/2025 16:11:01 Epoch 108 Train Loss: 0.84585786
108,0.84585786,28/04/2025 16:11:07 Epoch 109 Validation Loss: 0.58091760
0.58091760
28/04/2025 16:11:07 Epoch 109 Train Loss: 0.82649356
109,0.82649356,28/04/2025 16:11:14 Epoch 110 Validation Loss: 0.62185729
0.62185729
28/04/2025 16:11:14 Epoch 110 Train Loss: 0.83135229
110,0.83135229,28/04/2025 16:11:19 Epoch 111 Validation Loss: 0.56094950
0.56094950
28/04/2025 16:11:19 Epoch 111 Train Loss: 0.75921649
111,0.75921649,28/04/2025 16:11:25 Epoch 112 Validation Loss: 0.50193202
0.50193202
28/04/2025 16:11:25 Epoch 112 Train Loss: 0.71435660
112,0.71435660,28/04/2025 16:11:30 Epoch 113 Validation Loss: 0.45444927
0.45444927
28/04/2025 16:11:30 Epoch 113 Train Loss: 0.66488105
113,0.66488105,28/04/2025 16:11:36 Epoch 114 Validation Loss: 0.41349581
0.41349581
28/04/2025 16:11:36 Epoch 114 Train Loss: 0.63935369
114,0.63935369,28/04/2025 16:11:49 Epoch 115 Validation Loss: 0.40508723
0.40508723
28/04/2025 16:11:49 Epoch 115 Train Loss: 0.61351031
115,0.61351031,28/04/2025 16:11:53 Epoch 116 Validation Loss: 0.35671321
0.35671321
28/04/2025 16:11:53 Epoch 116 Train Loss: 0.60192156
116,0.60192156,28/04/2025 16:11:57 Epoch 117 Validation Loss: 0.35691473
0.35691473
28/04/2025 16:11:57 Epoch 117 Train Loss: 0.58604741
117,0.58604741,28/04/2025 16:12:01 Epoch 118 Validation Loss: 0.34947288
0.34947288
28/04/2025 16:12:01 Epoch 118 Train Loss: 0.52877676
118,0.52877676,28/04/2025 16:12:06 Epoch 119 Validation Loss: 0.31716317
0.31716317
28/04/2025 16:12:06 Epoch 119 Train Loss: 0.50784808
119,0.50784808,28/04/2025 16:12:12 Epoch 120 Validation Loss: 0.31959075
0.31959075
28/04/2025 16:12:12 Epoch 120 Train Loss: 0.48471975
120,0.48471975,28/04/2025 16:12:16 Epoch 121 Validation Loss: 0.26918849
0.26918849
28/04/2025 16:12:16 Epoch 121 Train Loss: 0.46929738
121,0.46929738,28/04/2025 16:12:20 Epoch 122 Validation Loss: 0.24213320
0.24213320
28/04/2025 16:12:20 Epoch 122 Train Loss: 0.44536293
122,0.44536293,28/04/2025 16:12:24 Epoch 123 Validation Loss: 0.22587435
0.22587435
28/04/2025 16:12:24 Epoch 123 Train Loss: 0.43462643
123,0.43462643,28/04/2025 16:12:28 Epoch 124 Validation Loss: 0.21228726
0.21228726
28/04/2025 16:12:28 Epoch 124 Train Loss: 0.40925729
124,0.40925729,28/04/2025 16:12:33 Epoch 125 Validation Loss: 0.19900198
0.19900198
28/04/2025 16:12:33 Epoch 125 Train Loss: 0.40181425
125,0.40181425,28/04/2025 16:12:38 Epoch 126 Validation Loss: 0.19106078
0.19106078
28/04/2025 16:12:38 Epoch 126 Train Loss: 0.37688148
126,0.37688148,28/04/2025 16:12:43 Epoch 127 Validation Loss: 0.18356964
0.18356964
28/04/2025 16:12:43 Epoch 127 Train Loss: 0.37182775
127,0.37182775,28/04/2025 16:12:47 Epoch 128 Validation Loss: 0.18012491
0.18012491
28/04/2025 16:12:47 Epoch 128 Train Loss: 0.36319825
128,0.36319825,28/04/2025 16:12:51 Epoch 129 Validation Loss: 0.16774113
0.16774113
28/04/2025 16:12:51 Epoch 129 Train Loss: 0.35806084
129,0.35806084,28/04/2025 16:12:55 Epoch 130 Validation Loss: 0.19687667
0.19687667
28/04/2025 16:12:55 Epoch 130 Train Loss: 0.35113126
130,0.35113126,28/04/2025 16:13:00 Epoch 131 Validation Loss: 0.15800932
0.15800932
28/04/2025 16:13:00 Epoch 131 Train Loss: 0.34698373
131,0.34698373,28/04/2025 16:13:04 Epoch 132 Validation Loss: 0.15056831
0.15056831
28/04/2025 16:13:04 Epoch 132 Train Loss: 0.32653382
132,0.32653382,28/04/2025 16:13:09 Epoch 133 Validation Loss: 0.16359545
0.16359545
28/04/2025 16:13:09 Epoch 133 Train Loss: 0.32071242
133,0.32071242,28/04/2025 16:13:14 Epoch 134 Validation Loss: 0.15633990
0.15633990
28/04/2025 16:13:14 Epoch 134 Train Loss: 0.33750725
134,0.33750725,28/04/2025 16:13:18 Epoch 135 Validation Loss: 0.14342280
0.14342280
28/04/2025 16:13:18 Epoch 135 Train Loss: 0.33423361
135,0.33423361,28/04/2025 16:13:22 Epoch 136 Validation Loss: 0.13654989
0.13654989
28/04/2025 16:13:22 Epoch 136 Train Loss: 0.31700283
136,0.31700283,28/04/2025 16:13:26 Epoch 137 Validation Loss: 0.13193762
0.13193762
28/04/2025 16:13:26 Epoch 137 Train Loss: 0.31180492
137,0.31180492,28/04/2025 16:13:31 Epoch 138 Validation Loss: 0.12994371
0.12994371
28/04/2025 16:13:31 Epoch 138 Train Loss: 0.29866371
138,0.29866371,28/04/2025 16:13:35 Epoch 139 Validation Loss: 0.13493483
0.13493483
28/04/2025 16:13:35 Epoch 139 Train Loss: 0.29034755
139,0.29034755,28/04/2025 16:13:40 Epoch 140 Validation Loss: 0.14191037
0.14191037
28/04/2025 16:13:40 Epoch 140 Train Loss: 0.30098647
140,0.30098647,28/04/2025 16:13:45 Epoch 141 Validation Loss: 0.13612454
0.13612454
28/04/2025 16:13:45 Epoch 141 Train Loss: 0.29478410
141,0.29478410,28/04/2025 16:13:49 Epoch 142 Validation Loss: 0.12149014
0.12149014
28/04/2025 16:13:49 Epoch 142 Train Loss: 0.28720692
142,0.28720692,28/04/2025 16:13:53 Epoch 143 Validation Loss: 0.11238423
0.11238423
28/04/2025 16:13:53 Epoch 143 Train Loss: 0.28906679
143,0.28906679,28/04/2025 16:13:59 Epoch 144 Validation Loss: 0.11403567
0.11403567
28/04/2025 16:13:59 Epoch 144 Train Loss: 0.27297354
144,0.27297354,28/04/2025 16:14:03 Epoch 145 Validation Loss: 0.13995162
0.13995162
28/04/2025 16:14:03 Epoch 145 Train Loss: 0.27506396
145,0.27506396,28/04/2025 16:14:08 Epoch 146 Validation Loss: 0.12661698
0.12661698
28/04/2025 16:14:08 Epoch 146 Train Loss: 0.26950514
146,0.26950514,28/04/2025 16:14:13 Epoch 147 Validation Loss: 0.10863543
0.10863543
28/04/2025 16:14:13 Epoch 147 Train Loss: 0.28254166
147,0.28254166,28/04/2025 16:14:17 Epoch 148 Validation Loss: 0.12108224
0.12108224
28/04/2025 16:14:17 Epoch 148 Train Loss: 0.27454323
148,0.27454323,28/04/2025 16:14:21 Epoch 149 Validation Loss: 0.11788909
0.11788909
28/04/2025 16:14:21 Epoch 149 Train Loss: 0.26845235
149,0.26845235,28/04/2025 16:14:25 Epoch 150 Validation Loss: 0.12530831
0.12530831
28/04/2025 16:14:25 Epoch 150 Train Loss: 0.26923612
150,0.26923612,28/04/2025 16:14:30 Epoch 151 Validation Loss: 0.10745123
0.10745123
28/04/2025 16:14:30 Epoch 151 Train Loss: 0.27308634
151,0.27308634,28/04/2025 16:14:34 Epoch 152 Validation Loss: 0.11506305
0.11506305
28/04/2025 16:14:34 Epoch 152 Train Loss: 0.25563216
152,0.25563216,28/04/2025 16:14:39 Epoch 153 Validation Loss: 0.10433789
0.10433789
28/04/2025 16:14:39 Epoch 153 Train Loss: 0.25239578
153,0.25239578,28/04/2025 16:14:44 Epoch 154 Validation Loss: 0.09815492
0.09815492
28/04/2025 16:14:44 Epoch 154 Train Loss: 0.24916570
154,0.24916570,28/04/2025 16:14:48 Epoch 155 Validation Loss: 0.09799776
0.09799776
28/04/2025 16:14:48 Epoch 155 Train Loss: 0.24490151
155,0.24490151,28/04/2025 16:14:53 Epoch 156 Validation Loss: 0.09643766
0.09643766
28/04/2025 16:14:53 Epoch 156 Train Loss: 0.24921019
156,0.24921019,28/04/2025 16:14:57 Epoch 157 Validation Loss: 0.08979446
0.08979446
28/04/2025 16:14:57 Epoch 157 Train Loss: 0.23868988
157,0.23868988,28/04/2025 16:15:01 Epoch 158 Validation Loss: 0.10639597
0.10639597
28/04/2025 16:15:01 Epoch 158 Train Loss: 0.23926082
158,0.23926082,28/04/2025 16:15:05 Epoch 159 Validation Loss: 0.09365774
0.09365774
28/04/2025 16:15:05 Epoch 159 Train Loss: 0.24223524
159,0.24223524,28/04/2025 16:15:11 Epoch 160 Validation Loss: 0.10883135
0.10883135
28/04/2025 16:15:11 Epoch 160 Train Loss: 0.23763239
160,0.23763239,28/04/2025 16:15:16 Epoch 161 Validation Loss: 0.08842185
0.08842185
28/04/2025 16:15:16 Epoch 161 Train Loss: 0.24209301
161,0.24209301,28/04/2025 16:15:22 Epoch 162 Validation Loss: 0.08702587
0.08702587
28/04/2025 16:15:22 Epoch 162 Train Loss: 0.23303284
162,0.23303284,28/04/2025 16:15:26 Epoch 163 Validation Loss: 0.08530796
0.08530796
28/04/2025 16:15:26 Epoch 163 Train Loss: 0.23119703
163,0.23119703,28/04/2025 16:15:30 Epoch 164 Validation Loss: 0.12966318
0.12966318
28/04/2025 16:15:30 Epoch 164 Train Loss: 0.22907215
164,0.22907215,28/04/2025 16:15:34 Epoch 165 Validation Loss: 0.09792592
0.09792592
28/04/2025 16:15:34 Epoch 165 Train Loss: 0.26295772
165,0.26295772,28/04/2025 16:15:39 Epoch 166 Validation Loss: 0.18175913
0.18175913
28/04/2025 16:15:39 Epoch 166 Train Loss: 0.24015498
166,0.24015498,28/04/2025 16:15:44 Epoch 167 Validation Loss: 0.13925827
0.13925827
28/04/2025 16:15:44 Epoch 167 Train Loss: 0.25870585
167,0.25870585,28/04/2025 16:15:48 Epoch 168 Validation Loss: 0.08920861
0.08920861
28/04/2025 16:15:48 Epoch 168 Train Loss: 0.26446936
168,0.26446936,28/04/2025 16:15:52 Epoch 169 Validation Loss: 0.09196898
0.09196898
28/04/2025 16:15:52 Epoch 169 Train Loss: 0.24201559
169,0.24201559,28/04/2025 16:15:56 Epoch 170 Validation Loss: 0.09274842
0.09274842
28/04/2025 16:15:56 Epoch 170 Train Loss: 0.22574982
170,0.22574982,28/04/2025 16:16:00 Epoch 171 Validation Loss: 0.18757930
0.18757930
28/04/2025 16:16:00 Epoch 171 Train Loss: 0.22127570
171,0.22127570,28/04/2025 16:16:05 Epoch 172 Validation Loss: 0.14887658
0.14887658
28/04/2025 16:16:05 Epoch 172 Train Loss: 0.33065403
172,0.33065403,28/04/2025 16:16:10 Epoch 173 Validation Loss: 0.12695073
0.12695073
28/04/2025 16:16:10 Epoch 173 Train Loss: 0.26775980
173,0.26775980,28/04/2025 16:16:15 Epoch 174 Validation Loss: 0.16781431
0.16781431
28/04/2025 16:16:15 Epoch 174 Train Loss: 0.23835003
174,0.23835003,28/04/2025 16:16:19 Epoch 175 Validation Loss: 0.08388540
0.08388540
28/04/2025 16:16:19 Epoch 175 Train Loss: 0.26089370
175,0.26089370,28/04/2025 16:16:23 Epoch 176 Validation Loss: 0.10734689
0.10734689
28/04/2025 16:16:23 Epoch 176 Train Loss: 0.23906299
176,0.23906299,28/04/2025 16:16:27 Epoch 177 Validation Loss: 0.08687697
0.08687697
28/04/2025 16:16:27 Epoch 177 Train Loss: 0.22993597
177,0.22993597,28/04/2025 16:16:31 Epoch 178 Validation Loss: 0.11162084
0.11162084
28/04/2025 16:16:31 Epoch 178 Train Loss: 0.22006348
178,0.22006348,28/04/2025 16:16:36 Epoch 179 Validation Loss: 0.07991897
0.07991897
28/04/2025 16:16:36 Epoch 179 Train Loss: 0.22241974
179,0.22241974,28/04/2025 16:16:43 Epoch 180 Validation Loss: 0.07302628
0.07302628
28/04/2025 16:16:43 Epoch 180 Train Loss: 0.21444020
180,0.21444020,28/04/2025 16:16:48 Epoch 181 Validation Loss: 0.07444787
0.07444787
28/04/2025 16:16:48 Epoch 181 Train Loss: 0.20091057
181,0.20091057,28/04/2025 16:16:52 Epoch 182 Validation Loss: 0.09445906
0.09445906
28/04/2025 16:16:52 Epoch 182 Train Loss: 0.19982369
182,0.19982369,28/04/2025 16:16:56 Epoch 183 Validation Loss: 0.07562213
0.07562213
28/04/2025 16:16:56 Epoch 183 Train Loss: 0.20873193
183,0.20873193,28/04/2025 16:17:00 Epoch 184 Validation Loss: 0.07338665
0.07338665
28/04/2025 16:17:00 Epoch 184 Train Loss: 0.20028330
184,0.20028330,28/04/2025 16:17:04 Epoch 185 Validation Loss: 0.07042985
0.07042985
28/04/2025 16:17:04 Epoch 185 Train Loss: 0.19587599
185,0.19587599,28/04/2025 16:17:09 Epoch 186 Validation Loss: 0.09933087
0.09933087
28/04/2025 16:17:09 Epoch 186 Train Loss: 0.19209020
186,0.19209020,28/04/2025 16:17:14 Epoch 187 Validation Loss: 0.07473475
0.07473475
28/04/2025 16:17:14 Epoch 187 Train Loss: 0.20687373
187,0.20687373,28/04/2025 16:17:18 Epoch 188 Validation Loss: 0.08419956
0.08419956
28/04/2025 16:17:18 Epoch 188 Train Loss: 0.19105983
188,0.19105983,28/04/2025 16:17:22 Epoch 189 Validation Loss: 0.07383920
0.07383920
28/04/2025 16:17:22 Epoch 189 Train Loss: 0.19923387
189,0.19923387,28/04/2025 16:17:26 Epoch 190 Validation Loss: 0.08262212
0.08262212
28/04/2025 16:17:26 Epoch 190 Train Loss: 0.19014479
190,0.19014479,28/04/2025 16:17:31 Epoch 191 Validation Loss: 0.06552013
0.06552013
28/04/2025 16:17:31 Epoch 191 Train Loss: 0.18871203
191,0.18871203,28/04/2025 16:17:35 Epoch 192 Validation Loss: 0.06886879
0.06886879
28/04/2025 16:17:35 Epoch 192 Train Loss: 0.17947558
192,0.17947558,28/04/2025 16:17:41 Epoch 193 Validation Loss: 0.06433008
0.06433008
28/04/2025 16:17:41 Epoch 193 Train Loss: 0.17454231
193,0.17454231,28/04/2025 16:17:46 Epoch 194 Validation Loss: 0.08748028
0.08748028
28/04/2025 16:17:46 Epoch 194 Train Loss: 0.17909625
194,0.17909625,28/04/2025 16:17:50 Epoch 195 Validation Loss: 0.24626854
0.24626854
28/04/2025 16:17:50 Epoch 195 Train Loss: 0.17645472
195,0.17645472,28/04/2025 16:17:54 Epoch 196 Validation Loss: 0.23165593
0.23165593
28/04/2025 16:17:54 Epoch 196 Train Loss: 0.26540890
196,0.26540890,28/04/2025 16:17:58 Epoch 197 Validation Loss: 0.09740072
0.09740072
28/04/2025 16:17:58 Epoch 197 Train Loss: 0.23843345
197,0.23843345,28/04/2025 16:18:04 Epoch 198 Validation Loss: 0.09372544
0.09372544
28/04/2025 16:18:04 Epoch 198 Train Loss: 0.21143416
198,0.21143416,28/04/2025 16:18:09 Epoch 199 Validation Loss: 0.12578100
0.12578100
28/04/2025 16:18:09 Epoch 199 Train Loss: 0.20376812
199,0.20376812,28/04/2025 16:18:15 Epoch 200 Validation Loss: 0.07742018
0.07742018
28/04/2025 16:18:15 Epoch 200 Train Loss: 0.19363068
200,0.19363068,28/04/2025 16:18:19 Epoch 201 Validation Loss: 0.06302299
0.06302299
28/04/2025 16:18:19 Epoch 201 Train Loss: 0.16755186
201,0.16755186,28/04/2025 16:18:23 Epoch 202 Validation Loss: 0.08494336
0.08494336
28/04/2025 16:18:23 Epoch 202 Train Loss: 0.16520609
202,0.16520609,28/04/2025 16:18:27 Epoch 203 Validation Loss: 0.06274652
0.06274652
28/04/2025 16:18:27 Epoch 203 Train Loss: 0.17209917
203,0.17209917,28/04/2025 16:18:31 Epoch 204 Validation Loss: 0.12934941
0.12934941
28/04/2025 16:18:31 Epoch 204 Train Loss: 0.16088349
204,0.16088349,28/04/2025 16:18:35 Epoch 205 Validation Loss: 0.06909608
0.06909608
28/04/2025 16:18:35 Epoch 205 Train Loss: 0.20713103
205,0.20713103,28/04/2025 16:18:41 Epoch 206 Validation Loss: 0.06394102
0.06394102
28/04/2025 16:18:41 Epoch 206 Train Loss: 0.16786472
206,0.16786472,28/04/2025 16:18:46 Epoch 207 Validation Loss: 0.08312133
0.08312133
28/04/2025 16:18:46 Epoch 207 Train Loss: 0.15982741
207,0.15982741,28/04/2025 16:18:50 Epoch 208 Validation Loss: 0.07449906
0.07449906
28/04/2025 16:18:50 Epoch 208 Train Loss: 0.16688018
208,0.16688018,28/04/2025 16:18:54 Epoch 209 Validation Loss: 0.07300257
0.07300257
28/04/2025 16:18:54 Epoch 209 Train Loss: 0.15382561
209,0.15382561,28/04/2025 16:18:58 Epoch 210 Validation Loss: 0.05732173
0.05732173
28/04/2025 16:18:58 Epoch 210 Train Loss: 0.15352528
210,0.15352528,28/04/2025 16:19:02 Epoch 211 Validation Loss: 0.07011924
0.07011924
28/04/2025 16:19:02 Epoch 211 Train Loss: 0.14319281
211,0.14319281,28/04/2025 16:19:06 Epoch 212 Validation Loss: 0.05611957
0.05611957
28/04/2025 16:19:06 Epoch 212 Train Loss: 0.14698416
212,0.14698416,28/04/2025 16:19:12 Epoch 213 Validation Loss: 0.06936084
0.06936084
28/04/2025 16:19:12 Epoch 213 Train Loss: 0.14009015
213,0.14009015,28/04/2025 16:19:16 Epoch 214 Validation Loss: 0.06105204
0.06105204
28/04/2025 16:19:16 Epoch 214 Train Loss: 0.13908513
214,0.13908513,28/04/2025 16:19:20 Epoch 215 Validation Loss: 0.06000566
0.06000566
28/04/2025 16:19:20 Epoch 215 Train Loss: 0.14192882
215,0.14192882,28/04/2025 16:19:26 Epoch 216 Validation Loss: 0.18775935
0.18775935
28/04/2025 16:19:26 Epoch 216 Train Loss: 0.13237278
216,0.13237278,28/04/2025 16:19:30 Epoch 217 Validation Loss: 0.41150519
0.41150519
28/04/2025 16:19:30 Epoch 217 Train Loss: 0.18752067
217,0.18752067,28/04/2025 16:19:34 Epoch 218 Validation Loss: 0.41148087
0.41148087
28/04/2025 16:19:34 Epoch 218 Train Loss: 0.30081123
218,0.30081123,28/04/2025 16:19:40 Epoch 219 Validation Loss: 0.10679300
0.10679300
28/04/2025 16:19:40 Epoch 219 Train Loss: 0.30030093
219,0.30030093,28/04/2025 16:19:45 Epoch 220 Validation Loss: 0.16330969
0.16330969
28/04/2025 16:19:45 Epoch 220 Train Loss: 0.20424640
220,0.20424640,28/04/2025 16:19:49 Epoch 221 Validation Loss: 0.13732207
0.13732207
28/04/2025 16:19:49 Epoch 221 Train Loss: 0.20087500
221,0.20087500,28/04/2025 16:19:54 Epoch 222 Validation Loss: 0.07079338
0.07079338
28/04/2025 16:19:54 Epoch 222 Train Loss: 0.16514041
222,0.16514041,28/04/2025 16:19:59 Epoch 223 Validation Loss: 0.06988160
0.06988160
28/04/2025 16:19:59 Epoch 223 Train Loss: 0.13898301
223,0.13898301,28/04/2025 16:20:05 Epoch 224 Validation Loss: 0.12822951
0.12822951
28/04/2025 16:20:05 Epoch 224 Train Loss: 0.13271293
224,0.13271293,28/04/2025 16:20:11 Epoch 225 Validation Loss: 0.05526355
0.05526355
28/04/2025 16:20:11 Epoch 225 Train Loss: 0.14935768
225,0.14935768,28/04/2025 16:20:15 Epoch 226 Validation Loss: 0.11201077
0.11201077
28/04/2025 16:20:15 Epoch 226 Train Loss: 0.12415295
226,0.12415295,28/04/2025 16:20:19 Epoch 227 Validation Loss: 0.11659647
0.11659647
28/04/2025 16:20:19 Epoch 227 Train Loss: 0.13972777
227,0.13972777,28/04/2025 16:20:23 Epoch 228 Validation Loss: 0.39158833
0.39158833
28/04/2025 16:20:23 Epoch 228 Train Loss: 0.15395036
228,0.15395036,28/04/2025 16:20:27 Epoch 229 Validation Loss: 0.22136846
0.22136846
28/04/2025 16:20:27 Epoch 229 Train Loss: 0.27185130
229,0.27185130,28/04/2025 16:20:32 Epoch 230 Validation Loss: 0.11440467
0.11440467
28/04/2025 16:20:32 Epoch 230 Train Loss: 0.21811064
230,0.21811064,28/04/2025 16:20:35 Epoch 231 Validation Loss: 0.06996129
0.06996129
28/04/2025 16:20:35 Epoch 231 Train Loss: 0.15589458
231,0.15589458,28/04/2025 16:20:40 Epoch 232 Validation Loss: 0.09380090
0.09380090
28/04/2025 16:20:40 Epoch 232 Train Loss: 0.12785770
232,0.12785770,28/04/2025 16:20:45 Epoch 233 Validation Loss: 0.07065506
0.07065506
28/04/2025 16:20:45 Epoch 233 Train Loss: 0.13295871
233,0.13295871,28/04/2025 16:20:51 Epoch 234 Validation Loss: 0.05571930
0.05571930
28/04/2025 16:20:51 Epoch 234 Train Loss: 0.12382290
234,0.12382290,28/04/2025 16:20:55 Epoch 235 Validation Loss: 0.08457415
0.08457415
28/04/2025 16:20:55 Epoch 235 Train Loss: 0.12451029
235,0.12451029,28/04/2025 16:20:59 Epoch 236 Validation Loss: 0.06002732
0.06002732
28/04/2025 16:20:59 Epoch 236 Train Loss: 0.14050460
236,0.14050460,28/04/2025 16:21:04 Epoch 237 Validation Loss: 0.08863631
0.08863631
28/04/2025 16:21:04 Epoch 237 Train Loss: 0.12141729
237,0.12141729,28/04/2025 16:21:10 Epoch 238 Validation Loss: 0.05413342
0.05413342
28/04/2025 16:21:10 Epoch 238 Train Loss: 0.11758915
238,0.11758915,28/04/2025 16:21:15 Epoch 239 Validation Loss: 0.05156333
0.05156333
28/04/2025 16:21:15 Epoch 239 Train Loss: 0.10386927
239,0.10386927,28/04/2025 16:21:19 Epoch 240 Validation Loss: 0.18830492
0.18830492
28/04/2025 16:21:19 Epoch 240 Train Loss: 0.09562901
240,0.09562901,28/04/2025 16:21:23 Epoch 241 Validation Loss: 0.07350103
0.07350103
28/04/2025 16:21:23 Epoch 241 Train Loss: 0.14429395
241,0.14429395,28/04/2025 16:21:27 Epoch 242 Validation Loss: 0.06953083
0.06953083
28/04/2025 16:21:27 Epoch 242 Train Loss: 0.10727182
242,0.10727182,28/04/2025 16:21:33 Epoch 243 Validation Loss: 0.05553360
0.05553360
28/04/2025 16:21:33 Epoch 243 Train Loss: 0.10788552
243,0.10788552,28/04/2025 16:21:39 Epoch 244 Validation Loss: 0.07350650
0.07350650
28/04/2025 16:21:39 Epoch 244 Train Loss: 0.08215619
244,0.08215619,28/04/2025 16:21:45 Epoch 245 Validation Loss: 0.05518347
0.05518347
28/04/2025 16:21:45 Epoch 245 Train Loss: 0.08562985
245,0.08562985,28/04/2025 16:21:49 Epoch 246 Validation Loss: 0.05453766
0.05453766
28/04/2025 16:21:49 Epoch 246 Train Loss: 0.08287046
246,0.08287046,28/04/2025 16:21:54 Epoch 247 Validation Loss: 0.04862771
0.04862771
28/04/2025 16:21:54 Epoch 247 Train Loss: 0.08763586
247,0.08763586,28/04/2025 16:21:58 Epoch 248 Validation Loss: 0.06901217
0.06901217
28/04/2025 16:21:58 Epoch 248 Train Loss: 0.08272504
248,0.08272504,28/04/2025 16:22:03 Epoch 249 Validation Loss: 0.08142500
0.08142500
28/04/2025 16:22:03 Epoch 249 Train Loss: 0.09477582
249,0.09477582,28/04/2025 16:22:08 Epoch 250 Validation Loss: 0.09801436
0.09801436
28/04/2025 16:22:08 Epoch 250 Train Loss: 0.07816043
250,0.07816043,28/04/2025 16:22:14 Epoch 251 Validation Loss: 0.04962566
0.04962566
28/04/2025 16:22:14 Epoch 251 Train Loss: 0.08847296
251,0.08847296,28/04/2025 16:22:20 Epoch 252 Validation Loss: 0.06815524
0.06815524
28/04/2025 16:22:20 Epoch 252 Train Loss: 0.07830697
252,0.07830697,28/04/2025 16:22:24 Epoch 253 Validation Loss: 0.05220499
0.05220499
28/04/2025 16:22:24 Epoch 253 Train Loss: 0.07802884
253,0.07802884,28/04/2025 16:22:28 Epoch 254 Validation Loss: 0.05294466
0.05294466
28/04/2025 16:22:28 Epoch 254 Train Loss: 0.07045458
254,0.07045458,28/04/2025 16:22:32 Epoch 255 Validation Loss: 0.06756055
0.06756055
28/04/2025 16:22:32 Epoch 255 Train Loss: 0.06973858
255,0.06973858,28/04/2025 16:22:37 Epoch 256 Validation Loss: 0.04016611
0.04016611
28/04/2025 16:22:37 Epoch 256 Train Loss: 0.07363085
256,0.07363085,28/04/2025 16:22:43 Epoch 257 Validation Loss: 0.09215564
0.09215564
28/04/2025 16:22:43 Epoch 257 Train Loss: 0.05711422
257,0.05711422,28/04/2025 16:22:48 Epoch 258 Validation Loss: 0.09810250
0.09810250
28/04/2025 16:22:48 Epoch 258 Train Loss: 0.07975115
258,0.07975115,28/04/2025 16:22:52 Epoch 259 Validation Loss: 0.06130859
0.06130859
28/04/2025 16:22:52 Epoch 259 Train Loss: 0.08080661
259,0.08080661,28/04/2025 16:22:55 Epoch 260 Validation Loss: 0.12740774
0.12740774
28/04/2025 16:22:55 Epoch 260 Train Loss: 0.05841891
260,0.05841891,28/04/2025 16:22:59 Epoch 261 Validation Loss: 0.03620921
0.03620921
28/04/2025 16:22:59 Epoch 261 Train Loss: 0.07987074
261,0.07987074,28/04/2025 16:23:04 Epoch 262 Validation Loss: 0.04019578
0.04019578
28/04/2025 16:23:04 Epoch 262 Train Loss: 0.05003104
262,0.05003104,28/04/2025 16:23:10 Epoch 263 Validation Loss: 0.03616991
0.03616991
28/04/2025 16:23:10 Epoch 263 Train Loss: 0.05106810
263,0.05106810,28/04/2025 16:23:16 Epoch 264 Validation Loss: 0.03493878
0.03493878
28/04/2025 16:23:16 Epoch 264 Train Loss: 0.05829062
264,0.05829062,28/04/2025 16:23:20 Epoch 265 Validation Loss: 0.04891908
0.04891908
28/04/2025 16:23:20 Epoch 265 Train Loss: 0.05088489
265,0.05088489,28/04/2025 16:23:24 Epoch 266 Validation Loss: 0.19966930
0.19966930
28/04/2025 16:23:24 Epoch 266 Train Loss: 0.05666094
266,0.05666094,28/04/2025 16:23:28 Epoch 267 Validation Loss: 0.18774082
0.18774082
28/04/2025 16:23:28 Epoch 267 Train Loss: 0.25626260
267,0.25626260,28/04/2025 16:23:31 Epoch 268 Validation Loss: 0.16449404
0.16449404
28/04/2025 16:23:31 Epoch 268 Train Loss: 0.24002020
268,0.24002020,28/04/2025 16:23:35 Epoch 269 Validation Loss: 0.15219565
0.15219565
28/04/2025 16:23:35 Epoch 269 Train Loss: 0.13698058
269,0.13698058,28/04/2025 16:23:41 Epoch 270 Validation Loss: 0.07667254
0.07667254
28/04/2025 16:23:41 Epoch 270 Train Loss: 0.13029243
270,0.13029243,28/04/2025 16:23:49 Epoch 271 Validation Loss: 0.13263988
0.13263988
28/04/2025 16:23:49 Epoch 271 Train Loss: 0.07696870
271,0.07696870,28/04/2025 16:23:53 Epoch 272 Validation Loss: 0.07485352
0.07485352
28/04/2025 16:23:53 Epoch 272 Train Loss: 0.10195757
272,0.10195757,28/04/2025 16:23:57 Epoch 273 Validation Loss: 0.04200619
0.04200619
28/04/2025 16:23:57 Epoch 273 Train Loss: 0.09692059
273,0.09692059,28/04/2025 16:24:01 Epoch 274 Validation Loss: 0.07059418
0.07059418
28/04/2025 16:24:01 Epoch 274 Train Loss: 0.05933954
274,0.05933954,28/04/2025 16:24:07 Epoch 275 Validation Loss: 0.04556575
0.04556575
28/04/2025 16:24:07 Epoch 275 Train Loss: 0.07522933
275,0.07522933,28/04/2025 16:24:13 Epoch 276 Validation Loss: 0.05986213
0.05986213
28/04/2025 16:24:13 Epoch 276 Train Loss: 0.05317751
276,0.05317751,28/04/2025 16:24:18 Epoch 277 Validation Loss: 0.06653631
0.06653631
28/04/2025 16:24:18 Epoch 277 Train Loss: 0.05513408
277,0.05513408,28/04/2025 16:24:22 Epoch 278 Validation Loss: 0.03505538
0.03505538
28/04/2025 16:24:22 Epoch 278 Train Loss: 0.05777422
278,0.05777422,28/04/2025 16:24:26 Epoch 279 Validation Loss: 0.05437314
0.05437314
28/04/2025 16:24:26 Epoch 279 Train Loss: 0.05061836
279,0.05061836,28/04/2025 16:24:30 Epoch 280 Validation Loss: 0.07116687
0.07116687
28/04/2025 16:24:30 Epoch 280 Train Loss: 0.06496171
280,0.06496171,28/04/2025 16:24:34 Epoch 281 Validation Loss: 0.04161679
0.04161679
28/04/2025 16:24:34 Epoch 281 Train Loss: 0.06016224
281,0.06016224,28/04/2025 16:24:40 Epoch 282 Validation Loss: 0.03564910
0.03564910
28/04/2025 16:24:40 Epoch 282 Train Loss: 0.04631488
282,0.04631488,28/04/2025 16:24:46 Epoch 283 Validation Loss: 0.25502914
0.25502914
28/04/2025 16:24:46 Epoch 283 Train Loss: 0.05640086
283,0.05640086,28/04/2025 16:24:50 Epoch 284 Validation Loss: 0.09244637
0.09244637
28/04/2025 16:24:50 Epoch 284 Train Loss: 0.14033028
284,0.14033028,28/04/2025 16:24:54 Epoch 285 Validation Loss: 0.03865104
0.03865104
28/04/2025 16:24:54 Epoch 285 Train Loss: 0.06983037
285,0.06983037,28/04/2025 16:24:59 Epoch 286 Validation Loss: 0.07498092
0.07498092
28/04/2025 16:24:59 Epoch 286 Train Loss: 0.04278455
286,0.04278455,28/04/2025 16:25:04 Epoch 287 Validation Loss: 0.03301725
0.03301725
28/04/2025 16:25:04 Epoch 287 Train Loss: 0.05277614
287,0.05277614,28/04/2025 16:25:09 Epoch 288 Validation Loss: 0.02524489
0.02524489
28/04/2025 16:25:09 Epoch 288 Train Loss: 0.03898049
288,0.03898049,28/04/2025 16:25:15 Epoch 289 Validation Loss: 0.05609746
0.05609746
28/04/2025 16:25:15 Epoch 289 Train Loss: 0.03668519
289,0.03668519,28/04/2025 16:25:19 Epoch 290 Validation Loss: 0.05972392
0.05972392
28/04/2025 16:25:19 Epoch 290 Train Loss: 0.05047310
290,0.05047310,28/04/2025 16:25:23 Epoch 291 Validation Loss: 0.02439680
0.02439680
28/04/2025 16:25:23 Epoch 291 Train Loss: 0.06042514
291,0.06042514,28/04/2025 16:25:28 Epoch 292 Validation Loss: 0.05149500
0.05149500
28/04/2025 16:25:28 Epoch 292 Train Loss: 0.05578024
292,0.05578024,28/04/2025 16:25:33 Epoch 293 Validation Loss: 0.08275654
0.08275654
28/04/2025 16:25:33 Epoch 293 Train Loss: 0.04918560
293,0.04918560,28/04/2025 16:25:39 Epoch 294 Validation Loss: 0.03555796
0.03555796
28/04/2025 16:25:39 Epoch 294 Train Loss: 0.08197634
294,0.08197634,28/04/2025 16:25:45 Epoch 295 Validation Loss: 0.06847402
0.06847402
28/04/2025 16:25:45 Epoch 295 Train Loss: 0.05350975
295,0.05350975,28/04/2025 16:25:49 Epoch 296 Validation Loss: 0.05481081
0.05481081
28/04/2025 16:25:49 Epoch 296 Train Loss: 0.05966942
296,0.05966942,28/04/2025 16:25:53 Epoch 297 Validation Loss: 0.04140962
0.04140962
28/04/2025 16:25:53 Epoch 297 Train Loss: 0.04545664
297,0.04545664,28/04/2025 16:25:58 Epoch 298 Validation Loss: 0.02891360
0.02891360
28/04/2025 16:25:58 Epoch 298 Train Loss: 0.04678259
298,0.04678259,28/04/2025 16:26:02 Epoch 299 Validation Loss: 0.09810643
0.09810643
28/04/2025 16:26:02 Epoch 299 Train Loss: 0.03500500
299,0.03500500,28/04/2025 16:26:09 Epoch 300 Validation Loss: 0.05244322
0.05244322
28/04/2025 16:26:09 Epoch 300 Train Loss: 0.07216709
300,0.07216709,28/04/2025 16:26:15 Epoch 301 Validation Loss: 0.15043084
0.15043084
28/04/2025 16:26:15 Epoch 301 Train Loss: 0.07462204
301,0.07462204,28/04/2025 16:26:19 Epoch 302 Validation Loss: 0.03234321
0.03234321
28/04/2025 16:26:19 Epoch 302 Train Loss: 0.09475958
302,0.09475958,28/04/2025 16:26:23 Epoch 303 Validation Loss: 0.03812912
0.03812912
28/04/2025 16:26:23 Epoch 303 Train Loss: 0.06118830
303,0.06118830,28/04/2025 16:26:29 Epoch 304 Validation Loss: 0.03055193
0.03055193
28/04/2025 16:26:29 Epoch 304 Train Loss: 0.04764717
304,0.04764717,28/04/2025 16:26:35 Epoch 305 Validation Loss: 0.03210382
0.03210382
28/04/2025 16:26:35 Epoch 305 Train Loss: 0.04656174
305,0.04656174,28/04/2025 16:26:41 Epoch 306 Validation Loss: 0.02624409
0.02624409
28/04/2025 16:26:41 Epoch 306 Train Loss: 0.03605743
306,0.03605743,28/04/2025 16:26:49 Epoch 307 Validation Loss: 0.02766511
0.02766511
28/04/2025 16:26:49 Epoch 307 Train Loss: 0.03370473
307,0.03370473,28/04/2025 16:26:53 Epoch 308 Validation Loss: 0.02682849
0.02682849
28/04/2025 16:26:53 Epoch 308 Train Loss: 0.03247428
308,0.03247428,28/04/2025 16:26:57 Epoch 309 Validation Loss: 0.02415040
0.02415040
28/04/2025 16:26:57 Epoch 309 Train Loss: 0.03166350
309,0.03166350,28/04/2025 16:27:01 Epoch 310 Validation Loss: 0.02331416
0.02331416
28/04/2025 16:27:01 Epoch 310 Train Loss: 0.03296193
310,0.03296193,28/04/2025 16:27:06 Epoch 311 Validation Loss: 0.02286855
0.02286855
28/04/2025 16:27:06 Epoch 311 Train Loss: 0.03299687
311,0.03299687,28/04/2025 16:27:12 Epoch 312 Validation Loss: 0.04565383
0.04565383
28/04/2025 16:27:12 Epoch 312 Train Loss: 0.03401955
312,0.03401955,28/04/2025 16:27:18 Epoch 313 Validation Loss: 0.14154145
0.14154145
28/04/2025 16:27:18 Epoch 313 Train Loss: 0.04293901
313,0.04293901,28/04/2025 16:27:22 Epoch 314 Validation Loss: 0.07559215
0.07559215
28/04/2025 16:27:22 Epoch 314 Train Loss: 0.07886954
314,0.07886954,28/04/2025 16:27:26 Epoch 315 Validation Loss: 0.14165936
0.14165936
28/04/2025 16:27:26 Epoch 315 Train Loss: 0.11642174
315,0.11642174,28/04/2025 16:27:31 Epoch 316 Validation Loss: 0.14637440
0.14637440
28/04/2025 16:27:31 Epoch 316 Train Loss: 0.08656275
316,0.08656275,28/04/2025 16:27:35 Epoch 317 Validation Loss: 0.07229863
0.07229863
28/04/2025 16:27:35 Epoch 317 Train Loss: 0.11010398
317,0.11010398,28/04/2025 16:27:41 Epoch 318 Validation Loss: 0.03018369
0.03018369
28/04/2025 16:27:41 Epoch 318 Train Loss: 0.05353462
318,0.05353462,28/04/2025 16:27:47 Epoch 319 Validation Loss: 0.08325232
0.08325232
28/04/2025 16:27:47 Epoch 319 Train Loss: 0.03701713
319,0.03701713,28/04/2025 16:27:51 Epoch 320 Validation Loss: 0.03681811
0.03681811
28/04/2025 16:27:51 Epoch 320 Train Loss: 0.05269903
320,0.05269903,28/04/2025 16:27:55 Epoch 321 Validation Loss: 0.03777596
0.03777596
28/04/2025 16:27:55 Epoch 321 Train Loss: 0.04041595
321,0.04041595,28/04/2025 16:27:59 Epoch 322 Validation Loss: 0.06168188
0.06168188
28/04/2025 16:27:59 Epoch 322 Train Loss: 0.03724294
322,0.03724294,28/04/2025 16:28:03 Epoch 323 Validation Loss: 0.04360662
0.04360662
28/04/2025 16:28:03 Epoch 323 Train Loss: 0.05428340
323,0.05428340,28/04/2025 16:28:08 Epoch 324 Validation Loss: 0.03115075
0.03115075
28/04/2025 16:28:08 Epoch 324 Train Loss: 0.04024784
324,0.04024784,28/04/2025 16:28:14 Epoch 325 Validation Loss: 0.02618434
0.02618434
28/04/2025 16:28:14 Epoch 325 Train Loss: 0.03477609
325,0.03477609,28/04/2025 16:28:19 Epoch 326 Validation Loss: 0.02769602
0.02769602
28/04/2025 16:28:19 Epoch 326 Train Loss: 0.03779666
326,0.03779666,28/04/2025 16:28:23 Epoch 327 Validation Loss: 0.03001842
0.03001842
28/04/2025 16:28:23 Epoch 327 Train Loss: 0.03465568
327,0.03465568,28/04/2025 16:28:27 Epoch 328 Validation Loss: 0.02332023
0.02332023
28/04/2025 16:28:27 Epoch 328 Train Loss: 0.03098139
328,0.03098139,28/04/2025 16:28:31 Epoch 329 Validation Loss: 0.02689499
0.02689499
28/04/2025 16:28:31 Epoch 329 Train Loss: 0.03013789
329,0.03013789,28/04/2025 16:28:37 Epoch 330 Validation Loss: 0.05738778
0.05738778
28/04/2025 16:28:37 Epoch 330 Train Loss: 0.03236179
330,0.03236179,28/04/2025 16:28:43 Epoch 331 Validation Loss: 0.16746327
0.16746327
28/04/2025 16:28:43 Epoch 331 Train Loss: 0.05293842
331,0.05293842,28/04/2025 16:28:49 Epoch 332 Validation Loss: 0.29163262
0.29163262
28/04/2025 16:28:49 Epoch 332 Train Loss: 0.14573893
332,0.14573893,28/04/2025 16:28:53 Epoch 333 Validation Loss: 0.39391154
0.39391154
28/04/2025 16:28:53 Epoch 333 Train Loss: 0.15070035
333,0.15070035,28/04/2025 16:28:57 Epoch 334 Validation Loss: 0.12431485
0.12431485
28/04/2025 16:28:57 Epoch 334 Train Loss: 0.21553935
334,0.21553935,28/04/2025 16:29:01 Epoch 335 Validation Loss: 0.11953576
0.11953576
28/04/2025 16:29:01 Epoch 335 Train Loss: 0.09828258
335,0.09828258,28/04/2025 16:29:05 Epoch 336 Validation Loss: 0.14210609
0.14210609
28/04/2025 16:29:05 Epoch 336 Train Loss: 0.10041836
336,0.10041836,28/04/2025 16:29:12 Epoch 337 Validation Loss: 0.07765228
0.07765228
28/04/2025 16:29:12 Epoch 337 Train Loss: 0.07791610
337,0.07791610,28/04/2025 16:29:18 Epoch 338 Validation Loss: 0.12070154
0.12070154
28/04/2025 16:29:18 Epoch 338 Train Loss: 0.07583559
338,0.07583559,28/04/2025 16:29:22 Epoch 339 Validation Loss: 0.08508397
0.08508397
28/04/2025 16:29:22 Epoch 339 Train Loss: 0.09558097
339,0.09558097,28/04/2025 16:29:26 Epoch 340 Validation Loss: 0.05421494
0.05421494
28/04/2025 16:29:26 Epoch 340 Train Loss: 0.07283485
340,0.07283485,28/04/2025 16:29:32 Epoch 341 Validation Loss: 0.03660512
0.03660512
28/04/2025 16:29:32 Epoch 341 Train Loss: 0.06436545
341,0.06436545,28/04/2025 16:29:38 Epoch 342 Validation Loss: 0.03864978
0.03864978
28/04/2025 16:29:38 Epoch 342 Train Loss: 0.05626266
342,0.05626266,28/04/2025 16:29:45 Epoch 343 Validation Loss: 0.03832084
0.03832084
28/04/2025 16:29:45 Epoch 343 Train Loss: 0.04188519
343,0.04188519,28/04/2025 16:29:50 Epoch 344 Validation Loss: 0.05520570
0.05520570
28/04/2025 16:29:50 Epoch 344 Train Loss: 0.03962200
344,0.03962200,28/04/2025 16:29:54 Epoch 345 Validation Loss: 0.04147082
0.04147082
28/04/2025 16:29:54 Epoch 345 Train Loss: 0.04216722
345,0.04216722,28/04/2025 16:29:58 Epoch 346 Validation Loss: 0.03079009
0.03079009
28/04/2025 16:29:58 Epoch 346 Train Loss: 0.03871045
346,0.03871045,28/04/2025 16:30:02 Epoch 347 Validation Loss: 0.03024092
0.03024092
28/04/2025 16:30:02 Epoch 347 Train Loss: 0.03039890
347,0.03039890,28/04/2025 16:30:08 Epoch 348 Validation Loss: 0.02899654
0.02899654
28/04/2025 16:30:08 Epoch 348 Train Loss: 0.03046284
348,0.03046284,28/04/2025 16:30:15 Epoch 349 Validation Loss: 0.03143560
0.03143560
28/04/2025 16:30:15 Epoch 349 Train Loss: 0.03080826
349,0.03080826,28/04/2025 16:30:20 Epoch 350 Validation Loss: 0.02828760
0.02828760
28/04/2025 16:30:20 Epoch 350 Train Loss: 0.03067727
350,0.03067727,28/04/2025 16:30:24 Epoch 351 Validation Loss: 0.02577811
0.02577811
28/04/2025 16:30:24 Epoch 351 Train Loss: 0.03196691
351,0.03196691,28/04/2025 16:30:28 Epoch 352 Validation Loss: 0.04445234
0.04445234
28/04/2025 16:30:28 Epoch 352 Train Loss: 0.03024435
352,0.03024435,28/04/2025 16:30:32 Epoch 353 Validation Loss: 0.03448540
0.03448540
28/04/2025 16:30:32 Epoch 353 Train Loss: 0.03571011
353,0.03571011,28/04/2025 16:30:38 Epoch 354 Validation Loss: 0.03799240
0.03799240
28/04/2025 16:30:38 Epoch 354 Train Loss: 0.03138926
354,0.03138926,28/04/2025 16:30:44 Epoch 355 Validation Loss: 0.02339612
0.02339612
28/04/2025 16:30:44 Epoch 355 Train Loss: 0.02897505
355,0.02897505,28/04/2025 16:30:49 Epoch 356 Validation Loss: 0.02385766
0.02385766
28/04/2025 16:30:49 Epoch 356 Train Loss: 0.02767137
356,0.02767137,28/04/2025 16:30:53 Epoch 357 Validation Loss: 0.02936007
0.02936007
28/04/2025 16:30:53 Epoch 357 Train Loss: 0.02596433
357,0.02596433,28/04/2025 16:30:57 Epoch 358 Validation Loss: 0.03404070
0.03404070
28/04/2025 16:30:57 Epoch 358 Train Loss: 0.02666725
358,0.02666725,28/04/2025 16:31:01 Epoch 359 Validation Loss: 0.20178404
0.20178404
28/04/2025 16:31:01 Epoch 359 Train Loss: 0.02941806
359,0.02941806,28/04/2025 16:31:06 Epoch 360 Validation Loss: 0.17674944
0.17674944
28/04/2025 16:31:06 Epoch 360 Train Loss: 0.22226104
360,0.22226104,28/04/2025 16:31:12 Epoch 361 Validation Loss: 0.07676383
0.07676383
28/04/2025 16:31:12 Epoch 361 Train Loss: 0.13205034
361,0.13205034,28/04/2025 16:31:18 Epoch 362 Validation Loss: 0.04558199
0.04558199
28/04/2025 16:31:18 Epoch 362 Train Loss: 0.07364486
362,0.07364486,28/04/2025 16:31:22 Epoch 363 Validation Loss: 0.06804433
0.06804433
28/04/2025 16:31:22 Epoch 363 Train Loss: 0.04697011
363,0.04697011,28/04/2025 16:31:26 Epoch 364 Validation Loss: 0.06193986
0.06193986
28/04/2025 16:31:26 Epoch 364 Train Loss: 0.04757156
364,0.04757156,28/04/2025 16:31:30 Epoch 365 Validation Loss: 0.04430756
0.04430756
28/04/2025 16:31:30 Epoch 365 Train Loss: 0.04788836
365,0.04788836,28/04/2025 16:31:35 Epoch 366 Validation Loss: 0.05431384
0.05431384
28/04/2025 16:31:35 Epoch 366 Train Loss: 0.04101803
366,0.04101803,28/04/2025 16:31:41 Epoch 367 Validation Loss: 0.04220464
0.04220464
28/04/2025 16:31:41 Epoch 367 Train Loss: 0.04306985
367,0.04306985,28/04/2025 16:31:47 Epoch 368 Validation Loss: 0.04199432
0.04199432
28/04/2025 16:31:47 Epoch 368 Train Loss: 0.03490641
368,0.03490641,28/04/2025 16:31:51 Epoch 369 Validation Loss: 0.03476928
0.03476928
28/04/2025 16:31:51 Epoch 369 Train Loss: 0.03143124
369,0.03143124,28/04/2025 16:31:55 Epoch 370 Validation Loss: 0.04354384
0.04354384
28/04/2025 16:31:55 Epoch 370 Train Loss: 0.03035402
370,0.03035402,28/04/2025 16:31:59 Epoch 371 Validation Loss: 0.02560417
0.02560417
28/04/2025 16:31:59 Epoch 371 Train Loss: 0.03889154
371,0.03889154,28/04/2025 16:32:03 Epoch 372 Validation Loss: 0.02588527
0.02588527
28/04/2025 16:32:03 Epoch 372 Train Loss: 0.02679977
372,0.02679977,28/04/2025 16:32:08 Epoch 373 Validation Loss: 0.03283886
0.03283886
28/04/2025 16:32:08 Epoch 373 Train Loss: 0.02749252
373,0.02749252,28/04/2025 16:32:14 Epoch 374 Validation Loss: 0.02743386
0.02743386
28/04/2025 16:32:14 Epoch 374 Train Loss: 0.03087217
374,0.03087217,28/04/2025 16:32:19 Epoch 375 Validation Loss: 0.04601806
0.04601806
28/04/2025 16:32:19 Epoch 375 Train Loss: 0.02641646
375,0.02641646,28/04/2025 16:32:23 Epoch 376 Validation Loss: 0.05776865
0.05776865
28/04/2025 16:32:23 Epoch 376 Train Loss: 0.03735119
376,0.03735119,28/04/2025 16:32:27 Epoch 377 Validation Loss: 0.04516918
0.04516918
28/04/2025 16:32:27 Epoch 377 Train Loss: 0.03887374
377,0.03887374,28/04/2025 16:32:32 Epoch 378 Validation Loss: 0.04080701
0.04080701
28/04/2025 16:32:32 Epoch 378 Train Loss: 0.03155445
378,0.03155445,28/04/2025 16:32:38 Epoch 379 Validation Loss: 0.05212247
0.05212247
28/04/2025 16:32:38 Epoch 379 Train Loss: 0.02818578
379,0.02818578,28/04/2025 16:32:44 Epoch 380 Validation Loss: 0.02955427
0.02955427
28/04/2025 16:32:44 Epoch 380 Train Loss: 0.03888929
380,0.03888929,28/04/2025 16:32:50 Epoch 381 Validation Loss: 0.03079166
0.03079166
28/04/2025 16:32:50 Epoch 381 Train Loss: 0.02703981
381,0.02703981,28/04/2025 16:32:54 Epoch 382 Validation Loss: 0.02123274
0.02123274
28/04/2025 16:32:54 Epoch 382 Train Loss: 0.02690399
382,0.02690399,28/04/2025 16:32:58 Epoch 383 Validation Loss: 0.02318516
0.02318516
28/04/2025 16:32:58 Epoch 383 Train Loss: 0.02566950
383,0.02566950,28/04/2025 16:33:02 Epoch 384 Validation Loss: 0.02149412
0.02149412
28/04/2025 16:33:02 Epoch 384 Train Loss: 0.02240272
384,0.02240272,28/04/2025 16:33:06 Epoch 385 Validation Loss: 0.02335265
0.02335265
28/04/2025 16:33:06 Epoch 385 Train Loss: 0.02216220
385,0.02216220,28/04/2025 16:33:12 Epoch 386 Validation Loss: 0.02552787
0.02552787
28/04/2025 16:33:12 Epoch 386 Train Loss: 0.02498149
386,0.02498149,28/04/2025 16:33:18 Epoch 387 Validation Loss: 0.02427531
0.02427531
28/04/2025 16:33:18 Epoch 387 Train Loss: 0.02976213
387,0.02976213,28/04/2025 16:33:22 Epoch 388 Validation Loss: 0.06281926
0.06281926
28/04/2025 16:33:22 Epoch 388 Train Loss: 0.02724013
388,0.02724013,28/04/2025 16:33:26 Epoch 389 Validation Loss: 0.02418210
0.02418210
28/04/2025 16:33:26 Epoch 389 Train Loss: 0.04014825
389,0.04014825,28/04/2025 16:33:30 Epoch 390 Validation Loss: 0.02094798
0.02094798
28/04/2025 16:33:30 Epoch 390 Train Loss: 0.02512803
390,0.02512803,28/04/2025 16:33:35 Epoch 391 Validation Loss: 0.20605445
0.20605445
28/04/2025 16:33:35 Epoch 391 Train Loss: 0.02227168
391,0.02227168,28/04/2025 16:33:40 Epoch 392 Validation Loss: 0.16300608
0.16300608
28/04/2025 16:33:40 Epoch 392 Train Loss: 0.31796977
392,0.31796977,28/04/2025 16:33:46 Epoch 393 Validation Loss: 0.50066888
0.50066888
28/04/2025 16:33:46 Epoch 393 Train Loss: 0.30931574
393,0.30931574,28/04/2025 16:33:51 Epoch 394 Validation Loss: 1.81180143
1.81180143
28/04/2025 16:33:51 Epoch 394 Train Loss: 0.40690976
394,0.40690976,28/04/2025 16:33:55 Epoch 395 Validation Loss: 0.41843268
0.41843268
28/04/2025 16:33:55 Epoch 395 Train Loss: 0.97966081
395,0.97966081,28/04/2025 16:33:59 Epoch 396 Validation Loss: 0.25806674
0.25806674
28/04/2025 16:33:59 Epoch 396 Train Loss: 0.36570752
396,0.36570752,28/04/2025 16:34:03 Epoch 397 Validation Loss: 0.15476139
0.15476139
28/04/2025 16:34:03 Epoch 397 Train Loss: 0.27136526
397,0.27136526,28/04/2025 16:34:07 Epoch 398 Validation Loss: 0.12791003
0.12791003
28/04/2025 16:34:07 Epoch 398 Train Loss: 0.20392787
398,0.20392787,28/04/2025 16:34:16 Epoch 399 Validation Loss: 0.09066359
0.09066359
28/04/2025 16:34:16 Epoch 399 Train Loss: 0.14475289
399,0.14475289,28/04/2025 16:34:22 Epoch 400 Validation Loss: 0.06686366
0.06686366
28/04/2025 16:34:22 Epoch 400 Train Loss: 0.10686266
400,0.10686266,28/04/2025 16:34:26 Epoch 401 Validation Loss: 0.08174371
0.08174371
28/04/2025 16:34:26 Epoch 401 Train Loss: 0.09199810
401,0.09199810,28/04/2025 16:34:30 Epoch 402 Validation Loss: 0.04884301
0.04884301
28/04/2025 16:34:30 Epoch 402 Train Loss: 0.08445809
402,0.08445809,28/04/2025 16:34:34 Epoch 403 Validation Loss: 0.03494377
0.03494377
28/04/2025 16:34:34 Epoch 403 Train Loss: 0.06736356
403,0.06736356,28/04/2025 16:34:39 Epoch 404 Validation Loss: 0.03662176
0.03662176
28/04/2025 16:34:39 Epoch 404 Train Loss: 0.05920711
404,0.05920711,28/04/2025 16:34:45 Epoch 405 Validation Loss: 0.03704007
0.03704007
28/04/2025 16:34:45 Epoch 405 Train Loss: 0.05257884
405,0.05257884,28/04/2025 16:34:50 Epoch 406 Validation Loss: 0.04070659
0.04070659
28/04/2025 16:34:50 Epoch 406 Train Loss: 0.05008285
406,0.05008285,28/04/2025 16:34:54 Epoch 407 Validation Loss: 0.02863009
0.02863009
28/04/2025 16:34:54 Epoch 407 Train Loss: 0.04629093
407,0.04629093,28/04/2025 16:34:58 Epoch 408 Validation Loss: 0.02783465
0.02783465
28/04/2025 16:34:58 Epoch 408 Train Loss: 0.03931258
408,0.03931258,28/04/2025 16:35:02 Epoch 409 Validation Loss: 0.02949131
0.02949131
28/04/2025 16:35:03 Epoch 409 Train Loss: 0.03954315
409,0.03954315,28/04/2025 16:35:07 Epoch 410 Validation Loss: 0.03700334
0.03700334
28/04/2025 16:35:07 Epoch 410 Train Loss: 0.03983032
410,0.03983032,28/04/2025 16:35:13 Epoch 411 Validation Loss: 0.03167302
0.03167302
28/04/2025 16:35:13 Epoch 411 Train Loss: 0.03972329
411,0.03972329,28/04/2025 16:35:19 Epoch 412 Validation Loss: 0.03110580
0.03110580
28/04/2025 16:35:19 Epoch 412 Train Loss: 0.03775233
412,0.03775233,28/04/2025 16:35:23 Epoch 413 Validation Loss: 0.02437053
0.02437053
28/04/2025 16:35:23 Epoch 413 Train Loss: 0.03570864
413,0.03570864,28/04/2025 16:35:27 Epoch 414 Validation Loss: 0.02346978
0.02346978
28/04/2025 16:35:27 Epoch 414 Train Loss: 0.03240445
414,0.03240445,28/04/2025 16:35:31 Epoch 415 Validation Loss: 0.03458272
0.03458272
28/04/2025 16:35:31 Epoch 415 Train Loss: 0.03172611
415,0.03172611,28/04/2025 16:35:36 Epoch 416 Validation Loss: 0.06096248
0.06096248
28/04/2025 16:35:36 Epoch 416 Train Loss: 0.03679524
416,0.03679524,28/04/2025 16:35:43 Epoch 417 Validation Loss: 0.02606854
0.02606854
28/04/2025 16:35:43 Epoch 417 Train Loss: 0.04330113
417,0.04330113,28/04/2025 16:35:49 Epoch 418 Validation Loss: 0.05645273
0.05645273
28/04/2025 16:35:49 Epoch 418 Train Loss: 0.04077205
418,0.04077205,28/04/2025 16:35:54 Epoch 419 Validation Loss: 0.02377874
0.02377874
28/04/2025 16:35:54 Epoch 419 Train Loss: 0.05159864
419,0.05159864,28/04/2025 16:35:58 Epoch 420 Validation Loss: 0.08153643
0.08153643
28/04/2025 16:35:58 Epoch 420 Train Loss: 0.04254166
420,0.04254166,28/04/2025 16:36:02 Epoch 421 Validation Loss: 0.02096933
0.02096933
28/04/2025 16:36:02 Epoch 421 Train Loss: 0.04834473
421,0.04834473,28/04/2025 16:36:06 Epoch 422 Validation Loss: 0.02442158
0.02442158
28/04/2025 16:36:06 Epoch 422 Train Loss: 0.04072714
422,0.04072714,28/04/2025 16:36:12 Epoch 423 Validation Loss: 0.02129942
0.02129942
28/04/2025 16:36:12 Epoch 423 Train Loss: 0.03082582
423,0.03082582,28/04/2025 16:36:18 Epoch 424 Validation Loss: 0.02218574
0.02218574
28/04/2025 16:36:18 Epoch 424 Train Loss: 0.02715224
424,0.02715224,28/04/2025 16:36:22 Epoch 425 Validation Loss: 0.02539069
0.02539069
28/04/2025 16:36:22 Epoch 425 Train Loss: 0.02803207
425,0.02803207,28/04/2025 16:36:26 Epoch 426 Validation Loss: 0.01874447
0.01874447
28/04/2025 16:36:26 Epoch 426 Train Loss: 0.03063482
426,0.03063482,28/04/2025 16:36:30 Epoch 427 Validation Loss: 0.01868057
0.01868057
28/04/2025 16:36:30 Epoch 427 Train Loss: 0.02666584
427,0.02666584,28/04/2025 16:36:36 Epoch 428 Validation Loss: 0.01842408
0.01842408
28/04/2025 16:36:36 Epoch 428 Train Loss: 0.02426445
428,0.02426445,28/04/2025 16:36:42 Epoch 429 Validation Loss: 0.02180737
0.02180737
28/04/2025 16:36:42 Epoch 429 Train Loss: 0.02578155
429,0.02578155,28/04/2025 16:36:49 Epoch 430 Validation Loss: 0.01846457
0.01846457
28/04/2025 16:36:49 Epoch 430 Train Loss: 0.02708153
430,0.02708153,28/04/2025 16:36:53 Epoch 431 Validation Loss: 0.02454618
0.02454618
28/04/2025 16:36:53 Epoch 431 Train Loss: 0.02455612
431,0.02455612,28/04/2025 16:36:57 Epoch 432 Validation Loss: 0.02617145
0.02617145
28/04/2025 16:36:57 Epoch 432 Train Loss: 0.02346440
432,0.02346440,28/04/2025 16:37:01 Epoch 433 Validation Loss: 0.01598704
0.01598704
28/04/2025 16:37:01 Epoch 433 Train Loss: 0.02513123
433,0.02513123,28/04/2025 16:37:05 Epoch 434 Validation Loss: 0.01599305
0.01599305
28/04/2025 16:37:05 Epoch 434 Train Loss: 0.02351886
434,0.02351886,28/04/2025 16:37:12 Epoch 435 Validation Loss: 0.02182940
0.02182940
28/04/2025 16:37:12 Epoch 435 Train Loss: 0.02244742
435,0.02244742,28/04/2025 16:37:18 Epoch 436 Validation Loss: 0.02243834
0.02243834
28/04/2025 16:37:18 Epoch 436 Train Loss: 0.02228255
436,0.02228255,28/04/2025 16:37:24 Epoch 437 Validation Loss: 0.01921716
0.01921716
28/04/2025 16:37:24 Epoch 437 Train Loss: 0.02182071
437,0.02182071,28/04/2025 16:37:27 Epoch 438 Validation Loss: 0.03452810
0.03452810
28/04/2025 16:37:27 Epoch 438 Train Loss: 0.02167970
438,0.02167970,28/04/2025 16:37:32 Epoch 439 Validation Loss: 0.01529017
0.01529017
28/04/2025 16:37:32 Epoch 439 Train Loss: 0.02646370
439,0.02646370,28/04/2025 16:37:36 Epoch 440 Validation Loss: 0.01560454
0.01560454
28/04/2025 16:37:36 Epoch 440 Train Loss: 0.02072708
440,0.02072708,28/04/2025 16:37:42 Epoch 441 Validation Loss: 0.02166558
0.02166558
28/04/2025 16:37:42 Epoch 441 Train Loss: 0.02038308
441,0.02038308,28/04/2025 16:37:48 Epoch 442 Validation Loss: 0.01633641
0.01633641
28/04/2025 16:37:48 Epoch 442 Train Loss: 0.02111073
442,0.02111073,28/04/2025 16:37:53 Epoch 443 Validation Loss: 0.02885410
0.02885410
28/04/2025 16:37:53 Epoch 443 Train Loss: 0.01985305
443,0.01985305,28/04/2025 16:37:57 Epoch 444 Validation Loss: 0.01949606
0.01949606
28/04/2025 16:37:57 Epoch 444 Train Loss: 0.02832241
444,0.02832241,28/04/2025 16:38:01 Epoch 445 Validation Loss: 0.01601148
0.01601148
28/04/2025 16:38:01 Epoch 445 Train Loss: 0.02543035
445,0.02543035,28/04/2025 16:38:07 Epoch 446 Validation Loss: 0.02061178
0.02061178
28/04/2025 16:38:07 Epoch 446 Train Loss: 0.02706693
446,0.02706693,28/04/2025 16:38:13 Epoch 447 Validation Loss: 0.03372061
0.03372061
28/04/2025 16:38:13 Epoch 447 Train Loss: 0.02368276
447,0.02368276,28/04/2025 16:38:20 Epoch 448 Validation Loss: 0.03143007
0.03143007
28/04/2025 16:38:20 Epoch 448 Train Loss: 0.03428323
448,0.03428323,28/04/2025 16:38:24 Epoch 449 Validation Loss: 0.01668603
0.01668603
28/04/2025 16:38:24 Epoch 449 Train Loss: 0.03247989
449,0.03247989,28/04/2025 16:38:28 Epoch 450 Validation Loss: 0.01569092
0.01569092
28/04/2025 16:38:28 Epoch 450 Train Loss: 0.02429597
450,0.02429597,28/04/2025 16:38:32 Epoch 451 Validation Loss: 0.01639771
0.01639771
28/04/2025 16:38:32 Epoch 451 Train Loss: 0.02186785
451,0.02186785,28/04/2025 16:38:36 Epoch 452 Validation Loss: 0.01918709
0.01918709
28/04/2025 16:38:36 Epoch 452 Train Loss: 0.02045184
452,0.02045184,28/04/2025 16:38:44 Epoch 453 Validation Loss: 0.02637117
0.02637117
28/04/2025 16:38:44 Epoch 453 Train Loss: 0.02382044
453,0.02382044,28/04/2025 16:38:50 Epoch 454 Validation Loss: 0.02081141
0.02081141
28/04/2025 16:38:50 Epoch 454 Train Loss: 0.02183057
454,0.02183057,28/04/2025 16:38:55 Epoch 455 Validation Loss: 0.01522043
0.01522043
28/04/2025 16:38:55 Epoch 455 Train Loss: 0.01956858
455,0.01956858,28/04/2025 16:38:59 Epoch 456 Validation Loss: 0.02936991
0.02936991
28/04/2025 16:38:59 Epoch 456 Train Loss: 0.01944603
456,0.01944603,28/04/2025 16:39:03 Epoch 457 Validation Loss: 0.40369150
0.40369150
28/04/2025 16:39:03 Epoch 457 Train Loss: 0.03792666
457,0.03792666,28/04/2025 16:39:07 Epoch 458 Validation Loss: 0.68566632
0.68566632
28/04/2025 16:39:07 Epoch 458 Train Loss: 0.67769307
458,0.67769307,28/04/2025 16:39:13 Epoch 459 Validation Loss: 0.47670528
0.47670528
28/04/2025 16:39:13 Epoch 459 Train Loss: 0.69507939
459,0.69507939,28/04/2025 16:39:20 Epoch 460 Validation Loss: 0.28055352
0.28055352
28/04/2025 16:39:20 Epoch 460 Train Loss: 0.49800888
460,0.49800888,28/04/2025 16:39:24 Epoch 461 Validation Loss: 0.56469840
0.56469840
28/04/2025 16:39:24 Epoch 461 Train Loss: 0.28209853
461,0.28209853,28/04/2025 16:39:28 Epoch 462 Validation Loss: 0.36584780
0.36584780
28/04/2025 16:39:28 Epoch 462 Train Loss: 0.35942802
462,0.35942802,28/04/2025 16:39:34 Epoch 463 Validation Loss: 0.14306670
0.14306670
28/04/2025 16:39:34 Epoch 463 Train Loss: 0.19169836
463,0.19169836,28/04/2025 16:39:39 Epoch 464 Validation Loss: 0.09560044
0.09560044
28/04/2025 16:39:39 Epoch 464 Train Loss: 0.13363023
464,0.13363023,28/04/2025 16:39:45 Epoch 465 Validation Loss: 0.09556964
0.09556964
28/04/2025 16:39:45 Epoch 465 Train Loss: 0.10621921
465,0.10621921,28/04/2025 16:39:51 Epoch 466 Validation Loss: 0.12920794
0.12920794
28/04/2025 16:39:51 Epoch 466 Train Loss: 0.09241742
466,0.09241742,28/04/2025 16:39:55 Epoch 467 Validation Loss: 0.06258976
0.06258976
28/04/2025 16:39:55 Epoch 467 Train Loss: 0.09314618
467,0.09314618,28/04/2025 16:39:59 Epoch 468 Validation Loss: 0.05930058
0.05930058
28/04/2025 16:39:59 Epoch 468 Train Loss: 0.07147069
468,0.07147069,28/04/2025 16:40:03 Epoch 469 Validation Loss: 0.05475827
0.05475827
28/04/2025 16:40:03 Epoch 469 Train Loss: 0.06255509
469,0.06255509,28/04/2025 16:40:07 Epoch 470 Validation Loss: 0.04681401
0.04681401
28/04/2025 16:40:07 Epoch 470 Train Loss: 0.05944994
470,0.05944994,28/04/2025 16:40:14 Epoch 471 Validation Loss: 0.04412803
0.04412803
28/04/2025 16:40:14 Epoch 471 Train Loss: 0.05480130
471,0.05480130,28/04/2025 16:40:20 Epoch 472 Validation Loss: 0.04721327
0.04721327
28/04/2025 16:40:20 Epoch 472 Train Loss: 0.05088636
472,0.05088636,28/04/2025 16:40:24 Epoch 473 Validation Loss: 0.05075965
0.05075965
28/04/2025 16:40:24 Epoch 473 Train Loss: 0.04913923
473,0.04913923,28/04/2025 16:40:28 Epoch 474 Validation Loss: 0.04933352
0.04933352
28/04/2025 16:40:28 Epoch 474 Train Loss: 0.05479277
474,0.05479277,28/04/2025 16:40:32 Epoch 475 Validation Loss: 0.10604407
0.10604407
28/04/2025 16:40:32 Epoch 475 Train Loss: 0.06187091
475,0.06187091,28/04/2025 16:40:36 Epoch 476 Validation Loss: 0.04629018
0.04629018
28/04/2025 16:40:36 Epoch 476 Train Loss: 0.07608311
476,0.07608311,28/04/2025 16:40:43 Epoch 477 Validation Loss: 0.03892850
0.03892850
28/04/2025 16:40:43 Epoch 477 Train Loss: 0.06563041
477,0.06563041,28/04/2025 16:40:49 Epoch 478 Validation Loss: 0.04763782
0.04763782
28/04/2025 16:40:49 Epoch 478 Train Loss: 0.04941173
478,0.04941173,28/04/2025 16:40:54 Epoch 479 Validation Loss: 0.04210621
0.04210621
28/04/2025 16:40:54 Epoch 479 Train Loss: 0.04539496
479,0.04539496,28/04/2025 16:40:58 Epoch 480 Validation Loss: 0.16860101
0.16860101
28/04/2025 16:40:58 Epoch 480 Train Loss: 0.04269615
480,0.04269615,28/04/2025 16:41:02 Epoch 481 Validation Loss: 0.04503393
0.04503393
28/04/2025 16:41:02 Epoch 481 Train Loss: 0.11413040
481,0.11413040,28/04/2025 16:41:06 Epoch 482 Validation Loss: 0.08679558
0.08679558
28/04/2025 16:41:06 Epoch 482 Train Loss: 0.07883839
482,0.07883839,28/04/2025 16:41:11 Epoch 483 Validation Loss: 0.04657767
0.04657767
28/04/2025 16:41:11 Epoch 483 Train Loss: 0.06999094
483,0.06999094,28/04/2025 16:41:18 Epoch 484 Validation Loss: 0.04730364
0.04730364
28/04/2025 16:41:18 Epoch 484 Train Loss: 0.04870104
484,0.04870104,28/04/2025 16:41:23 Epoch 485 Validation Loss: 0.03947237
0.03947237
28/04/2025 16:41:23 Epoch 485 Train Loss: 0.04422365
485,0.04422365,28/04/2025 16:41:27 Epoch 486 Validation Loss: 0.04982045
0.04982045
28/04/2025 16:41:27 Epoch 486 Train Loss: 0.03814321
486,0.03814321,28/04/2025 16:41:31 Epoch 487 Validation Loss: 0.04388468
0.04388468
28/04/2025 16:41:31 Epoch 487 Train Loss: 0.04397252
487,0.04397252,28/04/2025 16:41:38 Epoch 488 Validation Loss: 0.04541046
0.04541046
28/04/2025 16:41:38 Epoch 488 Train Loss: 0.04728064
488,0.04728064,28/04/2025 16:41:44 Epoch 489 Validation Loss: 0.06469366
0.06469366
28/04/2025 16:41:44 Epoch 489 Train Loss: 0.05694678
489,0.05694678,28/04/2025 16:41:50 Epoch 490 Validation Loss: 0.02877321
0.02877321
28/04/2025 16:41:50 Epoch 490 Train Loss: 0.04874390
490,0.04874390,28/04/2025 16:41:55 Epoch 491 Validation Loss: 0.03326902
0.03326902
28/04/2025 16:41:55 Epoch 491 Train Loss: 0.03723176
491,0.03723176,28/04/2025 16:41:59 Epoch 492 Validation Loss: 0.12801856
0.12801856
28/04/2025 16:41:59 Epoch 492 Train Loss: 0.03596427
492,0.03596427,28/04/2025 16:42:03 Epoch 493 Validation Loss: 0.05682576
0.05682576
28/04/2025 16:42:03 Epoch 493 Train Loss: 0.09320277
493,0.09320277,28/04/2025 16:42:08 Epoch 494 Validation Loss: 0.04987522
0.04987522
28/04/2025 16:42:08 Epoch 494 Train Loss: 0.07440647
494,0.07440647,28/04/2025 16:42:14 Epoch 495 Validation Loss: 0.06022808
0.06022808
28/04/2025 16:42:14 Epoch 495 Train Loss: 0.05013107
495,0.05013107,28/04/2025 16:42:21 Epoch 496 Validation Loss: 0.04137979
0.04137979
28/04/2025 16:42:21 Epoch 496 Train Loss: 0.05309502
496,0.05309502,28/04/2025 16:42:25 Epoch 497 Validation Loss: 0.03224256
0.03224256
28/04/2025 16:42:25 Epoch 497 Train Loss: 0.04626929
497,0.04626929,28/04/2025 16:42:29 Epoch 498 Validation Loss: 0.02954710
0.02954710
28/04/2025 16:42:29 Epoch 498 Train Loss: 0.03588689
498,0.03588689,28/04/2025 16:42:33 Epoch 499 Validation Loss: 0.03038511
0.03038511
28/04/2025 16:42:33 Epoch 499 Train Loss: 0.03247345
499,0.03247345,28/04/2025 16:42:33 Training has finished.
