28/04/2025 16:20:48 Training is starting...
28/04/2025 16:20:50 Epoch 0 Validation Loss: 3.44119334
3.44119334
28/04/2025 16:20:50 Epoch 0 Train Loss: 4.25042820
0,4.25042820,28/04/2025 16:20:54 Epoch 1 Validation Loss: 3.82070756
3.82070756
28/04/2025 16:20:54 Epoch 1 Train Loss: 1.65548539
1,1.65548539,28/04/2025 16:20:58 Epoch 2 Validation Loss: 1.57077348
1.57077348
28/04/2025 16:20:58 Epoch 2 Train Loss: 1.24926507
2,1.24926507,28/04/2025 16:21:02 Epoch 3 Validation Loss: 1.03706443
1.03706443
28/04/2025 16:21:02 Epoch 3 Train Loss: 1.21010661
3,1.21010661,28/04/2025 16:21:07 Epoch 4 Validation Loss: 1.42847013
1.42847013
28/04/2025 16:21:08 Epoch 4 Train Loss: 1.02533019
4,1.02533019,28/04/2025 16:21:12 Epoch 5 Validation Loss: 0.92896104
0.92896104
28/04/2025 16:21:12 Epoch 5 Train Loss: 0.90042210
5,0.90042210,28/04/2025 16:21:16 Epoch 6 Validation Loss: 1.14589620
1.14589620
28/04/2025 16:21:16 Epoch 6 Train Loss: 0.79034638
6,0.79034638,28/04/2025 16:21:20 Epoch 7 Validation Loss: 1.09359944
1.09359944
28/04/2025 16:21:20 Epoch 7 Train Loss: 0.79267675
7,0.79267675,28/04/2025 16:21:24 Epoch 8 Validation Loss: 0.91995752
0.91995752
28/04/2025 16:21:24 Epoch 8 Train Loss: 0.67481977
8,0.67481977,28/04/2025 16:21:28 Epoch 9 Validation Loss: 1.02178597
1.02178597
28/04/2025 16:21:28 Epoch 9 Train Loss: 0.66590947
9,0.66590947,28/04/2025 16:21:34 Epoch 10 Validation Loss: 0.71503806
0.71503806
28/04/2025 16:21:34 Epoch 10 Train Loss: 0.58502787
10,0.58502787,28/04/2025 16:21:39 Epoch 11 Validation Loss: 2.43498611
2.43498611
28/04/2025 16:21:39 Epoch 11 Train Loss: 0.55151284
11,0.55151284,28/04/2025 16:21:43 Epoch 12 Validation Loss: 3.45689559
3.45689559
28/04/2025 16:21:43 Epoch 12 Train Loss: 0.54277736
12,0.54277736,28/04/2025 16:21:47 Epoch 13 Validation Loss: 1.37253821
1.37253821
28/04/2025 16:21:47 Epoch 13 Train Loss: 0.61273599
13,0.61273599,28/04/2025 16:21:52 Epoch 14 Validation Loss: 1.22998214
1.22998214
28/04/2025 16:21:52 Epoch 14 Train Loss: 0.51040787
14,0.51040787,28/04/2025 16:21:57 Epoch 15 Validation Loss: 0.96926421
0.96926421
28/04/2025 16:21:57 Epoch 15 Train Loss: 0.46663180
15,0.46663180,28/04/2025 16:22:04 Epoch 16 Validation Loss: 0.69673622
0.69673622
28/04/2025 16:22:04 Epoch 16 Train Loss: 0.44166830
16,0.44166830,28/04/2025 16:22:08 Epoch 17 Validation Loss: 0.80012655
0.80012655
28/04/2025 16:22:08 Epoch 17 Train Loss: 0.43183902
17,0.43183902,28/04/2025 16:22:12 Epoch 18 Validation Loss: 4.10074425
4.10074425
28/04/2025 16:22:12 Epoch 18 Train Loss: 0.47128019
18,0.47128019,28/04/2025 16:22:17 Epoch 19 Validation Loss: 2.02132726
2.02132726
28/04/2025 16:22:17 Epoch 19 Train Loss: 0.53747028
19,0.53747028,28/04/2025 16:22:21 Epoch 20 Validation Loss: 0.70664436
0.70664436
28/04/2025 16:22:21 Epoch 20 Train Loss: 0.49145186
20,0.49145186,28/04/2025 16:22:25 Epoch 21 Validation Loss: 0.34702519
0.34702519
28/04/2025 16:22:25 Epoch 21 Train Loss: 0.46691480
21,0.46691480,28/04/2025 16:22:29 Epoch 22 Validation Loss: 1.69565666
1.69565666
28/04/2025 16:22:29 Epoch 22 Train Loss: 0.45536429
22,0.45536429,28/04/2025 16:22:33 Epoch 23 Validation Loss: 2.60925770
2.60925770
28/04/2025 16:22:33 Epoch 23 Train Loss: 0.43300378
23,0.43300378,28/04/2025 16:22:38 Epoch 24 Validation Loss: 0.46404254
0.46404254
28/04/2025 16:22:38 Epoch 24 Train Loss: 0.41780284
24,0.41780284,28/04/2025 16:22:42 Epoch 25 Validation Loss: 0.73976344
0.73976344
28/04/2025 16:22:42 Epoch 25 Train Loss: 0.39022961
25,0.39022961,28/04/2025 16:22:46 Epoch 26 Validation Loss: 0.36031699
0.36031699
28/04/2025 16:22:46 Epoch 26 Train Loss: 0.35735127
26,0.35735127,28/04/2025 16:22:50 Epoch 27 Validation Loss: 0.35939923
0.35939923
28/04/2025 16:22:50 Epoch 27 Train Loss: 0.36540166
27,0.36540166,28/04/2025 16:22:54 Epoch 28 Validation Loss: 0.66368341
0.66368341
28/04/2025 16:22:54 Epoch 28 Train Loss: 0.34524235
28,0.34524235,28/04/2025 16:22:58 Epoch 29 Validation Loss: 0.31312802
0.31312802
28/04/2025 16:22:58 Epoch 29 Train Loss: 0.36641866
29,0.36641866,28/04/2025 16:23:02 Epoch 30 Validation Loss: 0.75208867
0.75208867
28/04/2025 16:23:02 Epoch 30 Train Loss: 0.36070102
30,0.36070102,28/04/2025 16:23:08 Epoch 31 Validation Loss: 3.37085390
3.37085390
28/04/2025 16:23:08 Epoch 31 Train Loss: 0.46377987
31,0.46377987,28/04/2025 16:23:12 Epoch 32 Validation Loss: 1.02169526
1.02169526
28/04/2025 16:23:12 Epoch 32 Train Loss: 0.42233384
32,0.42233384,28/04/2025 16:23:16 Epoch 33 Validation Loss: 0.34661454
0.34661454
28/04/2025 16:23:16 Epoch 33 Train Loss: 0.40341946
33,0.40341946,28/04/2025 16:23:22 Epoch 34 Validation Loss: 0.49722263
0.49722263
28/04/2025 16:23:22 Epoch 34 Train Loss: 0.36167297
34,0.36167297,28/04/2025 16:23:27 Epoch 35 Validation Loss: 0.80137378
0.80137378
28/04/2025 16:23:27 Epoch 35 Train Loss: 0.32158208
35,0.32158208,28/04/2025 16:23:31 Epoch 36 Validation Loss: 1.17639399
1.17639399
28/04/2025 16:23:31 Epoch 36 Train Loss: 0.36930937
36,0.36930937,28/04/2025 16:23:35 Epoch 37 Validation Loss: 1.27315652
1.27315652
28/04/2025 16:23:35 Epoch 37 Train Loss: 0.38023707
37,0.38023707,28/04/2025 16:23:39 Epoch 38 Validation Loss: 1.81723309
1.81723309
28/04/2025 16:23:39 Epoch 38 Train Loss: 0.34020552
38,0.34020552,28/04/2025 16:23:43 Epoch 39 Validation Loss: 6.47127151
6.47127151
28/04/2025 16:23:43 Epoch 39 Train Loss: 0.35324132
39,0.35324132,28/04/2025 16:23:47 Epoch 40 Validation Loss: 2.12700033
2.12700033
28/04/2025 16:23:47 Epoch 40 Train Loss: 0.35862643
40,0.35862643,28/04/2025 16:23:51 Epoch 41 Validation Loss: 0.52092153
0.52092153
28/04/2025 16:23:51 Epoch 41 Train Loss: 0.33638635
41,0.33638635,28/04/2025 16:23:55 Epoch 42 Validation Loss: 0.87518615
0.87518615
28/04/2025 16:23:55 Epoch 42 Train Loss: 0.33035490
42,0.33035490,28/04/2025 16:23:59 Epoch 43 Validation Loss: 0.55804127
0.55804127
28/04/2025 16:23:59 Epoch 43 Train Loss: 0.32352504
43,0.32352504,28/04/2025 16:24:04 Epoch 44 Validation Loss: 1.08030796
1.08030796
28/04/2025 16:24:04 Epoch 44 Train Loss: 0.31295085
44,0.31295085,28/04/2025 16:24:09 Epoch 45 Validation Loss: 0.64386755
0.64386755
28/04/2025 16:24:09 Epoch 45 Train Loss: 0.34165260
45,0.34165260,28/04/2025 16:24:13 Epoch 46 Validation Loss: 0.53413266
0.53413266
28/04/2025 16:24:13 Epoch 46 Train Loss: 0.29627073
46,0.29627073,28/04/2025 16:24:17 Epoch 47 Validation Loss: 0.35236904
0.35236904
28/04/2025 16:24:17 Epoch 47 Train Loss: 0.27473044
47,0.27473044,28/04/2025 16:24:21 Epoch 48 Validation Loss: 3.46488452
3.46488452
28/04/2025 16:24:21 Epoch 48 Train Loss: 0.27083918
48,0.27083918,28/04/2025 16:24:25 Epoch 49 Validation Loss: 1.43534935
1.43534935
28/04/2025 16:24:25 Epoch 49 Train Loss: 0.30026406
49,0.30026406,28/04/2025 16:24:30 Epoch 50 Validation Loss: 0.55950421
0.55950421
28/04/2025 16:24:30 Epoch 50 Train Loss: 0.28954208
50,0.28954208,28/04/2025 16:24:34 Epoch 51 Validation Loss: 1.74745023
1.74745023
28/04/2025 16:24:34 Epoch 51 Train Loss: 0.31404874
51,0.31404874,28/04/2025 16:24:41 Epoch 52 Validation Loss: 0.41029376
0.41029376
28/04/2025 16:24:41 Epoch 52 Train Loss: 0.35774675
52,0.35774675,28/04/2025 16:24:45 Epoch 53 Validation Loss: 0.42776769
0.42776769
28/04/2025 16:24:45 Epoch 53 Train Loss: 0.31157053
53,0.31157053,28/04/2025 16:24:50 Epoch 54 Validation Loss: 0.29909757
0.29909757
28/04/2025 16:24:50 Epoch 54 Train Loss: 0.25482932
54,0.25482932,28/04/2025 16:24:54 Epoch 55 Validation Loss: 0.26905039
0.26905039
28/04/2025 16:24:54 Epoch 55 Train Loss: 0.24929218
55,0.24929218,28/04/2025 16:25:00 Epoch 56 Validation Loss: 0.38218755
0.38218755
28/04/2025 16:25:00 Epoch 56 Train Loss: 0.24937592
56,0.24937592,28/04/2025 16:25:04 Epoch 57 Validation Loss: 0.28580368
0.28580368
28/04/2025 16:25:04 Epoch 57 Train Loss: 0.29521939
57,0.29521939,28/04/2025 16:25:09 Epoch 58 Validation Loss: 0.46409416
0.46409416
28/04/2025 16:25:09 Epoch 58 Train Loss: 0.29498562
58,0.29498562,28/04/2025 16:25:13 Epoch 59 Validation Loss: 0.54882407
0.54882407
28/04/2025 16:25:13 Epoch 59 Train Loss: 0.24847664
59,0.24847664,28/04/2025 16:25:18 Epoch 60 Validation Loss: 1.10039580
1.10039580
28/04/2025 16:25:18 Epoch 60 Train Loss: 0.28353164
60,0.28353164,28/04/2025 16:25:22 Epoch 61 Validation Loss: 0.34603813
0.34603813
28/04/2025 16:25:22 Epoch 61 Train Loss: 0.27223104
61,0.27223104,28/04/2025 16:25:27 Epoch 62 Validation Loss: 0.19598462
0.19598462
28/04/2025 16:25:27 Epoch 62 Train Loss: 0.23638502
62,0.23638502,28/04/2025 16:25:31 Epoch 63 Validation Loss: 0.26179430
0.26179430
28/04/2025 16:25:31 Epoch 63 Train Loss: 0.25352627
63,0.25352627,28/04/2025 16:25:36 Epoch 64 Validation Loss: 3.70757461
3.70757461
28/04/2025 16:25:36 Epoch 64 Train Loss: 0.29656327
64,0.29656327,28/04/2025 16:25:41 Epoch 65 Validation Loss: 0.75361311
0.75361311
28/04/2025 16:25:41 Epoch 65 Train Loss: 0.30067432
65,0.30067432,28/04/2025 16:25:45 Epoch 66 Validation Loss: 0.54859310
0.54859310
28/04/2025 16:25:45 Epoch 66 Train Loss: 0.29998592
66,0.29998592,28/04/2025 16:25:49 Epoch 67 Validation Loss: 0.62106061
0.62106061
28/04/2025 16:25:49 Epoch 67 Train Loss: 0.29288393
67,0.29288393,28/04/2025 16:25:54 Epoch 68 Validation Loss: 1.03126550
1.03126550
28/04/2025 16:25:54 Epoch 68 Train Loss: 0.30745816
68,0.30745816,28/04/2025 16:25:59 Epoch 69 Validation Loss: 0.55769944
0.55769944
28/04/2025 16:25:59 Epoch 69 Train Loss: 0.28726780
69,0.28726780,28/04/2025 16:26:04 Epoch 70 Validation Loss: 0.65943718
0.65943718
28/04/2025 16:26:04 Epoch 70 Train Loss: 0.25100425
70,0.25100425,28/04/2025 16:26:09 Epoch 71 Validation Loss: 0.32701075
0.32701075
28/04/2025 16:26:09 Epoch 71 Train Loss: 0.24680574
71,0.24680574,28/04/2025 16:26:14 Epoch 72 Validation Loss: 0.45057079
0.45057079
28/04/2025 16:26:14 Epoch 72 Train Loss: 0.21157122
72,0.21157122,28/04/2025 16:26:18 Epoch 73 Validation Loss: 0.17282714
0.17282714
28/04/2025 16:26:18 Epoch 73 Train Loss: 0.21180475
73,0.21180475,28/04/2025 16:26:22 Epoch 74 Validation Loss: 0.46259090
0.46259090
28/04/2025 16:26:22 Epoch 74 Train Loss: 0.23136891
74,0.23136891,28/04/2025 16:26:28 Epoch 75 Validation Loss: 0.59560633
0.59560633
28/04/2025 16:26:28 Epoch 75 Train Loss: 0.21479127
75,0.21479127,28/04/2025 16:26:34 Epoch 76 Validation Loss: 0.47899264
0.47899264
28/04/2025 16:26:34 Epoch 76 Train Loss: 0.21422295
76,0.21422295,28/04/2025 16:26:38 Epoch 77 Validation Loss: 2.24651861
2.24651861
28/04/2025 16:26:38 Epoch 77 Train Loss: 0.29102212
77,0.29102212,28/04/2025 16:26:42 Epoch 78 Validation Loss: 1.30647862
1.30647862
28/04/2025 16:26:42 Epoch 78 Train Loss: 0.23023878
78,0.23023878,28/04/2025 16:26:46 Epoch 79 Validation Loss: 0.55393749
0.55393749
28/04/2025 16:26:46 Epoch 79 Train Loss: 0.20751551
79,0.20751551,28/04/2025 16:26:51 Epoch 80 Validation Loss: 0.25260052
0.25260052
28/04/2025 16:26:51 Epoch 80 Train Loss: 0.19642827
80,0.19642827,28/04/2025 16:26:55 Epoch 81 Validation Loss: 0.52312297
0.52312297
28/04/2025 16:26:55 Epoch 81 Train Loss: 0.19387928
81,0.19387928,28/04/2025 16:26:59 Epoch 82 Validation Loss: 0.94406509
0.94406509
28/04/2025 16:26:59 Epoch 82 Train Loss: 0.19184379
82,0.19184379,28/04/2025 16:27:04 Epoch 83 Validation Loss: 0.31077331
0.31077331
28/04/2025 16:27:04 Epoch 83 Train Loss: 0.20270781
83,0.20270781,28/04/2025 16:27:09 Epoch 84 Validation Loss: 0.82189620
0.82189620
28/04/2025 16:27:09 Epoch 84 Train Loss: 0.19871277
84,0.19871277,28/04/2025 16:27:15 Epoch 85 Validation Loss: 0.23093937
0.23093937
28/04/2025 16:27:15 Epoch 85 Train Loss: 0.20454423
85,0.20454423,28/04/2025 16:27:19 Epoch 86 Validation Loss: 0.27843249
0.27843249
28/04/2025 16:27:19 Epoch 86 Train Loss: 0.20777820
86,0.20777820,28/04/2025 16:27:24 Epoch 87 Validation Loss: 0.28530085
0.28530085
28/04/2025 16:27:24 Epoch 87 Train Loss: 0.21848208
87,0.21848208,28/04/2025 16:27:31 Epoch 88 Validation Loss: 0.26005057
0.26005057
28/04/2025 16:27:31 Epoch 88 Train Loss: 0.17217225
88,0.17217225,28/04/2025 16:27:35 Epoch 89 Validation Loss: 0.21359348
0.21359348
28/04/2025 16:27:35 Epoch 89 Train Loss: 0.17183214
89,0.17183214,28/04/2025 16:27:39 Epoch 90 Validation Loss: 0.21306719
0.21306719
28/04/2025 16:27:39 Epoch 90 Train Loss: 0.20919995
90,0.20919995,28/04/2025 16:27:44 Epoch 91 Validation Loss: 0.28710586
0.28710586
28/04/2025 16:27:44 Epoch 91 Train Loss: 0.30840218
91,0.30840218,28/04/2025 16:27:48 Epoch 92 Validation Loss: 0.75699449
0.75699449
28/04/2025 16:27:48 Epoch 92 Train Loss: 0.25348955
92,0.25348955,28/04/2025 16:27:52 Epoch 93 Validation Loss: 0.36895955
0.36895955
28/04/2025 16:27:52 Epoch 93 Train Loss: 0.22703698
93,0.22703698,28/04/2025 16:27:56 Epoch 94 Validation Loss: 0.45387870
0.45387870
28/04/2025 16:27:56 Epoch 94 Train Loss: 0.21363714
94,0.21363714,28/04/2025 16:28:00 Epoch 95 Validation Loss: 0.32812285
0.32812285
28/04/2025 16:28:00 Epoch 95 Train Loss: 0.19313514
95,0.19313514,28/04/2025 16:28:04 Epoch 96 Validation Loss: 0.12867944
0.12867944
28/04/2025 16:28:04 Epoch 96 Train Loss: 0.18833022
96,0.18833022,28/04/2025 16:28:08 Epoch 97 Validation Loss: 0.15232956
0.15232956
28/04/2025 16:28:08 Epoch 97 Train Loss: 0.18453984
97,0.18453984,28/04/2025 16:28:13 Epoch 98 Validation Loss: 0.21777529
0.21777529
28/04/2025 16:28:13 Epoch 98 Train Loss: 0.24714494
98,0.24714494,28/04/2025 16:28:17 Epoch 99 Validation Loss: 0.30203381
0.30203381
28/04/2025 16:28:17 Epoch 99 Train Loss: 0.19720727
99,0.19720727,28/04/2025 16:28:22 Epoch 100 Validation Loss: 0.52859455
0.52859455
28/04/2025 16:28:22 Epoch 100 Train Loss: 0.23638926
100,0.23638926,28/04/2025 16:28:26 Epoch 101 Validation Loss: 2.23395395
2.23395395
28/04/2025 16:28:26 Epoch 101 Train Loss: 0.20667450
101,0.20667450,28/04/2025 16:28:30 Epoch 102 Validation Loss: 0.74102843
0.74102843
28/04/2025 16:28:30 Epoch 102 Train Loss: 0.20954469
102,0.20954469,28/04/2025 16:28:34 Epoch 103 Validation Loss: 0.20143631
0.20143631
28/04/2025 16:28:34 Epoch 103 Train Loss: 0.18955459
103,0.18955459,28/04/2025 16:28:39 Epoch 104 Validation Loss: 0.82205367
0.82205367
28/04/2025 16:28:39 Epoch 104 Train Loss: 0.20068958
104,0.20068958,28/04/2025 16:28:44 Epoch 105 Validation Loss: 0.92720109
0.92720109
28/04/2025 16:28:44 Epoch 105 Train Loss: 0.22976276
105,0.22976276,28/04/2025 16:28:48 Epoch 106 Validation Loss: 0.31992483
0.31992483
28/04/2025 16:28:48 Epoch 106 Train Loss: 0.19974799
106,0.19974799,28/04/2025 16:28:52 Epoch 107 Validation Loss: 0.46024397
0.46024397
28/04/2025 16:28:52 Epoch 107 Train Loss: 0.19232458
107,0.19232458,28/04/2025 16:28:56 Epoch 108 Validation Loss: 0.49035847
0.49035847
28/04/2025 16:28:56 Epoch 108 Train Loss: 0.21521856
108,0.21521856,28/04/2025 16:29:00 Epoch 109 Validation Loss: 0.72379667
0.72379667
28/04/2025 16:29:00 Epoch 109 Train Loss: 0.18407375
109,0.18407375,28/04/2025 16:29:04 Epoch 110 Validation Loss: 4.16714048
4.16714048
28/04/2025 16:29:04 Epoch 110 Train Loss: 0.20513734
110,0.20513734,28/04/2025 16:29:09 Epoch 111 Validation Loss: 4.36642122
4.36642122
28/04/2025 16:29:09 Epoch 111 Train Loss: 0.19693409
111,0.19693409,28/04/2025 16:29:14 Epoch 112 Validation Loss: 0.75331837
0.75331837
28/04/2025 16:29:14 Epoch 112 Train Loss: 0.17875664
112,0.17875664,28/04/2025 16:29:18 Epoch 113 Validation Loss: 0.92331845
0.92331845
28/04/2025 16:29:18 Epoch 113 Train Loss: 0.17810303
113,0.17810303,28/04/2025 16:29:22 Epoch 114 Validation Loss: 0.25614783
0.25614783
28/04/2025 16:29:22 Epoch 114 Train Loss: 0.21441823
114,0.21441823,28/04/2025 16:29:27 Epoch 115 Validation Loss: 0.21105815
0.21105815
28/04/2025 16:29:27 Epoch 115 Train Loss: 0.20103955
115,0.20103955,28/04/2025 16:29:34 Epoch 116 Validation Loss: 2.84180212
2.84180212
28/04/2025 16:29:34 Epoch 116 Train Loss: 0.17284614
116,0.17284614,28/04/2025 16:29:39 Epoch 117 Validation Loss: 4.98429346
4.98429346
28/04/2025 16:29:39 Epoch 117 Train Loss: 0.24326441
117,0.24326441,28/04/2025 16:29:43 Epoch 118 Validation Loss: 1.36542070
1.36542070
28/04/2025 16:29:43 Epoch 118 Train Loss: 0.33064365
118,0.33064365,28/04/2025 16:29:48 Epoch 119 Validation Loss: 0.24698317
0.24698317
28/04/2025 16:29:48 Epoch 119 Train Loss: 0.24741825
119,0.24741825,28/04/2025 16:29:52 Epoch 120 Validation Loss: 0.69859767
0.69859767
28/04/2025 16:29:52 Epoch 120 Train Loss: 0.20633900
120,0.20633900,28/04/2025 16:29:56 Epoch 121 Validation Loss: 0.80328918
0.80328918
28/04/2025 16:29:56 Epoch 121 Train Loss: 0.19078065
121,0.19078065,28/04/2025 16:30:00 Epoch 122 Validation Loss: 0.69403130
0.69403130
28/04/2025 16:30:00 Epoch 122 Train Loss: 0.17897251
122,0.17897251,28/04/2025 16:30:06 Epoch 123 Validation Loss: 0.32571885
0.32571885
28/04/2025 16:30:06 Epoch 123 Train Loss: 0.16714001
123,0.16714001,28/04/2025 16:30:10 Epoch 124 Validation Loss: 0.17001335
0.17001335
28/04/2025 16:30:10 Epoch 124 Train Loss: 0.15343307
124,0.15343307,28/04/2025 16:30:14 Epoch 125 Validation Loss: 0.20435271
0.20435271
28/04/2025 16:30:14 Epoch 125 Train Loss: 0.20922796
125,0.20922796,28/04/2025 16:30:19 Epoch 126 Validation Loss: 0.89760369
0.89760369
28/04/2025 16:30:19 Epoch 126 Train Loss: 0.21224073
126,0.21224073,28/04/2025 16:30:23 Epoch 127 Validation Loss: 2.08699298
2.08699298
28/04/2025 16:30:23 Epoch 127 Train Loss: 0.18525793
127,0.18525793,28/04/2025 16:30:27 Epoch 128 Validation Loss: 0.58514023
0.58514023
28/04/2025 16:30:27 Epoch 128 Train Loss: 0.18006636
128,0.18006636,28/04/2025 16:30:31 Epoch 129 Validation Loss: 0.63019258
0.63019258
28/04/2025 16:30:31 Epoch 129 Train Loss: 0.19543864
129,0.19543864,28/04/2025 16:30:35 Epoch 130 Validation Loss: 0.60438573
0.60438573
28/04/2025 16:30:35 Epoch 130 Train Loss: 0.19445428
130,0.19445428,28/04/2025 16:30:40 Epoch 131 Validation Loss: 0.30428573
0.30428573
28/04/2025 16:30:40 Epoch 131 Train Loss: 0.18121190
131,0.18121190,28/04/2025 16:30:44 Epoch 132 Validation Loss: 0.21223296
0.21223296
28/04/2025 16:30:44 Epoch 132 Train Loss: 0.16446263
132,0.16446263,28/04/2025 16:30:48 Epoch 133 Validation Loss: 0.26403061
0.26403061
28/04/2025 16:30:48 Epoch 133 Train Loss: 0.18742287
133,0.18742287,28/04/2025 16:30:52 Epoch 134 Validation Loss: 0.34011272
0.34011272
28/04/2025 16:30:52 Epoch 134 Train Loss: 0.14953715
134,0.14953715,28/04/2025 16:30:57 Epoch 135 Validation Loss: 0.13402840
0.13402840
28/04/2025 16:30:57 Epoch 135 Train Loss: 0.16229610
135,0.16229610,28/04/2025 16:31:01 Epoch 136 Validation Loss: 0.60676289
0.60676289
28/04/2025 16:31:01 Epoch 136 Train Loss: 0.15261169
136,0.15261169,28/04/2025 16:31:05 Epoch 137 Validation Loss: 0.29741749
0.29741749
28/04/2025 16:31:05 Epoch 137 Train Loss: 0.13998157
137,0.13998157,28/04/2025 16:31:09 Epoch 138 Validation Loss: 0.71337056
0.71337056
28/04/2025 16:31:09 Epoch 138 Train Loss: 0.12703767
138,0.12703767,28/04/2025 16:31:13 Epoch 139 Validation Loss: 0.35331887
0.35331887
28/04/2025 16:31:13 Epoch 139 Train Loss: 0.12290661
139,0.12290661,28/04/2025 16:31:18 Epoch 140 Validation Loss: 0.38085645
0.38085645
28/04/2025 16:31:18 Epoch 140 Train Loss: 0.13496216
140,0.13496216,28/04/2025 16:31:22 Epoch 141 Validation Loss: 0.11239057
0.11239057
28/04/2025 16:31:22 Epoch 141 Train Loss: 0.12074835
141,0.12074835,28/04/2025 16:31:26 Epoch 142 Validation Loss: 0.30921188
0.30921188
28/04/2025 16:31:26 Epoch 142 Train Loss: 0.14194557
142,0.14194557,28/04/2025 16:31:31 Epoch 143 Validation Loss: 1.03373587
1.03373587
28/04/2025 16:31:31 Epoch 143 Train Loss: 0.17779791
143,0.17779791,28/04/2025 16:31:36 Epoch 144 Validation Loss: 0.80175674
0.80175674
28/04/2025 16:31:36 Epoch 144 Train Loss: 0.18007818
144,0.18007818,28/04/2025 16:31:40 Epoch 145 Validation Loss: 0.76143813
0.76143813
28/04/2025 16:31:40 Epoch 145 Train Loss: 0.17448106
145,0.17448106,28/04/2025 16:31:45 Epoch 146 Validation Loss: 0.43872952
0.43872952
28/04/2025 16:31:45 Epoch 146 Train Loss: 0.13347055
146,0.13347055,28/04/2025 16:31:49 Epoch 147 Validation Loss: 0.29659238
0.29659238
28/04/2025 16:31:49 Epoch 147 Train Loss: 0.15320727
147,0.15320727,28/04/2025 16:31:54 Epoch 148 Validation Loss: 1.22220159
1.22220159
28/04/2025 16:31:54 Epoch 148 Train Loss: 0.14146605
148,0.14146605,28/04/2025 16:31:58 Epoch 149 Validation Loss: 2.34917045
2.34917045
28/04/2025 16:31:58 Epoch 149 Train Loss: 0.14407505
149,0.14407505,28/04/2025 16:32:02 Epoch 150 Validation Loss: 0.19118480
0.19118480
28/04/2025 16:32:02 Epoch 150 Train Loss: 0.12051948
150,0.12051948,28/04/2025 16:32:06 Epoch 151 Validation Loss: 1.81682694
1.81682694
28/04/2025 16:32:06 Epoch 151 Train Loss: 0.11047750
151,0.11047750,28/04/2025 16:32:11 Epoch 152 Validation Loss: 1.90874290
1.90874290
28/04/2025 16:32:11 Epoch 152 Train Loss: 0.13824563
152,0.13824563,28/04/2025 16:32:15 Epoch 153 Validation Loss: 0.57596934
0.57596934
28/04/2025 16:32:15 Epoch 153 Train Loss: 0.14166535
153,0.14166535,28/04/2025 16:32:19 Epoch 154 Validation Loss: 0.36667719
0.36667719
28/04/2025 16:32:19 Epoch 154 Train Loss: 0.10794614
154,0.10794614,28/04/2025 16:32:24 Epoch 155 Validation Loss: 0.42635372
0.42635372
28/04/2025 16:32:24 Epoch 155 Train Loss: 0.11629612
155,0.11629612,28/04/2025 16:32:28 Epoch 156 Validation Loss: 0.24662381
0.24662381
28/04/2025 16:32:28 Epoch 156 Train Loss: 0.10272013
156,0.10272013,28/04/2025 16:32:34 Epoch 157 Validation Loss: 0.24861322
0.24861322
28/04/2025 16:32:34 Epoch 157 Train Loss: 0.08701162
157,0.08701162,28/04/2025 16:32:39 Epoch 158 Validation Loss: 0.27327725
0.27327725
28/04/2025 16:32:39 Epoch 158 Train Loss: 0.11942866
158,0.11942866,28/04/2025 16:32:43 Epoch 159 Validation Loss: 0.49184906
0.49184906
28/04/2025 16:32:43 Epoch 159 Train Loss: 0.10055554
159,0.10055554,28/04/2025 16:32:47 Epoch 160 Validation Loss: 0.33462316
0.33462316
28/04/2025 16:32:47 Epoch 160 Train Loss: 0.12165164
160,0.12165164,28/04/2025 16:32:52 Epoch 161 Validation Loss: 0.11481957
0.11481957
28/04/2025 16:32:52 Epoch 161 Train Loss: 0.10087501
161,0.10087501,28/04/2025 16:32:56 Epoch 162 Validation Loss: 0.13676223
0.13676223
28/04/2025 16:32:56 Epoch 162 Train Loss: 0.07714344
162,0.07714344,28/04/2025 16:33:00 Epoch 163 Validation Loss: 0.27951935
0.27951935
28/04/2025 16:33:00 Epoch 163 Train Loss: 0.07522205
163,0.07522205,28/04/2025 16:33:04 Epoch 164 Validation Loss: 0.13437778
0.13437778
28/04/2025 16:33:04 Epoch 164 Train Loss: 0.08548107
164,0.08548107,28/04/2025 16:33:08 Epoch 165 Validation Loss: 0.16158161
0.16158161
28/04/2025 16:33:08 Epoch 165 Train Loss: 0.08969047
165,0.08969047,28/04/2025 16:33:13 Epoch 166 Validation Loss: 0.18962987
0.18962987
28/04/2025 16:33:13 Epoch 166 Train Loss: 0.10206810
166,0.10206810,28/04/2025 16:33:17 Epoch 167 Validation Loss: 0.15995476
0.15995476
28/04/2025 16:33:17 Epoch 167 Train Loss: 0.11826120
167,0.11826120,28/04/2025 16:33:21 Epoch 168 Validation Loss: 0.23419063
0.23419063
28/04/2025 16:33:21 Epoch 168 Train Loss: 0.13454562
168,0.13454562,28/04/2025 16:33:25 Epoch 169 Validation Loss: 0.56064588
0.56064588
28/04/2025 16:33:25 Epoch 169 Train Loss: 0.09910305
169,0.09910305,28/04/2025 16:33:29 Epoch 170 Validation Loss: 0.20701069
0.20701069
28/04/2025 16:33:29 Epoch 170 Train Loss: 0.09246358
170,0.09246358,28/04/2025 16:33:34 Epoch 171 Validation Loss: 1.35163367
1.35163367
28/04/2025 16:33:34 Epoch 171 Train Loss: 0.08891796
171,0.08891796,28/04/2025 16:33:38 Epoch 172 Validation Loss: 3.61922002
3.61922002
28/04/2025 16:33:38 Epoch 172 Train Loss: 0.17959587
172,0.17959587,28/04/2025 16:33:43 Epoch 173 Validation Loss: 1.42076099
1.42076099
28/04/2025 16:33:43 Epoch 173 Train Loss: 0.15068400
173,0.15068400,28/04/2025 16:33:47 Epoch 174 Validation Loss: 0.71098793
0.71098793
28/04/2025 16:33:47 Epoch 174 Train Loss: 0.13762932
174,0.13762932,28/04/2025 16:33:51 Epoch 175 Validation Loss: 0.82882631
0.82882631
28/04/2025 16:33:51 Epoch 175 Train Loss: 0.13009031
175,0.13009031,28/04/2025 16:33:55 Epoch 176 Validation Loss: 0.42629766
0.42629766
28/04/2025 16:33:55 Epoch 176 Train Loss: 0.20708822
176,0.20708822,28/04/2025 16:34:00 Epoch 177 Validation Loss: 0.59361005
0.59361005
28/04/2025 16:34:00 Epoch 177 Train Loss: 0.20431702
177,0.20431702,28/04/2025 16:34:04 Epoch 178 Validation Loss: 0.38937789
0.38937789
28/04/2025 16:34:04 Epoch 178 Train Loss: 0.16092864
178,0.16092864,28/04/2025 16:34:09 Epoch 179 Validation Loss: 0.12695962
0.12695962
28/04/2025 16:34:09 Epoch 179 Train Loss: 0.11170331
179,0.11170331,28/04/2025 16:34:13 Epoch 180 Validation Loss: 0.20169993
0.20169993
28/04/2025 16:34:13 Epoch 180 Train Loss: 0.10334057
180,0.10334057,28/04/2025 16:34:19 Epoch 181 Validation Loss: 0.22337164
0.22337164
28/04/2025 16:34:19 Epoch 181 Train Loss: 0.12389295
181,0.12389295,28/04/2025 16:34:23 Epoch 182 Validation Loss: 0.67282331
0.67282331
28/04/2025 16:34:23 Epoch 182 Train Loss: 0.15178248
182,0.15178248,28/04/2025 16:34:27 Epoch 183 Validation Loss: 1.59271085
1.59271085
28/04/2025 16:34:27 Epoch 183 Train Loss: 0.15691121
183,0.15691121,28/04/2025 16:34:31 Epoch 184 Validation Loss: 0.50628430
0.50628430
28/04/2025 16:34:31 Epoch 184 Train Loss: 0.10236601
184,0.10236601,28/04/2025 16:34:35 Epoch 185 Validation Loss: 1.02203810
1.02203810
28/04/2025 16:34:35 Epoch 185 Train Loss: 0.09827014
185,0.09827014,28/04/2025 16:34:40 Epoch 186 Validation Loss: 0.41552490
0.41552490
28/04/2025 16:34:40 Epoch 186 Train Loss: 0.10959595
186,0.10959595,28/04/2025 16:34:44 Epoch 187 Validation Loss: 0.12649502
0.12649502
28/04/2025 16:34:44 Epoch 187 Train Loss: 0.11107056
187,0.11107056,28/04/2025 16:34:49 Epoch 188 Validation Loss: 1.25540578
1.25540578
28/04/2025 16:34:49 Epoch 188 Train Loss: 0.11766613
188,0.11766613,28/04/2025 16:34:53 Epoch 189 Validation Loss: 0.30069956
0.30069956
28/04/2025 16:34:53 Epoch 189 Train Loss: 0.16479813
189,0.16479813,28/04/2025 16:34:57 Epoch 190 Validation Loss: 1.09712124
1.09712124
28/04/2025 16:34:57 Epoch 190 Train Loss: 0.15218690
190,0.15218690,28/04/2025 16:35:02 Epoch 191 Validation Loss: 3.86697817
3.86697817
28/04/2025 16:35:02 Epoch 191 Train Loss: 0.09195530
191,0.09195530,28/04/2025 16:35:06 Epoch 192 Validation Loss: 0.31612802
0.31612802
28/04/2025 16:35:06 Epoch 192 Train Loss: 0.09153993
192,0.09153993,28/04/2025 16:35:10 Epoch 193 Validation Loss: 0.45787638
0.45787638
28/04/2025 16:35:10 Epoch 193 Train Loss: 0.09667530
193,0.09667530,28/04/2025 16:35:15 Epoch 194 Validation Loss: 0.29531619
0.29531619
28/04/2025 16:35:15 Epoch 194 Train Loss: 0.10727637
194,0.10727637,28/04/2025 16:35:19 Epoch 195 Validation Loss: 0.85040796
0.85040796
28/04/2025 16:35:19 Epoch 195 Train Loss: 0.09734840
195,0.09734840,28/04/2025 16:35:23 Epoch 196 Validation Loss: 0.12840872
0.12840872
28/04/2025 16:35:23 Epoch 196 Train Loss: 0.09290696
196,0.09290696,28/04/2025 16:35:29 Epoch 197 Validation Loss: 0.13610293
0.13610293
28/04/2025 16:35:29 Epoch 197 Train Loss: 0.09405274
197,0.09405274,28/04/2025 16:35:33 Epoch 198 Validation Loss: 0.18523368
0.18523368
28/04/2025 16:35:33 Epoch 198 Train Loss: 0.07290116
198,0.07290116,28/04/2025 16:35:37 Epoch 199 Validation Loss: 0.19991225
0.19991225
28/04/2025 16:35:37 Epoch 199 Train Loss: 0.06976906
199,0.06976906,28/04/2025 16:35:41 Epoch 200 Validation Loss: 0.59774143
0.59774143
28/04/2025 16:35:41 Epoch 200 Train Loss: 0.09308488
200,0.09308488,28/04/2025 16:35:46 Epoch 201 Validation Loss: 0.25765267
0.25765267
28/04/2025 16:35:46 Epoch 201 Train Loss: 0.12479085
201,0.12479085,28/04/2025 16:35:51 Epoch 202 Validation Loss: 0.36077744
0.36077744
28/04/2025 16:35:51 Epoch 202 Train Loss: 0.11141906
202,0.11141906,28/04/2025 16:35:55 Epoch 203 Validation Loss: 1.54546821
1.54546821
28/04/2025 16:35:55 Epoch 203 Train Loss: 0.16169643
203,0.16169643,28/04/2025 16:36:00 Epoch 204 Validation Loss: 0.25630194
0.25630194
28/04/2025 16:36:00 Epoch 204 Train Loss: 0.13448927
204,0.13448927,28/04/2025 16:36:04 Epoch 205 Validation Loss: 0.23223306
0.23223306
28/04/2025 16:36:04 Epoch 205 Train Loss: 0.11885998
205,0.11885998,28/04/2025 16:36:08 Epoch 206 Validation Loss: 0.50253463
0.50253463
28/04/2025 16:36:08 Epoch 206 Train Loss: 0.11901746
206,0.11901746,28/04/2025 16:36:12 Epoch 207 Validation Loss: 0.34996828
0.34996828
28/04/2025 16:36:12 Epoch 207 Train Loss: 0.09318807
207,0.09318807,28/04/2025 16:36:16 Epoch 208 Validation Loss: 0.13361901
0.13361901
28/04/2025 16:36:16 Epoch 208 Train Loss: 0.08182748
208,0.08182748,28/04/2025 16:36:20 Epoch 209 Validation Loss: 0.47611034
0.47611034
28/04/2025 16:36:20 Epoch 209 Train Loss: 0.18779536
209,0.18779536,28/04/2025 16:36:25 Epoch 210 Validation Loss: 1.02137136
1.02137136
28/04/2025 16:36:25 Epoch 210 Train Loss: 0.19980651
210,0.19980651,28/04/2025 16:36:29 Epoch 211 Validation Loss: 0.49080458
0.49080458
28/04/2025 16:36:29 Epoch 211 Train Loss: 0.15553081
211,0.15553081,28/04/2025 16:36:35 Epoch 212 Validation Loss: 0.17001221
0.17001221
28/04/2025 16:36:35 Epoch 212 Train Loss: 0.12799515
212,0.12799515,28/04/2025 16:36:39 Epoch 213 Validation Loss: 0.29652005
0.29652005
28/04/2025 16:36:39 Epoch 213 Train Loss: 0.15470162
213,0.15470162,28/04/2025 16:36:43 Epoch 214 Validation Loss: 0.19845676
0.19845676
28/04/2025 16:36:43 Epoch 214 Train Loss: 0.15906686
214,0.15906686,28/04/2025 16:36:48 Epoch 215 Validation Loss: 0.14438693
0.14438693
28/04/2025 16:36:48 Epoch 215 Train Loss: 0.10542434
215,0.10542434,28/04/2025 16:36:54 Epoch 216 Validation Loss: 0.22046174
0.22046174
28/04/2025 16:36:54 Epoch 216 Train Loss: 0.20354390
216,0.20354390,28/04/2025 16:36:58 Epoch 217 Validation Loss: 0.13995509
0.13995509
28/04/2025 16:36:58 Epoch 217 Train Loss: 0.16792297
217,0.16792297,28/04/2025 16:37:02 Epoch 218 Validation Loss: 0.55283612
0.55283612
28/04/2025 16:37:02 Epoch 218 Train Loss: 0.11517543
218,0.11517543,28/04/2025 16:37:06 Epoch 219 Validation Loss: 0.44426972
0.44426972
28/04/2025 16:37:06 Epoch 219 Train Loss: 0.12672661
219,0.12672661,28/04/2025 16:37:11 Epoch 220 Validation Loss: 0.21298887
0.21298887
28/04/2025 16:37:11 Epoch 220 Train Loss: 0.10833786
220,0.10833786,28/04/2025 16:37:15 Epoch 221 Validation Loss: 0.17448832
0.17448832
28/04/2025 16:37:15 Epoch 221 Train Loss: 0.10458329
221,0.10458329,28/04/2025 16:37:20 Epoch 222 Validation Loss: 0.27007699
0.27007699
28/04/2025 16:37:20 Epoch 222 Train Loss: 0.12489330
222,0.12489330,28/04/2025 16:37:24 Epoch 223 Validation Loss: 0.66038579
0.66038579
28/04/2025 16:37:24 Epoch 223 Train Loss: 0.10874221
223,0.10874221,28/04/2025 16:37:28 Epoch 224 Validation Loss: 0.19156024
0.19156024
28/04/2025 16:37:28 Epoch 224 Train Loss: 0.10289749
224,0.10289749,28/04/2025 16:37:32 Epoch 225 Validation Loss: 0.55591273
0.55591273
28/04/2025 16:37:32 Epoch 225 Train Loss: 0.08275695
225,0.08275695,28/04/2025 16:37:37 Epoch 226 Validation Loss: 0.27457365
0.27457365
28/04/2025 16:37:37 Epoch 226 Train Loss: 0.08149106
226,0.08149106,28/04/2025 16:37:41 Epoch 227 Validation Loss: 0.90160757
0.90160757
28/04/2025 16:37:41 Epoch 227 Train Loss: 0.08062443
227,0.08062443,28/04/2025 16:37:46 Epoch 228 Validation Loss: 0.24719815
0.24719815
28/04/2025 16:37:46 Epoch 228 Train Loss: 0.08354600
228,0.08354600,28/04/2025 16:37:50 Epoch 229 Validation Loss: 0.15685074
0.15685074
28/04/2025 16:37:50 Epoch 229 Train Loss: 0.07837738
229,0.07837738,28/04/2025 16:37:55 Epoch 230 Validation Loss: 1.07227087
1.07227087
28/04/2025 16:37:55 Epoch 230 Train Loss: 0.09711728
230,0.09711728,28/04/2025 16:37:59 Epoch 231 Validation Loss: 0.24342535
0.24342535
28/04/2025 16:37:59 Epoch 231 Train Loss: 0.09559491
231,0.09559491,28/04/2025 16:38:05 Epoch 232 Validation Loss: 0.33808845
0.33808845
28/04/2025 16:38:05 Epoch 232 Train Loss: 0.11077812
232,0.11077812,28/04/2025 16:38:11 Epoch 233 Validation Loss: 0.20524988
0.20524988
28/04/2025 16:38:11 Epoch 233 Train Loss: 0.14280798
233,0.14280798,28/04/2025 16:38:16 Epoch 234 Validation Loss: 1.00879610
1.00879610
28/04/2025 16:38:16 Epoch 234 Train Loss: 0.10006298
234,0.10006298,28/04/2025 16:38:21 Epoch 235 Validation Loss: 0.32079464
0.32079464
28/04/2025 16:38:21 Epoch 235 Train Loss: 0.08530261
235,0.08530261,28/04/2025 16:38:25 Epoch 236 Validation Loss: 0.10202181
0.10202181
28/04/2025 16:38:25 Epoch 236 Train Loss: 0.08829200
236,0.08829200,28/04/2025 16:38:29 Epoch 237 Validation Loss: 0.21461651
0.21461651
28/04/2025 16:38:29 Epoch 237 Train Loss: 0.09125367
237,0.09125367,28/04/2025 16:38:33 Epoch 238 Validation Loss: 0.38107130
0.38107130
28/04/2025 16:38:33 Epoch 238 Train Loss: 0.07027066
238,0.07027066,28/04/2025 16:38:37 Epoch 239 Validation Loss: 0.55737865
0.55737865
28/04/2025 16:38:37 Epoch 239 Train Loss: 0.09519800
239,0.09519800,28/04/2025 16:38:41 Epoch 240 Validation Loss: 0.64049405
0.64049405
28/04/2025 16:38:41 Epoch 240 Train Loss: 0.11275519
240,0.11275519,28/04/2025 16:38:46 Epoch 241 Validation Loss: 0.47490481
0.47490481
28/04/2025 16:38:46 Epoch 241 Train Loss: 0.11388303
241,0.11388303,28/04/2025 16:38:50 Epoch 242 Validation Loss: 3.12860012
3.12860012
28/04/2025 16:38:50 Epoch 242 Train Loss: 0.11382433
242,0.11382433,28/04/2025 16:38:55 Epoch 243 Validation Loss: 1.84684932
1.84684932
28/04/2025 16:38:55 Epoch 243 Train Loss: 0.07008562
243,0.07008562,28/04/2025 16:38:59 Epoch 244 Validation Loss: 0.57350993
0.57350993
28/04/2025 16:38:59 Epoch 244 Train Loss: 0.11263844
244,0.11263844,28/04/2025 16:39:03 Epoch 245 Validation Loss: 0.88543016
0.88543016
28/04/2025 16:39:03 Epoch 245 Train Loss: 0.09643813
245,0.09643813,28/04/2025 16:39:07 Epoch 246 Validation Loss: 0.76564431
0.76564431
28/04/2025 16:39:07 Epoch 246 Train Loss: 0.08309026
246,0.08309026,28/04/2025 16:39:11 Epoch 247 Validation Loss: 0.27438995
0.27438995
28/04/2025 16:39:11 Epoch 247 Train Loss: 0.07419418
247,0.07419418,28/04/2025 16:39:15 Epoch 248 Validation Loss: 0.43556124
0.43556124
28/04/2025 16:39:15 Epoch 248 Train Loss: 0.07388443
248,0.07388443,28/04/2025 16:39:20 Epoch 249 Validation Loss: 2.55276513
2.55276513
28/04/2025 16:39:20 Epoch 249 Train Loss: 0.07953214
249,0.07953214,28/04/2025 16:39:24 Epoch 250 Validation Loss: 0.41714457
0.41714457
28/04/2025 16:39:24 Epoch 250 Train Loss: 0.09711467
250,0.09711467,28/04/2025 16:39:29 Epoch 251 Validation Loss: 2.77605247
2.77605247
28/04/2025 16:39:29 Epoch 251 Train Loss: 0.08239846
251,0.08239846,28/04/2025 16:39:35 Epoch 252 Validation Loss: 1.07605445
1.07605445
28/04/2025 16:39:35 Epoch 252 Train Loss: 0.06549587
252,0.06549587,28/04/2025 16:39:39 Epoch 253 Validation Loss: 0.18258375
0.18258375
28/04/2025 16:39:39 Epoch 253 Train Loss: 0.05468908
253,0.05468908,28/04/2025 16:39:44 Epoch 254 Validation Loss: 0.38180435
0.38180435
28/04/2025 16:39:44 Epoch 254 Train Loss: 0.06650089
254,0.06650089,28/04/2025 16:39:48 Epoch 255 Validation Loss: 0.13670550
0.13670550
28/04/2025 16:39:48 Epoch 255 Train Loss: 0.05835170
255,0.05835170,28/04/2025 16:39:53 Epoch 256 Validation Loss: 0.79990619
0.79990619
28/04/2025 16:39:53 Epoch 256 Train Loss: 0.05279887
256,0.05279887,28/04/2025 16:39:57 Epoch 257 Validation Loss: 0.08306407
0.08306407
28/04/2025 16:39:57 Epoch 257 Train Loss: 0.05147392
257,0.05147392,28/04/2025 16:40:02 Epoch 258 Validation Loss: 0.07086100
0.07086100
28/04/2025 16:40:02 Epoch 258 Train Loss: 0.06091122
258,0.06091122,28/04/2025 16:40:06 Epoch 259 Validation Loss: 0.04536641
0.04536641
28/04/2025 16:40:06 Epoch 259 Train Loss: 0.05169632
259,0.05169632,28/04/2025 16:40:10 Epoch 260 Validation Loss: 0.07764067
0.07764067
28/04/2025 16:40:10 Epoch 260 Train Loss: 0.04949907
260,0.04949907,28/04/2025 16:40:14 Epoch 261 Validation Loss: 0.05071182
0.05071182
28/04/2025 16:40:14 Epoch 261 Train Loss: 0.05334322
261,0.05334322,28/04/2025 16:40:19 Epoch 262 Validation Loss: 0.05615717
0.05615717
28/04/2025 16:40:19 Epoch 262 Train Loss: 0.04860659
262,0.04860659,28/04/2025 16:40:23 Epoch 263 Validation Loss: 0.18461524
0.18461524
28/04/2025 16:40:23 Epoch 263 Train Loss: 0.05518783
263,0.05518783,28/04/2025 16:40:27 Epoch 264 Validation Loss: 0.13799918
0.13799918
28/04/2025 16:40:27 Epoch 264 Train Loss: 0.04841336
264,0.04841336,28/04/2025 16:40:31 Epoch 265 Validation Loss: 0.05701915
0.05701915
28/04/2025 16:40:31 Epoch 265 Train Loss: 0.04452818
265,0.04452818,28/04/2025 16:40:35 Epoch 266 Validation Loss: 0.21959735
0.21959735
28/04/2025 16:40:35 Epoch 266 Train Loss: 0.05516605
266,0.05516605,28/04/2025 16:40:40 Epoch 267 Validation Loss: 0.11789206
0.11789206
28/04/2025 16:40:40 Epoch 267 Train Loss: 0.05042494
267,0.05042494,28/04/2025 16:40:44 Epoch 268 Validation Loss: 0.27586594
0.27586594
28/04/2025 16:40:44 Epoch 268 Train Loss: 0.04508974
268,0.04508974,28/04/2025 16:40:51 Epoch 269 Validation Loss: 0.09145810
0.09145810
28/04/2025 16:40:51 Epoch 269 Train Loss: 0.05357824
269,0.05357824,28/04/2025 16:40:55 Epoch 270 Validation Loss: 0.09765901
0.09765901
28/04/2025 16:40:55 Epoch 270 Train Loss: 0.07537386
270,0.07537386,28/04/2025 16:40:59 Epoch 271 Validation Loss: 0.44873801
0.44873801
28/04/2025 16:40:59 Epoch 271 Train Loss: 0.08075102
271,0.08075102,28/04/2025 16:41:03 Epoch 272 Validation Loss: 1.01194203
1.01194203
28/04/2025 16:41:03 Epoch 272 Train Loss: 0.10831749
272,0.10831749,28/04/2025 16:41:08 Epoch 273 Validation Loss: 4.43703985
4.43703985
28/04/2025 16:41:08 Epoch 273 Train Loss: 0.15217429
273,0.15217429,28/04/2025 16:41:12 Epoch 274 Validation Loss: 2.37652898
2.37652898
28/04/2025 16:41:12 Epoch 274 Train Loss: 0.43119302
274,0.43119302,28/04/2025 16:41:16 Epoch 275 Validation Loss: 0.30247051
0.30247051
28/04/2025 16:41:16 Epoch 275 Train Loss: 0.17115465
275,0.17115465,28/04/2025 16:41:20 Epoch 276 Validation Loss: 0.78529698
0.78529698
28/04/2025 16:41:20 Epoch 276 Train Loss: 0.10272229
276,0.10272229,28/04/2025 16:41:24 Epoch 277 Validation Loss: 0.61621547
0.61621547
28/04/2025 16:41:24 Epoch 277 Train Loss: 0.17499402
277,0.17499402,28/04/2025 16:41:28 Epoch 278 Validation Loss: 0.58992308
0.58992308
28/04/2025 16:41:28 Epoch 278 Train Loss: 0.09514431
278,0.09514431,28/04/2025 16:41:34 Epoch 279 Validation Loss: 0.17741735
0.17741735
28/04/2025 16:41:34 Epoch 279 Train Loss: 0.06932782
279,0.06932782,28/04/2025 16:41:39 Epoch 280 Validation Loss: 0.15878387
0.15878387
28/04/2025 16:41:39 Epoch 280 Train Loss: 0.06339359
280,0.06339359,28/04/2025 16:41:43 Epoch 281 Validation Loss: 0.08879672
0.08879672
28/04/2025 16:41:43 Epoch 281 Train Loss: 0.06966248
281,0.06966248,28/04/2025 16:41:48 Epoch 282 Validation Loss: 0.10642412
0.10642412
28/04/2025 16:41:48 Epoch 282 Train Loss: 0.06327136
282,0.06327136,28/04/2025 16:41:52 Epoch 283 Validation Loss: 0.15189132
0.15189132
28/04/2025 16:41:52 Epoch 283 Train Loss: 0.05743078
283,0.05743078,28/04/2025 16:41:57 Epoch 284 Validation Loss: 0.07745711
0.07745711
28/04/2025 16:41:57 Epoch 284 Train Loss: 0.05128412
284,0.05128412,28/04/2025 16:42:01 Epoch 285 Validation Loss: 0.13694361
0.13694361
28/04/2025 16:42:01 Epoch 285 Train Loss: 0.04621395
285,0.04621395,28/04/2025 16:42:06 Epoch 286 Validation Loss: 0.09372886
0.09372886
28/04/2025 16:42:06 Epoch 286 Train Loss: 0.05659299
286,0.05659299,28/04/2025 16:42:12 Epoch 287 Validation Loss: 0.09289721
0.09289721
28/04/2025 16:42:12 Epoch 287 Train Loss: 0.06117779
287,0.06117779,28/04/2025 16:42:16 Epoch 288 Validation Loss: 0.18179166
0.18179166
28/04/2025 16:42:16 Epoch 288 Train Loss: 0.06631309
288,0.06631309,28/04/2025 16:42:20 Epoch 289 Validation Loss: 0.12248084
0.12248084
28/04/2025 16:42:20 Epoch 289 Train Loss: 0.05666582
289,0.05666582,28/04/2025 16:42:25 Epoch 290 Validation Loss: 0.28451595
0.28451595
28/04/2025 16:42:25 Epoch 290 Train Loss: 0.05472958
290,0.05472958,28/04/2025 16:42:29 Epoch 291 Validation Loss: 0.51727349
0.51727349
28/04/2025 16:42:29 Epoch 291 Train Loss: 0.11558978
291,0.11558978,28/04/2025 16:42:34 Epoch 292 Validation Loss: 0.31633955
0.31633955
28/04/2025 16:42:34 Epoch 292 Train Loss: 0.11024780
292,0.11024780,28/04/2025 16:42:38 Epoch 293 Validation Loss: 0.13878173
0.13878173
28/04/2025 16:42:38 Epoch 293 Train Loss: 0.09613004
293,0.09613004,28/04/2025 16:42:42 Epoch 294 Validation Loss: 0.15475971
0.15475971
28/04/2025 16:42:42 Epoch 294 Train Loss: 0.06383559
294,0.06383559,28/04/2025 16:42:46 Epoch 295 Validation Loss: 0.09194436
0.09194436
28/04/2025 16:42:46 Epoch 295 Train Loss: 0.06411806
295,0.06411806,28/04/2025 16:42:51 Epoch 296 Validation Loss: 0.11461595
0.11461595
28/04/2025 16:42:51 Epoch 296 Train Loss: 0.05867261
296,0.05867261,28/04/2025 16:42:55 Epoch 297 Validation Loss: 0.24195716
0.24195716
28/04/2025 16:42:55 Epoch 297 Train Loss: 0.06591966
297,0.06591966,28/04/2025 16:42:59 Epoch 298 Validation Loss: 0.45961872
0.45961872
28/04/2025 16:42:59 Epoch 298 Train Loss: 0.06733748
298,0.06733748,28/04/2025 16:43:02 Epoch 299 Validation Loss: 0.29905635
0.29905635
28/04/2025 16:43:02 Epoch 299 Train Loss: 0.09282592
299,0.09282592,28/04/2025 16:43:07 Epoch 300 Validation Loss: 0.36259860
0.36259860
28/04/2025 16:43:07 Epoch 300 Train Loss: 0.07900010
300,0.07900010,28/04/2025 16:43:11 Epoch 301 Validation Loss: 0.45852128
0.45852128
28/04/2025 16:43:11 Epoch 301 Train Loss: 0.08437173
301,0.08437173,28/04/2025 16:43:15 Epoch 302 Validation Loss: 0.15148364
0.15148364
28/04/2025 16:43:15 Epoch 302 Train Loss: 0.04892695
302,0.04892695,28/04/2025 16:43:19 Epoch 303 Validation Loss: 0.16100140
0.16100140
28/04/2025 16:43:19 Epoch 303 Train Loss: 0.04656629
303,0.04656629,28/04/2025 16:43:23 Epoch 304 Validation Loss: 0.06420999
0.06420999
28/04/2025 16:43:23 Epoch 304 Train Loss: 0.04039726
304,0.04039726,28/04/2025 16:43:29 Epoch 305 Validation Loss: 0.25343320
0.25343320
28/04/2025 16:43:29 Epoch 305 Train Loss: 0.04421751
305,0.04421751,28/04/2025 16:43:32 Epoch 306 Validation Loss: 0.19943967
0.19943967
28/04/2025 16:43:32 Epoch 306 Train Loss: 0.12616985
306,0.12616985,28/04/2025 16:43:36 Epoch 307 Validation Loss: 0.48218900
0.48218900
28/04/2025 16:43:36 Epoch 307 Train Loss: 0.13866447
307,0.13866447,28/04/2025 16:43:40 Epoch 308 Validation Loss: 0.36099577
0.36099577
28/04/2025 16:43:40 Epoch 308 Train Loss: 0.15215437
308,0.15215437,28/04/2025 16:43:44 Epoch 309 Validation Loss: 0.20363234
0.20363234
28/04/2025 16:43:44 Epoch 309 Train Loss: 0.11220881
309,0.11220881,28/04/2025 16:43:48 Epoch 310 Validation Loss: 0.20816793
0.20816793
28/04/2025 16:43:48 Epoch 310 Train Loss: 0.09624179
310,0.09624179,28/04/2025 16:43:52 Epoch 311 Validation Loss: 0.07731452
0.07731452
28/04/2025 16:43:52 Epoch 311 Train Loss: 0.09128129
311,0.09128129,28/04/2025 16:43:56 Epoch 312 Validation Loss: 0.06717469
0.06717469
28/04/2025 16:43:56 Epoch 312 Train Loss: 0.04921782
312,0.04921782,28/04/2025 16:44:01 Epoch 313 Validation Loss: 0.12911542
0.12911542
28/04/2025 16:44:01 Epoch 313 Train Loss: 0.04435660
313,0.04435660,28/04/2025 16:44:07 Epoch 314 Validation Loss: 0.26460597
0.26460597
28/04/2025 16:44:07 Epoch 314 Train Loss: 0.05793698
314,0.05793698,28/04/2025 16:44:11 Epoch 315 Validation Loss: 0.14444381
0.14444381
28/04/2025 16:44:11 Epoch 315 Train Loss: 0.06078232
315,0.06078232,28/04/2025 16:44:15 Epoch 316 Validation Loss: 0.13700902
0.13700902
28/04/2025 16:44:15 Epoch 316 Train Loss: 0.06093328
316,0.06093328,28/04/2025 16:44:20 Epoch 317 Validation Loss: 0.08135320
0.08135320
28/04/2025 16:44:20 Epoch 317 Train Loss: 0.06569719
317,0.06569719,28/04/2025 16:44:25 Epoch 318 Validation Loss: 0.11956716
0.11956716
28/04/2025 16:44:25 Epoch 318 Train Loss: 0.05698600
318,0.05698600,28/04/2025 16:44:29 Epoch 319 Validation Loss: 8.42030907
8.42030907
28/04/2025 16:44:29 Epoch 319 Train Loss: 0.28167984
319,0.28167984,28/04/2025 16:44:33 Epoch 320 Validation Loss: 3.19567490
3.19567490
28/04/2025 16:44:33 Epoch 320 Train Loss: 0.15392508
320,0.15392508,28/04/2025 16:44:36 Epoch 321 Validation Loss: 3.64212632
3.64212632
28/04/2025 16:44:36 Epoch 321 Train Loss: 0.07766569
321,0.07766569,28/04/2025 16:44:41 Epoch 322 Validation Loss: 0.77845818
0.77845818
28/04/2025 16:44:41 Epoch 322 Train Loss: 0.11468758
322,0.11468758,28/04/2025 16:44:47 Epoch 323 Validation Loss: 0.40736949
0.40736949
28/04/2025 16:44:47 Epoch 323 Train Loss: 0.08758172
323,0.08758172,28/04/2025 16:44:50 Epoch 324 Validation Loss: 0.10547829
0.10547829
28/04/2025 16:44:50 Epoch 324 Train Loss: 0.04673728
324,0.04673728,28/04/2025 16:44:55 Epoch 325 Validation Loss: 0.07422689
0.07422689
28/04/2025 16:44:55 Epoch 325 Train Loss: 0.03598475
325,0.03598475,28/04/2025 16:45:00 Epoch 326 Validation Loss: 0.50126469
0.50126469
28/04/2025 16:45:00 Epoch 326 Train Loss: 0.04821640
326,0.04821640,28/04/2025 16:45:04 Epoch 327 Validation Loss: 0.19708616
0.19708616
28/04/2025 16:45:04 Epoch 327 Train Loss: 0.07297873
327,0.07297873,28/04/2025 16:45:08 Epoch 328 Validation Loss: 0.32300127
0.32300127
28/04/2025 16:45:08 Epoch 328 Train Loss: 0.05623063
328,0.05623063,28/04/2025 16:45:12 Epoch 329 Validation Loss: 0.25448370
0.25448370
28/04/2025 16:45:12 Epoch 329 Train Loss: 0.06771828
329,0.06771828,28/04/2025 16:45:16 Epoch 330 Validation Loss: 0.10732433
0.10732433
28/04/2025 16:45:16 Epoch 330 Train Loss: 0.07085422
330,0.07085422,28/04/2025 16:45:19 Epoch 331 Validation Loss: 0.07981404
0.07981404
28/04/2025 16:45:19 Epoch 331 Train Loss: 0.05123115
331,0.05123115,28/04/2025 16:45:25 Epoch 332 Validation Loss: 0.09022286
0.09022286
28/04/2025 16:45:25 Epoch 332 Train Loss: 0.04842903
332,0.04842903,28/04/2025 16:45:29 Epoch 333 Validation Loss: 1.44962144
1.44962144
28/04/2025 16:45:29 Epoch 333 Train Loss: 0.04404564
333,0.04404564,28/04/2025 16:45:33 Epoch 334 Validation Loss: 0.86656183
0.86656183
28/04/2025 16:45:33 Epoch 334 Train Loss: 0.18683217
334,0.18683217,28/04/2025 16:45:36 Epoch 335 Validation Loss: 0.20159376
0.20159376
28/04/2025 16:45:36 Epoch 335 Train Loss: 0.14295104
335,0.14295104,28/04/2025 16:45:40 Epoch 336 Validation Loss: 0.16911064
0.16911064
28/04/2025 16:45:40 Epoch 336 Train Loss: 0.09762150
336,0.09762150,28/04/2025 16:45:44 Epoch 337 Validation Loss: 2.83449697
2.83449697
28/04/2025 16:45:44 Epoch 337 Train Loss: 0.14234583
337,0.14234583,28/04/2025 16:45:49 Epoch 338 Validation Loss: 0.71694905
0.71694905
28/04/2025 16:45:49 Epoch 338 Train Loss: 0.15028401
338,0.15028401,28/04/2025 16:45:53 Epoch 339 Validation Loss: 1.22556722
1.22556722
28/04/2025 16:45:53 Epoch 339 Train Loss: 0.09733918
339,0.09733918,28/04/2025 16:45:57 Epoch 340 Validation Loss: 1.31647801
1.31647801
28/04/2025 16:45:57 Epoch 340 Train Loss: 0.09035136
340,0.09035136,28/04/2025 16:46:02 Epoch 341 Validation Loss: 0.17304045
0.17304045
28/04/2025 16:46:02 Epoch 341 Train Loss: 0.07277570
341,0.07277570,28/04/2025 16:46:06 Epoch 342 Validation Loss: 0.10215895
0.10215895
28/04/2025 16:46:06 Epoch 342 Train Loss: 0.08093761
342,0.08093761,28/04/2025 16:46:10 Epoch 343 Validation Loss: 0.08908524
0.08908524
28/04/2025 16:46:10 Epoch 343 Train Loss: 0.09395716
343,0.09395716,28/04/2025 16:46:14 Epoch 344 Validation Loss: 0.16366892
0.16366892
28/04/2025 16:46:14 Epoch 344 Train Loss: 0.06091351
344,0.06091351,28/04/2025 16:46:17 Epoch 345 Validation Loss: 0.10880677
0.10880677
28/04/2025 16:46:17 Epoch 345 Train Loss: 0.05533162
345,0.05533162,28/04/2025 16:46:21 Epoch 346 Validation Loss: 0.16756655
0.16756655
28/04/2025 16:46:21 Epoch 346 Train Loss: 0.04861798
346,0.04861798,28/04/2025 16:46:25 Epoch 347 Validation Loss: 0.30888519
0.30888519
28/04/2025 16:46:25 Epoch 347 Train Loss: 0.06052154
347,0.06052154,28/04/2025 16:46:28 Epoch 348 Validation Loss: 0.34209767
0.34209767
28/04/2025 16:46:28 Epoch 348 Train Loss: 0.10804478
348,0.10804478,28/04/2025 16:46:32 Epoch 349 Validation Loss: 0.41969100
0.41969100
28/04/2025 16:46:32 Epoch 349 Train Loss: 0.08725531
349,0.08725531,28/04/2025 16:46:36 Epoch 350 Validation Loss: 0.17244762
0.17244762
28/04/2025 16:46:36 Epoch 350 Train Loss: 0.13806106
350,0.13806106,28/04/2025 16:46:40 Epoch 351 Validation Loss: 0.16513404
0.16513404
28/04/2025 16:46:40 Epoch 351 Train Loss: 0.11652592
351,0.11652592,28/04/2025 16:46:44 Epoch 352 Validation Loss: 0.10970956
0.10970956
28/04/2025 16:46:44 Epoch 352 Train Loss: 0.10136186
352,0.10136186,28/04/2025 16:46:48 Epoch 353 Validation Loss: 0.39860773
0.39860773
28/04/2025 16:46:48 Epoch 353 Train Loss: 0.06211356
353,0.06211356,28/04/2025 16:46:54 Epoch 354 Validation Loss: 0.09450626
0.09450626
28/04/2025 16:46:54 Epoch 354 Train Loss: 0.06348374
354,0.06348374,28/04/2025 16:46:57 Epoch 355 Validation Loss: 0.13029170
0.13029170
28/04/2025 16:46:57 Epoch 355 Train Loss: 0.05800772
355,0.05800772,28/04/2025 16:47:02 Epoch 356 Validation Loss: 0.12156438
0.12156438
28/04/2025 16:47:02 Epoch 356 Train Loss: 0.07065368
356,0.07065368,28/04/2025 16:47:07 Epoch 357 Validation Loss: 0.10567174
0.10567174
28/04/2025 16:47:07 Epoch 357 Train Loss: 0.07609257
357,0.07609257,28/04/2025 16:47:10 Epoch 358 Validation Loss: 0.19180065
0.19180065
28/04/2025 16:47:10 Epoch 358 Train Loss: 0.06388408
358,0.06388408,28/04/2025 16:47:17 Epoch 359 Validation Loss: 0.13936450
0.13936450
28/04/2025 16:47:17 Epoch 359 Train Loss: 0.06089526
359,0.06089526,28/04/2025 16:47:22 Epoch 360 Validation Loss: 0.06240179
0.06240179
28/04/2025 16:47:22 Epoch 360 Train Loss: 0.04535536
360,0.04535536,28/04/2025 16:47:26 Epoch 361 Validation Loss: 0.13831252
0.13831252
28/04/2025 16:47:26 Epoch 361 Train Loss: 0.04868146
361,0.04868146,28/04/2025 16:47:30 Epoch 362 Validation Loss: 0.14604479
0.14604479
28/04/2025 16:47:30 Epoch 362 Train Loss: 0.05767733
362,0.05767733,28/04/2025 16:47:34 Epoch 363 Validation Loss: 0.19157772
0.19157772
28/04/2025 16:47:34 Epoch 363 Train Loss: 0.04929547
363,0.04929547,28/04/2025 16:47:38 Epoch 364 Validation Loss: 0.08001432
0.08001432
28/04/2025 16:47:38 Epoch 364 Train Loss: 0.04006240
364,0.04006240,28/04/2025 16:47:42 Epoch 365 Validation Loss: 0.09780414
0.09780414
28/04/2025 16:47:42 Epoch 365 Train Loss: 0.05193205
365,0.05193205,28/04/2025 16:47:46 Epoch 366 Validation Loss: 0.08529117
0.08529117
28/04/2025 16:47:46 Epoch 366 Train Loss: 0.03795350
366,0.03795350,28/04/2025 16:47:50 Epoch 367 Validation Loss: 0.29458830
0.29458830
28/04/2025 16:47:50 Epoch 367 Train Loss: 0.05200282
367,0.05200282,28/04/2025 16:47:54 Epoch 368 Validation Loss: 0.29281041
0.29281041
28/04/2025 16:47:54 Epoch 368 Train Loss: 0.14381200
368,0.14381200,28/04/2025 16:47:58 Epoch 369 Validation Loss: 0.16999924
0.16999924
28/04/2025 16:47:58 Epoch 369 Train Loss: 0.18998785
369,0.18998785,28/04/2025 16:48:04 Epoch 370 Validation Loss: 0.20693383
0.20693383
28/04/2025 16:48:04 Epoch 370 Train Loss: 0.13781713
370,0.13781713,28/04/2025 16:48:08 Epoch 371 Validation Loss: 0.28347099
0.28347099
28/04/2025 16:48:08 Epoch 371 Train Loss: 0.10351178
371,0.10351178,28/04/2025 16:48:12 Epoch 372 Validation Loss: 0.97562903
0.97562903
28/04/2025 16:48:12 Epoch 372 Train Loss: 0.22402169
372,0.22402169,28/04/2025 16:48:16 Epoch 373 Validation Loss: 1.15545893
1.15545893
28/04/2025 16:48:16 Epoch 373 Train Loss: 0.14943974
373,0.14943974,28/04/2025 16:48:21 Epoch 374 Validation Loss: 0.77457011
0.77457011
28/04/2025 16:48:21 Epoch 374 Train Loss: 0.12011878
374,0.12011878,28/04/2025 16:48:26 Epoch 375 Validation Loss: 0.14549360
0.14549360
28/04/2025 16:48:26 Epoch 375 Train Loss: 0.09574366
375,0.09574366,28/04/2025 16:48:29 Epoch 376 Validation Loss: 0.19823782
0.19823782
28/04/2025 16:48:29 Epoch 376 Train Loss: 0.08007487
376,0.08007487,28/04/2025 16:48:37 Epoch 377 Validation Loss: 0.09900341
0.09900341
28/04/2025 16:48:37 Epoch 377 Train Loss: 0.05995082
377,0.05995082,28/04/2025 16:48:41 Epoch 378 Validation Loss: 0.13182130
0.13182130
28/04/2025 16:48:41 Epoch 378 Train Loss: 0.05644907
378,0.05644907,28/04/2025 16:48:45 Epoch 379 Validation Loss: 0.13816199
0.13816199
28/04/2025 16:48:45 Epoch 379 Train Loss: 0.04384547
379,0.04384547,28/04/2025 16:48:49 Epoch 380 Validation Loss: 0.12365706
0.12365706
28/04/2025 16:48:49 Epoch 380 Train Loss: 0.06268769
380,0.06268769,28/04/2025 16:48:53 Epoch 381 Validation Loss: 0.11660928
0.11660928
28/04/2025 16:48:53 Epoch 381 Train Loss: 0.04797599
381,0.04797599,28/04/2025 16:48:56 Epoch 382 Validation Loss: 0.10646743
0.10646743
28/04/2025 16:48:56 Epoch 382 Train Loss: 0.05104058
382,0.05104058,28/04/2025 16:49:01 Epoch 383 Validation Loss: 0.09978408
0.09978408
28/04/2025 16:49:01 Epoch 383 Train Loss: 0.04132293
383,0.04132293,28/04/2025 16:49:07 Epoch 384 Validation Loss: 0.09936374
0.09936374
28/04/2025 16:49:07 Epoch 384 Train Loss: 0.05285107
384,0.05285107,28/04/2025 16:49:11 Epoch 385 Validation Loss: 0.06675300
0.06675300
28/04/2025 16:49:11 Epoch 385 Train Loss: 0.04799132
385,0.04799132,28/04/2025 16:49:15 Epoch 386 Validation Loss: 0.07429551
0.07429551
28/04/2025 16:49:15 Epoch 386 Train Loss: 0.04600899
386,0.04600899,28/04/2025 16:49:20 Epoch 387 Validation Loss: 0.07342433
0.07342433
28/04/2025 16:49:20 Epoch 387 Train Loss: 0.06420496
387,0.06420496,28/04/2025 16:49:24 Epoch 388 Validation Loss: 0.08217960
0.08217960
28/04/2025 16:49:24 Epoch 388 Train Loss: 0.05074231
388,0.05074231,28/04/2025 16:49:28 Epoch 389 Validation Loss: 0.14546447
0.14546447
28/04/2025 16:49:28 Epoch 389 Train Loss: 0.04523383
389,0.04523383,28/04/2025 16:49:32 Epoch 390 Validation Loss: 0.15376650
0.15376650
28/04/2025 16:49:32 Epoch 390 Train Loss: 0.11858872
390,0.11858872,28/04/2025 16:49:36 Epoch 391 Validation Loss: 0.17855099
0.17855099
28/04/2025 16:49:36 Epoch 391 Train Loss: 0.12909624
391,0.12909624,28/04/2025 16:49:39 Epoch 392 Validation Loss: 0.15533939
0.15533939
28/04/2025 16:49:39 Epoch 392 Train Loss: 0.10937122
392,0.10937122,28/04/2025 16:49:43 Epoch 393 Validation Loss: 0.14280325
0.14280325
28/04/2025 16:49:43 Epoch 393 Train Loss: 0.07437725
393,0.07437725,28/04/2025 16:49:48 Epoch 394 Validation Loss: 0.21318613
0.21318613
28/04/2025 16:49:48 Epoch 394 Train Loss: 0.07644444
394,0.07644444,28/04/2025 16:49:56 Epoch 395 Validation Loss: 1.08693767
1.08693767
28/04/2025 16:49:56 Epoch 395 Train Loss: 0.12443518
395,0.12443518,28/04/2025 16:49:59 Epoch 396 Validation Loss: 0.69499320
0.69499320
28/04/2025 16:49:59 Epoch 396 Train Loss: 0.13226402
396,0.13226402,28/04/2025 16:50:03 Epoch 397 Validation Loss: 0.77238441
0.77238441
28/04/2025 16:50:03 Epoch 397 Train Loss: 0.10936542
397,0.10936542,28/04/2025 16:50:06 Epoch 398 Validation Loss: 0.38157591
0.38157591
28/04/2025 16:50:06 Epoch 398 Train Loss: 0.15429083
398,0.15429083,28/04/2025 16:50:10 Epoch 399 Validation Loss: 0.60681587
0.60681587
28/04/2025 16:50:10 Epoch 399 Train Loss: 0.17677900
399,0.17677900,28/04/2025 16:50:14 Epoch 400 Validation Loss: 0.19790591
0.19790591
28/04/2025 16:50:14 Epoch 400 Train Loss: 0.07990911
400,0.07990911,28/04/2025 16:50:18 Epoch 401 Validation Loss: 0.22230004
0.22230004
28/04/2025 16:50:18 Epoch 401 Train Loss: 0.06906279
401,0.06906279,28/04/2025 16:50:24 Epoch 402 Validation Loss: 0.10496303
0.10496303
28/04/2025 16:50:24 Epoch 402 Train Loss: 0.05736824
402,0.05736824,28/04/2025 16:50:29 Epoch 403 Validation Loss: 0.18241897
0.18241897
28/04/2025 16:50:29 Epoch 403 Train Loss: 0.06351215
403,0.06351215,28/04/2025 16:50:33 Epoch 404 Validation Loss: 0.07839506
0.07839506
28/04/2025 16:50:33 Epoch 404 Train Loss: 0.07118972
404,0.07118972,28/04/2025 16:50:37 Epoch 405 Validation Loss: 0.14424942
0.14424942
28/04/2025 16:50:37 Epoch 405 Train Loss: 0.09427883
405,0.09427883,28/04/2025 16:50:41 Epoch 406 Validation Loss: 0.65627491
0.65627491
28/04/2025 16:50:41 Epoch 406 Train Loss: 0.07504088
406,0.07504088,28/04/2025 16:50:45 Epoch 407 Validation Loss: 0.71457553
0.71457553
28/04/2025 16:50:45 Epoch 407 Train Loss: 0.17495982
407,0.17495982,28/04/2025 16:50:49 Epoch 408 Validation Loss: 0.61061949
0.61061949
28/04/2025 16:50:49 Epoch 408 Train Loss: 0.12020499
408,0.12020499,28/04/2025 16:50:54 Epoch 409 Validation Loss: 0.53161162
0.53161162
28/04/2025 16:50:54 Epoch 409 Train Loss: 0.10076345
409,0.10076345,28/04/2025 16:50:58 Epoch 410 Validation Loss: 0.43395144
0.43395144
28/04/2025 16:50:58 Epoch 410 Train Loss: 0.21712823
410,0.21712823,28/04/2025 16:51:01 Epoch 411 Validation Loss: 0.07941379
0.07941379
28/04/2025 16:51:01 Epoch 411 Train Loss: 0.13973196
411,0.13973196,28/04/2025 16:51:05 Epoch 412 Validation Loss: 0.06523611
0.06523611
28/04/2025 16:51:05 Epoch 412 Train Loss: 0.08514348
412,0.08514348,28/04/2025 16:51:11 Epoch 413 Validation Loss: 0.07197119
0.07197119
28/04/2025 16:51:11 Epoch 413 Train Loss: 0.04388507
413,0.04388507,28/04/2025 16:51:15 Epoch 414 Validation Loss: 0.07997546
0.07997546
28/04/2025 16:51:15 Epoch 414 Train Loss: 0.04111433
414,0.04111433,28/04/2025 16:51:19 Epoch 415 Validation Loss: 0.06151193
0.06151193
28/04/2025 16:51:19 Epoch 415 Train Loss: 0.04411235
415,0.04411235,28/04/2025 16:51:23 Epoch 416 Validation Loss: 0.05955824
0.05955824
28/04/2025 16:51:23 Epoch 416 Train Loss: 0.04461511
416,0.04461511,28/04/2025 16:51:27 Epoch 417 Validation Loss: 0.10443678
0.10443678
28/04/2025 16:51:27 Epoch 417 Train Loss: 0.05525856
417,0.05525856,28/04/2025 16:51:31 Epoch 418 Validation Loss: 0.06156597
0.06156597
28/04/2025 16:51:31 Epoch 418 Train Loss: 0.04594113
418,0.04594113,28/04/2025 16:51:35 Epoch 419 Validation Loss: 0.07645920
0.07645920
28/04/2025 16:51:35 Epoch 419 Train Loss: 0.06490563
419,0.06490563,28/04/2025 16:51:39 Epoch 420 Validation Loss: 0.15433559
0.15433559
28/04/2025 16:51:39 Epoch 420 Train Loss: 0.05474566
420,0.05474566,28/04/2025 16:51:43 Epoch 421 Validation Loss: 0.18558809
0.18558809
28/04/2025 16:51:43 Epoch 421 Train Loss: 0.04213072
421,0.04213072,28/04/2025 16:51:47 Epoch 422 Validation Loss: 0.08883519
0.08883519
28/04/2025 16:51:47 Epoch 422 Train Loss: 0.03956503
422,0.03956503,28/04/2025 16:51:52 Epoch 423 Validation Loss: 0.07271791
0.07271791
28/04/2025 16:51:52 Epoch 423 Train Loss: 0.03746976
423,0.03746976,28/04/2025 16:51:57 Epoch 424 Validation Loss: 0.11031228
0.11031228
28/04/2025 16:51:57 Epoch 424 Train Loss: 0.03779980
424,0.03779980,28/04/2025 16:52:00 Epoch 425 Validation Loss: 0.26168284
0.26168284
28/04/2025 16:52:00 Epoch 425 Train Loss: 0.06298694
425,0.06298694,28/04/2025 16:52:04 Epoch 426 Validation Loss: 0.07513494
0.07513494
28/04/2025 16:52:04 Epoch 426 Train Loss: 0.04563440
426,0.04563440,28/04/2025 16:52:07 Epoch 427 Validation Loss: 0.11364415
0.11364415
28/04/2025 16:52:07 Epoch 427 Train Loss: 0.04474271
427,0.04474271,28/04/2025 16:52:11 Epoch 428 Validation Loss: 2.50413346
2.50413346
28/04/2025 16:52:11 Epoch 428 Train Loss: 0.08498953
428,0.08498953,28/04/2025 16:52:15 Epoch 429 Validation Loss: 0.70046753
0.70046753
28/04/2025 16:52:15 Epoch 429 Train Loss: 0.14584942
429,0.14584942,28/04/2025 16:52:20 Epoch 430 Validation Loss: 0.21621855
0.21621855
28/04/2025 16:52:20 Epoch 430 Train Loss: 0.13019237
430,0.13019237,28/04/2025 16:52:28 Epoch 431 Validation Loss: 0.14852686
0.14852686
28/04/2025 16:52:28 Epoch 431 Train Loss: 0.16512816
431,0.16512816,28/04/2025 16:52:31 Epoch 432 Validation Loss: 0.12748988
0.12748988
28/04/2025 16:52:31 Epoch 432 Train Loss: 0.12262912
432,0.12262912,28/04/2025 16:52:35 Epoch 433 Validation Loss: 1.04112351
1.04112351
28/04/2025 16:52:35 Epoch 433 Train Loss: 0.12110525
433,0.12110525,28/04/2025 16:52:39 Epoch 434 Validation Loss: 0.20233858
0.20233858
28/04/2025 16:52:39 Epoch 434 Train Loss: 0.09384159
434,0.09384159,28/04/2025 16:52:42 Epoch 435 Validation Loss: 0.09847936
0.09847936
28/04/2025 16:52:42 Epoch 435 Train Loss: 0.09955987
435,0.09955987,28/04/2025 16:52:46 Epoch 436 Validation Loss: 0.09310997
0.09310997
28/04/2025 16:52:46 Epoch 436 Train Loss: 0.07397462
436,0.07397462,28/04/2025 16:52:52 Epoch 437 Validation Loss: 0.10395095
0.10395095
28/04/2025 16:52:52 Epoch 437 Train Loss: 0.07319422
437,0.07319422,28/04/2025 16:52:56 Epoch 438 Validation Loss: 1.53081143
1.53081143
28/04/2025 16:52:56 Epoch 438 Train Loss: 0.08226154
438,0.08226154,28/04/2025 16:53:00 Epoch 439 Validation Loss: 0.24024631
0.24024631
28/04/2025 16:53:00 Epoch 439 Train Loss: 0.06786770
439,0.06786770,28/04/2025 16:53:04 Epoch 440 Validation Loss: 0.27281550
0.27281550
28/04/2025 16:53:04 Epoch 440 Train Loss: 0.07605486
440,0.07605486,28/04/2025 16:53:08 Epoch 441 Validation Loss: 0.17375593
0.17375593
28/04/2025 16:53:08 Epoch 441 Train Loss: 0.05073806
441,0.05073806,28/04/2025 16:53:12 Epoch 442 Validation Loss: 0.08853535
0.08853535
28/04/2025 16:53:12 Epoch 442 Train Loss: 0.05017796
442,0.05017796,28/04/2025 16:53:16 Epoch 443 Validation Loss: 0.12505931
0.12505931
28/04/2025 16:53:16 Epoch 443 Train Loss: 0.05814795
443,0.05814795,28/04/2025 16:53:21 Epoch 444 Validation Loss: 0.17818163
0.17818163
28/04/2025 16:53:21 Epoch 444 Train Loss: 0.06891735
444,0.06891735,28/04/2025 16:53:26 Epoch 445 Validation Loss: 0.08815169
0.08815169
28/04/2025 16:53:26 Epoch 445 Train Loss: 0.05068344
445,0.05068344,28/04/2025 16:53:29 Epoch 446 Validation Loss: 0.88423395
0.88423395
28/04/2025 16:53:29 Epoch 446 Train Loss: 0.05802191
446,0.05802191,28/04/2025 16:53:33 Epoch 447 Validation Loss: 0.24870831
0.24870831
28/04/2025 16:53:33 Epoch 447 Train Loss: 0.06243061
447,0.06243061,28/04/2025 16:53:38 Epoch 448 Validation Loss: 0.08116000
0.08116000
28/04/2025 16:53:38 Epoch 448 Train Loss: 0.04636359
448,0.04636359,28/04/2025 16:53:45 Epoch 449 Validation Loss: 0.08038125
0.08038125
28/04/2025 16:53:45 Epoch 449 Train Loss: 0.04369168
449,0.04369168,28/04/2025 16:53:49 Epoch 450 Validation Loss: 0.08967377
0.08967377
28/04/2025 16:53:49 Epoch 450 Train Loss: 0.06659904
450,0.06659904,28/04/2025 16:53:55 Epoch 451 Validation Loss: 0.07239442
0.07239442
28/04/2025 16:53:55 Epoch 451 Train Loss: 0.05655397
451,0.05655397,28/04/2025 16:53:58 Epoch 452 Validation Loss: 0.06882450
0.06882450
28/04/2025 16:53:58 Epoch 452 Train Loss: 0.03886109
452,0.03886109,28/04/2025 16:54:02 Epoch 453 Validation Loss: 0.88967073
0.88967073
28/04/2025 16:54:02 Epoch 453 Train Loss: 0.10611688
453,0.10611688,28/04/2025 16:54:05 Epoch 454 Validation Loss: 0.12095334
0.12095334
28/04/2025 16:54:05 Epoch 454 Train Loss: 0.08611200
454,0.08611200,28/04/2025 16:54:09 Epoch 455 Validation Loss: 0.08392873
0.08392873
28/04/2025 16:54:09 Epoch 455 Train Loss: 0.06712778
455,0.06712778,28/04/2025 16:54:13 Epoch 456 Validation Loss: 0.06630997
0.06630997
28/04/2025 16:54:13 Epoch 456 Train Loss: 0.03870624
456,0.03870624,28/04/2025 16:54:17 Epoch 457 Validation Loss: 0.05297748
0.05297748
28/04/2025 16:54:17 Epoch 457 Train Loss: 0.03213992
457,0.03213992,28/04/2025 16:54:22 Epoch 458 Validation Loss: 0.05942515
0.05942515
28/04/2025 16:54:22 Epoch 458 Train Loss: 0.04037284
458,0.04037284,28/04/2025 16:54:27 Epoch 459 Validation Loss: 0.04268885
0.04268885
28/04/2025 16:54:27 Epoch 459 Train Loss: 0.03076117
459,0.03076117,28/04/2025 16:54:31 Epoch 460 Validation Loss: 0.05280979
0.05280979
28/04/2025 16:54:31 Epoch 460 Train Loss: 0.03049805
460,0.03049805,28/04/2025 16:54:35 Epoch 461 Validation Loss: 0.07396545
0.07396545
28/04/2025 16:54:35 Epoch 461 Train Loss: 0.03435801
461,0.03435801,28/04/2025 16:54:39 Epoch 462 Validation Loss: 0.04738754
0.04738754
28/04/2025 16:54:39 Epoch 462 Train Loss: 0.04899598
462,0.04899598,28/04/2025 16:54:43 Epoch 463 Validation Loss: 0.07824116
0.07824116
28/04/2025 16:54:43 Epoch 463 Train Loss: 0.03023784
463,0.03023784,28/04/2025 16:54:47 Epoch 464 Validation Loss: 0.05735184
0.05735184
28/04/2025 16:54:47 Epoch 464 Train Loss: 0.03765840
464,0.03765840,28/04/2025 16:54:51 Epoch 465 Validation Loss: 0.07390966
0.07390966
28/04/2025 16:54:51 Epoch 465 Train Loss: 0.03391828
465,0.03391828,28/04/2025 16:54:55 Epoch 466 Validation Loss: 0.04866975
0.04866975
28/04/2025 16:54:55 Epoch 466 Train Loss: 0.02950675
466,0.02950675,28/04/2025 16:54:59 Epoch 467 Validation Loss: 0.07167133
0.07167133
28/04/2025 16:54:59 Epoch 467 Train Loss: 0.02992066
467,0.02992066,28/04/2025 16:55:03 Epoch 468 Validation Loss: 0.07751521
0.07751521
28/04/2025 16:55:03 Epoch 468 Train Loss: 0.02708041
468,0.02708041,28/04/2025 16:55:07 Epoch 469 Validation Loss: 0.06290138
0.06290138
28/04/2025 16:55:07 Epoch 469 Train Loss: 0.02728581
469,0.02728581,28/04/2025 16:55:11 Epoch 470 Validation Loss: 0.08562238
0.08562238
28/04/2025 16:55:11 Epoch 470 Train Loss: 0.03150996
470,0.03150996,28/04/2025 16:55:15 Epoch 471 Validation Loss: 0.06981990
0.06981990
28/04/2025 16:55:15 Epoch 471 Train Loss: 0.04933213
471,0.04933213,28/04/2025 16:55:19 Epoch 472 Validation Loss: 0.07801080
0.07801080
28/04/2025 16:55:19 Epoch 472 Train Loss: 0.05024790
472,0.05024790,28/04/2025 16:55:23 Epoch 473 Validation Loss: 0.15002818
0.15002818
28/04/2025 16:55:23 Epoch 473 Train Loss: 0.05908911
473,0.05908911,28/04/2025 16:55:27 Epoch 474 Validation Loss: 0.14543666
0.14543666
28/04/2025 16:55:27 Epoch 474 Train Loss: 0.04389178
474,0.04389178,28/04/2025 16:55:32 Epoch 475 Validation Loss: 0.04923514
0.04923514
28/04/2025 16:55:32 Epoch 475 Train Loss: 0.05859569
475,0.05859569,28/04/2025 16:55:36 Epoch 476 Validation Loss: 0.07619008
0.07619008
28/04/2025 16:55:36 Epoch 476 Train Loss: 0.05357483
476,0.05357483,28/04/2025 16:55:40 Epoch 477 Validation Loss: 0.06447197
0.06447197
28/04/2025 16:55:40 Epoch 477 Train Loss: 0.04620024
477,0.04620024,28/04/2025 16:55:44 Epoch 478 Validation Loss: 0.05719721
0.05719721
28/04/2025 16:55:44 Epoch 478 Train Loss: 0.03820364
478,0.03820364,28/04/2025 16:55:48 Epoch 479 Validation Loss: 0.03969499
0.03969499
28/04/2025 16:55:48 Epoch 479 Train Loss: 0.03246379
479,0.03246379,28/04/2025 16:55:53 Epoch 480 Validation Loss: 0.04711203
0.04711203
28/04/2025 16:55:53 Epoch 480 Train Loss: 0.03859543
480,0.03859543,28/04/2025 16:55:57 Epoch 481 Validation Loss: 0.07278579
0.07278579
28/04/2025 16:55:57 Epoch 481 Train Loss: 0.04195983
481,0.04195983,28/04/2025 16:56:01 Epoch 482 Validation Loss: 0.07913057
0.07913057
28/04/2025 16:56:01 Epoch 482 Train Loss: 0.05476262
482,0.05476262,28/04/2025 16:56:04 Epoch 483 Validation Loss: 0.06373057
0.06373057
28/04/2025 16:56:04 Epoch 483 Train Loss: 0.04485529
483,0.04485529,28/04/2025 16:56:08 Epoch 484 Validation Loss: 0.08099664
0.08099664
28/04/2025 16:56:08 Epoch 484 Train Loss: 0.03677659
484,0.03677659,28/04/2025 16:56:12 Epoch 485 Validation Loss: 0.06188655
0.06188655
28/04/2025 16:56:12 Epoch 485 Train Loss: 0.03577634
485,0.03577634,28/04/2025 16:56:16 Epoch 486 Validation Loss: 0.06231261
0.06231261
28/04/2025 16:56:16 Epoch 486 Train Loss: 0.03497664
486,0.03497664,28/04/2025 16:56:23 Epoch 487 Validation Loss: 0.07497737
0.07497737
28/04/2025 16:56:23 Epoch 487 Train Loss: 0.04169619
487,0.04169619,28/04/2025 16:56:27 Epoch 488 Validation Loss: 0.07102523
0.07102523
28/04/2025 16:56:27 Epoch 488 Train Loss: 0.03598347
488,0.03598347,28/04/2025 16:56:31 Epoch 489 Validation Loss: 0.05138826
0.05138826
28/04/2025 16:56:31 Epoch 489 Train Loss: 0.04149710
489,0.04149710,28/04/2025 16:56:34 Epoch 490 Validation Loss: 0.05962854
0.05962854
28/04/2025 16:56:34 Epoch 490 Train Loss: 0.02591774
490,0.02591774,28/04/2025 16:56:38 Epoch 491 Validation Loss: 0.09868117
0.09868117
28/04/2025 16:56:38 Epoch 491 Train Loss: 0.03195527
491,0.03195527,28/04/2025 16:56:43 Epoch 492 Validation Loss: 0.11985926
0.11985926
28/04/2025 16:56:43 Epoch 492 Train Loss: 0.05186025
492,0.05186025,28/04/2025 16:56:47 Epoch 493 Validation Loss: 0.11776195
0.11776195
28/04/2025 16:56:47 Epoch 493 Train Loss: 0.04985068
493,0.04985068,28/04/2025 16:56:52 Epoch 494 Validation Loss: 0.14413491
0.14413491
28/04/2025 16:56:52 Epoch 494 Train Loss: 0.04376875
494,0.04376875,28/04/2025 16:56:57 Epoch 495 Validation Loss: 0.04729915
0.04729915
28/04/2025 16:56:57 Epoch 495 Train Loss: 0.06045085
495,0.06045085,28/04/2025 16:57:01 Epoch 496 Validation Loss: 0.31706810
0.31706810
28/04/2025 16:57:01 Epoch 496 Train Loss: 0.05802005
496,0.05802005,28/04/2025 16:57:06 Epoch 497 Validation Loss: 0.27814656
0.27814656
28/04/2025 16:57:06 Epoch 497 Train Loss: 0.09460001
497,0.09460001,28/04/2025 16:57:11 Epoch 498 Validation Loss: 0.14993761
0.14993761
28/04/2025 16:57:11 Epoch 498 Train Loss: 0.08421227
498,0.08421227,28/04/2025 16:57:15 Epoch 499 Validation Loss: 0.08610241
0.08610241
28/04/2025 16:57:15 Epoch 499 Train Loss: 0.03923797
499,0.03923797,28/04/2025 16:57:15 Training has finished.
