28/04/2025 16:07:04 Training is starting...
28/04/2025 16:07:11 Epoch 0 Validation Loss: 7.01780701
7.01780701
28/04/2025 16:07:11 Epoch 0 Train Loss: 13.64295578
0,13.64295578,28/04/2025 16:07:27 Epoch 1 Validation Loss: 1.57308948
1.57308948
28/04/2025 16:07:27 Epoch 1 Train Loss: 2.50155878
1,2.50155878,28/04/2025 16:07:44 Epoch 2 Validation Loss: 4.92833376
4.92833376
28/04/2025 16:07:44 Epoch 2 Train Loss: 2.12042499
2,2.12042499,28/04/2025 16:08:00 Epoch 3 Validation Loss: 4.31870747
4.31870747
28/04/2025 16:08:00 Epoch 3 Train Loss: 3.65951061
3,3.65951061,28/04/2025 16:08:16 Epoch 4 Validation Loss: 1.98926556
1.98926556
28/04/2025 16:08:16 Epoch 4 Train Loss: 2.96954083
4,2.96954083,28/04/2025 16:08:31 Epoch 5 Validation Loss: 1.30463541
1.30463541
28/04/2025 16:08:31 Epoch 5 Train Loss: 1.43191278
5,1.43191278,28/04/2025 16:08:49 Epoch 6 Validation Loss: 1.58067083
1.58067083
28/04/2025 16:08:49 Epoch 6 Train Loss: 1.11574709
6,1.11574709,28/04/2025 16:09:06 Epoch 7 Validation Loss: 2.05503798
2.05503798
28/04/2025 16:09:06 Epoch 7 Train Loss: 1.63538575
7,1.63538575,28/04/2025 16:09:22 Epoch 8 Validation Loss: 1.81092536
1.81092536
28/04/2025 16:09:22 Epoch 8 Train Loss: 1.48603249
8,1.48603249,28/04/2025 16:09:38 Epoch 9 Validation Loss: 1.29323220
1.29323220
28/04/2025 16:09:39 Epoch 9 Train Loss: 1.30747652
9,1.30747652,28/04/2025 16:09:55 Epoch 10 Validation Loss: 0.90345103
0.90345103
28/04/2025 16:09:55 Epoch 10 Train Loss: 1.03330386
10,1.03330386,28/04/2025 16:10:12 Epoch 11 Validation Loss: 1.11897838
1.11897838
28/04/2025 16:10:12 Epoch 11 Train Loss: 0.72703677
11,0.72703677,28/04/2025 16:10:29 Epoch 12 Validation Loss: 1.29729199
1.29729199
28/04/2025 16:10:29 Epoch 12 Train Loss: 0.90207738
12,0.90207738,28/04/2025 16:10:45 Epoch 13 Validation Loss: 1.12531710
1.12531710
28/04/2025 16:10:45 Epoch 13 Train Loss: 0.55273873
13,0.55273873,28/04/2025 16:11:02 Epoch 14 Validation Loss: 0.91481709
0.91481709
28/04/2025 16:11:02 Epoch 14 Train Loss: 0.66331708
14,0.66331708,28/04/2025 16:11:19 Epoch 15 Validation Loss: 1.30483758
1.30483758
28/04/2025 16:11:19 Epoch 15 Train Loss: 0.52378845
15,0.52378845,28/04/2025 16:11:36 Epoch 16 Validation Loss: 1.70839393
1.70839393
28/04/2025 16:11:36 Epoch 16 Train Loss: 0.48191652
16,0.48191652,